[0.020s] Invoking command in '/home/zanef/ros2_ws/build/yahboom_rosmaster_msgs': CMAKE_PREFIX_PATH=${CMAKE_PREFIX_PATH}:/opt/ros/jazzy /usr/bin/cmake --build /home/zanef/ros2_ws/build/yahboom_rosmaster_msgs -- -j16 -l16
[0.066s] [  2%] Built target yahboom_rosmaster_msgs__rosidl_generator_type_description
[0.071s] [  2%] Built target ament_cmake_python_symlink_yahboom_rosmaster_msgs
[0.079s] [  9%] Built target yahboom_rosmaster_msgs__cpp
[0.079s] [ 22%] Built target yahboom_rosmaster_msgs__rosidl_generator_c
[0.098s] [ 31%] Built target yahboom_rosmaster_msgs__rosidl_typesupport_c
[0.100s] [ 40%] Built target yahboom_rosmaster_msgs__rosidl_typesupport_fastrtps_c
[0.105s] [ 50%] Built target yahboom_rosmaster_msgs__rosidl_typesupport_cpp
[0.115s] [ 59%] Built target yahboom_rosmaster_msgs__rosidl_typesupport_introspection_cpp
[0.116s] [ 68%] Built target yahboom_rosmaster_msgs__rosidl_typesupport_fastrtps_cpp
[0.129s] [ 77%] Built target yahboom_rosmaster_msgs__rosidl_typesupport_introspection_c
[0.173s] [ 77%] Built target yahboom_rosmaster_msgs
[0.203s] [ 79%] Built target yahboom_rosmaster_msgs__py
[0.240s] [ 86%] Built target yahboom_rosmaster_msgs__rosidl_generator_py
[0.255s] [ 90%] Built target yahboom_rosmaster_msgs_s__rosidl_typesupport_c
[0.256s] [ 95%] Built target yahboom_rosmaster_msgs_s__rosidl_typesupport_fastrtps_c
[0.256s] [100%] Built target yahboom_rosmaster_msgs_s__rosidl_typesupport_introspection_c
[0.258s] running egg_info
[0.258s] writing yahboom_rosmaster_msgs.egg-info/PKG-INFO
[0.258s] writing dependency_links to yahboom_rosmaster_msgs.egg-info/dependency_links.txt
[0.259s] writing top-level names to yahboom_rosmaster_msgs.egg-info/top_level.txt
[0.259s] reading manifest file 'yahboom_rosmaster_msgs.egg-info/SOURCES.txt'
[0.259s] writing manifest file 'yahboom_rosmaster_msgs.egg-info/SOURCES.txt'
[0.261s] [100%] Built target ament_cmake_python_build_yahboom_rosmaster_msgs_egg
[0.285s] Invoked command in '/home/zanef/ros2_ws/build/yahboom_rosmaster_msgs' returned '0': CMAKE_PREFIX_PATH=${CMAKE_PREFIX_PATH}:/opt/ros/jazzy /usr/bin/cmake --build /home/zanef/ros2_ws/build/yahboom_rosmaster_msgs -- -j16 -l16
[0.286s] Invoking command in '/home/zanef/ros2_ws/build/yahboom_rosmaster_msgs': CMAKE_PREFIX_PATH=${CMAKE_PREFIX_PATH}:/opt/ros/jazzy /usr/bin/cmake --install /home/zanef/ros2_ws/build/yahboom_rosmaster_msgs
[0.291s] -- Install configuration: ""
[0.291s] -- Execute custom install script
[0.292s] -- Up-to-date symlink: /home/zanef/ros2_ws/install/yahboom_rosmaster_msgs/share/ament_index/resource_index/rosidl_interfaces/yahboom_rosmaster_msgs
[0.292s] -- Up-to-date symlink: /home/zanef/ros2_ws/install/yahboom_rosmaster_msgs/share/yahboom_rosmaster_msgs/action/TimedRotation.json
[0.292s] -- Up-to-date symlink: /home/zanef/ros2_ws/install/yahboom_rosmaster_msgs/share/yahboom_rosmaster_msgs/srv/SetCleaningState.json
[0.292s] -- Up-to-date symlink: /home/zanef/ros2_ws/install/yahboom_rosmaster_msgs/include/yahboom_rosmaster_msgs/yahboom_rosmaster_msgs/action/detail/timed_rotation__functions.h
[0.292s] -- Up-to-date symlink: /home/zanef/ros2_ws/install/yahboom_rosmaster_msgs/include/yahboom_rosmaster_msgs/yahboom_rosmaster_msgs/action/detail/timed_rotation__struct.h
[0.293s] -- Up-to-date symlink: /home/zanef/ros2_ws/install/yahboom_rosmaster_msgs/include/yahboom_rosmaster_msgs/yahboom_rosmaster_msgs/action/detail/timed_rotation__type_support.h
[0.293s] -- Up-to-date symlink: /home/zanef/ros2_ws/install/yahboom_rosmaster_msgs/include/yahboom_rosmaster_msgs/yahboom_rosmaster_msgs/action/timed_rotation.h
[0.293s] -- Up-to-date symlink: /home/zanef/ros2_ws/install/yahboom_rosmaster_msgs/include/yahboom_rosmaster_msgs/yahboom_rosmaster_msgs/msg/rosidl_generator_c__visibility_control.h
[0.293s] -- Up-to-date symlink: /home/zanef/ros2_ws/install/yahboom_rosmaster_msgs/include/yahboom_rosmaster_msgs/yahboom_rosmaster_msgs/srv/detail/set_cleaning_state__functions.h
[0.294s] -- Up-to-date symlink: /home/zanef/ros2_ws/install/yahboom_rosmaster_msgs/include/yahboom_rosmaster_msgs/yahboom_rosmaster_msgs/srv/detail/set_cleaning_state__struct.h
[0.294s] -- Up-to-date symlink: /home/zanef/ros2_ws/install/yahboom_rosmaster_msgs/include/yahboom_rosmaster_msgs/yahboom_rosmaster_msgs/srv/detail/set_cleaning_state__type_support.h
[0.294s] -- Up-to-date symlink: /home/zanef/ros2_ws/install/yahboom_rosmaster_msgs/include/yahboom_rosmaster_msgs/yahboom_rosmaster_msgs/srv/set_cleaning_state.h
[0.294s] -- Up-to-date symlink: /home/zanef/ros2_ws/install/yahboom_rosmaster_msgs/share/yahboom_rosmaster_msgs/environment/library_path.sh
[0.294s] -- Up-to-date symlink: /home/zanef/ros2_ws/install/yahboom_rosmaster_msgs/share/yahboom_rosmaster_msgs/environment/library_path.dsv
[0.295s] -- Up-to-date symlink: /home/zanef/ros2_ws/install/yahboom_rosmaster_msgs/include/yahboom_rosmaster_msgs/yahboom_rosmaster_msgs/action/detail/timed_rotation__rosidl_typesupport_fastrtps_c.h
[0.295s] -- Up-to-date symlink: /home/zanef/ros2_ws/install/yahboom_rosmaster_msgs/include/yahboom_rosmaster_msgs/yahboom_rosmaster_msgs/msg/rosidl_typesupport_fastrtps_c__visibility_control.h
[0.295s] -- Up-to-date symlink: /home/zanef/ros2_ws/install/yahboom_rosmaster_msgs/include/yahboom_rosmaster_msgs/yahboom_rosmaster_msgs/srv/detail/set_cleaning_state__rosidl_typesupport_fastrtps_c.h
[0.295s] -- Up-to-date symlink: /home/zanef/ros2_ws/install/yahboom_rosmaster_msgs/include/yahboom_rosmaster_msgs/yahboom_rosmaster_msgs/action/detail/timed_rotation__rosidl_typesupport_introspection_c.h
[0.295s] -- Up-to-date symlink: /home/zanef/ros2_ws/install/yahboom_rosmaster_msgs/include/yahboom_rosmaster_msgs/yahboom_rosmaster_msgs/msg/rosidl_typesupport_introspection_c__visibility_control.h
[0.295s] -- Up-to-date symlink: /home/zanef/ros2_ws/install/yahboom_rosmaster_msgs/include/yahboom_rosmaster_msgs/yahboom_rosmaster_msgs/srv/detail/set_cleaning_state__rosidl_typesupport_introspection_c.h
[0.296s] -- Up-to-date symlink: /home/zanef/ros2_ws/install/yahboom_rosmaster_msgs/include/yahboom_rosmaster_msgs/yahboom_rosmaster_msgs/action/detail/timed_rotation__builder.hpp
[0.296s] -- Up-to-date symlink: /home/zanef/ros2_ws/install/yahboom_rosmaster_msgs/include/yahboom_rosmaster_msgs/yahboom_rosmaster_msgs/action/detail/timed_rotation__struct.hpp
[0.296s] -- Up-to-date symlink: /home/zanef/ros2_ws/install/yahboom_rosmaster_msgs/include/yahboom_rosmaster_msgs/yahboom_rosmaster_msgs/action/detail/timed_rotation__traits.hpp
[0.296s] -- Up-to-date symlink: /home/zanef/ros2_ws/install/yahboom_rosmaster_msgs/include/yahboom_rosmaster_msgs/yahboom_rosmaster_msgs/action/detail/timed_rotation__type_support.hpp
[0.296s] -- Up-to-date symlink: /home/zanef/ros2_ws/install/yahboom_rosmaster_msgs/include/yahboom_rosmaster_msgs/yahboom_rosmaster_msgs/action/timed_rotation.hpp
[0.296s] -- Up-to-date symlink: /home/zanef/ros2_ws/install/yahboom_rosmaster_msgs/include/yahboom_rosmaster_msgs/yahboom_rosmaster_msgs/msg/rosidl_generator_cpp__visibility_control.hpp
[0.296s] -- Up-to-date symlink: /home/zanef/ros2_ws/install/yahboom_rosmaster_msgs/include/yahboom_rosmaster_msgs/yahboom_rosmaster_msgs/srv/detail/set_cleaning_state__builder.hpp
[0.297s] -- Up-to-date symlink: /home/zanef/ros2_ws/install/yahboom_rosmaster_msgs/include/yahboom_rosmaster_msgs/yahboom_rosmaster_msgs/srv/detail/set_cleaning_state__struct.hpp
[0.297s] -- Up-to-date symlink: /home/zanef/ros2_ws/install/yahboom_rosmaster_msgs/include/yahboom_rosmaster_msgs/yahboom_rosmaster_msgs/srv/detail/set_cleaning_state__traits.hpp
[0.297s] -- Up-to-date symlink: /home/zanef/ros2_ws/install/yahboom_rosmaster_msgs/include/yahboom_rosmaster_msgs/yahboom_rosmaster_msgs/srv/detail/set_cleaning_state__type_support.hpp
[0.297s] -- Up-to-date symlink: /home/zanef/ros2_ws/install/yahboom_rosmaster_msgs/include/yahboom_rosmaster_msgs/yahboom_rosmaster_msgs/srv/set_cleaning_state.hpp
[0.297s] -- Up-to-date symlink: /home/zanef/ros2_ws/install/yahboom_rosmaster_msgs/include/yahboom_rosmaster_msgs/yahboom_rosmaster_msgs/action/detail/timed_rotation__rosidl_typesupport_fastrtps_cpp.hpp
[0.297s] -- Up-to-date symlink: /home/zanef/ros2_ws/install/yahboom_rosmaster_msgs/include/yahboom_rosmaster_msgs/yahboom_rosmaster_msgs/msg/rosidl_typesupport_fastrtps_cpp__visibility_control.h
[0.297s] -- Up-to-date symlink: /home/zanef/ros2_ws/install/yahboom_rosmaster_msgs/include/yahboom_rosmaster_msgs/yahboom_rosmaster_msgs/srv/detail/set_cleaning_state__rosidl_typesupport_fastrtps_cpp.hpp
[0.297s] -- Up-to-date symlink: /home/zanef/ros2_ws/install/yahboom_rosmaster_msgs/include/yahboom_rosmaster_msgs/yahboom_rosmaster_msgs/action/detail/timed_rotation__rosidl_typesupport_introspection_cpp.hpp
[0.297s] -- Up-to-date symlink: /home/zanef/ros2_ws/install/yahboom_rosmaster_msgs/include/yahboom_rosmaster_msgs/yahboom_rosmaster_msgs/srv/detail/set_cleaning_state__rosidl_typesupport_introspection_cpp.hpp
[0.297s] -- Up-to-date symlink: /home/zanef/ros2_ws/install/yahboom_rosmaster_msgs/share/yahboom_rosmaster_msgs/environment/pythonpath.sh
[0.297s] -- Up-to-date symlink: /home/zanef/ros2_ws/install/yahboom_rosmaster_msgs/share/yahboom_rosmaster_msgs/environment/pythonpath.dsv
[0.298s] -- Up-to-date symlink: /home/zanef/ros2_ws/install/yahboom_rosmaster_msgs/lib/python3.12/site-packages/yahboom_rosmaster_msgs-0.0.0-py3.12.egg-info/PKG-INFO
[0.298s] -- Up-to-date symlink: /home/zanef/ros2_ws/install/yahboom_rosmaster_msgs/lib/python3.12/site-packages/yahboom_rosmaster_msgs-0.0.0-py3.12.egg-info/SOURCES.txt
[0.298s] -- Up-to-date symlink: /home/zanef/ros2_ws/install/yahboom_rosmaster_msgs/lib/python3.12/site-packages/yahboom_rosmaster_msgs-0.0.0-py3.12.egg-info/dependency_links.txt
[0.298s] -- Up-to-date symlink: /home/zanef/ros2_ws/install/yahboom_rosmaster_msgs/lib/python3.12/site-packages/yahboom_rosmaster_msgs-0.0.0-py3.12.egg-info/top_level.txt
[0.298s] -- Up-to-date symlink: /home/zanef/ros2_ws/install/yahboom_rosmaster_msgs/lib/python3.12/site-packages/yahboom_rosmaster_msgs/__init__.py
[0.299s] -- Up-to-date symlink: /home/zanef/ros2_ws/install/yahboom_rosmaster_msgs/lib/python3.12/site-packages/yahboom_rosmaster_msgs/_yahboom_rosmaster_msgs_s.ep.rosidl_typesupport_c.c
[0.299s] -- Up-to-date symlink: /home/zanef/ros2_ws/install/yahboom_rosmaster_msgs/lib/python3.12/site-packages/yahboom_rosmaster_msgs/_yahboom_rosmaster_msgs_s.ep.rosidl_typesupport_fastrtps_c.c
[0.299s] -- Up-to-date symlink: /home/zanef/ros2_ws/install/yahboom_rosmaster_msgs/lib/python3.12/site-packages/yahboom_rosmaster_msgs/_yahboom_rosmaster_msgs_s.ep.rosidl_typesupport_introspection_c.c
[0.299s] -- Up-to-date symlink: /home/zanef/ros2_ws/install/yahboom_rosmaster_msgs/lib/python3.12/site-packages/yahboom_rosmaster_msgs/action/__init__.py
[0.299s] -- Up-to-date symlink: /home/zanef/ros2_ws/install/yahboom_rosmaster_msgs/lib/python3.12/site-packages/yahboom_rosmaster_msgs/action/_timed_rotation.py
[0.300s] -- Up-to-date symlink: /home/zanef/ros2_ws/install/yahboom_rosmaster_msgs/lib/python3.12/site-packages/yahboom_rosmaster_msgs/action/_timed_rotation_s.c
[0.300s] -- Up-to-date symlink: /home/zanef/ros2_ws/install/yahboom_rosmaster_msgs/lib/python3.12/site-packages/yahboom_rosmaster_msgs/srv/__init__.py
[0.300s] -- Up-to-date symlink: /home/zanef/ros2_ws/install/yahboom_rosmaster_msgs/lib/python3.12/site-packages/yahboom_rosmaster_msgs/srv/_set_cleaning_state.py
[0.300s] -- Up-to-date symlink: /home/zanef/ros2_ws/install/yahboom_rosmaster_msgs/lib/python3.12/site-packages/yahboom_rosmaster_msgs/srv/_set_cleaning_state_s.c
[0.300s] -- Up-to-date symlink: /home/zanef/ros2_ws/install/yahboom_rosmaster_msgs/lib/python3.12/site-packages/yahboom_rosmaster_msgs/yahboom_rosmaster_msgs_s__rosidl_typesupport_c.so
[0.300s] -- Up-to-date symlink: /home/zanef/ros2_ws/install/yahboom_rosmaster_msgs/lib/python3.12/site-packages/yahboom_rosmaster_msgs/yahboom_rosmaster_msgs_s__rosidl_typesupport_fastrtps_c.so
[0.301s] -- Up-to-date symlink: /home/zanef/ros2_ws/install/yahboom_rosmaster_msgs/lib/python3.12/site-packages/yahboom_rosmaster_msgs/yahboom_rosmaster_msgs_s__rosidl_typesupport_introspection_c.so
[0.301s] -- Up-to-date symlink: /home/zanef/ros2_ws/install/yahboom_rosmaster_msgs/lib/python3.12/site-packages/yahboom_rosmaster_msgs/yahboom_rosmaster_msgs_s__rosidl_typesupport_fastrtps_c.so
[0.301s] -- Up-to-date symlink: /home/zanef/ros2_ws/install/yahboom_rosmaster_msgs/lib/python3.12/site-packages/yahboom_rosmaster_msgs/yahboom_rosmaster_msgs_s__rosidl_typesupport_introspection_c.so
[0.301s] -- Up-to-date symlink: /home/zanef/ros2_ws/install/yahboom_rosmaster_msgs/lib/python3.12/site-packages/yahboom_rosmaster_msgs/yahboom_rosmaster_msgs_s__rosidl_typesupport_c.so
[0.301s] -- Up-to-date symlink: /home/zanef/ros2_ws/install/yahboom_rosmaster_msgs/share/yahboom_rosmaster_msgs/action/TimedRotation.idl
[0.301s] -- Up-to-date symlink: /home/zanef/ros2_ws/install/yahboom_rosmaster_msgs/share/yahboom_rosmaster_msgs/srv/SetCleaningState.idl
[0.301s] -- Up-to-date symlink: /home/zanef/ros2_ws/install/yahboom_rosmaster_msgs/share/yahboom_rosmaster_msgs/action/TimedRotation.action
[0.301s] -- Up-to-date symlink: /home/zanef/ros2_ws/install/yahboom_rosmaster_msgs/share/yahboom_rosmaster_msgs/srv/SetCleaningState.srv
[0.301s] -- Up-to-date symlink: /home/zanef/ros2_ws/install/yahboom_rosmaster_msgs/share/ament_index/resource_index/package_run_dependencies/yahboom_rosmaster_msgs
[0.301s] -- Up-to-date symlink: /home/zanef/ros2_ws/install/yahboom_rosmaster_msgs/share/ament_index/resource_index/parent_prefix_path/yahboom_rosmaster_msgs
[0.301s] -- Up-to-date symlink: /home/zanef/ros2_ws/install/yahboom_rosmaster_msgs/share/yahboom_rosmaster_msgs/environment/ament_prefix_path.sh
[0.301s] -- Up-to-date symlink: /home/zanef/ros2_ws/install/yahboom_rosmaster_msgs/share/yahboom_rosmaster_msgs/environment/ament_prefix_path.dsv
[0.301s] -- Up-to-date symlink: /home/zanef/ros2_ws/install/yahboom_rosmaster_msgs/share/yahboom_rosmaster_msgs/environment/path.sh
[0.301s] -- Up-to-date symlink: /home/zanef/ros2_ws/install/yahboom_rosmaster_msgs/share/yahboom_rosmaster_msgs/environment/path.dsv
[0.301s] -- Up-to-date symlink: /home/zanef/ros2_ws/install/yahboom_rosmaster_msgs/share/yahboom_rosmaster_msgs/local_setup.bash
[0.301s] -- Up-to-date symlink: /home/zanef/ros2_ws/install/yahboom_rosmaster_msgs/share/yahboom_rosmaster_msgs/local_setup.sh
[0.301s] -- Up-to-date symlink: /home/zanef/ros2_ws/install/yahboom_rosmaster_msgs/share/yahboom_rosmaster_msgs/local_setup.zsh
[0.301s] -- Up-to-date symlink: /home/zanef/ros2_ws/install/yahboom_rosmaster_msgs/share/yahboom_rosmaster_msgs/local_setup.dsv
[0.301s] -- Symlinking: /home/zanef/ros2_ws/install/yahboom_rosmaster_msgs/share/yahboom_rosmaster_msgs/package.dsv
[0.305s] -- Up-to-date symlink: /home/zanef/ros2_ws/install/yahboom_rosmaster_msgs/share/ament_index/resource_index/packages/yahboom_rosmaster_msgs
[0.306s] -- Up-to-date symlink: /home/zanef/ros2_ws/install/yahboom_rosmaster_msgs/share/yahboom_rosmaster_msgs/cmake/rosidl_cmake-extras.cmake
[0.306s] -- Up-to-date symlink: /home/zanef/ros2_ws/install/yahboom_rosmaster_msgs/share/yahboom_rosmaster_msgs/cmake/ament_cmake_export_dependencies-extras.cmake
[0.306s] -- Up-to-date symlink: /home/zanef/ros2_ws/install/yahboom_rosmaster_msgs/share/yahboom_rosmaster_msgs/cmake/ament_cmake_export_include_directories-extras.cmake
[0.306s] -- Up-to-date symlink: /home/zanef/ros2_ws/install/yahboom_rosmaster_msgs/share/yahboom_rosmaster_msgs/cmake/ament_cmake_export_libraries-extras.cmake
[0.306s] -- Up-to-date symlink: /home/zanef/ros2_ws/install/yahboom_rosmaster_msgs/share/yahboom_rosmaster_msgs/cmake/ament_cmake_export_targets-extras.cmake
[0.306s] -- Up-to-date symlink: /home/zanef/ros2_ws/install/yahboom_rosmaster_msgs/share/yahboom_rosmaster_msgs/cmake/rosidl_cmake_export_typesupport_targets-extras.cmake
[0.306s] -- Up-to-date symlink: /home/zanef/ros2_ws/install/yahboom_rosmaster_msgs/share/yahboom_rosmaster_msgs/cmake/rosidl_cmake_export_typesupport_libraries-extras.cmake
[0.306s] -- Up-to-date symlink: /home/zanef/ros2_ws/install/yahboom_rosmaster_msgs/share/yahboom_rosmaster_msgs/cmake/yahboom_rosmaster_msgsConfig.cmake
[0.306s] -- Up-to-date symlink: /home/zanef/ros2_ws/install/yahboom_rosmaster_msgs/share/yahboom_rosmaster_msgs/cmake/yahboom_rosmaster_msgsConfig-version.cmake
[0.307s] -- Up-to-date symlink: /home/zanef/ros2_ws/install/yahboom_rosmaster_msgs/share/yahboom_rosmaster_msgs/package.xml
[0.307s] -- Up-to-date: /home/zanef/ros2_ws/install/yahboom_rosmaster_msgs/lib/libyahboom_rosmaster_msgs__rosidl_generator_c.so
[0.307s] -- Up-to-date: /home/zanef/ros2_ws/install/yahboom_rosmaster_msgs/lib/libyahboom_rosmaster_msgs__rosidl_typesupport_fastrtps_c.so
[0.307s] -- Up-to-date: /home/zanef/ros2_ws/install/yahboom_rosmaster_msgs/lib/libyahboom_rosmaster_msgs__rosidl_typesupport_introspection_c.so
[0.307s] -- Up-to-date: /home/zanef/ros2_ws/install/yahboom_rosmaster_msgs/lib/libyahboom_rosmaster_msgs__rosidl_typesupport_c.so
[0.307s] -- Up-to-date: /home/zanef/ros2_ws/install/yahboom_rosmaster_msgs/lib/libyahboom_rosmaster_msgs__rosidl_typesupport_fastrtps_cpp.so
[0.308s] -- Up-to-date: /home/zanef/ros2_ws/install/yahboom_rosmaster_msgs/lib/libyahboom_rosmaster_msgs__rosidl_typesupport_introspection_cpp.so
[0.308s] -- Up-to-date: /home/zanef/ros2_ws/install/yahboom_rosmaster_msgs/lib/libyahboom_rosmaster_msgs__rosidl_typesupport_cpp.so
[0.327s] Listing '/home/zanef/ros2_ws/install/yahboom_rosmaster_msgs/lib/python3.12/site-packages/yahboom_rosmaster_msgs'...
[0.327s] Listing '/home/zanef/ros2_ws/install/yahboom_rosmaster_msgs/lib/python3.12/site-packages/yahboom_rosmaster_msgs/action'...
[0.327s] Listing '/home/zanef/ros2_ws/install/yahboom_rosmaster_msgs/lib/python3.12/site-packages/yahboom_rosmaster_msgs/srv'...
[0.332s] -- Up-to-date: /home/zanef/ros2_ws/install/yahboom_rosmaster_msgs/lib/libyahboom_rosmaster_msgs__rosidl_generator_py.so
[0.332s] -- Up-to-date: /home/zanef/ros2_ws/install/yahboom_rosmaster_msgs/share/yahboom_rosmaster_msgs/cmake/export_yahboom_rosmaster_msgs__rosidl_generator_cExport.cmake
[0.332s] -- Up-to-date: /home/zanef/ros2_ws/install/yahboom_rosmaster_msgs/share/yahboom_rosmaster_msgs/cmake/export_yahboom_rosmaster_msgs__rosidl_generator_cExport-noconfig.cmake
[0.332s] -- Up-to-date: /home/zanef/ros2_ws/install/yahboom_rosmaster_msgs/share/yahboom_rosmaster_msgs/cmake/export_yahboom_rosmaster_msgs__rosidl_typesupport_fastrtps_cExport.cmake
[0.333s] -- Up-to-date: /home/zanef/ros2_ws/install/yahboom_rosmaster_msgs/share/yahboom_rosmaster_msgs/cmake/export_yahboom_rosmaster_msgs__rosidl_typesupport_fastrtps_cExport-noconfig.cmake
[0.333s] -- Up-to-date: /home/zanef/ros2_ws/install/yahboom_rosmaster_msgs/share/yahboom_rosmaster_msgs/cmake/yahboom_rosmaster_msgs__rosidl_typesupport_introspection_cExport.cmake
[0.333s] -- Up-to-date: /home/zanef/ros2_ws/install/yahboom_rosmaster_msgs/share/yahboom_rosmaster_msgs/cmake/yahboom_rosmaster_msgs__rosidl_typesupport_introspection_cExport-noconfig.cmake
[0.333s] -- Up-to-date: /home/zanef/ros2_ws/install/yahboom_rosmaster_msgs/share/yahboom_rosmaster_msgs/cmake/yahboom_rosmaster_msgs__rosidl_typesupport_cExport.cmake
[0.333s] -- Up-to-date: /home/zanef/ros2_ws/install/yahboom_rosmaster_msgs/share/yahboom_rosmaster_msgs/cmake/yahboom_rosmaster_msgs__rosidl_typesupport_cExport-noconfig.cmake
[0.333s] -- Up-to-date: /home/zanef/ros2_ws/install/yahboom_rosmaster_msgs/share/yahboom_rosmaster_msgs/cmake/export_yahboom_rosmaster_msgs__rosidl_generator_cppExport.cmake
[0.333s] -- Up-to-date: /home/zanef/ros2_ws/install/yahboom_rosmaster_msgs/share/yahboom_rosmaster_msgs/cmake/export_yahboom_rosmaster_msgs__rosidl_typesupport_fastrtps_cppExport.cmake
[0.333s] -- Up-to-date: /home/zanef/ros2_ws/install/yahboom_rosmaster_msgs/share/yahboom_rosmaster_msgs/cmake/export_yahboom_rosmaster_msgs__rosidl_typesupport_fastrtps_cppExport-noconfig.cmake
[0.333s] -- Up-to-date: /home/zanef/ros2_ws/install/yahboom_rosmaster_msgs/share/yahboom_rosmaster_msgs/cmake/yahboom_rosmaster_msgs__rosidl_typesupport_introspection_cppExport.cmake
[0.333s] -- Up-to-date: /home/zanef/ros2_ws/install/yahboom_rosmaster_msgs/share/yahboom_rosmaster_msgs/cmake/yahboom_rosmaster_msgs__rosidl_typesupport_introspection_cppExport-noconfig.cmake
[0.333s] -- Up-to-date: /home/zanef/ros2_ws/install/yahboom_rosmaster_msgs/share/yahboom_rosmaster_msgs/cmake/yahboom_rosmaster_msgs__rosidl_typesupport_cppExport.cmake
[0.333s] -- Up-to-date: /home/zanef/ros2_ws/install/yahboom_rosmaster_msgs/share/yahboom_rosmaster_msgs/cmake/yahboom_rosmaster_msgs__rosidl_typesupport_cppExport-noconfig.cmake
[0.333s] -- Up-to-date: /home/zanef/ros2_ws/install/yahboom_rosmaster_msgs/share/yahboom_rosmaster_msgs/cmake/export_yahboom_rosmaster_msgs__rosidl_generator_pyExport.cmake
[0.333s] -- Up-to-date: /home/zanef/ros2_ws/install/yahboom_rosmaster_msgs/share/yahboom_rosmaster_msgs/cmake/export_yahboom_rosmaster_msgs__rosidl_generator_pyExport-noconfig.cmake
[0.334s] Invoked command in '/home/zanef/ros2_ws/build/yahboom_rosmaster_msgs' returned '0': CMAKE_PREFIX_PATH=${CMAKE_PREFIX_PATH}:/opt/ros/jazzy /usr/bin/cmake --install /home/zanef/ros2_ws/build/yahboom_rosmaster_msgs
