[0.020s] Invoking command in '/home/zanef/ros2_ws/build/yahboom_rosmaster_docking': CMAKE_PREFIX_PATH=${CMAKE_PREFIX_PATH}:/opt/ros/jazzy /usr/bin/cmake /home/zanef/ros2_ws/src/yahboom_rosmaster/yahboom_rosmaster_docking -DAMENT_CMAKE_SYMLINK_INSTALL=1 -DCMAKE_INSTALL_PREFIX=/home/zanef/ros2_ws/install/yahboom_rosmaster_docking
[0.145s] -- The C compiler identification is GNU 13.3.0
[0.871s] -- The CXX compiler identification is GNU 13.3.0
[1.427s] -- Detecting C compiler ABI info
[1.665s] -- Detecting C compiler ABI info - done
[1.671s] -- Check for working C compiler: /usr/bin/cc - skipped
[1.671s] -- Detecting C compile features
[1.671s] -- Detecting C compile features - done
[1.750s] -- Detecting CXX compiler ABI info
[1.949s] -- Detecting CXX compiler ABI info - done
[1.953s] -- Check for working CXX compiler: /usr/bin/c++ - skipped
[1.954s] -- Detecting CXX compile features
[1.954s] -- Detecting CXX compile features - done
[1.956s] -- Found ament_cmake: 2.5.5 (/opt/ros/jazzy/share/ament_cmake/cmake)
[2.047s] -- Found Python3: /usr/bin/python3 (found version "3.12.3") found components: Interpreter 
[2.091s] -- Override CMake install command with custom implementation using symlinks instead of copying resources
[2.119s] -- Found geometry_msgs: 5.3.6 (/opt/ros/jazzy/share/geometry_msgs/cmake)
[2.291s] -- Found rosidl_generator_c: 4.6.7 (/opt/ros/jazzy/share/rosidl_generator_c/cmake)
[2.302s] -- Found rosidl_generator_cpp: 4.6.7 (/opt/ros/jazzy/share/rosidl_generator_cpp/cmake)
[2.315s] -- Using all available rosidl_typesupport_c: rosidl_typesupport_fastrtps_c;rosidl_typesupport_introspection_c
[2.330s] -- Using all available rosidl_typesupport_cpp: rosidl_typesupport_fastrtps_cpp;rosidl_typesupport_introspection_cpp
[2.366s] -- Found rclcpp: 28.1.16 (/opt/ros/jazzy/share/rclcpp/cmake)
[2.412s] -- Found rmw_implementation_cmake: 7.3.3 (/opt/ros/jazzy/share/rmw_implementation_cmake/cmake)
[2.416s] -- Found rmw_fastrtps_cpp: 8.4.3 (/opt/ros/jazzy/share/rmw_fastrtps_cpp/cmake)
[2.480s] -- Found OpenSSL: /usr/lib/x86_64-linux-gnu/libcrypto.so (found version "3.0.13")  
[2.672s] -- Found FastRTPS: /opt/ros/jazzy/include (Required is at least version "2.13") 
[2.759s] -- Using RMW implementation 'rmw_fastrtps_cpp' as default
[2.946s] -- Found rclpy: 7.1.9 (/opt/ros/jazzy/share/rclpy/cmake)
[2.949s] -- Found apriltag_ros: 3.3.0 (/opt/ros/jazzy/share/apriltag_ros/cmake)
[2.951s] -- Found apriltag_msgs: 2.0.1 (/opt/ros/jazzy/share/apriltag_msgs/cmake)
[2.964s] -- Found image_proc: 5.0.11 (/opt/ros/jazzy/share/image_proc/cmake)
[2.986s] -- Setting yaml-cpp_DIR to: '/opt/ros/jazzy/share/yaml_cpp_vendor/cmake/../../../opt/yaml_cpp_vendor/share/cmake/yaml-cpp'
[3.102s] -- Found eigen3_cmake_module: 0.3.0 (/opt/ros/jazzy/share/eigen3_cmake_module/cmake)
[3.103s] -- Found Eigen3: TRUE (found version "3.4.0") 
[3.103s] -- Ensuring Eigen3 include directory is part of orocos-kdl CMake target
[3.166s] -- Found ament_lint_auto: 0.17.4 (/opt/ros/jazzy/share/ament_lint_auto/cmake)
[3.233s] -- Added test 'cppcheck' to perform static code analysis on C / C++ code
[3.233s] -- Configured cppcheck include dirs: 
[3.233s] -- Configured cppcheck exclude dirs and/or files: 
[3.233s] -- Added test 'flake8' to check Python code syntax and style conventions
[3.233s] -- Configured 'flake8' exclude dirs and/or files: 
[3.234s] -- Added test 'lint_cmake' to check CMake code style
[3.235s] -- Added test 'pep257' to check Python code against some of the docstring style conventions in PEP 257
[3.235s] -- Added test 'uncrustify' to check C / C++ code style
[3.235s] -- Configured uncrustify additional arguments: 
[3.236s] -- Added test 'xmllint' to check XML markup files
[3.237s] -- Configuring done (3.2s)
[3.245s] -- Generating done (0.0s)
[3.247s] -- Build files have been written to: /home/zanef/ros2_ws/build/yahboom_rosmaster_docking
[3.259s] Invoked command in '/home/zanef/ros2_ws/build/yahboom_rosmaster_docking' returned '0': CMAKE_PREFIX_PATH=${CMAKE_PREFIX_PATH}:/opt/ros/jazzy /usr/bin/cmake /home/zanef/ros2_ws/src/yahboom_rosmaster/yahboom_rosmaster_docking -DAMENT_CMAKE_SYMLINK_INSTALL=1 -DCMAKE_INSTALL_PREFIX=/home/zanef/ros2_ws/install/yahboom_rosmaster_docking
[3.259s] Invoking command in '/home/zanef/ros2_ws/build/yahboom_rosmaster_docking': CMAKE_PREFIX_PATH=${CMAKE_PREFIX_PATH}:/opt/ros/jazzy /usr/bin/cmake --build /home/zanef/ros2_ws/build/yahboom_rosmaster_docking -- -j16 -l16
[3.290s] [ 50%] [32mBuilding CXX object CMakeFiles/detected_dock_pose_publisher.dir/src/detected_dock_pose_publisher.cpp.o[0m
[6.909s] [100%] [32m[1mLinking CXX executable detected_dock_pose_publisher[0m
[7.102s] [100%] Built target detected_dock_pose_publisher
