[0.136s] DEBUG:colcon:Command line arguments: ['/usr/bin/colcon', 'build', '--symlink-install', '--allow-overriding', 'mecanum_drive_controller']
[0.136s] DEBUG:colcon:Parsed command line arguments: Namespace(log_base=None, log_level=None, verb_name='build', build_base='build', install_base='install', merge_install=False, symlink_install=True, test_result_base=None, continue_on_error=False, executor='parallel', parallel_workers=16, event_handlers=None, ignore_user_meta=False, metas=['./colcon.meta'], base_paths=['.'], packages_ignore=None, packages_ignore_regex=None, paths=None, packages_up_to=None, packages_up_to_regex=None, packages_above=None, packages_above_and_dependencies=None, packages_above_depth=None, packages_select_by_dep=None, packages_skip_by_dep=None, packages_skip_up_to=None, packages_select_build_failed=False, packages_skip_build_finished=False, packages_select_test_failures=False, packages_skip_test_passed=False, packages_select=None, packages_skip=None, packages_select_regex=None, packages_skip_regex=None, packages_start=None, packages_end=None, allow_overriding=['mecanum_drive_controller'], cmake_args=None, cmake_target=None, cmake_target_skip_unavailable=False, cmake_clean_cache=False, cmake_clean_first=False, cmake_force_configure=False, ament_cmake_args=None, catkin_cmake_args=None, catkin_skip_building_tests=False, verb_parser=<colcon_defaults.argument_parser.defaults.DefaultArgumentsDecorator object at 0x7156fef98080>, verb_extension=<colcon_core.verb.build.BuildVerb object at 0x7156fef6fdd0>, main=<bound method BuildVerb.main of <colcon_core.verb.build.BuildVerb object at 0x7156fef6fdd0>>)
[0.157s] Level 1:colcon.colcon_core.package_discovery:discover_packages(colcon_meta) check parameters
[0.157s] Level 1:colcon.colcon_core.package_discovery:discover_packages(recursive) check parameters
[0.157s] Level 1:colcon.colcon_core.package_discovery:discover_packages(ignore) check parameters
[0.157s] Level 1:colcon.colcon_core.package_discovery:discover_packages(path) check parameters
[0.157s] Level 1:colcon.colcon_core.package_discovery:discover_packages(colcon_meta) discover
[0.157s] Level 1:colcon.colcon_core.package_discovery:discover_packages(recursive) discover
[0.157s] INFO:colcon.colcon_core.package_discovery:Crawling recursively for packages in '/home/zanef/ros2_ws'
[0.157s] Level 1:colcon.colcon_core.package_identification:_identify(.) by extensions ['ignore', 'ignore_ament_install']
[0.157s] Level 1:colcon.colcon_core.package_identification:_identify(.) by extension 'ignore'
[0.157s] Level 1:colcon.colcon_core.package_identification:_identify(.) by extension 'ignore_ament_install'
[0.157s] Level 1:colcon.colcon_core.package_identification:_identify(.) by extensions ['colcon_pkg']
[0.157s] Level 1:colcon.colcon_core.package_identification:_identify(.) by extension 'colcon_pkg'
[0.157s] Level 1:colcon.colcon_core.package_identification:_identify(.) by extensions ['colcon_meta']
[0.157s] Level 1:colcon.colcon_core.package_identification:_identify(.) by extension 'colcon_meta'
[0.157s] Level 1:colcon.colcon_core.package_identification:_identify(.) by extensions ['ros']
[0.157s] Level 1:colcon.colcon_core.package_identification:_identify(.) by extension 'ros'
[0.171s] Level 1:colcon.colcon_core.package_identification:_identify(.) by extensions ['cmake', 'python']
[0.171s] Level 1:colcon.colcon_core.package_identification:_identify(.) by extension 'cmake'
[0.171s] Level 1:colcon.colcon_core.package_identification:_identify(.) by extension 'python'
[0.171s] Level 1:colcon.colcon_core.package_identification:_identify(.) by extensions ['python_setup_py']
[0.171s] Level 1:colcon.colcon_core.package_identification:_identify(.) by extension 'python_setup_py'
[0.171s] Level 1:colcon.colcon_core.package_identification:_identify(build) by extensions ['ignore', 'ignore_ament_install']
[0.171s] Level 1:colcon.colcon_core.package_identification:_identify(build) by extension 'ignore'
[0.171s] Level 1:colcon.colcon_core.package_identification:_identify(build) ignored
[0.172s] Level 1:colcon.colcon_core.package_identification:_identify(install) by extensions ['ignore', 'ignore_ament_install']
[0.172s] Level 1:colcon.colcon_core.package_identification:_identify(install) by extension 'ignore'
[0.172s] Level 1:colcon.colcon_core.package_identification:_identify(install) ignored
[0.172s] Level 1:colcon.colcon_core.package_identification:_identify(log) by extensions ['ignore', 'ignore_ament_install']
[0.172s] Level 1:colcon.colcon_core.package_identification:_identify(log) by extension 'ignore'
[0.172s] Level 1:colcon.colcon_core.package_identification:_identify(log) ignored
[0.172s] Level 1:colcon.colcon_core.package_identification:_identify(src) by extensions ['ignore', 'ignore_ament_install']
[0.172s] Level 1:colcon.colcon_core.package_identification:_identify(src) by extension 'ignore'
[0.172s] Level 1:colcon.colcon_core.package_identification:_identify(src) by extension 'ignore_ament_install'
[0.172s] Level 1:colcon.colcon_core.package_identification:_identify(src) by extensions ['colcon_pkg']
[0.172s] Level 1:colcon.colcon_core.package_identification:_identify(src) by extension 'colcon_pkg'
[0.172s] Level 1:colcon.colcon_core.package_identification:_identify(src) by extensions ['colcon_meta']
[0.172s] Level 1:colcon.colcon_core.package_identification:_identify(src) by extension 'colcon_meta'
[0.172s] Level 1:colcon.colcon_core.package_identification:_identify(src) by extensions ['ros']
[0.172s] Level 1:colcon.colcon_core.package_identification:_identify(src) by extension 'ros'
[0.172s] Level 1:colcon.colcon_core.package_identification:_identify(src) by extensions ['cmake', 'python']
[0.172s] Level 1:colcon.colcon_core.package_identification:_identify(src) by extension 'cmake'
[0.172s] Level 1:colcon.colcon_core.package_identification:_identify(src) by extension 'python'
[0.172s] Level 1:colcon.colcon_core.package_identification:_identify(src) by extensions ['python_setup_py']
[0.172s] Level 1:colcon.colcon_core.package_identification:_identify(src) by extension 'python_setup_py'
[0.173s] Level 1:colcon.colcon_core.package_identification:_identify(src/build) by extensions ['ignore', 'ignore_ament_install']
[0.173s] Level 1:colcon.colcon_core.package_identification:_identify(src/build) by extension 'ignore'
[0.173s] Level 1:colcon.colcon_core.package_identification:_identify(src/build) ignored
[0.173s] Level 1:colcon.colcon_core.package_identification:_identify(src/install) by extensions ['ignore', 'ignore_ament_install']
[0.173s] Level 1:colcon.colcon_core.package_identification:_identify(src/install) by extension 'ignore'
[0.173s] Level 1:colcon.colcon_core.package_identification:_identify(src/install) ignored
[0.173s] Level 1:colcon.colcon_core.package_identification:_identify(src/log) by extensions ['ignore', 'ignore_ament_install']
[0.173s] Level 1:colcon.colcon_core.package_identification:_identify(src/log) by extension 'ignore'
[0.173s] Level 1:colcon.colcon_core.package_identification:_identify(src/log) ignored
[0.173s] Level 1:colcon.colcon_core.package_identification:_identify(src/yahboom_rosmaster) by extensions ['ignore', 'ignore_ament_install']
[0.173s] Level 1:colcon.colcon_core.package_identification:_identify(src/yahboom_rosmaster) by extension 'ignore'
[0.173s] Level 1:colcon.colcon_core.package_identification:_identify(src/yahboom_rosmaster) by extension 'ignore_ament_install'
[0.173s] Level 1:colcon.colcon_core.package_identification:_identify(src/yahboom_rosmaster) by extensions ['colcon_pkg']
[0.173s] Level 1:colcon.colcon_core.package_identification:_identify(src/yahboom_rosmaster) by extension 'colcon_pkg'
[0.173s] Level 1:colcon.colcon_core.package_identification:_identify(src/yahboom_rosmaster) by extensions ['colcon_meta']
[0.173s] Level 1:colcon.colcon_core.package_identification:_identify(src/yahboom_rosmaster) by extension 'colcon_meta'
[0.173s] Level 1:colcon.colcon_core.package_identification:_identify(src/yahboom_rosmaster) by extensions ['ros']
[0.173s] Level 1:colcon.colcon_core.package_identification:_identify(src/yahboom_rosmaster) by extension 'ros'
[0.174s] Level 1:colcon.colcon_core.package_identification:_identify(src/yahboom_rosmaster) by extensions ['cmake', 'python']
[0.174s] Level 1:colcon.colcon_core.package_identification:_identify(src/yahboom_rosmaster) by extension 'cmake'
[0.174s] Level 1:colcon.colcon_core.package_identification:_identify(src/yahboom_rosmaster) by extension 'python'
[0.174s] Level 1:colcon.colcon_core.package_identification:_identify(src/yahboom_rosmaster) by extensions ['python_setup_py']
[0.174s] Level 1:colcon.colcon_core.package_identification:_identify(src/yahboom_rosmaster) by extension 'python_setup_py'
[0.174s] Level 1:colcon.colcon_core.package_identification:_identify(src/yahboom_rosmaster/mecanum_drive_controller) by extensions ['ignore', 'ignore_ament_install']
[0.174s] Level 1:colcon.colcon_core.package_identification:_identify(src/yahboom_rosmaster/mecanum_drive_controller) by extension 'ignore'
[0.174s] Level 1:colcon.colcon_core.package_identification:_identify(src/yahboom_rosmaster/mecanum_drive_controller) by extension 'ignore_ament_install'
[0.174s] Level 1:colcon.colcon_core.package_identification:_identify(src/yahboom_rosmaster/mecanum_drive_controller) by extensions ['colcon_pkg']
[0.174s] Level 1:colcon.colcon_core.package_identification:_identify(src/yahboom_rosmaster/mecanum_drive_controller) by extension 'colcon_pkg'
[0.174s] Level 1:colcon.colcon_core.package_identification:_identify(src/yahboom_rosmaster/mecanum_drive_controller) by extensions ['colcon_meta']
[0.174s] Level 1:colcon.colcon_core.package_identification:_identify(src/yahboom_rosmaster/mecanum_drive_controller) by extension 'colcon_meta'
[0.174s] Level 1:colcon.colcon_core.package_identification:_identify(src/yahboom_rosmaster/mecanum_drive_controller) by extensions ['ros']
[0.174s] Level 1:colcon.colcon_core.package_identification:_identify(src/yahboom_rosmaster/mecanum_drive_controller) by extension 'ros'
[0.176s] DEBUG:colcon.colcon_core.package_identification:Package 'src/yahboom_rosmaster/mecanum_drive_controller' with type 'ros.ament_cmake' and name 'mecanum_drive_controller'
[0.176s] Level 1:colcon.colcon_core.package_identification:_identify(src/yahboom_rosmaster/yahboom_rosmaster) by extensions ['ignore', 'ignore_ament_install']
[0.176s] Level 1:colcon.colcon_core.package_identification:_identify(src/yahboom_rosmaster/yahboom_rosmaster) by extension 'ignore'
[0.176s] Level 1:colcon.colcon_core.package_identification:_identify(src/yahboom_rosmaster/yahboom_rosmaster) by extension 'ignore_ament_install'
[0.176s] Level 1:colcon.colcon_core.package_identification:_identify(src/yahboom_rosmaster/yahboom_rosmaster) by extensions ['colcon_pkg']
[0.176s] Level 1:colcon.colcon_core.package_identification:_identify(src/yahboom_rosmaster/yahboom_rosmaster) by extension 'colcon_pkg'
[0.176s] Level 1:colcon.colcon_core.package_identification:_identify(src/yahboom_rosmaster/yahboom_rosmaster) by extensions ['colcon_meta']
[0.176s] Level 1:colcon.colcon_core.package_identification:_identify(src/yahboom_rosmaster/yahboom_rosmaster) by extension 'colcon_meta'
[0.176s] Level 1:colcon.colcon_core.package_identification:_identify(src/yahboom_rosmaster/yahboom_rosmaster) by extensions ['ros']
[0.176s] Level 1:colcon.colcon_core.package_identification:_identify(src/yahboom_rosmaster/yahboom_rosmaster) by extension 'ros'
[0.176s] DEBUG:colcon.colcon_core.package_identification:Package 'src/yahboom_rosmaster/yahboom_rosmaster' with type 'ros.ament_cmake' and name 'yahboom_rosmaster'
[0.177s] Level 1:colcon.colcon_core.package_identification:_identify(src/yahboom_rosmaster/yahboom_rosmaster_bringup) by extensions ['ignore', 'ignore_ament_install']
[0.177s] Level 1:colcon.colcon_core.package_identification:_identify(src/yahboom_rosmaster/yahboom_rosmaster_bringup) by extension 'ignore'
[0.177s] Level 1:colcon.colcon_core.package_identification:_identify(src/yahboom_rosmaster/yahboom_rosmaster_bringup) by extension 'ignore_ament_install'
[0.177s] Level 1:colcon.colcon_core.package_identification:_identify(src/yahboom_rosmaster/yahboom_rosmaster_bringup) by extensions ['colcon_pkg']
[0.177s] Level 1:colcon.colcon_core.package_identification:_identify(src/yahboom_rosmaster/yahboom_rosmaster_bringup) by extension 'colcon_pkg'
[0.177s] Level 1:colcon.colcon_core.package_identification:_identify(src/yahboom_rosmaster/yahboom_rosmaster_bringup) by extensions ['colcon_meta']
[0.177s] Level 1:colcon.colcon_core.package_identification:_identify(src/yahboom_rosmaster/yahboom_rosmaster_bringup) by extension 'colcon_meta'
[0.177s] Level 1:colcon.colcon_core.package_identification:_identify(src/yahboom_rosmaster/yahboom_rosmaster_bringup) by extensions ['ros']
[0.177s] Level 1:colcon.colcon_core.package_identification:_identify(src/yahboom_rosmaster/yahboom_rosmaster_bringup) by extension 'ros'
[0.177s] DEBUG:colcon.colcon_core.package_identification:Package 'src/yahboom_rosmaster/yahboom_rosmaster_bringup' with type 'ros.ament_cmake' and name 'yahboom_rosmaster_bringup'
[0.177s] Level 1:colcon.colcon_core.package_identification:_identify(src/yahboom_rosmaster/yahboom_rosmaster_description) by extensions ['ignore', 'ignore_ament_install']
[0.177s] Level 1:colcon.colcon_core.package_identification:_identify(src/yahboom_rosmaster/yahboom_rosmaster_description) by extension 'ignore'
[0.177s] Level 1:colcon.colcon_core.package_identification:_identify(src/yahboom_rosmaster/yahboom_rosmaster_description) by extension 'ignore_ament_install'
[0.177s] Level 1:colcon.colcon_core.package_identification:_identify(src/yahboom_rosmaster/yahboom_rosmaster_description) by extensions ['colcon_pkg']
[0.177s] Level 1:colcon.colcon_core.package_identification:_identify(src/yahboom_rosmaster/yahboom_rosmaster_description) by extension 'colcon_pkg'
[0.177s] Level 1:colcon.colcon_core.package_identification:_identify(src/yahboom_rosmaster/yahboom_rosmaster_description) by extensions ['colcon_meta']
[0.178s] Level 1:colcon.colcon_core.package_identification:_identify(src/yahboom_rosmaster/yahboom_rosmaster_description) by extension 'colcon_meta'
[0.178s] Level 1:colcon.colcon_core.package_identification:_identify(src/yahboom_rosmaster/yahboom_rosmaster_description) by extensions ['ros']
[0.178s] Level 1:colcon.colcon_core.package_identification:_identify(src/yahboom_rosmaster/yahboom_rosmaster_description) by extension 'ros'
[0.178s] DEBUG:colcon.colcon_core.package_identification:Package 'src/yahboom_rosmaster/yahboom_rosmaster_description' with type 'ros.ament_cmake' and name 'yahboom_rosmaster_description'
[0.178s] Level 1:colcon.colcon_core.package_identification:_identify(src/yahboom_rosmaster/yahboom_rosmaster_docking) by extensions ['ignore', 'ignore_ament_install']
[0.178s] Level 1:colcon.colcon_core.package_identification:_identify(src/yahboom_rosmaster/yahboom_rosmaster_docking) by extension 'ignore'
[0.178s] Level 1:colcon.colcon_core.package_identification:_identify(src/yahboom_rosmaster/yahboom_rosmaster_docking) by extension 'ignore_ament_install'
[0.178s] Level 1:colcon.colcon_core.package_identification:_identify(src/yahboom_rosmaster/yahboom_rosmaster_docking) by extensions ['colcon_pkg']
[0.178s] Level 1:colcon.colcon_core.package_identification:_identify(src/yahboom_rosmaster/yahboom_rosmaster_docking) by extension 'colcon_pkg'
[0.178s] Level 1:colcon.colcon_core.package_identification:_identify(src/yahboom_rosmaster/yahboom_rosmaster_docking) by extensions ['colcon_meta']
[0.178s] Level 1:colcon.colcon_core.package_identification:_identify(src/yahboom_rosmaster/yahboom_rosmaster_docking) by extension 'colcon_meta'
[0.178s] Level 1:colcon.colcon_core.package_identification:_identify(src/yahboom_rosmaster/yahboom_rosmaster_docking) by extensions ['ros']
[0.178s] Level 1:colcon.colcon_core.package_identification:_identify(src/yahboom_rosmaster/yahboom_rosmaster_docking) by extension 'ros'
[0.178s] DEBUG:colcon.colcon_core.package_identification:Package 'src/yahboom_rosmaster/yahboom_rosmaster_docking' with type 'ros.ament_cmake' and name 'yahboom_rosmaster_docking'
[0.179s] Level 1:colcon.colcon_core.package_identification:_identify(src/yahboom_rosmaster/yahboom_rosmaster_gazebo) by extensions ['ignore', 'ignore_ament_install']
[0.179s] Level 1:colcon.colcon_core.package_identification:_identify(src/yahboom_rosmaster/yahboom_rosmaster_gazebo) by extension 'ignore'
[0.179s] Level 1:colcon.colcon_core.package_identification:_identify(src/yahboom_rosmaster/yahboom_rosmaster_gazebo) by extension 'ignore_ament_install'
[0.179s] Level 1:colcon.colcon_core.package_identification:_identify(src/yahboom_rosmaster/yahboom_rosmaster_gazebo) by extensions ['colcon_pkg']
[0.179s] Level 1:colcon.colcon_core.package_identification:_identify(src/yahboom_rosmaster/yahboom_rosmaster_gazebo) by extension 'colcon_pkg'
[0.179s] Level 1:colcon.colcon_core.package_identification:_identify(src/yahboom_rosmaster/yahboom_rosmaster_gazebo) by extensions ['colcon_meta']
[0.179s] Level 1:colcon.colcon_core.package_identification:_identify(src/yahboom_rosmaster/yahboom_rosmaster_gazebo) by extension 'colcon_meta'
[0.179s] Level 1:colcon.colcon_core.package_identification:_identify(src/yahboom_rosmaster/yahboom_rosmaster_gazebo) by extensions ['ros']
[0.179s] Level 1:colcon.colcon_core.package_identification:_identify(src/yahboom_rosmaster/yahboom_rosmaster_gazebo) by extension 'ros'
[0.179s] DEBUG:colcon.colcon_core.package_identification:Package 'src/yahboom_rosmaster/yahboom_rosmaster_gazebo' with type 'ros.ament_cmake' and name 'yahboom_rosmaster_gazebo'
[0.179s] Level 1:colcon.colcon_core.package_identification:_identify(src/yahboom_rosmaster/yahboom_rosmaster_localization) by extensions ['ignore', 'ignore_ament_install']
[0.180s] Level 1:colcon.colcon_core.package_identification:_identify(src/yahboom_rosmaster/yahboom_rosmaster_localization) by extension 'ignore'
[0.180s] Level 1:colcon.colcon_core.package_identification:_identify(src/yahboom_rosmaster/yahboom_rosmaster_localization) by extension 'ignore_ament_install'
[0.180s] Level 1:colcon.colcon_core.package_identification:_identify(src/yahboom_rosmaster/yahboom_rosmaster_localization) by extensions ['colcon_pkg']
[0.180s] Level 1:colcon.colcon_core.package_identification:_identify(src/yahboom_rosmaster/yahboom_rosmaster_localization) by extension 'colcon_pkg'
[0.180s] Level 1:colcon.colcon_core.package_identification:_identify(src/yahboom_rosmaster/yahboom_rosmaster_localization) by extensions ['colcon_meta']
[0.180s] Level 1:colcon.colcon_core.package_identification:_identify(src/yahboom_rosmaster/yahboom_rosmaster_localization) by extension 'colcon_meta'
[0.180s] Level 1:colcon.colcon_core.package_identification:_identify(src/yahboom_rosmaster/yahboom_rosmaster_localization) by extensions ['ros']
[0.180s] Level 1:colcon.colcon_core.package_identification:_identify(src/yahboom_rosmaster/yahboom_rosmaster_localization) by extension 'ros'
[0.180s] DEBUG:colcon.colcon_core.package_identification:Package 'src/yahboom_rosmaster/yahboom_rosmaster_localization' with type 'ros.ament_cmake' and name 'yahboom_rosmaster_localization'
[0.180s] Level 1:colcon.colcon_core.package_identification:_identify(src/yahboom_rosmaster/yahboom_rosmaster_msgs) by extensions ['ignore', 'ignore_ament_install']
[0.180s] Level 1:colcon.colcon_core.package_identification:_identify(src/yahboom_rosmaster/yahboom_rosmaster_msgs) by extension 'ignore'
[0.180s] Level 1:colcon.colcon_core.package_identification:_identify(src/yahboom_rosmaster/yahboom_rosmaster_msgs) by extension 'ignore_ament_install'
[0.180s] Level 1:colcon.colcon_core.package_identification:_identify(src/yahboom_rosmaster/yahboom_rosmaster_msgs) by extensions ['colcon_pkg']
[0.180s] Level 1:colcon.colcon_core.package_identification:_identify(src/yahboom_rosmaster/yahboom_rosmaster_msgs) by extension 'colcon_pkg'
[0.180s] Level 1:colcon.colcon_core.package_identification:_identify(src/yahboom_rosmaster/yahboom_rosmaster_msgs) by extensions ['colcon_meta']
[0.180s] Level 1:colcon.colcon_core.package_identification:_identify(src/yahboom_rosmaster/yahboom_rosmaster_msgs) by extension 'colcon_meta'
[0.180s] Level 1:colcon.colcon_core.package_identification:_identify(src/yahboom_rosmaster/yahboom_rosmaster_msgs) by extensions ['ros']
[0.180s] Level 1:colcon.colcon_core.package_identification:_identify(src/yahboom_rosmaster/yahboom_rosmaster_msgs) by extension 'ros'
[0.181s] DEBUG:colcon.colcon_core.package_identification:Package 'src/yahboom_rosmaster/yahboom_rosmaster_msgs' with type 'ros.ament_cmake' and name 'yahboom_rosmaster_msgs'
[0.181s] Level 1:colcon.colcon_core.package_identification:_identify(src/yahboom_rosmaster/yahboom_rosmaster_navigation) by extensions ['ignore', 'ignore_ament_install']
[0.181s] Level 1:colcon.colcon_core.package_identification:_identify(src/yahboom_rosmaster/yahboom_rosmaster_navigation) by extension 'ignore'
[0.181s] Level 1:colcon.colcon_core.package_identification:_identify(src/yahboom_rosmaster/yahboom_rosmaster_navigation) by extension 'ignore_ament_install'
[0.181s] Level 1:colcon.colcon_core.package_identification:_identify(src/yahboom_rosmaster/yahboom_rosmaster_navigation) by extensions ['colcon_pkg']
[0.181s] Level 1:colcon.colcon_core.package_identification:_identify(src/yahboom_rosmaster/yahboom_rosmaster_navigation) by extension 'colcon_pkg'
[0.181s] Level 1:colcon.colcon_core.package_identification:_identify(src/yahboom_rosmaster/yahboom_rosmaster_navigation) by extensions ['colcon_meta']
[0.181s] Level 1:colcon.colcon_core.package_identification:_identify(src/yahboom_rosmaster/yahboom_rosmaster_navigation) by extension 'colcon_meta'
[0.181s] Level 1:colcon.colcon_core.package_identification:_identify(src/yahboom_rosmaster/yahboom_rosmaster_navigation) by extensions ['ros']
[0.181s] Level 1:colcon.colcon_core.package_identification:_identify(src/yahboom_rosmaster/yahboom_rosmaster_navigation) by extension 'ros'
[0.181s] DEBUG:colcon.colcon_core.package_identification:Package 'src/yahboom_rosmaster/yahboom_rosmaster_navigation' with type 'ros.ament_cmake' and name 'yahboom_rosmaster_navigation'
[0.181s] Level 1:colcon.colcon_core.package_identification:_identify(src/yahboom_rosmaster/yahboom_rosmaster_system_tests) by extensions ['ignore', 'ignore_ament_install']
[0.182s] Level 1:colcon.colcon_core.package_identification:_identify(src/yahboom_rosmaster/yahboom_rosmaster_system_tests) by extension 'ignore'
[0.182s] Level 1:colcon.colcon_core.package_identification:_identify(src/yahboom_rosmaster/yahboom_rosmaster_system_tests) by extension 'ignore_ament_install'
[0.182s] Level 1:colcon.colcon_core.package_identification:_identify(src/yahboom_rosmaster/yahboom_rosmaster_system_tests) by extensions ['colcon_pkg']
[0.182s] Level 1:colcon.colcon_core.package_identification:_identify(src/yahboom_rosmaster/yahboom_rosmaster_system_tests) by extension 'colcon_pkg'
[0.182s] Level 1:colcon.colcon_core.package_identification:_identify(src/yahboom_rosmaster/yahboom_rosmaster_system_tests) by extensions ['colcon_meta']
[0.182s] Level 1:colcon.colcon_core.package_identification:_identify(src/yahboom_rosmaster/yahboom_rosmaster_system_tests) by extension 'colcon_meta'
[0.182s] Level 1:colcon.colcon_core.package_identification:_identify(src/yahboom_rosmaster/yahboom_rosmaster_system_tests) by extensions ['ros']
[0.182s] Level 1:colcon.colcon_core.package_identification:_identify(src/yahboom_rosmaster/yahboom_rosmaster_system_tests) by extension 'ros'
[0.182s] DEBUG:colcon.colcon_core.package_identification:Package 'src/yahboom_rosmaster/yahboom_rosmaster_system_tests' with type 'ros.ament_cmake' and name 'yahboom_rosmaster_system_tests'
[0.182s] Level 1:colcon.colcon_core.package_discovery:discover_packages(recursive) using defaults
[0.182s] Level 1:colcon.colcon_core.package_discovery:discover_packages(ignore) discover
[0.182s] Level 1:colcon.colcon_core.package_discovery:discover_packages(ignore) using defaults
[0.182s] Level 1:colcon.colcon_core.package_discovery:discover_packages(path) discover
[0.182s] Level 1:colcon.colcon_core.package_discovery:discover_packages(path) using defaults
[0.193s] Level 1:colcon.colcon_core.package_discovery:discover_packages(prefix_path) check parameters
[0.194s] Level 1:colcon.colcon_core.package_discovery:discover_packages(prefix_path) discover
[0.195s] DEBUG:colcon.colcon_installed_package_information.package_discovery:Found 439 installed packages in /opt/ros/jazzy
[0.196s] Level 1:colcon.colcon_core.package_discovery:discover_packages(prefix_path) using defaults
[0.218s] Level 5:colcon.colcon_core.verb:set package 'mecanum_drive_controller' build argument 'cmake_args' from command line to 'None'
[0.218s] Level 5:colcon.colcon_core.verb:set package 'mecanum_drive_controller' build argument 'cmake_target' from command line to 'None'
[0.218s] Level 5:colcon.colcon_core.verb:set package 'mecanum_drive_controller' build argument 'cmake_target_skip_unavailable' from command line to 'False'
[0.218s] Level 5:colcon.colcon_core.verb:set package 'mecanum_drive_controller' build argument 'cmake_clean_cache' from command line to 'False'
[0.218s] Level 5:colcon.colcon_core.verb:set package 'mecanum_drive_controller' build argument 'cmake_clean_first' from command line to 'False'
[0.218s] Level 5:colcon.colcon_core.verb:set package 'mecanum_drive_controller' build argument 'cmake_force_configure' from command line to 'False'
[0.218s] Level 5:colcon.colcon_core.verb:set package 'mecanum_drive_controller' build argument 'ament_cmake_args' from command line to 'None'
[0.218s] Level 5:colcon.colcon_core.verb:set package 'mecanum_drive_controller' build argument 'catkin_cmake_args' from command line to 'None'
[0.218s] Level 5:colcon.colcon_core.verb:set package 'mecanum_drive_controller' build argument 'catkin_skip_building_tests' from command line to 'False'
[0.218s] DEBUG:colcon.colcon_core.verb:Building package 'mecanum_drive_controller' with the following arguments: {'ament_cmake_args': None, 'build_base': '/home/zanef/ros2_ws/build/mecanum_drive_controller', 'catkin_cmake_args': None, 'catkin_skip_building_tests': False, 'cmake_args': None, 'cmake_clean_cache': False, 'cmake_clean_first': False, 'cmake_force_configure': False, 'cmake_target': None, 'cmake_target_skip_unavailable': False, 'install_base': '/home/zanef/ros2_ws/install/mecanum_drive_controller', 'merge_install': False, 'path': '/home/zanef/ros2_ws/src/yahboom_rosmaster/mecanum_drive_controller', 'symlink_install': True, 'test_result_base': None}
[0.218s] Level 5:colcon.colcon_core.verb:set package 'yahboom_rosmaster_bringup' build argument 'cmake_args' from command line to 'None'
[0.218s] Level 5:colcon.colcon_core.verb:set package 'yahboom_rosmaster_bringup' build argument 'cmake_target' from command line to 'None'
[0.218s] Level 5:colcon.colcon_core.verb:set package 'yahboom_rosmaster_bringup' build argument 'cmake_target_skip_unavailable' from command line to 'False'
[0.218s] Level 5:colcon.colcon_core.verb:set package 'yahboom_rosmaster_bringup' build argument 'cmake_clean_cache' from command line to 'False'
[0.218s] Level 5:colcon.colcon_core.verb:set package 'yahboom_rosmaster_bringup' build argument 'cmake_clean_first' from command line to 'False'
[0.218s] Level 5:colcon.colcon_core.verb:set package 'yahboom_rosmaster_bringup' build argument 'cmake_force_configure' from command line to 'False'
[0.218s] Level 5:colcon.colcon_core.verb:set package 'yahboom_rosmaster_bringup' build argument 'ament_cmake_args' from command line to 'None'
[0.218s] Level 5:colcon.colcon_core.verb:set package 'yahboom_rosmaster_bringup' build argument 'catkin_cmake_args' from command line to 'None'
[0.218s] Level 5:colcon.colcon_core.verb:set package 'yahboom_rosmaster_bringup' build argument 'catkin_skip_building_tests' from command line to 'False'
[0.218s] DEBUG:colcon.colcon_core.verb:Building package 'yahboom_rosmaster_bringup' with the following arguments: {'ament_cmake_args': None, 'build_base': '/home/zanef/ros2_ws/build/yahboom_rosmaster_bringup', 'catkin_cmake_args': None, 'catkin_skip_building_tests': False, 'cmake_args': None, 'cmake_clean_cache': False, 'cmake_clean_first': False, 'cmake_force_configure': False, 'cmake_target': None, 'cmake_target_skip_unavailable': False, 'install_base': '/home/zanef/ros2_ws/install/yahboom_rosmaster_bringup', 'merge_install': False, 'path': '/home/zanef/ros2_ws/src/yahboom_rosmaster/yahboom_rosmaster_bringup', 'symlink_install': True, 'test_result_base': None}
[0.218s] Level 5:colcon.colcon_core.verb:set package 'yahboom_rosmaster_description' build argument 'cmake_args' from command line to 'None'
[0.218s] Level 5:colcon.colcon_core.verb:set package 'yahboom_rosmaster_description' build argument 'cmake_target' from command line to 'None'
[0.219s] Level 5:colcon.colcon_core.verb:set package 'yahboom_rosmaster_description' build argument 'cmake_target_skip_unavailable' from command line to 'False'
[0.219s] Level 5:colcon.colcon_core.verb:set package 'yahboom_rosmaster_description' build argument 'cmake_clean_cache' from command line to 'False'
[0.219s] Level 5:colcon.colcon_core.verb:set package 'yahboom_rosmaster_description' build argument 'cmake_clean_first' from command line to 'False'
[0.219s] Level 5:colcon.colcon_core.verb:set package 'yahboom_rosmaster_description' build argument 'cmake_force_configure' from command line to 'False'
[0.219s] Level 5:colcon.colcon_core.verb:set package 'yahboom_rosmaster_description' build argument 'ament_cmake_args' from command line to 'None'
[0.219s] Level 5:colcon.colcon_core.verb:set package 'yahboom_rosmaster_description' build argument 'catkin_cmake_args' from command line to 'None'
[0.219s] Level 5:colcon.colcon_core.verb:set package 'yahboom_rosmaster_description' build argument 'catkin_skip_building_tests' from command line to 'False'
[0.219s] DEBUG:colcon.colcon_core.verb:Building package 'yahboom_rosmaster_description' with the following arguments: {'ament_cmake_args': None, 'build_base': '/home/zanef/ros2_ws/build/yahboom_rosmaster_description', 'catkin_cmake_args': None, 'catkin_skip_building_tests': False, 'cmake_args': None, 'cmake_clean_cache': False, 'cmake_clean_first': False, 'cmake_force_configure': False, 'cmake_target': None, 'cmake_target_skip_unavailable': False, 'install_base': '/home/zanef/ros2_ws/install/yahboom_rosmaster_description', 'merge_install': False, 'path': '/home/zanef/ros2_ws/src/yahboom_rosmaster/yahboom_rosmaster_description', 'symlink_install': True, 'test_result_base': None}
[0.219s] Level 5:colcon.colcon_core.verb:set package 'yahboom_rosmaster_docking' build argument 'cmake_args' from command line to 'None'
[0.219s] Level 5:colcon.colcon_core.verb:set package 'yahboom_rosmaster_docking' build argument 'cmake_target' from command line to 'None'
[0.219s] Level 5:colcon.colcon_core.verb:set package 'yahboom_rosmaster_docking' build argument 'cmake_target_skip_unavailable' from command line to 'False'
[0.219s] Level 5:colcon.colcon_core.verb:set package 'yahboom_rosmaster_docking' build argument 'cmake_clean_cache' from command line to 'False'
[0.219s] Level 5:colcon.colcon_core.verb:set package 'yahboom_rosmaster_docking' build argument 'cmake_clean_first' from command line to 'False'
[0.219s] Level 5:colcon.colcon_core.verb:set package 'yahboom_rosmaster_docking' build argument 'cmake_force_configure' from command line to 'False'
[0.219s] Level 5:colcon.colcon_core.verb:set package 'yahboom_rosmaster_docking' build argument 'ament_cmake_args' from command line to 'None'
[0.219s] Level 5:colcon.colcon_core.verb:set package 'yahboom_rosmaster_docking' build argument 'catkin_cmake_args' from command line to 'None'
[0.219s] Level 5:colcon.colcon_core.verb:set package 'yahboom_rosmaster_docking' build argument 'catkin_skip_building_tests' from command line to 'False'
[0.219s] DEBUG:colcon.colcon_core.verb:Building package 'yahboom_rosmaster_docking' with the following arguments: {'ament_cmake_args': None, 'build_base': '/home/zanef/ros2_ws/build/yahboom_rosmaster_docking', 'catkin_cmake_args': None, 'catkin_skip_building_tests': False, 'cmake_args': None, 'cmake_clean_cache': False, 'cmake_clean_first': False, 'cmake_force_configure': False, 'cmake_target': None, 'cmake_target_skip_unavailable': False, 'install_base': '/home/zanef/ros2_ws/install/yahboom_rosmaster_docking', 'merge_install': False, 'path': '/home/zanef/ros2_ws/src/yahboom_rosmaster/yahboom_rosmaster_docking', 'symlink_install': True, 'test_result_base': None}
[0.219s] Level 5:colcon.colcon_core.verb:set package 'yahboom_rosmaster_gazebo' build argument 'cmake_args' from command line to 'None'
[0.219s] Level 5:colcon.colcon_core.verb:set package 'yahboom_rosmaster_gazebo' build argument 'cmake_target' from command line to 'None'
[0.219s] Level 5:colcon.colcon_core.verb:set package 'yahboom_rosmaster_gazebo' build argument 'cmake_target_skip_unavailable' from command line to 'False'
[0.219s] Level 5:colcon.colcon_core.verb:set package 'yahboom_rosmaster_gazebo' build argument 'cmake_clean_cache' from command line to 'False'
[0.219s] Level 5:colcon.colcon_core.verb:set package 'yahboom_rosmaster_gazebo' build argument 'cmake_clean_first' from command line to 'False'
[0.219s] Level 5:colcon.colcon_core.verb:set package 'yahboom_rosmaster_gazebo' build argument 'cmake_force_configure' from command line to 'False'
[0.219s] Level 5:colcon.colcon_core.verb:set package 'yahboom_rosmaster_gazebo' build argument 'ament_cmake_args' from command line to 'None'
[0.219s] Level 5:colcon.colcon_core.verb:set package 'yahboom_rosmaster_gazebo' build argument 'catkin_cmake_args' from command line to 'None'
[0.219s] Level 5:colcon.colcon_core.verb:set package 'yahboom_rosmaster_gazebo' build argument 'catkin_skip_building_tests' from command line to 'False'
[0.219s] DEBUG:colcon.colcon_core.verb:Building package 'yahboom_rosmaster_gazebo' with the following arguments: {'ament_cmake_args': None, 'build_base': '/home/zanef/ros2_ws/build/yahboom_rosmaster_gazebo', 'catkin_cmake_args': None, 'catkin_skip_building_tests': False, 'cmake_args': None, 'cmake_clean_cache': False, 'cmake_clean_first': False, 'cmake_force_configure': False, 'cmake_target': None, 'cmake_target_skip_unavailable': False, 'install_base': '/home/zanef/ros2_ws/install/yahboom_rosmaster_gazebo', 'merge_install': False, 'path': '/home/zanef/ros2_ws/src/yahboom_rosmaster/yahboom_rosmaster_gazebo', 'symlink_install': True, 'test_result_base': None}
[0.219s] Level 5:colcon.colcon_core.verb:set package 'yahboom_rosmaster_localization' build argument 'cmake_args' from command line to 'None'
[0.219s] Level 5:colcon.colcon_core.verb:set package 'yahboom_rosmaster_localization' build argument 'cmake_target' from command line to 'None'
[0.219s] Level 5:colcon.colcon_core.verb:set package 'yahboom_rosmaster_localization' build argument 'cmake_target_skip_unavailable' from command line to 'False'
[0.219s] Level 5:colcon.colcon_core.verb:set package 'yahboom_rosmaster_localization' build argument 'cmake_clean_cache' from command line to 'False'
[0.219s] Level 5:colcon.colcon_core.verb:set package 'yahboom_rosmaster_localization' build argument 'cmake_clean_first' from command line to 'False'
[0.219s] Level 5:colcon.colcon_core.verb:set package 'yahboom_rosmaster_localization' build argument 'cmake_force_configure' from command line to 'False'
[0.219s] Level 5:colcon.colcon_core.verb:set package 'yahboom_rosmaster_localization' build argument 'ament_cmake_args' from command line to 'None'
[0.219s] Level 5:colcon.colcon_core.verb:set package 'yahboom_rosmaster_localization' build argument 'catkin_cmake_args' from command line to 'None'
[0.219s] Level 5:colcon.colcon_core.verb:set package 'yahboom_rosmaster_localization' build argument 'catkin_skip_building_tests' from command line to 'False'
[0.219s] DEBUG:colcon.colcon_core.verb:Building package 'yahboom_rosmaster_localization' with the following arguments: {'ament_cmake_args': None, 'build_base': '/home/zanef/ros2_ws/build/yahboom_rosmaster_localization', 'catkin_cmake_args': None, 'catkin_skip_building_tests': False, 'cmake_args': None, 'cmake_clean_cache': False, 'cmake_clean_first': False, 'cmake_force_configure': False, 'cmake_target': None, 'cmake_target_skip_unavailable': False, 'install_base': '/home/zanef/ros2_ws/install/yahboom_rosmaster_localization', 'merge_install': False, 'path': '/home/zanef/ros2_ws/src/yahboom_rosmaster/yahboom_rosmaster_localization', 'symlink_install': True, 'test_result_base': None}
[0.219s] Level 5:colcon.colcon_core.verb:set package 'yahboom_rosmaster_msgs' build argument 'cmake_args' from command line to 'None'
[0.219s] Level 5:colcon.colcon_core.verb:set package 'yahboom_rosmaster_msgs' build argument 'cmake_target' from command line to 'None'
[0.219s] Level 5:colcon.colcon_core.verb:set package 'yahboom_rosmaster_msgs' build argument 'cmake_target_skip_unavailable' from command line to 'False'
[0.219s] Level 5:colcon.colcon_core.verb:set package 'yahboom_rosmaster_msgs' build argument 'cmake_clean_cache' from command line to 'False'
[0.219s] Level 5:colcon.colcon_core.verb:set package 'yahboom_rosmaster_msgs' build argument 'cmake_clean_first' from command line to 'False'
[0.219s] Level 5:colcon.colcon_core.verb:set package 'yahboom_rosmaster_msgs' build argument 'cmake_force_configure' from command line to 'False'
[0.219s] Level 5:colcon.colcon_core.verb:set package 'yahboom_rosmaster_msgs' build argument 'ament_cmake_args' from command line to 'None'
[0.219s] Level 5:colcon.colcon_core.verb:set package 'yahboom_rosmaster_msgs' build argument 'catkin_cmake_args' from command line to 'None'
[0.219s] Level 5:colcon.colcon_core.verb:set package 'yahboom_rosmaster_msgs' build argument 'catkin_skip_building_tests' from command line to 'False'
[0.220s] DEBUG:colcon.colcon_core.verb:Building package 'yahboom_rosmaster_msgs' with the following arguments: {'ament_cmake_args': None, 'build_base': '/home/zanef/ros2_ws/build/yahboom_rosmaster_msgs', 'catkin_cmake_args': None, 'catkin_skip_building_tests': False, 'cmake_args': None, 'cmake_clean_cache': False, 'cmake_clean_first': False, 'cmake_force_configure': False, 'cmake_target': None, 'cmake_target_skip_unavailable': False, 'install_base': '/home/zanef/ros2_ws/install/yahboom_rosmaster_msgs', 'merge_install': False, 'path': '/home/zanef/ros2_ws/src/yahboom_rosmaster/yahboom_rosmaster_msgs', 'symlink_install': True, 'test_result_base': None}
[0.220s] Level 5:colcon.colcon_core.verb:set package 'yahboom_rosmaster_navigation' build argument 'cmake_args' from command line to 'None'
[0.220s] Level 5:colcon.colcon_core.verb:set package 'yahboom_rosmaster_navigation' build argument 'cmake_target' from command line to 'None'
[0.220s] Level 5:colcon.colcon_core.verb:set package 'yahboom_rosmaster_navigation' build argument 'cmake_target_skip_unavailable' from command line to 'False'
[0.220s] Level 5:colcon.colcon_core.verb:set package 'yahboom_rosmaster_navigation' build argument 'cmake_clean_cache' from command line to 'False'
[0.220s] Level 5:colcon.colcon_core.verb:set package 'yahboom_rosmaster_navigation' build argument 'cmake_clean_first' from command line to 'False'
[0.220s] Level 5:colcon.colcon_core.verb:set package 'yahboom_rosmaster_navigation' build argument 'cmake_force_configure' from command line to 'False'
[0.220s] Level 5:colcon.colcon_core.verb:set package 'yahboom_rosmaster_navigation' build argument 'ament_cmake_args' from command line to 'None'
[0.220s] Level 5:colcon.colcon_core.verb:set package 'yahboom_rosmaster_navigation' build argument 'catkin_cmake_args' from command line to 'None'
[0.220s] Level 5:colcon.colcon_core.verb:set package 'yahboom_rosmaster_navigation' build argument 'catkin_skip_building_tests' from command line to 'False'
[0.220s] DEBUG:colcon.colcon_core.verb:Building package 'yahboom_rosmaster_navigation' with the following arguments: {'ament_cmake_args': None, 'build_base': '/home/zanef/ros2_ws/build/yahboom_rosmaster_navigation', 'catkin_cmake_args': None, 'catkin_skip_building_tests': False, 'cmake_args': None, 'cmake_clean_cache': False, 'cmake_clean_first': False, 'cmake_force_configure': False, 'cmake_target': None, 'cmake_target_skip_unavailable': False, 'install_base': '/home/zanef/ros2_ws/install/yahboom_rosmaster_navigation', 'merge_install': False, 'path': '/home/zanef/ros2_ws/src/yahboom_rosmaster/yahboom_rosmaster_navigation', 'symlink_install': True, 'test_result_base': None}
[0.220s] Level 5:colcon.colcon_core.verb:set package 'yahboom_rosmaster_system_tests' build argument 'cmake_args' from command line to 'None'
[0.220s] Level 5:colcon.colcon_core.verb:set package 'yahboom_rosmaster_system_tests' build argument 'cmake_target' from command line to 'None'
[0.220s] Level 5:colcon.colcon_core.verb:set package 'yahboom_rosmaster_system_tests' build argument 'cmake_target_skip_unavailable' from command line to 'False'
[0.220s] Level 5:colcon.colcon_core.verb:set package 'yahboom_rosmaster_system_tests' build argument 'cmake_clean_cache' from command line to 'False'
[0.220s] Level 5:colcon.colcon_core.verb:set package 'yahboom_rosmaster_system_tests' build argument 'cmake_clean_first' from command line to 'False'
[0.220s] Level 5:colcon.colcon_core.verb:set package 'yahboom_rosmaster_system_tests' build argument 'cmake_force_configure' from command line to 'False'
[0.220s] Level 5:colcon.colcon_core.verb:set package 'yahboom_rosmaster_system_tests' build argument 'ament_cmake_args' from command line to 'None'
[0.220s] Level 5:colcon.colcon_core.verb:set package 'yahboom_rosmaster_system_tests' build argument 'catkin_cmake_args' from command line to 'None'
[0.220s] Level 5:colcon.colcon_core.verb:set package 'yahboom_rosmaster_system_tests' build argument 'catkin_skip_building_tests' from command line to 'False'
[0.220s] DEBUG:colcon.colcon_core.verb:Building package 'yahboom_rosmaster_system_tests' with the following arguments: {'ament_cmake_args': None, 'build_base': '/home/zanef/ros2_ws/build/yahboom_rosmaster_system_tests', 'catkin_cmake_args': None, 'catkin_skip_building_tests': False, 'cmake_args': None, 'cmake_clean_cache': False, 'cmake_clean_first': False, 'cmake_force_configure': False, 'cmake_target': None, 'cmake_target_skip_unavailable': False, 'install_base': '/home/zanef/ros2_ws/install/yahboom_rosmaster_system_tests', 'merge_install': False, 'path': '/home/zanef/ros2_ws/src/yahboom_rosmaster/yahboom_rosmaster_system_tests', 'symlink_install': True, 'test_result_base': None}
[0.220s] Level 5:colcon.colcon_core.verb:set package 'yahboom_rosmaster' build argument 'cmake_args' from command line to 'None'
[0.220s] Level 5:colcon.colcon_core.verb:set package 'yahboom_rosmaster' build argument 'cmake_target' from command line to 'None'
[0.220s] Level 5:colcon.colcon_core.verb:set package 'yahboom_rosmaster' build argument 'cmake_target_skip_unavailable' from command line to 'False'
[0.220s] Level 5:colcon.colcon_core.verb:set package 'yahboom_rosmaster' build argument 'cmake_clean_cache' from command line to 'False'
[0.220s] Level 5:colcon.colcon_core.verb:set package 'yahboom_rosmaster' build argument 'cmake_clean_first' from command line to 'False'
[0.220s] Level 5:colcon.colcon_core.verb:set package 'yahboom_rosmaster' build argument 'cmake_force_configure' from command line to 'False'
[0.220s] Level 5:colcon.colcon_core.verb:set package 'yahboom_rosmaster' build argument 'ament_cmake_args' from command line to 'None'
[0.220s] Level 5:colcon.colcon_core.verb:set package 'yahboom_rosmaster' build argument 'catkin_cmake_args' from command line to 'None'
[0.220s] Level 5:colcon.colcon_core.verb:set package 'yahboom_rosmaster' build argument 'catkin_skip_building_tests' from command line to 'False'
[0.220s] DEBUG:colcon.colcon_core.verb:Building package 'yahboom_rosmaster' with the following arguments: {'ament_cmake_args': None, 'build_base': '/home/zanef/ros2_ws/build/yahboom_rosmaster', 'catkin_cmake_args': None, 'catkin_skip_building_tests': False, 'cmake_args': None, 'cmake_clean_cache': False, 'cmake_clean_first': False, 'cmake_force_configure': False, 'cmake_target': None, 'cmake_target_skip_unavailable': False, 'install_base': '/home/zanef/ros2_ws/install/yahboom_rosmaster', 'merge_install': False, 'path': '/home/zanef/ros2_ws/src/yahboom_rosmaster/yahboom_rosmaster', 'symlink_install': True, 'test_result_base': None}
[0.220s] INFO:colcon.colcon_core.executor:Executing jobs using 'parallel' executor
[0.221s] DEBUG:colcon.colcon_parallel_executor.executor.parallel:run_until_complete
[0.221s] INFO:colcon.colcon_ros.task.ament_cmake.build:Building ROS package in '/home/zanef/ros2_ws/src/yahboom_rosmaster/yahboom_rosmaster_msgs' with build type 'ament_cmake'
[0.222s] INFO:colcon.colcon_cmake.task.cmake.build:Building CMake package in '/home/zanef/ros2_ws/src/yahboom_rosmaster/yahboom_rosmaster_msgs'
[0.223s] INFO:colcon.colcon_core.plugin_system:Skipping extension 'colcon_core.shell.bat': Not used on non-Windows systems
[0.223s] INFO:colcon.colcon_core.shell:Skip shell extension 'powershell' for command environment: Not usable outside of PowerShell
[0.223s] DEBUG:colcon.colcon_core.shell:Skip shell extension 'dsv' for command environment
[0.225s] INFO:colcon.colcon_ros.task.ament_cmake.build:Building ROS package in '/home/zanef/ros2_ws/src/yahboom_rosmaster/yahboom_rosmaster_bringup' with build type 'ament_cmake'
[0.225s] INFO:colcon.colcon_cmake.task.cmake.build:Building CMake package in '/home/zanef/ros2_ws/src/yahboom_rosmaster/yahboom_rosmaster_bringup'
[0.225s] INFO:colcon.colcon_core.shell:Skip shell extension 'powershell' for command environment: Not usable outside of PowerShell
[0.225s] DEBUG:colcon.colcon_core.shell:Skip shell extension 'dsv' for command environment
[0.227s] INFO:colcon.colcon_ros.task.ament_cmake.build:Building ROS package in '/home/zanef/ros2_ws/src/yahboom_rosmaster/yahboom_rosmaster_description' with build type 'ament_cmake'
[0.227s] INFO:colcon.colcon_cmake.task.cmake.build:Building CMake package in '/home/zanef/ros2_ws/src/yahboom_rosmaster/yahboom_rosmaster_description'
[0.227s] INFO:colcon.colcon_core.shell:Skip shell extension 'powershell' for command environment: Not usable outside of PowerShell
[0.227s] DEBUG:colcon.colcon_core.shell:Skip shell extension 'dsv' for command environment
[0.229s] INFO:colcon.colcon_ros.task.ament_cmake.build:Building ROS package in '/home/zanef/ros2_ws/src/yahboom_rosmaster/yahboom_rosmaster_docking' with build type 'ament_cmake'
[0.229s] INFO:colcon.colcon_cmake.task.cmake.build:Building CMake package in '/home/zanef/ros2_ws/src/yahboom_rosmaster/yahboom_rosmaster_docking'
[0.229s] INFO:colcon.colcon_core.shell:Skip shell extension 'powershell' for command environment: Not usable outside of PowerShell
[0.229s] DEBUG:colcon.colcon_core.shell:Skip shell extension 'dsv' for command environment
[0.231s] INFO:colcon.colcon_ros.task.ament_cmake.build:Building ROS package in '/home/zanef/ros2_ws/src/yahboom_rosmaster/yahboom_rosmaster_gazebo' with build type 'ament_cmake'
[0.231s] INFO:colcon.colcon_cmake.task.cmake.build:Building CMake package in '/home/zanef/ros2_ws/src/yahboom_rosmaster/yahboom_rosmaster_gazebo'
[0.231s] INFO:colcon.colcon_core.shell:Skip shell extension 'powershell' for command environment: Not usable outside of PowerShell
[0.231s] DEBUG:colcon.colcon_core.shell:Skip shell extension 'dsv' for command environment
[0.233s] INFO:colcon.colcon_ros.task.ament_cmake.build:Building ROS package in '/home/zanef/ros2_ws/src/yahboom_rosmaster/yahboom_rosmaster_localization' with build type 'ament_cmake'
[0.233s] INFO:colcon.colcon_cmake.task.cmake.build:Building CMake package in '/home/zanef/ros2_ws/src/yahboom_rosmaster/yahboom_rosmaster_localization'
[0.233s] INFO:colcon.colcon_core.shell:Skip shell extension 'powershell' for command environment: Not usable outside of PowerShell
[0.233s] DEBUG:colcon.colcon_core.shell:Skip shell extension 'dsv' for command environment
[0.235s] INFO:colcon.colcon_ros.task.ament_cmake.build:Building ROS package in '/home/zanef/ros2_ws/src/yahboom_rosmaster/yahboom_rosmaster_navigation' with build type 'ament_cmake'
[0.235s] INFO:colcon.colcon_cmake.task.cmake.build:Building CMake package in '/home/zanef/ros2_ws/src/yahboom_rosmaster/yahboom_rosmaster_navigation'
[0.235s] INFO:colcon.colcon_core.shell:Skip shell extension 'powershell' for command environment: Not usable outside of PowerShell
[0.235s] DEBUG:colcon.colcon_core.shell:Skip shell extension 'dsv' for command environment
[0.237s] INFO:colcon.colcon_ros.task.ament_cmake.build:Building ROS package in '/home/zanef/ros2_ws/src/yahboom_rosmaster/mecanum_drive_controller' with build type 'ament_cmake'
[0.237s] INFO:colcon.colcon_cmake.task.cmake.build:Building CMake package in '/home/zanef/ros2_ws/src/yahboom_rosmaster/mecanum_drive_controller'
[0.237s] INFO:colcon.colcon_core.shell:Skip shell extension 'powershell' for command environment: Not usable outside of PowerShell
[0.237s] DEBUG:colcon.colcon_core.shell:Skip shell extension 'dsv' for command environment
[0.242s] DEBUG:colcon.colcon_core.event_handler.log_command:Invoking command in '/home/zanef/ros2_ws/build/yahboom_rosmaster_msgs': CMAKE_PREFIX_PATH=${CMAKE_PREFIX_PATH}:/opt/ros/jazzy /usr/bin/cmake --build /home/zanef/ros2_ws/build/yahboom_rosmaster_msgs -- -j16 -l16
[0.245s] DEBUG:colcon.colcon_core.event_handler.log_command:Invoking command in '/home/zanef/ros2_ws/build/yahboom_rosmaster_bringup': CMAKE_PREFIX_PATH=${CMAKE_PREFIX_PATH}:/opt/ros/jazzy /usr/bin/cmake --build /home/zanef/ros2_ws/build/yahboom_rosmaster_bringup -- -j16 -l16
[0.247s] DEBUG:colcon.colcon_core.event_handler.log_command:Invoking command in '/home/zanef/ros2_ws/build/yahboom_rosmaster_description': CMAKE_PREFIX_PATH=${CMAKE_PREFIX_PATH}:/opt/ros/jazzy /usr/bin/cmake --build /home/zanef/ros2_ws/build/yahboom_rosmaster_description -- -j16 -l16
[0.249s] DEBUG:colcon.colcon_core.event_handler.log_command:Invoking command in '/home/zanef/ros2_ws/build/yahboom_rosmaster_docking': CMAKE_PREFIX_PATH=${CMAKE_PREFIX_PATH}:/opt/ros/jazzy /usr/bin/cmake --build /home/zanef/ros2_ws/build/yahboom_rosmaster_docking -- -j16 -l16
[0.250s] DEBUG:colcon.colcon_core.event_handler.log_command:Invoking command in '/home/zanef/ros2_ws/build/yahboom_rosmaster_gazebo': CMAKE_PREFIX_PATH=${CMAKE_PREFIX_PATH}:/opt/ros/jazzy /usr/bin/cmake --build /home/zanef/ros2_ws/build/yahboom_rosmaster_gazebo -- -j16 -l16
[0.252s] DEBUG:colcon.colcon_core.event_handler.log_command:Invoking command in '/home/zanef/ros2_ws/build/yahboom_rosmaster_localization': CMAKE_PREFIX_PATH=${CMAKE_PREFIX_PATH}:/opt/ros/jazzy /usr/bin/cmake --build /home/zanef/ros2_ws/build/yahboom_rosmaster_localization -- -j16 -l16
[0.256s] DEBUG:colcon.colcon_core.event_handler.log_command:Invoking command in '/home/zanef/ros2_ws/build/yahboom_rosmaster_navigation': CMAKE_PREFIX_PATH=${CMAKE_PREFIX_PATH}:/opt/ros/jazzy /usr/bin/cmake --build /home/zanef/ros2_ws/build/yahboom_rosmaster_navigation -- -j16 -l16
[0.282s] DEBUG:colcon.colcon_core.event_handler.log_command:Invoking command in '/home/zanef/ros2_ws/build/mecanum_drive_controller': CMAKE_PREFIX_PATH=${CMAKE_PREFIX_PATH}:/opt/ros/jazzy /usr/bin/cmake --build /home/zanef/ros2_ws/build/mecanum_drive_controller -- -j16 -l16
[0.285s] DEBUG:colcon.colcon_core.event_handler.log_command:Invoked command in '/home/zanef/ros2_ws/build/yahboom_rosmaster_bringup' returned '0': CMAKE_PREFIX_PATH=${CMAKE_PREFIX_PATH}:/opt/ros/jazzy /usr/bin/cmake --build /home/zanef/ros2_ws/build/yahboom_rosmaster_bringup -- -j16 -l16
[0.291s] DEBUG:colcon.colcon_core.event_handler.log_command:Invoking command in '/home/zanef/ros2_ws/build/yahboom_rosmaster_bringup': CMAKE_PREFIX_PATH=${CMAKE_PREFIX_PATH}:/opt/ros/jazzy /usr/bin/cmake --install /home/zanef/ros2_ws/build/yahboom_rosmaster_bringup
[0.292s] DEBUG:colcon.colcon_core.event_handler.log_command:Invoked command in '/home/zanef/ros2_ws/build/yahboom_rosmaster_description' returned '0': CMAKE_PREFIX_PATH=${CMAKE_PREFIX_PATH}:/opt/ros/jazzy /usr/bin/cmake --build /home/zanef/ros2_ws/build/yahboom_rosmaster_description -- -j16 -l16
[0.293s] DEBUG:colcon.colcon_core.event_handler.log_command:Invoking command in '/home/zanef/ros2_ws/build/yahboom_rosmaster_description': CMAKE_PREFIX_PATH=${CMAKE_PREFIX_PATH}:/opt/ros/jazzy /usr/bin/cmake --install /home/zanef/ros2_ws/build/yahboom_rosmaster_description
[0.294s] DEBUG:colcon.colcon_core.event_handler.log_command:Invoked command in '/home/zanef/ros2_ws/build/yahboom_rosmaster_gazebo' returned '0': CMAKE_PREFIX_PATH=${CMAKE_PREFIX_PATH}:/opt/ros/jazzy /usr/bin/cmake --build /home/zanef/ros2_ws/build/yahboom_rosmaster_gazebo -- -j16 -l16
[0.295s] DEBUG:colcon.colcon_core.event_handler.log_command:Invoking command in '/home/zanef/ros2_ws/build/yahboom_rosmaster_gazebo': CMAKE_PREFIX_PATH=${CMAKE_PREFIX_PATH}:/opt/ros/jazzy /usr/bin/cmake --install /home/zanef/ros2_ws/build/yahboom_rosmaster_gazebo
[0.297s] DEBUG:colcon.colcon_core.event_handler.log_command:Invoked command in '/home/zanef/ros2_ws/build/yahboom_rosmaster_localization' returned '0': CMAKE_PREFIX_PATH=${CMAKE_PREFIX_PATH}:/opt/ros/jazzy /usr/bin/cmake --build /home/zanef/ros2_ws/build/yahboom_rosmaster_localization -- -j16 -l16
[0.297s] DEBUG:colcon.colcon_core.event_handler.log_command:Invoking command in '/home/zanef/ros2_ws/build/yahboom_rosmaster_localization': CMAKE_PREFIX_PATH=${CMAKE_PREFIX_PATH}:/opt/ros/jazzy /usr/bin/cmake --install /home/zanef/ros2_ws/build/yahboom_rosmaster_localization
[0.303s] DEBUG:colcon.colcon_core.event_handler.log_command:Invoked command in '/home/zanef/ros2_ws/build/yahboom_rosmaster_docking' returned '0': CMAKE_PREFIX_PATH=${CMAKE_PREFIX_PATH}:/opt/ros/jazzy /usr/bin/cmake --build /home/zanef/ros2_ws/build/yahboom_rosmaster_docking -- -j16 -l16
[0.304s] DEBUG:colcon.colcon_core.event_handler.log_command:Invoking command in '/home/zanef/ros2_ws/build/yahboom_rosmaster_docking': CMAKE_PREFIX_PATH=${CMAKE_PREFIX_PATH}:/opt/ros/jazzy /usr/bin/cmake --install /home/zanef/ros2_ws/build/yahboom_rosmaster_docking
[0.314s] Level 1:colcon.colcon_core.environment:create_environment_scripts_only(yahboom_rosmaster_bringup)
[0.315s] DEBUG:colcon.colcon_core.event_handler.log_command:Invoked command in '/home/zanef/ros2_ws/build/yahboom_rosmaster_bringup' returned '0': CMAKE_PREFIX_PATH=${CMAKE_PREFIX_PATH}:/opt/ros/jazzy /usr/bin/cmake --install /home/zanef/ros2_ws/build/yahboom_rosmaster_bringup
[0.316s] Level 1:colcon.colcon_core.environment:checking '/home/zanef/ros2_ws/install/yahboom_rosmaster_bringup' for CMake module files
[0.317s] Level 1:colcon.colcon_core.environment:checking '/home/zanef/ros2_ws/install/yahboom_rosmaster_bringup' for CMake config files
[0.318s] Level 1:colcon.colcon_core.shell:create_environment_hook('yahboom_rosmaster_bringup', 'cmake_prefix_path')
[0.318s] INFO:colcon.colcon_core.shell:Creating environment hook '/home/zanef/ros2_ws/install/yahboom_rosmaster_bringup/share/yahboom_rosmaster_bringup/hook/cmake_prefix_path.ps1'
[0.318s] INFO:colcon.colcon_core.shell:Creating environment descriptor '/home/zanef/ros2_ws/install/yahboom_rosmaster_bringup/share/yahboom_rosmaster_bringup/hook/cmake_prefix_path.dsv'
[0.319s] INFO:colcon.colcon_core.shell:Creating environment hook '/home/zanef/ros2_ws/install/yahboom_rosmaster_bringup/share/yahboom_rosmaster_bringup/hook/cmake_prefix_path.sh'
[0.319s] Level 1:colcon.colcon_core.environment:checking '/home/zanef/ros2_ws/install/yahboom_rosmaster_bringup/bin'
[0.319s] Level 1:colcon.colcon_core.environment:checking '/home/zanef/ros2_ws/install/yahboom_rosmaster_bringup/lib/pkgconfig/yahboom_rosmaster_bringup.pc'
[0.320s] Level 1:colcon.colcon_core.environment:checking '/home/zanef/ros2_ws/install/yahboom_rosmaster_bringup/lib/python3.12/site-packages'
[0.320s] Level 1:colcon.colcon_core.environment:checking '/home/zanef/ros2_ws/install/yahboom_rosmaster_bringup/bin'
[0.320s] INFO:colcon.colcon_core.shell:Creating package script '/home/zanef/ros2_ws/install/yahboom_rosmaster_bringup/share/yahboom_rosmaster_bringup/package.ps1'
[0.321s] INFO:colcon.colcon_core.shell:Creating package descriptor '/home/zanef/ros2_ws/install/yahboom_rosmaster_bringup/share/yahboom_rosmaster_bringup/package.dsv'
[0.322s] INFO:colcon.colcon_core.shell:Creating package script '/home/zanef/ros2_ws/install/yahboom_rosmaster_bringup/share/yahboom_rosmaster_bringup/package.sh'
[0.322s] INFO:colcon.colcon_core.shell:Creating package script '/home/zanef/ros2_ws/install/yahboom_rosmaster_bringup/share/yahboom_rosmaster_bringup/package.bash'
[0.322s] INFO:colcon.colcon_core.shell:Creating package script '/home/zanef/ros2_ws/install/yahboom_rosmaster_bringup/share/yahboom_rosmaster_bringup/package.zsh'
[0.324s] Level 1:colcon.colcon_core.environment:create_file_with_runtime_dependencies(/home/zanef/ros2_ws/install/yahboom_rosmaster_bringup/share/colcon-core/packages/yahboom_rosmaster_bringup)
[0.325s] Level 1:colcon.colcon_core.environment:create_environment_scripts_only(yahboom_rosmaster_bringup)
[0.325s] Level 1:colcon.colcon_core.environment:checking '/home/zanef/ros2_ws/install/yahboom_rosmaster_bringup' for CMake module files
[0.326s] Level 1:colcon.colcon_core.environment:checking '/home/zanef/ros2_ws/install/yahboom_rosmaster_bringup' for CMake config files
[0.326s] Level 1:colcon.colcon_core.shell:create_environment_hook('yahboom_rosmaster_bringup', 'cmake_prefix_path')
[0.326s] INFO:colcon.colcon_core.shell:Creating environment hook '/home/zanef/ros2_ws/install/yahboom_rosmaster_bringup/share/yahboom_rosmaster_bringup/hook/cmake_prefix_path.ps1'
[0.327s] INFO:colcon.colcon_core.shell:Creating environment descriptor '/home/zanef/ros2_ws/install/yahboom_rosmaster_bringup/share/yahboom_rosmaster_bringup/hook/cmake_prefix_path.dsv'
[0.327s] INFO:colcon.colcon_core.shell:Creating environment hook '/home/zanef/ros2_ws/install/yahboom_rosmaster_bringup/share/yahboom_rosmaster_bringup/hook/cmake_prefix_path.sh'
[0.327s] Level 1:colcon.colcon_core.environment:checking '/home/zanef/ros2_ws/install/yahboom_rosmaster_bringup/bin'
[0.328s] Level 1:colcon.colcon_core.environment:checking '/home/zanef/ros2_ws/install/yahboom_rosmaster_bringup/lib/pkgconfig/yahboom_rosmaster_bringup.pc'
[0.328s] Level 1:colcon.colcon_core.environment:checking '/home/zanef/ros2_ws/install/yahboom_rosmaster_bringup/lib/python3.12/site-packages'
[0.328s] Level 1:colcon.colcon_core.environment:checking '/home/zanef/ros2_ws/install/yahboom_rosmaster_bringup/bin'
[0.328s] INFO:colcon.colcon_core.shell:Creating package script '/home/zanef/ros2_ws/install/yahboom_rosmaster_bringup/share/yahboom_rosmaster_bringup/package.ps1'
[0.329s] INFO:colcon.colcon_core.shell:Creating package descriptor '/home/zanef/ros2_ws/install/yahboom_rosmaster_bringup/share/yahboom_rosmaster_bringup/package.dsv'
[0.329s] INFO:colcon.colcon_core.shell:Creating package script '/home/zanef/ros2_ws/install/yahboom_rosmaster_bringup/share/yahboom_rosmaster_bringup/package.sh'
[0.330s] INFO:colcon.colcon_core.shell:Creating package script '/home/zanef/ros2_ws/install/yahboom_rosmaster_bringup/share/yahboom_rosmaster_bringup/package.bash'
[0.330s] INFO:colcon.colcon_core.shell:Creating package script '/home/zanef/ros2_ws/install/yahboom_rosmaster_bringup/share/yahboom_rosmaster_bringup/package.zsh'
[0.330s] Level 1:colcon.colcon_core.environment:create_file_with_runtime_dependencies(/home/zanef/ros2_ws/install/yahboom_rosmaster_bringup/share/colcon-core/packages/yahboom_rosmaster_bringup)
[0.330s] Level 1:colcon.colcon_core.environment:create_environment_scripts_only(yahboom_rosmaster_description)
[0.332s] Level 1:colcon.colcon_core.environment:checking '/home/zanef/ros2_ws/install/yahboom_rosmaster_description' for CMake module files
[0.331s] DEBUG:colcon.colcon_core.event_handler.log_command:Invoked command in '/home/zanef/ros2_ws/build/yahboom_rosmaster_description' returned '0': CMAKE_PREFIX_PATH=${CMAKE_PREFIX_PATH}:/opt/ros/jazzy /usr/bin/cmake --install /home/zanef/ros2_ws/build/yahboom_rosmaster_description
[0.333s] Level 1:colcon.colcon_core.environment:checking '/home/zanef/ros2_ws/install/yahboom_rosmaster_description' for CMake config files
[0.333s] Level 1:colcon.colcon_core.shell:create_environment_hook('yahboom_rosmaster_description', 'cmake_prefix_path')
[0.333s] INFO:colcon.colcon_core.shell:Creating environment hook '/home/zanef/ros2_ws/install/yahboom_rosmaster_description/share/yahboom_rosmaster_description/hook/cmake_prefix_path.ps1'
[0.334s] INFO:colcon.colcon_core.shell:Creating environment descriptor '/home/zanef/ros2_ws/install/yahboom_rosmaster_description/share/yahboom_rosmaster_description/hook/cmake_prefix_path.dsv'
[0.334s] INFO:colcon.colcon_core.shell:Creating environment hook '/home/zanef/ros2_ws/install/yahboom_rosmaster_description/share/yahboom_rosmaster_description/hook/cmake_prefix_path.sh'
[0.335s] Level 1:colcon.colcon_core.environment:checking '/home/zanef/ros2_ws/install/yahboom_rosmaster_description/bin'
[0.335s] Level 1:colcon.colcon_core.environment:checking '/home/zanef/ros2_ws/install/yahboom_rosmaster_description/lib/pkgconfig/yahboom_rosmaster_description.pc'
[0.335s] Level 1:colcon.colcon_core.environment:checking '/home/zanef/ros2_ws/install/yahboom_rosmaster_description/lib/python3.12/site-packages'
[0.335s] Level 1:colcon.colcon_core.environment:checking '/home/zanef/ros2_ws/install/yahboom_rosmaster_description/bin'
[0.335s] INFO:colcon.colcon_core.shell:Creating package script '/home/zanef/ros2_ws/install/yahboom_rosmaster_description/share/yahboom_rosmaster_description/package.ps1'
[0.336s] INFO:colcon.colcon_core.shell:Creating package descriptor '/home/zanef/ros2_ws/install/yahboom_rosmaster_description/share/yahboom_rosmaster_description/package.dsv'
[0.336s] INFO:colcon.colcon_core.shell:Creating package script '/home/zanef/ros2_ws/install/yahboom_rosmaster_description/share/yahboom_rosmaster_description/package.sh'
[0.336s] INFO:colcon.colcon_core.shell:Creating package script '/home/zanef/ros2_ws/install/yahboom_rosmaster_description/share/yahboom_rosmaster_description/package.bash'
[0.336s] INFO:colcon.colcon_core.shell:Creating package script '/home/zanef/ros2_ws/install/yahboom_rosmaster_description/share/yahboom_rosmaster_description/package.zsh'
[0.337s] Level 1:colcon.colcon_core.environment:create_file_with_runtime_dependencies(/home/zanef/ros2_ws/install/yahboom_rosmaster_description/share/colcon-core/packages/yahboom_rosmaster_description)
[0.337s] Level 1:colcon.colcon_core.environment:create_environment_scripts_only(yahboom_rosmaster_description)
[0.337s] Level 1:colcon.colcon_core.environment:checking '/home/zanef/ros2_ws/install/yahboom_rosmaster_description' for CMake module files
[0.337s] Level 1:colcon.colcon_core.environment:checking '/home/zanef/ros2_ws/install/yahboom_rosmaster_description' for CMake config files
[0.337s] Level 1:colcon.colcon_core.shell:create_environment_hook('yahboom_rosmaster_description', 'cmake_prefix_path')
[0.338s] INFO:colcon.colcon_core.shell:Creating environment hook '/home/zanef/ros2_ws/install/yahboom_rosmaster_description/share/yahboom_rosmaster_description/hook/cmake_prefix_path.ps1'
[0.338s] INFO:colcon.colcon_core.shell:Creating environment descriptor '/home/zanef/ros2_ws/install/yahboom_rosmaster_description/share/yahboom_rosmaster_description/hook/cmake_prefix_path.dsv'
[0.338s] INFO:colcon.colcon_core.shell:Creating environment hook '/home/zanef/ros2_ws/install/yahboom_rosmaster_description/share/yahboom_rosmaster_description/hook/cmake_prefix_path.sh'
[0.339s] Level 1:colcon.colcon_core.environment:checking '/home/zanef/ros2_ws/install/yahboom_rosmaster_description/bin'
[0.339s] Level 1:colcon.colcon_core.environment:checking '/home/zanef/ros2_ws/install/yahboom_rosmaster_description/lib/pkgconfig/yahboom_rosmaster_description.pc'
[0.339s] Level 1:colcon.colcon_core.environment:checking '/home/zanef/ros2_ws/install/yahboom_rosmaster_description/lib/python3.12/site-packages'
[0.340s] Level 1:colcon.colcon_core.environment:checking '/home/zanef/ros2_ws/install/yahboom_rosmaster_description/bin'
[0.340s] INFO:colcon.colcon_core.shell:Creating package script '/home/zanef/ros2_ws/install/yahboom_rosmaster_description/share/yahboom_rosmaster_description/package.ps1'
[0.340s] INFO:colcon.colcon_core.shell:Creating package descriptor '/home/zanef/ros2_ws/install/yahboom_rosmaster_description/share/yahboom_rosmaster_description/package.dsv'
[0.340s] INFO:colcon.colcon_core.shell:Creating package script '/home/zanef/ros2_ws/install/yahboom_rosmaster_description/share/yahboom_rosmaster_description/package.sh'
[0.341s] INFO:colcon.colcon_core.shell:Creating package script '/home/zanef/ros2_ws/install/yahboom_rosmaster_description/share/yahboom_rosmaster_description/package.bash'
[0.341s] INFO:colcon.colcon_core.shell:Creating package script '/home/zanef/ros2_ws/install/yahboom_rosmaster_description/share/yahboom_rosmaster_description/package.zsh'
[0.342s] Level 1:colcon.colcon_core.environment:create_file_with_runtime_dependencies(/home/zanef/ros2_ws/install/yahboom_rosmaster_description/share/colcon-core/packages/yahboom_rosmaster_description)
[0.342s] Level 1:colcon.colcon_core.environment:create_environment_scripts_only(yahboom_rosmaster_localization)
[0.343s] Level 1:colcon.colcon_core.environment:checking '/home/zanef/ros2_ws/install/yahboom_rosmaster_localization' for CMake module files
[0.343s] DEBUG:colcon.colcon_core.event_handler.log_command:Invoked command in '/home/zanef/ros2_ws/build/yahboom_rosmaster_localization' returned '0': CMAKE_PREFIX_PATH=${CMAKE_PREFIX_PATH}:/opt/ros/jazzy /usr/bin/cmake --install /home/zanef/ros2_ws/build/yahboom_rosmaster_localization
[0.344s] Level 1:colcon.colcon_core.environment:checking '/home/zanef/ros2_ws/install/yahboom_rosmaster_localization' for CMake config files
[0.344s] Level 1:colcon.colcon_core.shell:create_environment_hook('yahboom_rosmaster_localization', 'cmake_prefix_path')
[0.344s] INFO:colcon.colcon_core.shell:Creating environment hook '/home/zanef/ros2_ws/install/yahboom_rosmaster_localization/share/yahboom_rosmaster_localization/hook/cmake_prefix_path.ps1'
[0.344s] INFO:colcon.colcon_core.shell:Creating environment descriptor '/home/zanef/ros2_ws/install/yahboom_rosmaster_localization/share/yahboom_rosmaster_localization/hook/cmake_prefix_path.dsv'
[0.345s] INFO:colcon.colcon_core.shell:Creating environment hook '/home/zanef/ros2_ws/install/yahboom_rosmaster_localization/share/yahboom_rosmaster_localization/hook/cmake_prefix_path.sh'
[0.346s] Level 1:colcon.colcon_core.environment:checking '/home/zanef/ros2_ws/install/yahboom_rosmaster_localization/bin'
[0.346s] Level 1:colcon.colcon_core.environment:checking '/home/zanef/ros2_ws/install/yahboom_rosmaster_localization/lib/pkgconfig/yahboom_rosmaster_localization.pc'
[0.346s] Level 1:colcon.colcon_core.environment:checking '/home/zanef/ros2_ws/install/yahboom_rosmaster_localization/lib/python3.12/site-packages'
[0.346s] Level 1:colcon.colcon_core.environment:checking '/home/zanef/ros2_ws/install/yahboom_rosmaster_localization/bin'
[0.347s] INFO:colcon.colcon_core.shell:Creating package script '/home/zanef/ros2_ws/install/yahboom_rosmaster_localization/share/yahboom_rosmaster_localization/package.ps1'
[0.347s] INFO:colcon.colcon_core.shell:Creating package descriptor '/home/zanef/ros2_ws/install/yahboom_rosmaster_localization/share/yahboom_rosmaster_localization/package.dsv'
[0.347s] INFO:colcon.colcon_core.shell:Creating package script '/home/zanef/ros2_ws/install/yahboom_rosmaster_localization/share/yahboom_rosmaster_localization/package.sh'
[0.348s] INFO:colcon.colcon_core.shell:Creating package script '/home/zanef/ros2_ws/install/yahboom_rosmaster_localization/share/yahboom_rosmaster_localization/package.bash'
[0.348s] INFO:colcon.colcon_core.shell:Creating package script '/home/zanef/ros2_ws/install/yahboom_rosmaster_localization/share/yahboom_rosmaster_localization/package.zsh'
[0.348s] Level 1:colcon.colcon_core.environment:create_file_with_runtime_dependencies(/home/zanef/ros2_ws/install/yahboom_rosmaster_localization/share/colcon-core/packages/yahboom_rosmaster_localization)
[0.349s] Level 1:colcon.colcon_core.environment:create_environment_scripts_only(yahboom_rosmaster_localization)
[0.349s] Level 1:colcon.colcon_core.environment:checking '/home/zanef/ros2_ws/install/yahboom_rosmaster_localization' for CMake module files
[0.349s] Level 1:colcon.colcon_core.environment:checking '/home/zanef/ros2_ws/install/yahboom_rosmaster_localization' for CMake config files
[0.349s] Level 1:colcon.colcon_core.shell:create_environment_hook('yahboom_rosmaster_localization', 'cmake_prefix_path')
[0.349s] INFO:colcon.colcon_core.shell:Creating environment hook '/home/zanef/ros2_ws/install/yahboom_rosmaster_localization/share/yahboom_rosmaster_localization/hook/cmake_prefix_path.ps1'
[0.350s] INFO:colcon.colcon_core.shell:Creating environment descriptor '/home/zanef/ros2_ws/install/yahboom_rosmaster_localization/share/yahboom_rosmaster_localization/hook/cmake_prefix_path.dsv'
[0.350s] INFO:colcon.colcon_core.shell:Creating environment hook '/home/zanef/ros2_ws/install/yahboom_rosmaster_localization/share/yahboom_rosmaster_localization/hook/cmake_prefix_path.sh'
[0.351s] Level 1:colcon.colcon_core.environment:checking '/home/zanef/ros2_ws/install/yahboom_rosmaster_localization/bin'
[0.351s] Level 1:colcon.colcon_core.environment:checking '/home/zanef/ros2_ws/install/yahboom_rosmaster_localization/lib/pkgconfig/yahboom_rosmaster_localization.pc'
[0.351s] Level 1:colcon.colcon_core.environment:checking '/home/zanef/ros2_ws/install/yahboom_rosmaster_localization/lib/python3.12/site-packages'
[0.351s] Level 1:colcon.colcon_core.environment:checking '/home/zanef/ros2_ws/install/yahboom_rosmaster_localization/bin'
[0.351s] INFO:colcon.colcon_core.shell:Creating package script '/home/zanef/ros2_ws/install/yahboom_rosmaster_localization/share/yahboom_rosmaster_localization/package.ps1'
[0.352s] INFO:colcon.colcon_core.shell:Creating package descriptor '/home/zanef/ros2_ws/install/yahboom_rosmaster_localization/share/yahboom_rosmaster_localization/package.dsv'
[0.352s] INFO:colcon.colcon_core.shell:Creating package script '/home/zanef/ros2_ws/install/yahboom_rosmaster_localization/share/yahboom_rosmaster_localization/package.sh'
[0.352s] INFO:colcon.colcon_core.shell:Creating package script '/home/zanef/ros2_ws/install/yahboom_rosmaster_localization/share/yahboom_rosmaster_localization/package.bash'
[0.353s] INFO:colcon.colcon_core.shell:Creating package script '/home/zanef/ros2_ws/install/yahboom_rosmaster_localization/share/yahboom_rosmaster_localization/package.zsh'
[0.354s] Level 1:colcon.colcon_core.environment:create_file_with_runtime_dependencies(/home/zanef/ros2_ws/install/yahboom_rosmaster_localization/share/colcon-core/packages/yahboom_rosmaster_localization)
[0.424s] Level 1:colcon.colcon_core.environment:create_environment_scripts_only(yahboom_rosmaster_docking)
[0.425s] Level 1:colcon.colcon_core.environment:checking '/home/zanef/ros2_ws/install/yahboom_rosmaster_docking' for CMake module files
[0.425s] DEBUG:colcon.colcon_core.event_handler.log_command:Invoked command in '/home/zanef/ros2_ws/build/yahboom_rosmaster_docking' returned '0': CMAKE_PREFIX_PATH=${CMAKE_PREFIX_PATH}:/opt/ros/jazzy /usr/bin/cmake --install /home/zanef/ros2_ws/build/yahboom_rosmaster_docking
[0.426s] Level 1:colcon.colcon_core.environment:checking '/home/zanef/ros2_ws/install/yahboom_rosmaster_docking' for CMake config files
[0.426s] Level 1:colcon.colcon_core.shell:create_environment_hook('yahboom_rosmaster_docking', 'cmake_prefix_path')
[0.426s] INFO:colcon.colcon_core.shell:Creating environment hook '/home/zanef/ros2_ws/install/yahboom_rosmaster_docking/share/yahboom_rosmaster_docking/hook/cmake_prefix_path.ps1'
[0.427s] INFO:colcon.colcon_core.shell:Creating environment descriptor '/home/zanef/ros2_ws/install/yahboom_rosmaster_docking/share/yahboom_rosmaster_docking/hook/cmake_prefix_path.dsv'
[0.427s] INFO:colcon.colcon_core.shell:Creating environment hook '/home/zanef/ros2_ws/install/yahboom_rosmaster_docking/share/yahboom_rosmaster_docking/hook/cmake_prefix_path.sh'
[0.428s] Level 1:colcon.colcon_core.environment:checking '/home/zanef/ros2_ws/install/yahboom_rosmaster_docking/lib'
[0.428s] Level 1:colcon.colcon_core.environment:checking '/home/zanef/ros2_ws/install/yahboom_rosmaster_docking/bin'
[0.428s] Level 1:colcon.colcon_core.environment:checking '/home/zanef/ros2_ws/install/yahboom_rosmaster_docking/lib/pkgconfig/yahboom_rosmaster_docking.pc'
[0.428s] Level 1:colcon.colcon_core.environment:checking '/home/zanef/ros2_ws/install/yahboom_rosmaster_docking/lib/python3.12/site-packages'
[0.428s] Level 1:colcon.colcon_core.environment:checking '/home/zanef/ros2_ws/install/yahboom_rosmaster_docking/bin'
[0.429s] INFO:colcon.colcon_core.shell:Creating package script '/home/zanef/ros2_ws/install/yahboom_rosmaster_docking/share/yahboom_rosmaster_docking/package.ps1'
[0.429s] INFO:colcon.colcon_core.shell:Creating package descriptor '/home/zanef/ros2_ws/install/yahboom_rosmaster_docking/share/yahboom_rosmaster_docking/package.dsv'
[0.429s] INFO:colcon.colcon_core.shell:Creating package script '/home/zanef/ros2_ws/install/yahboom_rosmaster_docking/share/yahboom_rosmaster_docking/package.sh'
[0.430s] INFO:colcon.colcon_core.shell:Creating package script '/home/zanef/ros2_ws/install/yahboom_rosmaster_docking/share/yahboom_rosmaster_docking/package.bash'
[0.430s] INFO:colcon.colcon_core.shell:Creating package script '/home/zanef/ros2_ws/install/yahboom_rosmaster_docking/share/yahboom_rosmaster_docking/package.zsh'
[0.430s] Level 1:colcon.colcon_core.environment:create_file_with_runtime_dependencies(/home/zanef/ros2_ws/install/yahboom_rosmaster_docking/share/colcon-core/packages/yahboom_rosmaster_docking)
[0.431s] Level 1:colcon.colcon_core.environment:create_environment_scripts_only(yahboom_rosmaster_docking)
[0.431s] Level 1:colcon.colcon_core.environment:checking '/home/zanef/ros2_ws/install/yahboom_rosmaster_docking' for CMake module files
[0.431s] Level 1:colcon.colcon_core.environment:checking '/home/zanef/ros2_ws/install/yahboom_rosmaster_docking' for CMake config files
[0.431s] Level 1:colcon.colcon_core.shell:create_environment_hook('yahboom_rosmaster_docking', 'cmake_prefix_path')
[0.432s] INFO:colcon.colcon_core.shell:Creating environment hook '/home/zanef/ros2_ws/install/yahboom_rosmaster_docking/share/yahboom_rosmaster_docking/hook/cmake_prefix_path.ps1'
[0.432s] INFO:colcon.colcon_core.shell:Creating environment descriptor '/home/zanef/ros2_ws/install/yahboom_rosmaster_docking/share/yahboom_rosmaster_docking/hook/cmake_prefix_path.dsv'
[0.432s] INFO:colcon.colcon_core.shell:Creating environment hook '/home/zanef/ros2_ws/install/yahboom_rosmaster_docking/share/yahboom_rosmaster_docking/hook/cmake_prefix_path.sh'
[0.433s] Level 1:colcon.colcon_core.environment:checking '/home/zanef/ros2_ws/install/yahboom_rosmaster_docking/lib'
[0.433s] Level 1:colcon.colcon_core.environment:checking '/home/zanef/ros2_ws/install/yahboom_rosmaster_docking/bin'
[0.433s] Level 1:colcon.colcon_core.environment:checking '/home/zanef/ros2_ws/install/yahboom_rosmaster_docking/lib/pkgconfig/yahboom_rosmaster_docking.pc'
[0.433s] Level 1:colcon.colcon_core.environment:checking '/home/zanef/ros2_ws/install/yahboom_rosmaster_docking/lib/python3.12/site-packages'
[0.433s] Level 1:colcon.colcon_core.environment:checking '/home/zanef/ros2_ws/install/yahboom_rosmaster_docking/bin'
[0.433s] INFO:colcon.colcon_core.shell:Creating package script '/home/zanef/ros2_ws/install/yahboom_rosmaster_docking/share/yahboom_rosmaster_docking/package.ps1'
[0.434s] INFO:colcon.colcon_core.shell:Creating package descriptor '/home/zanef/ros2_ws/install/yahboom_rosmaster_docking/share/yahboom_rosmaster_docking/package.dsv'
[0.434s] INFO:colcon.colcon_core.shell:Creating package script '/home/zanef/ros2_ws/install/yahboom_rosmaster_docking/share/yahboom_rosmaster_docking/package.sh'
[0.434s] INFO:colcon.colcon_core.shell:Creating package script '/home/zanef/ros2_ws/install/yahboom_rosmaster_docking/share/yahboom_rosmaster_docking/package.bash'
[0.435s] INFO:colcon.colcon_core.shell:Creating package script '/home/zanef/ros2_ws/install/yahboom_rosmaster_docking/share/yahboom_rosmaster_docking/package.zsh'
[0.435s] Level 1:colcon.colcon_core.environment:create_file_with_runtime_dependencies(/home/zanef/ros2_ws/install/yahboom_rosmaster_docking/share/colcon-core/packages/yahboom_rosmaster_docking)
[0.473s] DEBUG:colcon.colcon_core.event_handler.log_command:Invoked command in '/home/zanef/ros2_ws/build/yahboom_rosmaster_msgs' returned '0': CMAKE_PREFIX_PATH=${CMAKE_PREFIX_PATH}:/opt/ros/jazzy /usr/bin/cmake --build /home/zanef/ros2_ws/build/yahboom_rosmaster_msgs -- -j16 -l16
[0.474s] DEBUG:colcon.colcon_core.event_handler.log_command:Invoking command in '/home/zanef/ros2_ws/build/yahboom_rosmaster_msgs': CMAKE_PREFIX_PATH=${CMAKE_PREFIX_PATH}:/opt/ros/jazzy /usr/bin/cmake --install /home/zanef/ros2_ws/build/yahboom_rosmaster_msgs
[0.913s] Level 1:colcon.colcon_core.environment:create_environment_scripts_only(yahboom_rosmaster_msgs)
[0.913s] Level 1:colcon.colcon_core.environment:checking '/home/zanef/ros2_ws/install/yahboom_rosmaster_msgs' for CMake module files
[0.914s] DEBUG:colcon.colcon_core.event_handler.log_command:Invoked command in '/home/zanef/ros2_ws/build/yahboom_rosmaster_msgs' returned '0': CMAKE_PREFIX_PATH=${CMAKE_PREFIX_PATH}:/opt/ros/jazzy /usr/bin/cmake --install /home/zanef/ros2_ws/build/yahboom_rosmaster_msgs
[0.914s] Level 1:colcon.colcon_core.environment:checking '/home/zanef/ros2_ws/install/yahboom_rosmaster_msgs' for CMake config files
[0.915s] Level 1:colcon.colcon_core.shell:create_environment_hook('yahboom_rosmaster_msgs', 'cmake_prefix_path')
[0.915s] INFO:colcon.colcon_core.shell:Creating environment hook '/home/zanef/ros2_ws/install/yahboom_rosmaster_msgs/share/yahboom_rosmaster_msgs/hook/cmake_prefix_path.ps1'
[0.915s] INFO:colcon.colcon_core.shell:Creating environment descriptor '/home/zanef/ros2_ws/install/yahboom_rosmaster_msgs/share/yahboom_rosmaster_msgs/hook/cmake_prefix_path.dsv'
[0.915s] INFO:colcon.colcon_core.shell:Creating environment hook '/home/zanef/ros2_ws/install/yahboom_rosmaster_msgs/share/yahboom_rosmaster_msgs/hook/cmake_prefix_path.sh'
[0.916s] Level 1:colcon.colcon_core.environment:checking '/home/zanef/ros2_ws/install/yahboom_rosmaster_msgs/lib'
[0.916s] Level 1:colcon.colcon_core.shell:create_environment_hook('yahboom_rosmaster_msgs', 'ld_library_path_lib')
[0.916s] INFO:colcon.colcon_core.shell:Creating environment hook '/home/zanef/ros2_ws/install/yahboom_rosmaster_msgs/share/yahboom_rosmaster_msgs/hook/ld_library_path_lib.ps1'
[0.916s] INFO:colcon.colcon_core.shell:Creating environment descriptor '/home/zanef/ros2_ws/install/yahboom_rosmaster_msgs/share/yahboom_rosmaster_msgs/hook/ld_library_path_lib.dsv'
[0.917s] INFO:colcon.colcon_core.shell:Creating environment hook '/home/zanef/ros2_ws/install/yahboom_rosmaster_msgs/share/yahboom_rosmaster_msgs/hook/ld_library_path_lib.sh'
[0.917s] Level 1:colcon.colcon_core.environment:checking '/home/zanef/ros2_ws/install/yahboom_rosmaster_msgs/bin'
[0.917s] Level 1:colcon.colcon_core.environment:checking '/home/zanef/ros2_ws/install/yahboom_rosmaster_msgs/lib/pkgconfig/yahboom_rosmaster_msgs.pc'
[0.917s] Level 1:colcon.colcon_core.environment:checking '/home/zanef/ros2_ws/install/yahboom_rosmaster_msgs/lib/python3.12/site-packages'
[0.917s] Level 1:colcon.colcon_core.shell:create_environment_hook('yahboom_rosmaster_msgs', 'pythonpath')
[0.917s] INFO:colcon.colcon_core.shell:Creating environment hook '/home/zanef/ros2_ws/install/yahboom_rosmaster_msgs/share/yahboom_rosmaster_msgs/hook/pythonpath.ps1'
[0.918s] INFO:colcon.colcon_core.shell:Creating environment descriptor '/home/zanef/ros2_ws/install/yahboom_rosmaster_msgs/share/yahboom_rosmaster_msgs/hook/pythonpath.dsv'
[0.918s] INFO:colcon.colcon_core.shell:Creating environment hook '/home/zanef/ros2_ws/install/yahboom_rosmaster_msgs/share/yahboom_rosmaster_msgs/hook/pythonpath.sh'
[0.918s] Level 1:colcon.colcon_core.environment:checking '/home/zanef/ros2_ws/install/yahboom_rosmaster_msgs/bin'
[0.918s] INFO:colcon.colcon_core.shell:Creating package script '/home/zanef/ros2_ws/install/yahboom_rosmaster_msgs/share/yahboom_rosmaster_msgs/package.ps1'
[0.919s] INFO:colcon.colcon_core.shell:Creating package descriptor '/home/zanef/ros2_ws/install/yahboom_rosmaster_msgs/share/yahboom_rosmaster_msgs/package.dsv'
[0.919s] INFO:colcon.colcon_core.shell:Creating package script '/home/zanef/ros2_ws/install/yahboom_rosmaster_msgs/share/yahboom_rosmaster_msgs/package.sh'
[0.919s] INFO:colcon.colcon_core.shell:Creating package script '/home/zanef/ros2_ws/install/yahboom_rosmaster_msgs/share/yahboom_rosmaster_msgs/package.bash'
[0.920s] INFO:colcon.colcon_core.shell:Creating package script '/home/zanef/ros2_ws/install/yahboom_rosmaster_msgs/share/yahboom_rosmaster_msgs/package.zsh'
[0.920s] Level 1:colcon.colcon_core.environment:create_file_with_runtime_dependencies(/home/zanef/ros2_ws/install/yahboom_rosmaster_msgs/share/colcon-core/packages/yahboom_rosmaster_msgs)
[0.920s] Level 1:colcon.colcon_core.environment:create_environment_scripts_only(yahboom_rosmaster_msgs)
[0.920s] Level 1:colcon.colcon_core.environment:checking '/home/zanef/ros2_ws/install/yahboom_rosmaster_msgs' for CMake module files
[0.921s] Level 1:colcon.colcon_core.environment:checking '/home/zanef/ros2_ws/install/yahboom_rosmaster_msgs' for CMake config files
[0.921s] Level 1:colcon.colcon_core.shell:create_environment_hook('yahboom_rosmaster_msgs', 'cmake_prefix_path')
[0.922s] INFO:colcon.colcon_core.shell:Creating environment hook '/home/zanef/ros2_ws/install/yahboom_rosmaster_msgs/share/yahboom_rosmaster_msgs/hook/cmake_prefix_path.ps1'
[0.922s] INFO:colcon.colcon_core.shell:Creating environment descriptor '/home/zanef/ros2_ws/install/yahboom_rosmaster_msgs/share/yahboom_rosmaster_msgs/hook/cmake_prefix_path.dsv'
[0.922s] INFO:colcon.colcon_core.shell:Creating environment hook '/home/zanef/ros2_ws/install/yahboom_rosmaster_msgs/share/yahboom_rosmaster_msgs/hook/cmake_prefix_path.sh'
[0.923s] Level 1:colcon.colcon_core.environment:checking '/home/zanef/ros2_ws/install/yahboom_rosmaster_msgs/lib'
[0.923s] Level 1:colcon.colcon_core.shell:create_environment_hook('yahboom_rosmaster_msgs', 'ld_library_path_lib')
[0.923s] INFO:colcon.colcon_core.shell:Creating environment hook '/home/zanef/ros2_ws/install/yahboom_rosmaster_msgs/share/yahboom_rosmaster_msgs/hook/ld_library_path_lib.ps1'
[0.924s] INFO:colcon.colcon_core.shell:Creating environment descriptor '/home/zanef/ros2_ws/install/yahboom_rosmaster_msgs/share/yahboom_rosmaster_msgs/hook/ld_library_path_lib.dsv'
[0.924s] INFO:colcon.colcon_core.shell:Creating environment hook '/home/zanef/ros2_ws/install/yahboom_rosmaster_msgs/share/yahboom_rosmaster_msgs/hook/ld_library_path_lib.sh'
[0.924s] Level 1:colcon.colcon_core.environment:checking '/home/zanef/ros2_ws/install/yahboom_rosmaster_msgs/bin'
[0.924s] Level 1:colcon.colcon_core.environment:checking '/home/zanef/ros2_ws/install/yahboom_rosmaster_msgs/lib/pkgconfig/yahboom_rosmaster_msgs.pc'
[0.924s] Level 1:colcon.colcon_core.environment:checking '/home/zanef/ros2_ws/install/yahboom_rosmaster_msgs/lib/python3.12/site-packages'
[0.924s] Level 1:colcon.colcon_core.shell:create_environment_hook('yahboom_rosmaster_msgs', 'pythonpath')
[0.924s] INFO:colcon.colcon_core.shell:Creating environment hook '/home/zanef/ros2_ws/install/yahboom_rosmaster_msgs/share/yahboom_rosmaster_msgs/hook/pythonpath.ps1'
[0.925s] INFO:colcon.colcon_core.shell:Creating environment descriptor '/home/zanef/ros2_ws/install/yahboom_rosmaster_msgs/share/yahboom_rosmaster_msgs/hook/pythonpath.dsv'
[0.925s] INFO:colcon.colcon_core.shell:Creating environment hook '/home/zanef/ros2_ws/install/yahboom_rosmaster_msgs/share/yahboom_rosmaster_msgs/hook/pythonpath.sh'
[0.925s] Level 1:colcon.colcon_core.environment:checking '/home/zanef/ros2_ws/install/yahboom_rosmaster_msgs/bin'
[0.925s] INFO:colcon.colcon_core.shell:Creating package script '/home/zanef/ros2_ws/install/yahboom_rosmaster_msgs/share/yahboom_rosmaster_msgs/package.ps1'
[0.926s] INFO:colcon.colcon_core.shell:Creating package descriptor '/home/zanef/ros2_ws/install/yahboom_rosmaster_msgs/share/yahboom_rosmaster_msgs/package.dsv'
[0.926s] INFO:colcon.colcon_core.shell:Creating package script '/home/zanef/ros2_ws/install/yahboom_rosmaster_msgs/share/yahboom_rosmaster_msgs/package.sh'
[0.926s] INFO:colcon.colcon_core.shell:Creating package script '/home/zanef/ros2_ws/install/yahboom_rosmaster_msgs/share/yahboom_rosmaster_msgs/package.bash'
[0.927s] INFO:colcon.colcon_core.shell:Creating package script '/home/zanef/ros2_ws/install/yahboom_rosmaster_msgs/share/yahboom_rosmaster_msgs/package.zsh'
[0.927s] Level 1:colcon.colcon_core.environment:create_file_with_runtime_dependencies(/home/zanef/ros2_ws/install/yahboom_rosmaster_msgs/share/colcon-core/packages/yahboom_rosmaster_msgs)
[0.927s] INFO:colcon.colcon_ros.task.ament_cmake.build:Building ROS package in '/home/zanef/ros2_ws/src/yahboom_rosmaster/yahboom_rosmaster_system_tests' with build type 'ament_cmake'
[0.928s] INFO:colcon.colcon_cmake.task.cmake.build:Building CMake package in '/home/zanef/ros2_ws/src/yahboom_rosmaster/yahboom_rosmaster_system_tests'
[0.928s] INFO:colcon.colcon_core.shell:Skip shell extension 'powershell' for command environment: Not usable outside of PowerShell
[0.928s] DEBUG:colcon.colcon_core.shell:Skip shell extension 'dsv' for command environment
[1.081s] DEBUG:colcon.colcon_core.event_handler.log_command:Invoking command in '/home/zanef/ros2_ws/build/yahboom_rosmaster_system_tests': AMENT_PREFIX_PATH=/home/zanef/ros2_ws/install/yahboom_rosmaster_msgs:${AMENT_PREFIX_PATH} CMAKE_PREFIX_PATH=/home/zanef/ros2_ws/install/yahboom_rosmaster_msgs:/opt/ros/jazzy/opt/gz_sim_vendor:/opt/ros/jazzy/opt/gz_sensors_vendor:/opt/ros/jazzy/opt/gz_physics_vendor:/opt/ros/jazzy/opt/sdformat_vendor:/opt/ros/jazzy/opt/gz_gui_vendor:/opt/ros/jazzy/opt/gz_transport_vendor:/opt/ros/jazzy/opt/gz_rendering_vendor:/opt/ros/jazzy/opt/gz_plugin_vendor:/opt/ros/jazzy/opt/gz_fuel_tools_vendor:/opt/ros/jazzy/opt/gz_msgs_vendor:/opt/ros/jazzy/opt/gz_common_vendor:/opt/ros/jazzy/opt/gz_tools_vendor:/opt/ros/jazzy/opt/gz_ogre_next_vendor:/opt/ros/jazzy/opt/gz_dartsim_vendor:/opt/ros/jazzy/opt/gz_math_vendor:/opt/ros/jazzy/opt/gz_utils_vendor:/opt/ros/jazzy/opt/gz_cmake_vendor:/opt/ros/jazzy LD_LIBRARY_PATH=/home/zanef/ros2_ws/install/yahboom_rosmaster_msgs/lib:${LD_LIBRARY_PATH} PYTHONPATH=/home/zanef/ros2_ws/install/yahboom_rosmaster_msgs/lib/python3.12/site-packages:${PYTHONPATH} /usr/bin/cmake /home/zanef/ros2_ws/src/yahboom_rosmaster/yahboom_rosmaster_system_tests -DAMENT_CMAKE_SYMLINK_INSTALL=1 -DCMAKE_INSTALL_PREFIX=/home/zanef/ros2_ws/install/yahboom_rosmaster_system_tests
[3.462s] Level 1:colcon.colcon_core.environment:create_environment_scripts_only(yahboom_rosmaster_gazebo)
[3.462s] Level 1:colcon.colcon_core.environment:checking '/home/zanef/ros2_ws/install/yahboom_rosmaster_gazebo' for CMake module files
[3.463s] DEBUG:colcon.colcon_core.event_handler.log_command:Invoked command in '/home/zanef/ros2_ws/build/yahboom_rosmaster_gazebo' returned '0': CMAKE_PREFIX_PATH=${CMAKE_PREFIX_PATH}:/opt/ros/jazzy /usr/bin/cmake --install /home/zanef/ros2_ws/build/yahboom_rosmaster_gazebo
[3.463s] Level 1:colcon.colcon_core.environment:checking '/home/zanef/ros2_ws/install/yahboom_rosmaster_gazebo' for CMake config files
[3.464s] Level 1:colcon.colcon_core.shell:create_environment_hook('yahboom_rosmaster_gazebo', 'cmake_prefix_path')
[3.464s] INFO:colcon.colcon_core.shell:Creating environment hook '/home/zanef/ros2_ws/install/yahboom_rosmaster_gazebo/share/yahboom_rosmaster_gazebo/hook/cmake_prefix_path.ps1'
[3.464s] INFO:colcon.colcon_core.shell:Creating environment descriptor '/home/zanef/ros2_ws/install/yahboom_rosmaster_gazebo/share/yahboom_rosmaster_gazebo/hook/cmake_prefix_path.dsv'
[3.464s] INFO:colcon.colcon_core.shell:Creating environment hook '/home/zanef/ros2_ws/install/yahboom_rosmaster_gazebo/share/yahboom_rosmaster_gazebo/hook/cmake_prefix_path.sh'
[3.465s] Level 1:colcon.colcon_core.environment:checking '/home/zanef/ros2_ws/install/yahboom_rosmaster_gazebo/bin'
[3.465s] Level 1:colcon.colcon_core.environment:checking '/home/zanef/ros2_ws/install/yahboom_rosmaster_gazebo/lib/pkgconfig/yahboom_rosmaster_gazebo.pc'
[3.465s] Level 1:colcon.colcon_core.environment:checking '/home/zanef/ros2_ws/install/yahboom_rosmaster_gazebo/lib/python3.12/site-packages'
[3.465s] Level 1:colcon.colcon_core.environment:checking '/home/zanef/ros2_ws/install/yahboom_rosmaster_gazebo/bin'
[3.465s] INFO:colcon.colcon_core.shell:Creating package script '/home/zanef/ros2_ws/install/yahboom_rosmaster_gazebo/share/yahboom_rosmaster_gazebo/package.ps1'
[3.466s] INFO:colcon.colcon_core.shell:Creating package descriptor '/home/zanef/ros2_ws/install/yahboom_rosmaster_gazebo/share/yahboom_rosmaster_gazebo/package.dsv'
[3.466s] INFO:colcon.colcon_core.shell:Creating package script '/home/zanef/ros2_ws/install/yahboom_rosmaster_gazebo/share/yahboom_rosmaster_gazebo/package.sh'
[3.466s] INFO:colcon.colcon_core.shell:Creating package script '/home/zanef/ros2_ws/install/yahboom_rosmaster_gazebo/share/yahboom_rosmaster_gazebo/package.bash'
[3.466s] INFO:colcon.colcon_core.shell:Creating package script '/home/zanef/ros2_ws/install/yahboom_rosmaster_gazebo/share/yahboom_rosmaster_gazebo/package.zsh'
[3.467s] Level 1:colcon.colcon_core.environment:create_file_with_runtime_dependencies(/home/zanef/ros2_ws/install/yahboom_rosmaster_gazebo/share/colcon-core/packages/yahboom_rosmaster_gazebo)
[3.467s] Level 1:colcon.colcon_core.environment:create_environment_scripts_only(yahboom_rosmaster_gazebo)
[3.467s] Level 1:colcon.colcon_core.environment:checking '/home/zanef/ros2_ws/install/yahboom_rosmaster_gazebo' for CMake module files
[3.468s] Level 1:colcon.colcon_core.environment:checking '/home/zanef/ros2_ws/install/yahboom_rosmaster_gazebo' for CMake config files
[3.468s] Level 1:colcon.colcon_core.shell:create_environment_hook('yahboom_rosmaster_gazebo', 'cmake_prefix_path')
[3.468s] INFO:colcon.colcon_core.shell:Creating environment hook '/home/zanef/ros2_ws/install/yahboom_rosmaster_gazebo/share/yahboom_rosmaster_gazebo/hook/cmake_prefix_path.ps1'
[3.468s] INFO:colcon.colcon_core.shell:Creating environment descriptor '/home/zanef/ros2_ws/install/yahboom_rosmaster_gazebo/share/yahboom_rosmaster_gazebo/hook/cmake_prefix_path.dsv'
[3.468s] INFO:colcon.colcon_core.shell:Creating environment hook '/home/zanef/ros2_ws/install/yahboom_rosmaster_gazebo/share/yahboom_rosmaster_gazebo/hook/cmake_prefix_path.sh'
[3.469s] Level 1:colcon.colcon_core.environment:checking '/home/zanef/ros2_ws/install/yahboom_rosmaster_gazebo/bin'
[3.469s] Level 1:colcon.colcon_core.environment:checking '/home/zanef/ros2_ws/install/yahboom_rosmaster_gazebo/lib/pkgconfig/yahboom_rosmaster_gazebo.pc'
[3.469s] Level 1:colcon.colcon_core.environment:checking '/home/zanef/ros2_ws/install/yahboom_rosmaster_gazebo/lib/python3.12/site-packages'
[3.469s] Level 1:colcon.colcon_core.environment:checking '/home/zanef/ros2_ws/install/yahboom_rosmaster_gazebo/bin'
[3.469s] INFO:colcon.colcon_core.shell:Creating package script '/home/zanef/ros2_ws/install/yahboom_rosmaster_gazebo/share/yahboom_rosmaster_gazebo/package.ps1'
[3.470s] INFO:colcon.colcon_core.shell:Creating package descriptor '/home/zanef/ros2_ws/install/yahboom_rosmaster_gazebo/share/yahboom_rosmaster_gazebo/package.dsv'
[3.470s] INFO:colcon.colcon_core.shell:Creating package script '/home/zanef/ros2_ws/install/yahboom_rosmaster_gazebo/share/yahboom_rosmaster_gazebo/package.sh'
[3.470s] INFO:colcon.colcon_core.shell:Creating package script '/home/zanef/ros2_ws/install/yahboom_rosmaster_gazebo/share/yahboom_rosmaster_gazebo/package.bash'
[3.470s] INFO:colcon.colcon_core.shell:Creating package script '/home/zanef/ros2_ws/install/yahboom_rosmaster_gazebo/share/yahboom_rosmaster_gazebo/package.zsh'
[3.471s] Level 1:colcon.colcon_core.environment:create_file_with_runtime_dependencies(/home/zanef/ros2_ws/install/yahboom_rosmaster_gazebo/share/colcon-core/packages/yahboom_rosmaster_gazebo)
[4.168s] DEBUG:colcon.colcon_core.event_handler.log_command:Invoked command in '/home/zanef/ros2_ws/build/yahboom_rosmaster_system_tests' returned '0': AMENT_PREFIX_PATH=/home/zanef/ros2_ws/install/yahboom_rosmaster_msgs:${AMENT_PREFIX_PATH} CMAKE_PREFIX_PATH=/home/zanef/ros2_ws/install/yahboom_rosmaster_msgs:/opt/ros/jazzy/opt/gz_sim_vendor:/opt/ros/jazzy/opt/gz_sensors_vendor:/opt/ros/jazzy/opt/gz_physics_vendor:/opt/ros/jazzy/opt/sdformat_vendor:/opt/ros/jazzy/opt/gz_gui_vendor:/opt/ros/jazzy/opt/gz_transport_vendor:/opt/ros/jazzy/opt/gz_rendering_vendor:/opt/ros/jazzy/opt/gz_plugin_vendor:/opt/ros/jazzy/opt/gz_fuel_tools_vendor:/opt/ros/jazzy/opt/gz_msgs_vendor:/opt/ros/jazzy/opt/gz_common_vendor:/opt/ros/jazzy/opt/gz_tools_vendor:/opt/ros/jazzy/opt/gz_ogre_next_vendor:/opt/ros/jazzy/opt/gz_dartsim_vendor:/opt/ros/jazzy/opt/gz_math_vendor:/opt/ros/jazzy/opt/gz_utils_vendor:/opt/ros/jazzy/opt/gz_cmake_vendor:/opt/ros/jazzy LD_LIBRARY_PATH=/home/zanef/ros2_ws/install/yahboom_rosmaster_msgs/lib:${LD_LIBRARY_PATH} PYTHONPATH=/home/zanef/ros2_ws/install/yahboom_rosmaster_msgs/lib/python3.12/site-packages:${PYTHONPATH} /usr/bin/cmake /home/zanef/ros2_ws/src/yahboom_rosmaster/yahboom_rosmaster_system_tests -DAMENT_CMAKE_SYMLINK_INSTALL=1 -DCMAKE_INSTALL_PREFIX=/home/zanef/ros2_ws/install/yahboom_rosmaster_system_tests
[4.169s] DEBUG:colcon.colcon_core.event_handler.log_command:Invoking command in '/home/zanef/ros2_ws/build/yahboom_rosmaster_system_tests': AMENT_PREFIX_PATH=/home/zanef/ros2_ws/install/yahboom_rosmaster_msgs:${AMENT_PREFIX_PATH} CMAKE_PREFIX_PATH=/home/zanef/ros2_ws/install/yahboom_rosmaster_msgs:/opt/ros/jazzy/opt/gz_sim_vendor:/opt/ros/jazzy/opt/gz_sensors_vendor:/opt/ros/jazzy/opt/gz_physics_vendor:/opt/ros/jazzy/opt/sdformat_vendor:/opt/ros/jazzy/opt/gz_gui_vendor:/opt/ros/jazzy/opt/gz_transport_vendor:/opt/ros/jazzy/opt/gz_rendering_vendor:/opt/ros/jazzy/opt/gz_plugin_vendor:/opt/ros/jazzy/opt/gz_fuel_tools_vendor:/opt/ros/jazzy/opt/gz_msgs_vendor:/opt/ros/jazzy/opt/gz_common_vendor:/opt/ros/jazzy/opt/gz_tools_vendor:/opt/ros/jazzy/opt/gz_ogre_next_vendor:/opt/ros/jazzy/opt/gz_dartsim_vendor:/opt/ros/jazzy/opt/gz_math_vendor:/opt/ros/jazzy/opt/gz_utils_vendor:/opt/ros/jazzy/opt/gz_cmake_vendor:/opt/ros/jazzy LD_LIBRARY_PATH=/home/zanef/ros2_ws/install/yahboom_rosmaster_msgs/lib:${LD_LIBRARY_PATH} PYTHONPATH=/home/zanef/ros2_ws/install/yahboom_rosmaster_msgs/lib/python3.12/site-packages:${PYTHONPATH} /usr/bin/cmake --build /home/zanef/ros2_ws/build/yahboom_rosmaster_system_tests -- -j16 -l16
[4.429s] Level 1:colcon.colcon_core.environment:create_environment_scripts_only(mecanum_drive_controller)
[4.430s] DEBUG:colcon.colcon_core.event_handler.log_command:Invoked command in '/home/zanef/ros2_ws/build/mecanum_drive_controller' returned '2': CMAKE_PREFIX_PATH=${CMAKE_PREFIX_PATH}:/opt/ros/jazzy /usr/bin/cmake --build /home/zanef/ros2_ws/build/mecanum_drive_controller -- -j16 -l16
[4.430s] Level 1:colcon.colcon_core.environment:checking '/home/zanef/ros2_ws/install/mecanum_drive_controller' for CMake module files
[4.430s] Level 1:colcon.colcon_core.environment:checking '/home/zanef/ros2_ws/install/mecanum_drive_controller' for CMake config files
[4.430s] Level 1:colcon.colcon_core.environment:checking '/home/zanef/ros2_ws/install/mecanum_drive_controller/bin'
[4.430s] Level 1:colcon.colcon_core.environment:checking '/home/zanef/ros2_ws/install/mecanum_drive_controller/lib/pkgconfig/mecanum_drive_controller.pc'
[4.431s] Level 1:colcon.colcon_core.environment:checking '/home/zanef/ros2_ws/install/mecanum_drive_controller/lib/python3.12/site-packages'
[4.431s] Level 1:colcon.colcon_core.environment:checking '/home/zanef/ros2_ws/install/mecanum_drive_controller/bin'
[4.431s] INFO:colcon.colcon_core.shell:Creating package script '/home/zanef/ros2_ws/install/mecanum_drive_controller/share/mecanum_drive_controller/package.ps1'
[4.431s] INFO:colcon.colcon_core.shell:Creating package descriptor '/home/zanef/ros2_ws/install/mecanum_drive_controller/share/mecanum_drive_controller/package.dsv'
[4.432s] INFO:colcon.colcon_core.shell:Creating package script '/home/zanef/ros2_ws/install/mecanum_drive_controller/share/mecanum_drive_controller/package.sh'
[4.432s] INFO:colcon.colcon_core.shell:Creating package script '/home/zanef/ros2_ws/install/mecanum_drive_controller/share/mecanum_drive_controller/package.bash'
[4.432s] INFO:colcon.colcon_core.shell:Creating package script '/home/zanef/ros2_ws/install/mecanum_drive_controller/share/mecanum_drive_controller/package.zsh'
[4.433s] Level 1:colcon.colcon_core.environment:create_file_with_runtime_dependencies(/home/zanef/ros2_ws/install/mecanum_drive_controller/share/colcon-core/packages/mecanum_drive_controller)
[9.885s] DEBUG:colcon.colcon_parallel_executor.executor.parallel:closing loop
[9.886s] DEBUG:colcon.colcon_parallel_executor.executor.parallel:loop closed
[9.886s] DEBUG:colcon.colcon_parallel_executor.executor.parallel:run_until_complete finished with '2'
[9.886s] DEBUG:colcon.colcon_core.event_reactor:joining thread
[9.935s] INFO:colcon.colcon_core.plugin_system:Skipping extension 'colcon_notification.desktop_notification.notify_send': Could not find 'notify-send'
[9.935s] INFO:colcon.colcon_core.plugin_system:Skipping extension 'colcon_notification.desktop_notification.terminal_notifier': Not used on non-Darwin systems
[9.935s] INFO:colcon.colcon_core.plugin_system:Skipping extension 'colcon_notification.desktop_notification.win32': Not used on non-Windows systems
[9.935s] INFO:colcon.colcon_notification.desktop_notification:Sending desktop notification using 'notify2'
[9.936s] DEBUG:colcon.colcon_notification.desktop_notification.notify2:Failed to initialize notify2: org.freedesktop.DBus.Error.ServiceUnknown: The name org.freedesktop.Notifications was not provided by any .service files
[9.936s] DEBUG:colcon.colcon_core.event_reactor:joined thread
[9.936s] INFO:colcon.colcon_core.shell:Creating prefix script '/home/zanef/ros2_ws/install/local_setup.ps1'
[9.937s] INFO:colcon.colcon_core.shell:Creating prefix util module '/home/zanef/ros2_ws/install/_local_setup_util_ps1.py'
[9.938s] INFO:colcon.colcon_core.shell:Creating prefix chain script '/home/zanef/ros2_ws/install/setup.ps1'
[9.938s] INFO:colcon.colcon_core.shell:Creating prefix script '/home/zanef/ros2_ws/install/local_setup.sh'
[9.939s] INFO:colcon.colcon_core.shell:Creating prefix util module '/home/zanef/ros2_ws/install/_local_setup_util_sh.py'
[9.939s] INFO:colcon.colcon_core.shell:Creating prefix chain script '/home/zanef/ros2_ws/install/setup.sh'
[9.940s] INFO:colcon.colcon_core.shell:Creating prefix script '/home/zanef/ros2_ws/install/local_setup.bash'
[9.940s] INFO:colcon.colcon_core.shell:Creating prefix chain script '/home/zanef/ros2_ws/install/setup.bash'
[9.940s] INFO:colcon.colcon_core.shell:Creating prefix script '/home/zanef/ros2_ws/install/local_setup.zsh'
[9.941s] INFO:colcon.colcon_core.shell:Creating prefix chain script '/home/zanef/ros2_ws/install/setup.zsh'
