[0.026s] Invoking command in '/home/zanef/ros2_ws/build/yahboom_rosmaster_navigation': CMAKE_PREFIX_PATH=${CMAKE_PREFIX_PATH}:/opt/ros/jazzy /usr/bin/cmake /home/zanef/ros2_ws/src/yahboom_rosmaster/yahboom_rosmaster_navigation -DAMENT_CMAKE_SYMLINK_INSTALL=1 -DCMAKE_INSTALL_PREFIX=/home/zanef/ros2_ws/install/yahboom_rosmaster_navigation
[0.327s] -- The C compiler identification is GNU 13.3.0
[1.300s] -- The CXX compiler identification is GNU 13.3.0
[2.157s] -- Detecting C compiler ABI info
[2.456s] -- Detecting C compiler ABI info - done
[2.464s] -- Check for working C compiler: /usr/bin/cc - skipped
[2.464s] -- Detecting C compile features
[2.464s] -- Detecting C compile features - done
[2.569s] -- Detecting CXX compiler ABI info
[2.893s] -- Detecting CXX compiler ABI info - done
[2.905s] -- Check for working CXX compiler: /usr/bin/c++ - skipped
[2.905s] -- Detecting CXX compile features
[2.906s] -- Detecting CXX compile features - done
[2.910s] -- Found ament_cmake: 2.5.5 (/opt/ros/jazzy/share/ament_cmake/cmake)
[3.061s] -- Found Python3: /usr/bin/python3 (found version "3.12.3") found components: Interpreter 
[3.155s] -- Override CMake install command with custom implementation using symlinks instead of copying resources
[3.213s] -- Found geometry_msgs: 5.3.6 (/opt/ros/jazzy/share/geometry_msgs/cmake)
[3.454s] -- Found rosidl_generator_c: 4.6.7 (/opt/ros/jazzy/share/rosidl_generator_c/cmake)
[3.473s] -- Found rosidl_generator_cpp: 4.6.7 (/opt/ros/jazzy/share/rosidl_generator_cpp/cmake)
[3.496s] -- Using all available rosidl_typesupport_c: rosidl_typesupport_fastrtps_c;rosidl_typesupport_introspection_c
[3.521s] -- Using all available rosidl_typesupport_cpp: rosidl_typesupport_fastrtps_cpp;rosidl_typesupport_introspection_cpp
[3.585s] -- Found navigation2: 1.3.10 (/opt/ros/jazzy/share/navigation2/cmake)
[3.589s] -- Found nav2_bringup: 1.3.10 (/opt/ros/jazzy/share/nav2_bringup/cmake)
[3.593s] -- Found rclcpp: 28.1.16 (/opt/ros/jazzy/share/rclcpp/cmake)
[3.673s] -- Found rmw_implementation_cmake: 7.3.3 (/opt/ros/jazzy/share/rmw_implementation_cmake/cmake)
[3.678s] -- Found rmw_fastrtps_cpp: 8.4.3 (/opt/ros/jazzy/share/rmw_fastrtps_cpp/cmake)
[3.793s] -- Found OpenSSL: /usr/lib/x86_64-linux-gnu/libcrypto.so (found version "3.0.13")  
[4.059s] -- Found FastRTPS: /opt/ros/jazzy/include (Required is at least version "2.13") 
[4.226s] -- Using RMW implementation 'rmw_fastrtps_cpp' as default
[4.524s] -- Found rclpy: 7.1.9 (/opt/ros/jazzy/share/rclpy/cmake)
[4.527s] -- Found slam_toolbox: 2.8.3 (/opt/ros/jazzy/share/slam_toolbox/cmake)
[4.906s] -- Found eigen3_cmake_module: 0.3.0 (/opt/ros/jazzy/share/eigen3_cmake_module/cmake)
[4.907s] -- Found Eigen3: TRUE (found version "3.4.0") 
[4.907s] -- Ensuring Eigen3 include directory is part of orocos-kdl CMake target
[5.220s] -- Setting OGRE_DIR to: '/opt/ros/jazzy/share/rviz_ogre_vendor/cmake/../../../opt/rviz_ogre_vendor/lib/OGRE/cmake'
[5.224s] -- Found OGRE
[5.224s] --   static     : OFF
[5.224s] --   components : MeshLodGenerator;Overlay;Paging;Property;RTShaderSystem;Terrain;Volume
[5.224s] --   plugins    : Plugin_BSPSceneManager;Plugin_OctreeSceneManager;Plugin_PCZSceneManager;Plugin_ParticleFX;RenderSystem_GL;RenderSystem_GL3Plus;Codec_STBI
[5.225s] --   media      : /opt/ros/jazzy/opt/rviz_ogre_vendor/share/OGRE/Media
[5.225s] -- OGRE_LIBRARIES: OgreMeshLodGenerator;OgreOverlay;OgrePaging;OgreProperty;OgreRTShaderSystem;OgreTerrain;OgreVolume;OgreMain
[5.225s] -- OGRE_LIBRARY_DIRS: /opt/ros/jazzy/opt/rviz_ogre_vendor/lib
[5.225s] -- OGRE_PLUGINS: Plugin_BSPSceneManager;Plugin_OctreeSceneManager;Plugin_PCZSceneManager;Plugin_ParticleFX;RenderSystem_GL;RenderSystem_GL3Plus;Codec_STBI
[5.226s] -- OGRE_PLUGIN_DIR: /opt/ros/jazzy/opt/rviz_ogre_vendor/lib/OGRE
[5.226s] -- rviz_ogre_vendor::OgreOverlay for IMPORTED_LOCATION_RELEASE: /opt/ros/jazzy/opt/rviz_ogre_vendor/lib/libOgreOverlay.so
[5.226s] -- rviz_ogre_vendor::OgreOverlay for IMPORTED_LOCATION_DEBUG: /opt/ros/jazzy/opt/rviz_ogre_vendor/lib/libOgreOverlay.so
[5.227s] -- rviz_ogre_vendor::OgreMain for IMPORTED_LOCATION_RELEASE: /opt/ros/jazzy/opt/rviz_ogre_vendor/lib/libOgreMain.so
[5.227s] -- rviz_ogre_vendor::OgreMain for IMPORTED_LOCATION_DEBUG: /opt/ros/jazzy/opt/rviz_ogre_vendor/lib/libOgreMain.so
[9.185s] -- Found ZLIB: /usr/lib/x86_64-linux-gnu/libz.so (found version "1.3")  
[10.320s] -- Found OpenGL: /usr/lib/x86_64-linux-gnu/libOpenGL.so   
[20.120s] -- Found X11: /usr/include   
[20.121s] -- Looking for XOpenDisplay in /usr/lib/x86_64-linux-gnu/libX11.so;/usr/lib/x86_64-linux-gnu/libXext.so
[20.369s] -- Looking for XOpenDisplay in /usr/lib/x86_64-linux-gnu/libX11.so;/usr/lib/x86_64-linux-gnu/libXext.so - found
[20.369s] -- Looking for gethostbyname
[20.609s] -- Looking for gethostbyname - found
[20.609s] -- Looking for connect
[20.866s] -- Looking for connect - found
[20.867s] -- Looking for remove
[21.123s] -- Looking for remove - found
[21.123s] -- Looking for shmat
[21.375s] -- Looking for shmat - found
[21.376s] -- Looking for IceConnectionNumber in ICE
[21.630s] -- Looking for IceConnectionNumber in ICE - found
[21.734s] -- Setting yaml-cpp_DIR to: '/opt/ros/jazzy/share/yaml_cpp_vendor/cmake/../../../opt/yaml_cpp_vendor/share/cmake/yaml-cpp'
[22.058s] -- Found ament_lint_auto: 0.17.4 (/opt/ros/jazzy/share/ament_lint_auto/cmake)
[22.178s] -- Added test 'cppcheck' to perform static code analysis on C / C++ code
[22.178s] -- Configured cppcheck include dirs: 
[22.178s] -- Configured cppcheck exclude dirs and/or files: 
[22.179s] -- Added test 'flake8' to check Python code syntax and style conventions
[22.179s] -- Configured 'flake8' exclude dirs and/or files: 
[22.180s] -- Added test 'lint_cmake' to check CMake code style
[22.181s] -- Added test 'pep257' to check Python code against some of the docstring style conventions in PEP 257
[22.182s] -- Added test 'uncrustify' to check C / C++ code style
[22.182s] -- Configured uncrustify additional arguments: 
[22.182s] -- Added test 'xmllint' to check XML markup files
[22.184s] -- Configuring done (22.1s)
[22.203s] -- Generating done (0.0s)
[22.210s] -- Build files have been written to: /home/zanef/ros2_ws/build/yahboom_rosmaster_navigation
[22.227s] Invoked command in '/home/zanef/ros2_ws/build/yahboom_rosmaster_navigation' returned '0': CMAKE_PREFIX_PATH=${CMAKE_PREFIX_PATH}:/opt/ros/jazzy /usr/bin/cmake /home/zanef/ros2_ws/src/yahboom_rosmaster/yahboom_rosmaster_navigation -DAMENT_CMAKE_SYMLINK_INSTALL=1 -DCMAKE_INSTALL_PREFIX=/home/zanef/ros2_ws/install/yahboom_rosmaster_navigation
[22.229s] Invoking command in '/home/zanef/ros2_ws/build/yahboom_rosmaster_navigation': CMAKE_PREFIX_PATH=${CMAKE_PREFIX_PATH}:/opt/ros/jazzy /usr/bin/cmake --build /home/zanef/ros2_ws/build/yahboom_rosmaster_navigation -- -j12 -l12
[22.297s] [ 50%] [32mBuilding CXX object CMakeFiles/cmd_vel_relay.dir/src/cmd_vel_relay_node.cpp.o[0m
[22.304s] [ 50%] Built target ament_cmake_python_symlink_yahboom_rosmaster_navigation
[22.525s] running egg_info
[22.526s] creating yahboom_rosmaster_navigation.egg-info
[22.554s] writing yahboom_rosmaster_navigation.egg-info/PKG-INFO
[22.554s] writing dependency_links to yahboom_rosmaster_navigation.egg-info/dependency_links.txt
[22.554s] writing top-level names to yahboom_rosmaster_navigation.egg-info/top_level.txt
[22.554s] writing manifest file 'yahboom_rosmaster_navigation.egg-info/SOURCES.txt'
[22.610s] reading manifest file 'yahboom_rosmaster_navigation.egg-info/SOURCES.txt'
[22.610s] writing manifest file 'yahboom_rosmaster_navigation.egg-info/SOURCES.txt'
[22.644s] [ 50%] Built target ament_cmake_python_build_yahboom_rosmaster_navigation_egg
[27.854s] [100%] [32m[1mLinking CXX executable cmd_vel_relay[0m
[28.148s] [100%] Built target cmd_vel_relay
[28.157s] Invoked command in '/home/zanef/ros2_ws/build/yahboom_rosmaster_navigation' returned '0': CMAKE_PREFIX_PATH=${CMAKE_PREFIX_PATH}:/opt/ros/jazzy /usr/bin/cmake --build /home/zanef/ros2_ws/build/yahboom_rosmaster_navigation -- -j12 -l12
[28.159s] Invoking command in '/home/zanef/ros2_ws/build/yahboom_rosmaster_navigation': CMAKE_PREFIX_PATH=${CMAKE_PREFIX_PATH}:/opt/ros/jazzy /usr/bin/cmake --install /home/zanef/ros2_ws/build/yahboom_rosmaster_navigation
[28.165s] -- Install configuration: ""
[28.165s] -- Execute custom install script
[28.166s] -- Symlinking: /home/zanef/ros2_ws/install/yahboom_rosmaster_navigation/lib/yahboom_rosmaster_navigation/cmd_vel_relay
[28.173s] -- Symlinking: /home/zanef/ros2_ws/install/yahboom_rosmaster_navigation/share/yahboom_rosmaster_navigation/config/rosmaster_x3_nav2_default_params.yaml
[28.180s] -- Symlinking: /home/zanef/ros2_ws/install/yahboom_rosmaster_navigation/share/yahboom_rosmaster_navigation/config/rosmaster_x3_nav2_regulated_pure_pursuit_controller.yaml
[28.188s] -- Symlinking: /home/zanef/ros2_ws/install/yahboom_rosmaster_navigation/share/yahboom_rosmaster_navigation/maps/cafe_world_map.pgm
[28.195s] -- Symlinking: /home/zanef/ros2_ws/install/yahboom_rosmaster_navigation/share/yahboom_rosmaster_navigation/maps/cafe_world_map.yaml
[28.202s] -- Symlinking: /home/zanef/ros2_ws/install/yahboom_rosmaster_navigation/share/yahboom_rosmaster_navigation/maps/house_world_map.pgm
[28.209s] -- Symlinking: /home/zanef/ros2_ws/install/yahboom_rosmaster_navigation/share/yahboom_rosmaster_navigation/maps/house_world_map.yaml
[28.215s] -- Symlinking: /home/zanef/ros2_ws/install/yahboom_rosmaster_navigation/share/yahboom_rosmaster_navigation/rviz/nav2_default_view.rviz
[28.222s] -- Symlinking: /home/zanef/ros2_ws/install/yahboom_rosmaster_navigation/share/yahboom_rosmaster_navigation/environment/pythonpath.sh
[28.230s] -- Symlinking: /home/zanef/ros2_ws/install/yahboom_rosmaster_navigation/share/yahboom_rosmaster_navigation/environment/pythonpath.dsv
[28.236s] -- Symlinking: /home/zanef/ros2_ws/install/yahboom_rosmaster_navigation/lib/python3.12/site-packages/yahboom_rosmaster_navigation-0.0.0-py3.12.egg-info/PKG-INFO
[28.242s] -- Symlinking: /home/zanef/ros2_ws/install/yahboom_rosmaster_navigation/lib/python3.12/site-packages/yahboom_rosmaster_navigation-0.0.0-py3.12.egg-info/SOURCES.txt
[28.249s] -- Symlinking: /home/zanef/ros2_ws/install/yahboom_rosmaster_navigation/lib/python3.12/site-packages/yahboom_rosmaster_navigation-0.0.0-py3.12.egg-info/dependency_links.txt
[28.256s] -- Symlinking: /home/zanef/ros2_ws/install/yahboom_rosmaster_navigation/lib/python3.12/site-packages/yahboom_rosmaster_navigation-0.0.0-py3.12.egg-info/top_level.txt
[28.263s] -- Symlinking: /home/zanef/ros2_ws/install/yahboom_rosmaster_navigation/lib/python3.12/site-packages/yahboom_rosmaster_navigation/__init__.py
[28.270s] -- Symlinking: /home/zanef/ros2_ws/install/yahboom_rosmaster_navigation/lib/python3.12/site-packages/yahboom_rosmaster_navigation/posestamped_msg_generator.py
[28.277s] -- Symlinking: /home/zanef/ros2_ws/install/yahboom_rosmaster_navigation/lib/yahboom_rosmaster_navigation/assisted_teleoperation.py
[28.284s] -- Symlinking: /home/zanef/ros2_ws/install/yahboom_rosmaster_navigation/lib/yahboom_rosmaster_navigation/nav_to_pose.py
[28.291s] -- Symlinking: /home/zanef/ros2_ws/install/yahboom_rosmaster_navigation/lib/yahboom_rosmaster_navigation/test_nav_to_pose.py
[28.298s] -- Symlinking: /home/zanef/ros2_ws/install/yahboom_rosmaster_navigation/share/ament_index/resource_index/package_run_dependencies/yahboom_rosmaster_navigation
[28.304s] -- Symlinking: /home/zanef/ros2_ws/install/yahboom_rosmaster_navigation/share/ament_index/resource_index/parent_prefix_path/yahboom_rosmaster_navigation
[28.310s] -- Symlinking: /home/zanef/ros2_ws/install/yahboom_rosmaster_navigation/share/yahboom_rosmaster_navigation/environment/ament_prefix_path.sh
[28.316s] -- Symlinking: /home/zanef/ros2_ws/install/yahboom_rosmaster_navigation/share/yahboom_rosmaster_navigation/environment/ament_prefix_path.dsv
[28.323s] -- Symlinking: /home/zanef/ros2_ws/install/yahboom_rosmaster_navigation/share/yahboom_rosmaster_navigation/environment/path.sh
[28.329s] -- Symlinking: /home/zanef/ros2_ws/install/yahboom_rosmaster_navigation/share/yahboom_rosmaster_navigation/environment/path.dsv
[28.336s] -- Symlinking: /home/zanef/ros2_ws/install/yahboom_rosmaster_navigation/share/yahboom_rosmaster_navigation/local_setup.bash
[28.342s] -- Symlinking: /home/zanef/ros2_ws/install/yahboom_rosmaster_navigation/share/yahboom_rosmaster_navigation/local_setup.sh
[28.348s] -- Symlinking: /home/zanef/ros2_ws/install/yahboom_rosmaster_navigation/share/yahboom_rosmaster_navigation/local_setup.zsh
[28.355s] -- Symlinking: /home/zanef/ros2_ws/install/yahboom_rosmaster_navigation/share/yahboom_rosmaster_navigation/local_setup.dsv
[28.361s] -- Symlinking: /home/zanef/ros2_ws/install/yahboom_rosmaster_navigation/share/yahboom_rosmaster_navigation/package.dsv
[28.369s] -- Symlinking: /home/zanef/ros2_ws/install/yahboom_rosmaster_navigation/share/ament_index/resource_index/packages/yahboom_rosmaster_navigation
[28.375s] -- Symlinking: /home/zanef/ros2_ws/install/yahboom_rosmaster_navigation/share/yahboom_rosmaster_navigation/cmake/yahboom_rosmaster_navigationConfig.cmake
[28.382s] -- Symlinking: /home/zanef/ros2_ws/install/yahboom_rosmaster_navigation/share/yahboom_rosmaster_navigation/cmake/yahboom_rosmaster_navigationConfig-version.cmake
[28.388s] -- Symlinking: /home/zanef/ros2_ws/install/yahboom_rosmaster_navigation/share/yahboom_rosmaster_navigation/package.xml
[28.419s] Listing '/home/zanef/ros2_ws/install/yahboom_rosmaster_navigation/lib/python3.12/site-packages/yahboom_rosmaster_navigation'...
[28.419s] Compiling '/home/zanef/ros2_ws/install/yahboom_rosmaster_navigation/lib/python3.12/site-packages/yahboom_rosmaster_navigation/__init__.py'...
[28.419s] Compiling '/home/zanef/ros2_ws/install/yahboom_rosmaster_navigation/lib/python3.12/site-packages/yahboom_rosmaster_navigation/posestamped_msg_generator.py'...
[28.424s] Invoked command in '/home/zanef/ros2_ws/build/yahboom_rosmaster_navigation' returned '0': CMAKE_PREFIX_PATH=${CMAKE_PREFIX_PATH}:/opt/ros/jazzy /usr/bin/cmake --install /home/zanef/ros2_ws/build/yahboom_rosmaster_navigation
