[0.032s] Invoking command in '/home/zanef/ros2_ws/src/build/yahboom_rosmaster_msgs': CMAKE_PREFIX_PATH=${CMAKE_PREFIX_PATH}:/opt/ros/jazzy /usr/bin/cmake /home/zanef/ros2_ws/src/yahboom_rosmaster/yahboom_rosmaster_msgs -DAMENT_CMAKE_SYMLINK_INSTALL=1 -DCMAKE_INSTALL_PREFIX=/home/zanef/ros2_ws/src/install/yahboom_rosmaster_msgs
[0.203s] -- The C compiler identification is GNU 13.3.0
[1.238s] -- The CXX compiler identification is GNU 13.3.0
[2.317s] -- Detecting C compiler ABI info
[2.637s] -- Detecting C compiler ABI info - done
[2.647s] -- Check for working C compiler: /usr/bin/cc - skipped
[2.648s] -- Detecting C compile features
[2.650s] -- Detecting C compile features - done
[2.749s] -- Detecting CXX compiler ABI info
[3.063s] -- Detecting CXX compiler ABI info - done
[3.075s] -- Check for working CXX compiler: /usr/bin/c++ - skipped
[3.075s] -- Detecting CXX compile features
[3.075s] -- Detecting CXX compile features - done
[3.083s] -- Found ament_cmake: 2.5.5 (/opt/ros/jazzy/share/ament_cmake/cmake)
[3.314s] -- Found Python3: /usr/bin/python3 (found version "3.12.3") found components: Interpreter 
[3.439s] -- Override CMake install command with custom implementation using symlinks instead of copying resources
[3.498s] -- Found rosidl_default_generators: 1.6.0 (/opt/ros/jazzy/share/rosidl_default_generators/cmake)
[3.508s] -- Using all available rosidl_typesupport_c: rosidl_typesupport_fastrtps_c;rosidl_typesupport_introspection_c
[3.818s] -- Using all available rosidl_typesupport_cpp: rosidl_typesupport_fastrtps_cpp;rosidl_typesupport_introspection_cpp
[3.899s] -- Found rosidl_adapter: 4.6.7 (/opt/ros/jazzy/share/rosidl_adapter/cmake)
[4.691s] -- Found ament_cmake_ros: 0.12.0 (/opt/ros/jazzy/share/ament_cmake_ros/cmake)
[5.206s] -- Using all available rosidl_typesupport_c: rosidl_typesupport_fastrtps_c;rosidl_typesupport_introspection_c
[5.820s] -- Using all available rosidl_typesupport_cpp: rosidl_typesupport_fastrtps_cpp;rosidl_typesupport_introspection_cpp
[5.824s] -- Found python_cmake_module: 0.11.1 (/opt/ros/jazzy/share/python_cmake_module/cmake)
[6.001s] -- Found PythonExtra: /usr/bin/python3  
[6.607s] -- Found Python3: /usr/bin/python3 (found version "3.12.3") found components: Interpreter Development NumPy Development.Module Development.Embed 
[6.656s] -- Found ament_lint_auto: 0.17.4 (/opt/ros/jazzy/share/ament_lint_auto/cmake)
[6.687s] -- Added test 'lint_cmake' to check CMake code style
[6.688s] -- Added test 'xmllint' to check XML markup files
[6.692s] -- Configuring done (6.7s)
[6.748s] -- Generating done (0.0s)
[6.761s] -- Build files have been written to: /home/zanef/ros2_ws/src/build/yahboom_rosmaster_msgs
