[0.045s] Invoking command in '/home/zanef/ros2_ws/build/mecanum_drive_controller': CMAKE_PREFIX_PATH=${CMAKE_PREFIX_PATH}:/opt/ros/jazzy /usr/bin/cmake --build /home/zanef/ros2_ws/build/mecanum_drive_controller -- -j16 -l16
[0.055s] [ 33%] Built target mecanum_drive_controller_parameters
[0.075s] [ 50%] [32mBuilding CXX object CMakeFiles/mecanum_drive_controller.dir/src/mecanum_drive_controller.cpp.o[0m
[1.883s] In file included from [01m[K/home/zanef/ros2_ws/src/yahboom_rosmaster/mecanum_drive_controller/src/mecanum_drive_controller.cpp:42[m[K:
[1.883s] [01m[K/home/zanef/ros2_ws/src/yahboom_rosmaster/mecanum_drive_controller/include/mecanum_drive_controller/mecanum_drive_controller.hpp:224:19:[m[K [01;31m[Kerror: [m[K‘[01m[KRealTimeThreadSafeBox[m[K’ in namespace ‘[01m[Krealtime_tools[m[K’ does not name a template type; did you mean ‘[01m[KRealtimeThreadSafeBox[m[K’?
[1.883s]   224 |   realtime_tools::[01;31m[KRealTimeThreadSafeBox[m[K<std::shared_ptr<Twist>>received_velocity_msg_ptr_;
[1.883s]       |                   [01;31m[K^~~~~~~~~~~~~~~~~~~~~[m[K
[1.883s]       |                   [32m[KRealtimeThreadSafeBox[m[K
[1.914s] [01m[K/home/zanef/ros2_ws/src/yahboom_rosmaster/mecanum_drive_controller/src/mecanum_drive_controller.cpp:[m[K In member function ‘[01m[Kvirtual controller_interface::return_type mecanum_drive_controller::MecanumDriveController::[01;32m[Kupdate[m[K(const rclcpp::Time&, const rclcpp::Duration&)[m[K’:
[1.914s] [01m[K/home/zanef/ros2_ws/src/yahboom_rosmaster/mecanum_drive_controller/src/mecanum_drive_controller.cpp:135:3:[m[K [01;31m[Kerror: [m[K‘[01m[Kreceived_velocity_msg_ptr_[m[K’ was not declared in this scope
[1.914s]   135 |   [01;31m[Kreceived_velocity_msg_ptr_[m[K.get(
[1.914s]       |   [01;31m[K^~~~~~~~~~~~~~~~~~~~~~~~~~[m[K
[1.937s] [01m[K/home/zanef/ros2_ws/src/yahboom_rosmaster/mecanum_drive_controller/src/mecanum_drive_controller.cpp:[m[K In member function ‘[01m[Kvirtual controller_interface::CallbackReturn mecanum_drive_controller::MecanumDriveController::[01;32m[Kon_configure[m[K(const rclcpp_lifecycle::State&)[m[K’:
[1.937s] [01m[K/home/zanef/ros2_ws/src/yahboom_rosmaster/mecanum_drive_controller/src/mecanum_drive_controller.cpp:426:3:[m[K [01;31m[Kerror: [m[K‘[01m[Kreceived_velocity_msg_ptr_[m[K’ was not declared in this scope
[1.937s]   426 |   [01;31m[Kreceived_velocity_msg_ptr_[m[K.set(
[1.937s]       |   [01;31m[K^~~~~~~~~~~~~~~~~~~~~~~~~~[m[K
[1.938s] [01m[K/home/zanef/ros2_ws/src/yahboom_rosmaster/mecanum_drive_controller/src/mecanum_drive_controller.cpp:[m[K In lambda function:
[1.938s] [01m[K/home/zanef/ros2_ws/src/yahboom_rosmaster/mecanum_drive_controller/src/mecanum_drive_controller.cpp:452:7:[m[K [01;31m[Kerror: [m[K‘[01m[Kreceived_velocity_msg_ptr_[m[K’ is not captured
[1.938s]   452 |       [01;31m[Kreceived_velocity_msg_ptr_[m[K.set(
[1.938s]       |       [01;31m[K^~~~~~~~~~~~~~~~~~~~~~~~~~[m[K
[1.938s] [01m[K/home/zanef/ros2_ws/src/yahboom_rosmaster/mecanum_drive_controller/src/mecanum_drive_controller.cpp:438:10:[m[K [01;36m[Knote: [m[Kthe lambda has no capture-default
[1.938s]   438 |     [this[01;36m[K][m[K(const std::shared_ptr<Twist> msg) -> void {
[1.938s]       |          [01;36m[K^[m[K
[1.938s] [01m[K/home/zanef/ros2_ws/src/yahboom_rosmaster/mecanum_drive_controller/src/mecanum_drive_controller.cpp:426:3:[m[K [01;36m[Knote: [m[K‘[01m[K<typeprefixerror>received_velocity_msg_ptr_[m[K’ declared here
[1.938s]   426 |   [01;36m[Kreceived_velocity_msg_ptr_[m[K.set(
[1.938s]       |   [01;36m[K^~~~~~~~~~~~~~~~~~~~~~~~~~[m[K
[1.954s] [01m[K/home/zanef/ros2_ws/src/yahboom_rosmaster/mecanum_drive_controller/src/mecanum_drive_controller.cpp:[m[K In member function ‘[01m[Kvirtual controller_interface::CallbackReturn mecanum_drive_controller::MecanumDriveController::[01;32m[Kon_cleanup[m[K(const rclcpp_lifecycle::State&)[m[K’:
[1.954s] [01m[K/home/zanef/ros2_ws/src/yahboom_rosmaster/mecanum_drive_controller/src/mecanum_drive_controller.cpp:594:3:[m[K [01;31m[Kerror: [m[K‘[01m[Kreceived_velocity_msg_ptr_[m[K’ was not declared in this scope
[1.954s]   594 |   [01;31m[Kreceived_velocity_msg_ptr_[m[K.set([](std::shared_ptr<Twist> & stored_msg) {
[1.954s]       |   [01;31m[K^~~~~~~~~~~~~~~~~~~~~~~~~~[m[K
[1.965s] [01m[K/home/zanef/ros2_ws/src/yahboom_rosmaster/mecanum_drive_controller/src/mecanum_drive_controller.cpp:[m[K In member function ‘[01m[Kbool mecanum_drive_controller::MecanumDriveController::[01;32m[Kreset[m[K()[m[K’:
[1.965s] [01m[K/home/zanef/ros2_ws/src/yahboom_rosmaster/mecanum_drive_controller/src/mecanum_drive_controller.cpp:643:3:[m[K [01;31m[Kerror: [m[K‘[01m[Kreceived_velocity_msg_ptr_[m[K’ was not declared in this scope
[1.965s]   643 |   [01;31m[Kreceived_velocity_msg_ptr_[m[K.set(nullptr);
[1.965s]       |   [01;31m[K^~~~~~~~~~~~~~~~~~~~~~~~~~[m[K
[4.190s] gmake[2]: *** [CMakeFiles/mecanum_drive_controller.dir/build.make:76: CMakeFiles/mecanum_drive_controller.dir/src/mecanum_drive_controller.cpp.o] Error 1
[4.190s] gmake[1]: *** [CMakeFiles/Makefile2:165: CMakeFiles/mecanum_drive_controller.dir/all] Error 2
[4.190s] gmake: *** [Makefile:146: all] Error 2
[4.193s] Invoked command in '/home/zanef/ros2_ws/build/mecanum_drive_controller' returned '2': CMAKE_PREFIX_PATH=${CMAKE_PREFIX_PATH}:/opt/ros/jazzy /usr/bin/cmake --build /home/zanef/ros2_ws/build/mecanum_drive_controller -- -j16 -l16
