[0.022s] Invoking command in '/home/zanef/ros2_ws/build/yahboom_rosmaster_navigation': CMAKE_PREFIX_PATH=${CMAKE_PREFIX_PATH}:/opt/ros/jazzy /usr/bin/cmake --build /home/zanef/ros2_ws/build/yahboom_rosmaster_navigation -- -j16 -l16
[0.069s] [100%] Built target cmd_vel_relay
[0.076s] [100%] Built target ament_cmake_python_symlink_yahboom_rosmaster_navigation
[0.245s] running egg_info
[0.246s] writing yahboom_rosmaster_navigation.egg-info/PKG-INFO
[0.246s] writing dependency_links to yahboom_rosmaster_navigation.egg-info/dependency_links.txt
[0.247s] writing top-level names to yahboom_rosmaster_navigation.egg-info/top_level.txt
[0.248s] reading manifest file 'yahboom_rosmaster_navigation.egg-info/SOURCES.txt'
[0.248s] writing manifest file 'yahboom_rosmaster_navigation.egg-info/SOURCES.txt'
[0.249s] [100%] Built target ament_cmake_python_build_yahboom_rosmaster_navigation_egg
[0.274s] Invoked command in '/home/zanef/ros2_ws/build/yahboom_rosmaster_navigation' returned '0': CMAKE_PREFIX_PATH=${CMAKE_PREFIX_PATH}:/opt/ros/jazzy /usr/bin/cmake --build /home/zanef/ros2_ws/build/yahboom_rosmaster_navigation -- -j16 -l16
[0.275s] Invoking command in '/home/zanef/ros2_ws/build/yahboom_rosmaster_navigation': CMAKE_PREFIX_PATH=${CMAKE_PREFIX_PATH}:/opt/ros/jazzy /usr/bin/cmake --install /home/zanef/ros2_ws/build/yahboom_rosmaster_navigation
[0.281s] -- Install configuration: ""
[0.281s] -- Execute custom install script
[0.282s] -- Symlinking: /home/zanef/ros2_ws/install/yahboom_rosmaster_navigation/lib/yahboom_rosmaster_navigation/cmd_vel_relay
[0.289s] -- Symlinking: /home/zanef/ros2_ws/install/yahboom_rosmaster_navigation/share/yahboom_rosmaster_navigation/config/rosmaster_x3_nav2_default_params.yaml
[0.293s] -- Symlinking: /home/zanef/ros2_ws/install/yahboom_rosmaster_navigation/share/yahboom_rosmaster_navigation/config/rosmaster_x3_nav2_regulated_pure_pursuit_controller.yaml
[0.299s] -- Symlinking: /home/zanef/ros2_ws/install/yahboom_rosmaster_navigation/share/yahboom_rosmaster_navigation/maps/cafe_world_map.pgm
[0.304s] -- Symlinking: /home/zanef/ros2_ws/install/yahboom_rosmaster_navigation/share/yahboom_rosmaster_navigation/maps/cafe_world_map.yaml
[0.309s] -- Symlinking: /home/zanef/ros2_ws/install/yahboom_rosmaster_navigation/share/yahboom_rosmaster_navigation/maps/house_world_map.pgm
[0.314s] -- Symlinking: /home/zanef/ros2_ws/install/yahboom_rosmaster_navigation/share/yahboom_rosmaster_navigation/maps/house_world_map.yaml
[0.321s] -- Symlinking: /home/zanef/ros2_ws/install/yahboom_rosmaster_navigation/share/yahboom_rosmaster_navigation/rviz/nav2_default_view.rviz
[0.328s] -- Symlinking: /home/zanef/ros2_ws/install/yahboom_rosmaster_navigation/share/yahboom_rosmaster_navigation/environment/pythonpath.sh
[0.335s] -- Symlinking: /home/zanef/ros2_ws/install/yahboom_rosmaster_navigation/share/yahboom_rosmaster_navigation/environment/pythonpath.dsv
[0.340s] -- Symlinking: /home/zanef/ros2_ws/install/yahboom_rosmaster_navigation/lib/python3.12/site-packages/yahboom_rosmaster_navigation-0.0.0-py3.12.egg-info/PKG-INFO
[0.345s] -- Symlinking: /home/zanef/ros2_ws/install/yahboom_rosmaster_navigation/lib/python3.12/site-packages/yahboom_rosmaster_navigation-0.0.0-py3.12.egg-info/SOURCES.txt
[0.350s] -- Symlinking: /home/zanef/ros2_ws/install/yahboom_rosmaster_navigation/lib/python3.12/site-packages/yahboom_rosmaster_navigation-0.0.0-py3.12.egg-info/dependency_links.txt
[0.355s] -- Symlinking: /home/zanef/ros2_ws/install/yahboom_rosmaster_navigation/lib/python3.12/site-packages/yahboom_rosmaster_navigation-0.0.0-py3.12.egg-info/top_level.txt
[0.360s] -- Symlinking: /home/zanef/ros2_ws/install/yahboom_rosmaster_navigation/lib/python3.12/site-packages/yahboom_rosmaster_navigation/__init__.py
[0.366s] -- Symlinking: /home/zanef/ros2_ws/install/yahboom_rosmaster_navigation/lib/python3.12/site-packages/yahboom_rosmaster_navigation/posestamped_msg_generator.py
[0.371s] -- Symlinking: /home/zanef/ros2_ws/install/yahboom_rosmaster_navigation/lib/yahboom_rosmaster_navigation/assisted_teleoperation.py
[0.376s] -- Symlinking: /home/zanef/ros2_ws/install/yahboom_rosmaster_navigation/lib/yahboom_rosmaster_navigation/nav_to_pose.py
[0.381s] -- Symlinking: /home/zanef/ros2_ws/install/yahboom_rosmaster_navigation/lib/yahboom_rosmaster_navigation/test_nav_to_pose.py
[0.385s] -- Symlinking: /home/zanef/ros2_ws/install/yahboom_rosmaster_navigation/share/ament_index/resource_index/package_run_dependencies/yahboom_rosmaster_navigation
[0.390s] -- Symlinking: /home/zanef/ros2_ws/install/yahboom_rosmaster_navigation/share/ament_index/resource_index/parent_prefix_path/yahboom_rosmaster_navigation
[0.395s] -- Symlinking: /home/zanef/ros2_ws/install/yahboom_rosmaster_navigation/share/yahboom_rosmaster_navigation/environment/ament_prefix_path.sh
[0.399s] -- Symlinking: /home/zanef/ros2_ws/install/yahboom_rosmaster_navigation/share/yahboom_rosmaster_navigation/environment/ament_prefix_path.dsv
[0.404s] -- Symlinking: /home/zanef/ros2_ws/install/yahboom_rosmaster_navigation/share/yahboom_rosmaster_navigation/environment/path.sh
[0.408s] -- Symlinking: /home/zanef/ros2_ws/install/yahboom_rosmaster_navigation/share/yahboom_rosmaster_navigation/environment/path.dsv
[0.413s] -- Symlinking: /home/zanef/ros2_ws/install/yahboom_rosmaster_navigation/share/yahboom_rosmaster_navigation/local_setup.bash
[0.417s] -- Symlinking: /home/zanef/ros2_ws/install/yahboom_rosmaster_navigation/share/yahboom_rosmaster_navigation/local_setup.sh
[0.422s] -- Symlinking: /home/zanef/ros2_ws/install/yahboom_rosmaster_navigation/share/yahboom_rosmaster_navigation/local_setup.zsh
[0.427s] -- Symlinking: /home/zanef/ros2_ws/install/yahboom_rosmaster_navigation/share/yahboom_rosmaster_navigation/local_setup.dsv
[0.431s] -- Symlinking: /home/zanef/ros2_ws/install/yahboom_rosmaster_navigation/share/yahboom_rosmaster_navigation/package.dsv
[0.435s] -- Symlinking: /home/zanef/ros2_ws/install/yahboom_rosmaster_navigation/share/ament_index/resource_index/packages/yahboom_rosmaster_navigation
[0.440s] -- Symlinking: /home/zanef/ros2_ws/install/yahboom_rosmaster_navigation/share/yahboom_rosmaster_navigation/cmake/yahboom_rosmaster_navigationConfig.cmake
[0.444s] -- Symlinking: /home/zanef/ros2_ws/install/yahboom_rosmaster_navigation/share/yahboom_rosmaster_navigation/cmake/yahboom_rosmaster_navigationConfig-version.cmake
[0.449s] -- Symlinking: /home/zanef/ros2_ws/install/yahboom_rosmaster_navigation/share/yahboom_rosmaster_navigation/package.xml
[0.477s] Listing '/home/zanef/ros2_ws/install/yahboom_rosmaster_navigation/lib/python3.12/site-packages/yahboom_rosmaster_navigation'...
[0.477s] Compiling '/home/zanef/ros2_ws/install/yahboom_rosmaster_navigation/lib/python3.12/site-packages/yahboom_rosmaster_navigation/__init__.py'...
[0.477s] Compiling '/home/zanef/ros2_ws/install/yahboom_rosmaster_navigation/lib/python3.12/site-packages/yahboom_rosmaster_navigation/posestamped_msg_generator.py'...
[0.481s] Invoked command in '/home/zanef/ros2_ws/build/yahboom_rosmaster_navigation' returned '0': CMAKE_PREFIX_PATH=${CMAKE_PREFIX_PATH}:/opt/ros/jazzy /usr/bin/cmake --install /home/zanef/ros2_ws/build/yahboom_rosmaster_navigation
