[0.036s] Invoking command in '/home/zanef/ros2_ws/src/build/yahboom_rosmaster_gazebo': CMAKE_PREFIX_PATH=${CMAKE_PREFIX_PATH}:/opt/ros/jazzy /usr/bin/cmake /home/zanef/ros2_ws/src/yahboom_rosmaster/yahboom_rosmaster_gazebo -DAMENT_CMAKE_SYMLINK_INSTALL=1 -DCMAKE_INSTALL_PREFIX=/home/zanef/ros2_ws/src/install/yahboom_rosmaster_gazebo
[0.197s] -- The C compiler identification is GNU 13.3.0
[1.294s] -- The CXX compiler identification is GNU 13.3.0
[2.351s] -- Detecting C compiler ABI info
[2.658s] -- Detecting C compiler ABI info - done
[2.666s] -- Check for working C compiler: /usr/bin/cc - skipped
[2.666s] -- Detecting C compile features
[2.666s] -- Detecting C compile features - done
[2.779s] -- Detecting CXX compiler ABI info
[3.058s] -- Detecting CXX compiler ABI info - done
[3.079s] -- Check for working CXX compiler: /usr/bin/c++ - skipped
[3.080s] -- Detecting CXX compile features
[3.080s] -- Detecting CXX compile features - done
[3.080s] -- Found ament_cmake: 2.5.5 (/opt/ros/jazzy/share/ament_cmake/cmake)
[3.297s] -- Found Python3: /usr/bin/python3 (found version "3.12.3") found components: Interpreter 
[3.418s] -- Override CMake install command with custom implementation using symlinks instead of copying resources
[3.471s] -- Found controller_manager: 4.42.2 (/opt/ros/jazzy/share/controller_manager/cmake)
[3.769s] -- Found rosidl_generator_c: 4.6.7 (/opt/ros/jazzy/share/rosidl_generator_c/cmake)
[3.784s] -- Found rosidl_generator_cpp: 4.6.7 (/opt/ros/jazzy/share/rosidl_generator_cpp/cmake)
[3.808s] -- Using all available rosidl_typesupport_c: rosidl_typesupport_fastrtps_c;rosidl_typesupport_introspection_c
[3.841s] -- Using all available rosidl_typesupport_cpp: rosidl_typesupport_fastrtps_cpp;rosidl_typesupport_introspection_cpp
[3.977s] -- Found rmw_implementation_cmake: 7.3.3 (/opt/ros/jazzy/share/rmw_implementation_cmake/cmake)
[3.982s] -- Found rmw_fastrtps_cpp: 8.4.3 (/opt/ros/jazzy/share/rmw_fastrtps_cpp/cmake)
[4.107s] -- Found OpenSSL: /usr/lib/x86_64-linux-gnu/libcrypto.so (found version "3.0.13")  
[4.385s] -- Found FastRTPS: /opt/ros/jazzy/include (Required is at least version "2.13") 
[4.552s] -- Using RMW implementation 'rmw_fastrtps_cpp' as default
[5.617s] -- Found gz_ros2_control: 1.2.17 (/opt/ros/jazzy/share/gz_ros2_control/cmake)
[5.626s] -- Found ros_gz: 1.0.18 (/opt/ros/jazzy/share/ros_gz/cmake)
[5.630s] -- Found ros_gz_bridge: 1.0.18 (/opt/ros/jazzy/share/ros_gz_bridge/cmake)
[5.704s] -- Looking for gz-msgs10 -- found version 10.3.2
[5.711s] -- Searching for dependencies of gz-msgs10
[7.834s] -- Found Protobuf: /usr/lib/x86_64-linux-gnu/libprotobuf.so (found version "3.21.12") 
[7.836s] -- Looking for gz-utils2 -- found version 2.2.1
[7.836s] -- Searching for dependencies of gz-utils2
[7.838s] -- Looking for gz-math7 -- found version 7.5.2
[7.838s] -- Searching for dependencies of gz-math7
[7.839s] -- Looking for gz-utils2 -- found version 2.2.1
[7.844s] -- Checking for module 'tinyxml2'
[7.858s] --   Found tinyxml2, version 10.0.0
[7.899s] -- Looking for gz-transport13 -- found version 13.5.0
[7.899s] -- Searching for dependencies of gz-transport13
[10.808s] -- Config-file not installed for ZeroMQ -- checking for pkg-config
[10.811s] -- Checking for module 'libzmq >= 4'
[10.825s] --   Found libzmq, version 4.3.5
[10.862s] -- Found ZeroMQ: TRUE (Required is at least version "4") 
[10.923s] -- Checking for module 'uuid'
[10.933s] --   Found uuid, version 2.39.3
[10.959s] -- Found UUID: TRUE  
[10.959s] -- Looking for gz-utils2 -- found version 2.2.1
[10.959s] -- Searching for dependencies of gz-utils2
[10.959s] -- Searching for <gz-utils2> component [cli]
[10.960s] -- Looking for gz-utils2-cli -- found version 2.2.1
[10.961s] -- Searching for dependencies of gz-utils2-cli
[10.961s] -- Looking for gz-msgs10 -- found version 10.3.2
[11.086s] -- Found ros_gz_image: 1.0.18 (/opt/ros/jazzy/share/ros_gz_image/cmake)
[11.089s] -- Found ros_gz_sim: 1.0.18 (/opt/ros/jazzy/share/ros_gz_sim/cmake)
[11.112s] -- Found ros2_control: 4.42.2 (/opt/ros/jazzy/share/ros2_control/cmake)
[11.114s] -- Found ros2_controllers: 4.36.0 (/opt/ros/jazzy/share/ros2_controllers/cmake)
[11.116s] -- Found xacro: 2.1.1 (/opt/ros/jazzy/share/xacro/cmake)
[11.118s] -- Found ament_lint_auto: 0.17.4 (/opt/ros/jazzy/share/ament_lint_auto/cmake)
[11.233s] -- Added test 'flake8' to check Python code syntax and style conventions
[11.233s] -- Configured 'flake8' exclude dirs and/or files: 
[11.241s] -- Added test 'lint_cmake' to check CMake code style
[11.245s] -- Added test 'pep257' to check Python code against some of the docstring style conventions in PEP 257
[11.274s] -- Added test 'xmllint' to check XML markup files
[11.276s] -- Configuring done (11.2s)
[11.282s] -- Generating done (0.0s)
[11.284s] -- Build files have been written to: /home/zanef/ros2_ws/src/build/yahboom_rosmaster_gazebo
