[0.035s] Invoking command in '/home/zanef/ros2_ws/src/build/yahboom_rosmaster_localization': CMAKE_PREFIX_PATH=${CMAKE_PREFIX_PATH}:/opt/ros/jazzy /usr/bin/cmake /home/zanef/ros2_ws/src/yahboom_rosmaster/yahboom_rosmaster_localization -DAMENT_CMAKE_SYMLINK_INSTALL=1 -DCMAKE_INSTALL_PREFIX=/home/zanef/ros2_ws/src/install/yahboom_rosmaster_localization
[0.192s] -- The C compiler identification is GNU 13.3.0
[1.303s] -- The CXX compiler identification is GNU 13.3.0
[2.342s] -- Detecting C compiler ABI info
[2.621s] -- Detecting C compiler ABI info - done
[2.633s] -- Check for working C compiler: /usr/bin/cc - skipped
[2.633s] -- Detecting C compile features
[2.633s] -- Detecting C compile features - done
[2.731s] -- Detecting CXX compiler ABI info
[3.001s] -- Detecting CXX compiler ABI info - done
[3.007s] -- Check for working CXX compiler: /usr/bin/c++ - skipped
[3.008s] -- Detecting CXX compile features
[3.008s] -- Detecting CXX compile features - done
[3.012s] -- Found ament_cmake: 2.5.5 (/opt/ros/jazzy/share/ament_cmake/cmake)
[3.219s] -- Found Python3: /usr/bin/python3 (found version "3.12.3") found components: Interpreter 
[3.369s] -- Override CMake install command with custom implementation using symlinks instead of copying resources
[3.425s] -- Found robot_localization: 3.8.3 (/opt/ros/jazzy/share/robot_localization/cmake)
[3.645s] -- Found rosidl_generator_c: 4.6.7 (/opt/ros/jazzy/share/rosidl_generator_c/cmake)
[3.670s] -- Found rosidl_generator_cpp: 4.6.7 (/opt/ros/jazzy/share/rosidl_generator_cpp/cmake)
[3.695s] -- Using all available rosidl_typesupport_c: rosidl_typesupport_fastrtps_c;rosidl_typesupport_introspection_c
[3.720s] -- Using all available rosidl_typesupport_cpp: rosidl_typesupport_fastrtps_cpp;rosidl_typesupport_introspection_cpp
[3.971s] -- Found ament_lint_auto: 0.17.4 (/opt/ros/jazzy/share/ament_lint_auto/cmake)
[4.126s] -- Added test 'flake8' to check Python code syntax and style conventions
[4.126s] -- Configured 'flake8' exclude dirs and/or files: 
[4.128s] -- Added test 'lint_cmake' to check CMake code style
[4.129s] -- Added test 'pep257' to check Python code against some of the docstring style conventions in PEP 257
[4.131s] -- Added test 'xmllint' to check XML markup files
[4.132s] -- Configuring done (4.1s)
[4.138s] -- Generating done (0.0s)
[4.141s] -- Build files have been written to: /home/zanef/ros2_ws/src/build/yahboom_rosmaster_localization
[4.150s] Invoked command in '/home/zanef/ros2_ws/src/build/yahboom_rosmaster_localization' returned '0': CMAKE_PREFIX_PATH=${CMAKE_PREFIX_PATH}:/opt/ros/jazzy /usr/bin/cmake /home/zanef/ros2_ws/src/yahboom_rosmaster/yahboom_rosmaster_localization -DAMENT_CMAKE_SYMLINK_INSTALL=1 -DCMAKE_INSTALL_PREFIX=/home/zanef/ros2_ws/src/install/yahboom_rosmaster_localization
[4.151s] Invoking command in '/home/zanef/ros2_ws/src/build/yahboom_rosmaster_localization': CMAKE_PREFIX_PATH=${CMAKE_PREFIX_PATH}:/opt/ros/jazzy /usr/bin/cmake --build /home/zanef/ros2_ws/src/build/yahboom_rosmaster_localization -- -j12 -l12
[4.197s] Invoked command in '/home/zanef/ros2_ws/src/build/yahboom_rosmaster_localization' returned '0': CMAKE_PREFIX_PATH=${CMAKE_PREFIX_PATH}:/opt/ros/jazzy /usr/bin/cmake --build /home/zanef/ros2_ws/src/build/yahboom_rosmaster_localization -- -j12 -l12
[4.199s] Invoking command in '/home/zanef/ros2_ws/src/build/yahboom_rosmaster_localization': CMAKE_PREFIX_PATH=${CMAKE_PREFIX_PATH}:/opt/ros/jazzy /usr/bin/cmake --install /home/zanef/ros2_ws/src/build/yahboom_rosmaster_localization
[4.207s] -- Install configuration: ""
[4.207s] -- Execute custom install script
[4.209s] -- Symlinking: /home/zanef/ros2_ws/src/install/yahboom_rosmaster_localization/share/yahboom_rosmaster_localization/config/ekf.yaml
[4.223s] -- Symlinking: /home/zanef/ros2_ws/src/install/yahboom_rosmaster_localization/share/yahboom_rosmaster_localization/launch/ekf_gazebo.launch.py
[4.235s] -- Symlinking: /home/zanef/ros2_ws/src/install/yahboom_rosmaster_localization/share/ament_index/resource_index/package_run_dependencies/yahboom_rosmaster_localization
[4.250s] -- Symlinking: /home/zanef/ros2_ws/src/install/yahboom_rosmaster_localization/share/ament_index/resource_index/parent_prefix_path/yahboom_rosmaster_localization
[4.258s] -- Symlinking: /home/zanef/ros2_ws/src/install/yahboom_rosmaster_localization/share/yahboom_rosmaster_localization/environment/ament_prefix_path.sh
[4.279s] -- Symlinking: /home/zanef/ros2_ws/src/install/yahboom_rosmaster_localization/share/yahboom_rosmaster_localization/environment/ament_prefix_path.dsv
[4.289s] -- Symlinking: /home/zanef/ros2_ws/src/install/yahboom_rosmaster_localization/share/yahboom_rosmaster_localization/environment/path.sh
[4.299s] -- Symlinking: /home/zanef/ros2_ws/src/install/yahboom_rosmaster_localization/share/yahboom_rosmaster_localization/environment/path.dsv
[4.311s] -- Symlinking: /home/zanef/ros2_ws/src/install/yahboom_rosmaster_localization/share/yahboom_rosmaster_localization/local_setup.bash
[4.321s] -- Symlinking: /home/zanef/ros2_ws/src/install/yahboom_rosmaster_localization/share/yahboom_rosmaster_localization/local_setup.sh
[4.329s] -- Symlinking: /home/zanef/ros2_ws/src/install/yahboom_rosmaster_localization/share/yahboom_rosmaster_localization/local_setup.zsh
[4.338s] -- Symlinking: /home/zanef/ros2_ws/src/install/yahboom_rosmaster_localization/share/yahboom_rosmaster_localization/local_setup.dsv
[4.348s] -- Symlinking: /home/zanef/ros2_ws/src/install/yahboom_rosmaster_localization/share/yahboom_rosmaster_localization/package.dsv
[4.361s] -- Symlinking: /home/zanef/ros2_ws/src/install/yahboom_rosmaster_localization/share/ament_index/resource_index/packages/yahboom_rosmaster_localization
[4.376s] -- Symlinking: /home/zanef/ros2_ws/src/install/yahboom_rosmaster_localization/share/yahboom_rosmaster_localization/cmake/yahboom_rosmaster_localizationConfig.cmake
[4.387s] -- Symlinking: /home/zanef/ros2_ws/src/install/yahboom_rosmaster_localization/share/yahboom_rosmaster_localization/cmake/yahboom_rosmaster_localizationConfig-version.cmake
[4.400s] -- Symlinking: /home/zanef/ros2_ws/src/install/yahboom_rosmaster_localization/share/yahboom_rosmaster_localization/package.xml
[4.413s] Invoked command in '/home/zanef/ros2_ws/src/build/yahboom_rosmaster_localization' returned '0': CMAKE_PREFIX_PATH=${CMAKE_PREFIX_PATH}:/opt/ros/jazzy /usr/bin/cmake --install /home/zanef/ros2_ws/src/build/yahboom_rosmaster_localization
