[0.163s] DEBUG:colcon:Command line arguments: ['/usr/bin/colcon', 'build', '--symlink-install', '--allow-overriding', 'mecanum_drive_controller']
[0.163s] DEBUG:colcon:Parsed command line arguments: Namespace(log_base=None, log_level=None, verb_name='build', build_base='build', install_base='install', merge_install=False, symlink_install=True, test_result_base=None, continue_on_error=False, executor='parallel', parallel_workers=12, event_handlers=None, ignore_user_meta=False, metas=['./colcon.meta'], base_paths=['.'], packages_ignore=None, packages_ignore_regex=None, paths=None, packages_up_to=None, packages_up_to_regex=None, packages_above=None, packages_above_and_dependencies=None, packages_above_depth=None, packages_select_by_dep=None, packages_skip_by_dep=None, packages_skip_up_to=None, packages_select_build_failed=False, packages_skip_build_finished=False, packages_select_test_failures=False, packages_skip_test_passed=False, packages_select=None, packages_skip=None, packages_select_regex=None, packages_skip_regex=None, packages_start=None, packages_end=None, allow_overriding=['mecanum_drive_controller'], cmake_args=None, cmake_target=None, cmake_target_skip_unavailable=False, cmake_clean_cache=False, cmake_clean_first=False, cmake_force_configure=False, ament_cmake_args=None, catkin_cmake_args=None, catkin_skip_building_tests=False, verb_parser=<colcon_defaults.argument_parser.defaults.DefaultArgumentsDecorator object at 0x771e0c067fe0>, verb_extension=<colcon_core.verb.build.BuildVerb object at 0x771e0c1fb260>, main=<bound method BuildVerb.main of <colcon_core.verb.build.BuildVerb object at 0x771e0c1fb260>>)
[0.187s] Level 1:colcon.colcon_core.package_discovery:discover_packages(colcon_meta) check parameters
[0.187s] Level 1:colcon.colcon_core.package_discovery:discover_packages(recursive) check parameters
[0.187s] Level 1:colcon.colcon_core.package_discovery:discover_packages(ignore) check parameters
[0.187s] Level 1:colcon.colcon_core.package_discovery:discover_packages(path) check parameters
[0.187s] Level 1:colcon.colcon_core.package_discovery:discover_packages(colcon_meta) discover
[0.187s] Level 1:colcon.colcon_core.package_discovery:discover_packages(recursive) discover
[0.187s] INFO:colcon.colcon_core.package_discovery:Crawling recursively for packages in '/home/zanef/ros2_ws/src'
[0.187s] Level 1:colcon.colcon_core.package_identification:_identify(.) by extensions ['ignore', 'ignore_ament_install']
[0.187s] Level 1:colcon.colcon_core.package_identification:_identify(.) by extension 'ignore'
[0.187s] Level 1:colcon.colcon_core.package_identification:_identify(.) by extension 'ignore_ament_install'
[0.187s] Level 1:colcon.colcon_core.package_identification:_identify(.) by extensions ['colcon_pkg']
[0.187s] Level 1:colcon.colcon_core.package_identification:_identify(.) by extension 'colcon_pkg'
[0.187s] Level 1:colcon.colcon_core.package_identification:_identify(.) by extensions ['colcon_meta']
[0.187s] Level 1:colcon.colcon_core.package_identification:_identify(.) by extension 'colcon_meta'
[0.187s] Level 1:colcon.colcon_core.package_identification:_identify(.) by extensions ['ros']
[0.187s] Level 1:colcon.colcon_core.package_identification:_identify(.) by extension 'ros'
[0.205s] Level 1:colcon.colcon_core.package_identification:_identify(.) by extensions ['cmake', 'python']
[0.205s] Level 1:colcon.colcon_core.package_identification:_identify(.) by extension 'cmake'
[0.205s] Level 1:colcon.colcon_core.package_identification:_identify(.) by extension 'python'
[0.205s] Level 1:colcon.colcon_core.package_identification:_identify(.) by extensions ['python_setup_py']
[0.205s] Level 1:colcon.colcon_core.package_identification:_identify(.) by extension 'python_setup_py'
[0.205s] Level 1:colcon.colcon_core.package_identification:_identify(build) by extensions ['ignore', 'ignore_ament_install']
[0.205s] Level 1:colcon.colcon_core.package_identification:_identify(build) by extension 'ignore'
[0.205s] Level 1:colcon.colcon_core.package_identification:_identify(build) ignored
[0.205s] Level 1:colcon.colcon_core.package_identification:_identify(install) by extensions ['ignore', 'ignore_ament_install']
[0.206s] Level 1:colcon.colcon_core.package_identification:_identify(install) by extension 'ignore'
[0.206s] Level 1:colcon.colcon_core.package_identification:_identify(install) ignored
[0.206s] Level 1:colcon.colcon_core.package_identification:_identify(log) by extensions ['ignore', 'ignore_ament_install']
[0.206s] Level 1:colcon.colcon_core.package_identification:_identify(log) by extension 'ignore'
[0.206s] Level 1:colcon.colcon_core.package_identification:_identify(log) ignored
[0.206s] Level 1:colcon.colcon_core.package_identification:_identify(yahboom_rosmaster) by extensions ['ignore', 'ignore_ament_install']
[0.206s] Level 1:colcon.colcon_core.package_identification:_identify(yahboom_rosmaster) by extension 'ignore'
[0.206s] Level 1:colcon.colcon_core.package_identification:_identify(yahboom_rosmaster) by extension 'ignore_ament_install'
[0.206s] Level 1:colcon.colcon_core.package_identification:_identify(yahboom_rosmaster) by extensions ['colcon_pkg']
[0.206s] Level 1:colcon.colcon_core.package_identification:_identify(yahboom_rosmaster) by extension 'colcon_pkg'
[0.206s] Level 1:colcon.colcon_core.package_identification:_identify(yahboom_rosmaster) by extensions ['colcon_meta']
[0.206s] Level 1:colcon.colcon_core.package_identification:_identify(yahboom_rosmaster) by extension 'colcon_meta'
[0.206s] Level 1:colcon.colcon_core.package_identification:_identify(yahboom_rosmaster) by extensions ['ros']
[0.206s] Level 1:colcon.colcon_core.package_identification:_identify(yahboom_rosmaster) by extension 'ros'
[0.206s] Level 1:colcon.colcon_core.package_identification:_identify(yahboom_rosmaster) by extensions ['cmake', 'python']
[0.206s] Level 1:colcon.colcon_core.package_identification:_identify(yahboom_rosmaster) by extension 'cmake'
[0.206s] Level 1:colcon.colcon_core.package_identification:_identify(yahboom_rosmaster) by extension 'python'
[0.206s] Level 1:colcon.colcon_core.package_identification:_identify(yahboom_rosmaster) by extensions ['python_setup_py']
[0.206s] Level 1:colcon.colcon_core.package_identification:_identify(yahboom_rosmaster) by extension 'python_setup_py'
[0.206s] Level 1:colcon.colcon_core.package_identification:_identify(yahboom_rosmaster/mecanum_drive_controller) by extensions ['ignore', 'ignore_ament_install']
[0.206s] Level 1:colcon.colcon_core.package_identification:_identify(yahboom_rosmaster/mecanum_drive_controller) by extension 'ignore'
[0.206s] Level 1:colcon.colcon_core.package_identification:_identify(yahboom_rosmaster/mecanum_drive_controller) by extension 'ignore_ament_install'
[0.206s] Level 1:colcon.colcon_core.package_identification:_identify(yahboom_rosmaster/mecanum_drive_controller) by extensions ['colcon_pkg']
[0.206s] Level 1:colcon.colcon_core.package_identification:_identify(yahboom_rosmaster/mecanum_drive_controller) by extension 'colcon_pkg'
[0.206s] Level 1:colcon.colcon_core.package_identification:_identify(yahboom_rosmaster/mecanum_drive_controller) by extensions ['colcon_meta']
[0.206s] Level 1:colcon.colcon_core.package_identification:_identify(yahboom_rosmaster/mecanum_drive_controller) by extension 'colcon_meta'
[0.206s] Level 1:colcon.colcon_core.package_identification:_identify(yahboom_rosmaster/mecanum_drive_controller) by extensions ['ros']
[0.206s] Level 1:colcon.colcon_core.package_identification:_identify(yahboom_rosmaster/mecanum_drive_controller) by extension 'ros'
[0.209s] DEBUG:colcon.colcon_core.package_identification:Package 'yahboom_rosmaster/mecanum_drive_controller' with type 'ros.ament_cmake' and name 'mecanum_drive_controller'
[0.209s] Level 1:colcon.colcon_core.package_identification:_identify(yahboom_rosmaster/yahboom_rosmaster) by extensions ['ignore', 'ignore_ament_install']
[0.209s] Level 1:colcon.colcon_core.package_identification:_identify(yahboom_rosmaster/yahboom_rosmaster) by extension 'ignore'
[0.209s] Level 1:colcon.colcon_core.package_identification:_identify(yahboom_rosmaster/yahboom_rosmaster) by extension 'ignore_ament_install'
[0.209s] Level 1:colcon.colcon_core.package_identification:_identify(yahboom_rosmaster/yahboom_rosmaster) by extensions ['colcon_pkg']
[0.209s] Level 1:colcon.colcon_core.package_identification:_identify(yahboom_rosmaster/yahboom_rosmaster) by extension 'colcon_pkg'
[0.209s] Level 1:colcon.colcon_core.package_identification:_identify(yahboom_rosmaster/yahboom_rosmaster) by extensions ['colcon_meta']
[0.209s] Level 1:colcon.colcon_core.package_identification:_identify(yahboom_rosmaster/yahboom_rosmaster) by extension 'colcon_meta'
[0.209s] Level 1:colcon.colcon_core.package_identification:_identify(yahboom_rosmaster/yahboom_rosmaster) by extensions ['ros']
[0.209s] Level 1:colcon.colcon_core.package_identification:_identify(yahboom_rosmaster/yahboom_rosmaster) by extension 'ros'
[0.209s] DEBUG:colcon.colcon_core.package_identification:Package 'yahboom_rosmaster/yahboom_rosmaster' with type 'ros.ament_cmake' and name 'yahboom_rosmaster'
[0.210s] Level 1:colcon.colcon_core.package_identification:_identify(yahboom_rosmaster/yahboom_rosmaster_bringup) by extensions ['ignore', 'ignore_ament_install']
[0.210s] Level 1:colcon.colcon_core.package_identification:_identify(yahboom_rosmaster/yahboom_rosmaster_bringup) by extension 'ignore'
[0.210s] Level 1:colcon.colcon_core.package_identification:_identify(yahboom_rosmaster/yahboom_rosmaster_bringup) by extension 'ignore_ament_install'
[0.210s] Level 1:colcon.colcon_core.package_identification:_identify(yahboom_rosmaster/yahboom_rosmaster_bringup) by extensions ['colcon_pkg']
[0.210s] Level 1:colcon.colcon_core.package_identification:_identify(yahboom_rosmaster/yahboom_rosmaster_bringup) by extension 'colcon_pkg'
[0.210s] Level 1:colcon.colcon_core.package_identification:_identify(yahboom_rosmaster/yahboom_rosmaster_bringup) by extensions ['colcon_meta']
[0.210s] Level 1:colcon.colcon_core.package_identification:_identify(yahboom_rosmaster/yahboom_rosmaster_bringup) by extension 'colcon_meta'
[0.210s] Level 1:colcon.colcon_core.package_identification:_identify(yahboom_rosmaster/yahboom_rosmaster_bringup) by extensions ['ros']
[0.210s] Level 1:colcon.colcon_core.package_identification:_identify(yahboom_rosmaster/yahboom_rosmaster_bringup) by extension 'ros'
[0.210s] DEBUG:colcon.colcon_core.package_identification:Package 'yahboom_rosmaster/yahboom_rosmaster_bringup' with type 'ros.ament_cmake' and name 'yahboom_rosmaster_bringup'
[0.210s] Level 1:colcon.colcon_core.package_identification:_identify(yahboom_rosmaster/yahboom_rosmaster_description) by extensions ['ignore', 'ignore_ament_install']
[0.210s] Level 1:colcon.colcon_core.package_identification:_identify(yahboom_rosmaster/yahboom_rosmaster_description) by extension 'ignore'
[0.210s] Level 1:colcon.colcon_core.package_identification:_identify(yahboom_rosmaster/yahboom_rosmaster_description) by extension 'ignore_ament_install'
[0.210s] Level 1:colcon.colcon_core.package_identification:_identify(yahboom_rosmaster/yahboom_rosmaster_description) by extensions ['colcon_pkg']
[0.210s] Level 1:colcon.colcon_core.package_identification:_identify(yahboom_rosmaster/yahboom_rosmaster_description) by extension 'colcon_pkg'
[0.210s] Level 1:colcon.colcon_core.package_identification:_identify(yahboom_rosmaster/yahboom_rosmaster_description) by extensions ['colcon_meta']
[0.210s] Level 1:colcon.colcon_core.package_identification:_identify(yahboom_rosmaster/yahboom_rosmaster_description) by extension 'colcon_meta'
[0.210s] Level 1:colcon.colcon_core.package_identification:_identify(yahboom_rosmaster/yahboom_rosmaster_description) by extensions ['ros']
[0.210s] Level 1:colcon.colcon_core.package_identification:_identify(yahboom_rosmaster/yahboom_rosmaster_description) by extension 'ros'
[0.211s] DEBUG:colcon.colcon_core.package_identification:Package 'yahboom_rosmaster/yahboom_rosmaster_description' with type 'ros.ament_cmake' and name 'yahboom_rosmaster_description'
[0.211s] Level 1:colcon.colcon_core.package_identification:_identify(yahboom_rosmaster/yahboom_rosmaster_docking) by extensions ['ignore', 'ignore_ament_install']
[0.211s] Level 1:colcon.colcon_core.package_identification:_identify(yahboom_rosmaster/yahboom_rosmaster_docking) by extension 'ignore'
[0.211s] Level 1:colcon.colcon_core.package_identification:_identify(yahboom_rosmaster/yahboom_rosmaster_docking) by extension 'ignore_ament_install'
[0.211s] Level 1:colcon.colcon_core.package_identification:_identify(yahboom_rosmaster/yahboom_rosmaster_docking) by extensions ['colcon_pkg']
[0.211s] Level 1:colcon.colcon_core.package_identification:_identify(yahboom_rosmaster/yahboom_rosmaster_docking) by extension 'colcon_pkg'
[0.211s] Level 1:colcon.colcon_core.package_identification:_identify(yahboom_rosmaster/yahboom_rosmaster_docking) by extensions ['colcon_meta']
[0.211s] Level 1:colcon.colcon_core.package_identification:_identify(yahboom_rosmaster/yahboom_rosmaster_docking) by extension 'colcon_meta'
[0.211s] Level 1:colcon.colcon_core.package_identification:_identify(yahboom_rosmaster/yahboom_rosmaster_docking) by extensions ['ros']
[0.211s] Level 1:colcon.colcon_core.package_identification:_identify(yahboom_rosmaster/yahboom_rosmaster_docking) by extension 'ros'
[0.211s] DEBUG:colcon.colcon_core.package_identification:Package 'yahboom_rosmaster/yahboom_rosmaster_docking' with type 'ros.ament_cmake' and name 'yahboom_rosmaster_docking'
[0.212s] Level 1:colcon.colcon_core.package_identification:_identify(yahboom_rosmaster/yahboom_rosmaster_gazebo) by extensions ['ignore', 'ignore_ament_install']
[0.212s] Level 1:colcon.colcon_core.package_identification:_identify(yahboom_rosmaster/yahboom_rosmaster_gazebo) by extension 'ignore'
[0.212s] Level 1:colcon.colcon_core.package_identification:_identify(yahboom_rosmaster/yahboom_rosmaster_gazebo) by extension 'ignore_ament_install'
[0.212s] Level 1:colcon.colcon_core.package_identification:_identify(yahboom_rosmaster/yahboom_rosmaster_gazebo) by extensions ['colcon_pkg']
[0.212s] Level 1:colcon.colcon_core.package_identification:_identify(yahboom_rosmaster/yahboom_rosmaster_gazebo) by extension 'colcon_pkg'
[0.212s] Level 1:colcon.colcon_core.package_identification:_identify(yahboom_rosmaster/yahboom_rosmaster_gazebo) by extensions ['colcon_meta']
[0.212s] Level 1:colcon.colcon_core.package_identification:_identify(yahboom_rosmaster/yahboom_rosmaster_gazebo) by extension 'colcon_meta'
[0.212s] Level 1:colcon.colcon_core.package_identification:_identify(yahboom_rosmaster/yahboom_rosmaster_gazebo) by extensions ['ros']
[0.212s] Level 1:colcon.colcon_core.package_identification:_identify(yahboom_rosmaster/yahboom_rosmaster_gazebo) by extension 'ros'
[0.212s] DEBUG:colcon.colcon_core.package_identification:Package 'yahboom_rosmaster/yahboom_rosmaster_gazebo' with type 'ros.ament_cmake' and name 'yahboom_rosmaster_gazebo'
[0.212s] Level 1:colcon.colcon_core.package_identification:_identify(yahboom_rosmaster/yahboom_rosmaster_localization) by extensions ['ignore', 'ignore_ament_install']
[0.212s] Level 1:colcon.colcon_core.package_identification:_identify(yahboom_rosmaster/yahboom_rosmaster_localization) by extension 'ignore'
[0.212s] Level 1:colcon.colcon_core.package_identification:_identify(yahboom_rosmaster/yahboom_rosmaster_localization) by extension 'ignore_ament_install'
[0.212s] Level 1:colcon.colcon_core.package_identification:_identify(yahboom_rosmaster/yahboom_rosmaster_localization) by extensions ['colcon_pkg']
[0.212s] Level 1:colcon.colcon_core.package_identification:_identify(yahboom_rosmaster/yahboom_rosmaster_localization) by extension 'colcon_pkg'
[0.212s] Level 1:colcon.colcon_core.package_identification:_identify(yahboom_rosmaster/yahboom_rosmaster_localization) by extensions ['colcon_meta']
[0.212s] Level 1:colcon.colcon_core.package_identification:_identify(yahboom_rosmaster/yahboom_rosmaster_localization) by extension 'colcon_meta'
[0.212s] Level 1:colcon.colcon_core.package_identification:_identify(yahboom_rosmaster/yahboom_rosmaster_localization) by extensions ['ros']
[0.212s] Level 1:colcon.colcon_core.package_identification:_identify(yahboom_rosmaster/yahboom_rosmaster_localization) by extension 'ros'
[0.213s] DEBUG:colcon.colcon_core.package_identification:Package 'yahboom_rosmaster/yahboom_rosmaster_localization' with type 'ros.ament_cmake' and name 'yahboom_rosmaster_localization'
[0.213s] Level 1:colcon.colcon_core.package_identification:_identify(yahboom_rosmaster/yahboom_rosmaster_msgs) by extensions ['ignore', 'ignore_ament_install']
[0.213s] Level 1:colcon.colcon_core.package_identification:_identify(yahboom_rosmaster/yahboom_rosmaster_msgs) by extension 'ignore'
[0.213s] Level 1:colcon.colcon_core.package_identification:_identify(yahboom_rosmaster/yahboom_rosmaster_msgs) by extension 'ignore_ament_install'
[0.213s] Level 1:colcon.colcon_core.package_identification:_identify(yahboom_rosmaster/yahboom_rosmaster_msgs) by extensions ['colcon_pkg']
[0.213s] Level 1:colcon.colcon_core.package_identification:_identify(yahboom_rosmaster/yahboom_rosmaster_msgs) by extension 'colcon_pkg'
[0.213s] Level 1:colcon.colcon_core.package_identification:_identify(yahboom_rosmaster/yahboom_rosmaster_msgs) by extensions ['colcon_meta']
[0.213s] Level 1:colcon.colcon_core.package_identification:_identify(yahboom_rosmaster/yahboom_rosmaster_msgs) by extension 'colcon_meta'
[0.213s] Level 1:colcon.colcon_core.package_identification:_identify(yahboom_rosmaster/yahboom_rosmaster_msgs) by extensions ['ros']
[0.213s] Level 1:colcon.colcon_core.package_identification:_identify(yahboom_rosmaster/yahboom_rosmaster_msgs) by extension 'ros'
[0.213s] DEBUG:colcon.colcon_core.package_identification:Package 'yahboom_rosmaster/yahboom_rosmaster_msgs' with type 'ros.ament_cmake' and name 'yahboom_rosmaster_msgs'
[0.213s] Level 1:colcon.colcon_core.package_identification:_identify(yahboom_rosmaster/yahboom_rosmaster_navigation) by extensions ['ignore', 'ignore_ament_install']
[0.213s] Level 1:colcon.colcon_core.package_identification:_identify(yahboom_rosmaster/yahboom_rosmaster_navigation) by extension 'ignore'
[0.213s] Level 1:colcon.colcon_core.package_identification:_identify(yahboom_rosmaster/yahboom_rosmaster_navigation) by extension 'ignore_ament_install'
[0.213s] Level 1:colcon.colcon_core.package_identification:_identify(yahboom_rosmaster/yahboom_rosmaster_navigation) by extensions ['colcon_pkg']
[0.213s] Level 1:colcon.colcon_core.package_identification:_identify(yahboom_rosmaster/yahboom_rosmaster_navigation) by extension 'colcon_pkg'
[0.214s] Level 1:colcon.colcon_core.package_identification:_identify(yahboom_rosmaster/yahboom_rosmaster_navigation) by extensions ['colcon_meta']
[0.214s] Level 1:colcon.colcon_core.package_identification:_identify(yahboom_rosmaster/yahboom_rosmaster_navigation) by extension 'colcon_meta'
[0.214s] Level 1:colcon.colcon_core.package_identification:_identify(yahboom_rosmaster/yahboom_rosmaster_navigation) by extensions ['ros']
[0.214s] Level 1:colcon.colcon_core.package_identification:_identify(yahboom_rosmaster/yahboom_rosmaster_navigation) by extension 'ros'
[0.214s] DEBUG:colcon.colcon_core.package_identification:Package 'yahboom_rosmaster/yahboom_rosmaster_navigation' with type 'ros.ament_cmake' and name 'yahboom_rosmaster_navigation'
[0.214s] Level 1:colcon.colcon_core.package_identification:_identify(yahboom_rosmaster/yahboom_rosmaster_system_tests) by extensions ['ignore', 'ignore_ament_install']
[0.214s] Level 1:colcon.colcon_core.package_identification:_identify(yahboom_rosmaster/yahboom_rosmaster_system_tests) by extension 'ignore'
[0.214s] Level 1:colcon.colcon_core.package_identification:_identify(yahboom_rosmaster/yahboom_rosmaster_system_tests) by extension 'ignore_ament_install'
[0.214s] Level 1:colcon.colcon_core.package_identification:_identify(yahboom_rosmaster/yahboom_rosmaster_system_tests) by extensions ['colcon_pkg']
[0.214s] Level 1:colcon.colcon_core.package_identification:_identify(yahboom_rosmaster/yahboom_rosmaster_system_tests) by extension 'colcon_pkg'
[0.214s] Level 1:colcon.colcon_core.package_identification:_identify(yahboom_rosmaster/yahboom_rosmaster_system_tests) by extensions ['colcon_meta']
[0.214s] Level 1:colcon.colcon_core.package_identification:_identify(yahboom_rosmaster/yahboom_rosmaster_system_tests) by extension 'colcon_meta'
[0.214s] Level 1:colcon.colcon_core.package_identification:_identify(yahboom_rosmaster/yahboom_rosmaster_system_tests) by extensions ['ros']
[0.214s] Level 1:colcon.colcon_core.package_identification:_identify(yahboom_rosmaster/yahboom_rosmaster_system_tests) by extension 'ros'
[0.215s] DEBUG:colcon.colcon_core.package_identification:Package 'yahboom_rosmaster/yahboom_rosmaster_system_tests' with type 'ros.ament_cmake' and name 'yahboom_rosmaster_system_tests'
[0.215s] Level 1:colcon.colcon_core.package_discovery:discover_packages(recursive) using defaults
[0.215s] Level 1:colcon.colcon_core.package_discovery:discover_packages(ignore) discover
[0.215s] Level 1:colcon.colcon_core.package_discovery:discover_packages(ignore) using defaults
[0.215s] Level 1:colcon.colcon_core.package_discovery:discover_packages(path) discover
[0.215s] Level 1:colcon.colcon_core.package_discovery:discover_packages(path) using defaults
[0.227s] Level 1:colcon.colcon_core.package_discovery:discover_packages(prefix_path) check parameters
[0.227s] Level 1:colcon.colcon_core.package_discovery:discover_packages(prefix_path) discover
[0.228s] DEBUG:colcon.colcon_installed_package_information.package_discovery:Found 439 installed packages in /opt/ros/jazzy
[0.229s] Level 1:colcon.colcon_core.package_discovery:discover_packages(prefix_path) using defaults
[0.259s] Level 5:colcon.colcon_core.verb:set package 'mecanum_drive_controller' build argument 'cmake_args' from command line to 'None'
[0.259s] Level 5:colcon.colcon_core.verb:set package 'mecanum_drive_controller' build argument 'cmake_target' from command line to 'None'
[0.259s] Level 5:colcon.colcon_core.verb:set package 'mecanum_drive_controller' build argument 'cmake_target_skip_unavailable' from command line to 'False'
[0.259s] Level 5:colcon.colcon_core.verb:set package 'mecanum_drive_controller' build argument 'cmake_clean_cache' from command line to 'False'
[0.259s] Level 5:colcon.colcon_core.verb:set package 'mecanum_drive_controller' build argument 'cmake_clean_first' from command line to 'False'
[0.259s] Level 5:colcon.colcon_core.verb:set package 'mecanum_drive_controller' build argument 'cmake_force_configure' from command line to 'False'
[0.259s] Level 5:colcon.colcon_core.verb:set package 'mecanum_drive_controller' build argument 'ament_cmake_args' from command line to 'None'
[0.259s] Level 5:colcon.colcon_core.verb:set package 'mecanum_drive_controller' build argument 'catkin_cmake_args' from command line to 'None'
[0.259s] Level 5:colcon.colcon_core.verb:set package 'mecanum_drive_controller' build argument 'catkin_skip_building_tests' from command line to 'False'
[0.259s] DEBUG:colcon.colcon_core.verb:Building package 'mecanum_drive_controller' with the following arguments: {'ament_cmake_args': None, 'build_base': '/home/zanef/ros2_ws/src/build/mecanum_drive_controller', 'catkin_cmake_args': None, 'catkin_skip_building_tests': False, 'cmake_args': None, 'cmake_clean_cache': False, 'cmake_clean_first': False, 'cmake_force_configure': False, 'cmake_target': None, 'cmake_target_skip_unavailable': False, 'install_base': '/home/zanef/ros2_ws/src/install/mecanum_drive_controller', 'merge_install': False, 'path': '/home/zanef/ros2_ws/src/yahboom_rosmaster/mecanum_drive_controller', 'symlink_install': True, 'test_result_base': None}
[0.259s] Level 5:colcon.colcon_core.verb:set package 'yahboom_rosmaster_bringup' build argument 'cmake_args' from command line to 'None'
[0.259s] Level 5:colcon.colcon_core.verb:set package 'yahboom_rosmaster_bringup' build argument 'cmake_target' from command line to 'None'
[0.259s] Level 5:colcon.colcon_core.verb:set package 'yahboom_rosmaster_bringup' build argument 'cmake_target_skip_unavailable' from command line to 'False'
[0.259s] Level 5:colcon.colcon_core.verb:set package 'yahboom_rosmaster_bringup' build argument 'cmake_clean_cache' from command line to 'False'
[0.259s] Level 5:colcon.colcon_core.verb:set package 'yahboom_rosmaster_bringup' build argument 'cmake_clean_first' from command line to 'False'
[0.259s] Level 5:colcon.colcon_core.verb:set package 'yahboom_rosmaster_bringup' build argument 'cmake_force_configure' from command line to 'False'
[0.259s] Level 5:colcon.colcon_core.verb:set package 'yahboom_rosmaster_bringup' build argument 'ament_cmake_args' from command line to 'None'
[0.259s] Level 5:colcon.colcon_core.verb:set package 'yahboom_rosmaster_bringup' build argument 'catkin_cmake_args' from command line to 'None'
[0.259s] Level 5:colcon.colcon_core.verb:set package 'yahboom_rosmaster_bringup' build argument 'catkin_skip_building_tests' from command line to 'False'
[0.259s] DEBUG:colcon.colcon_core.verb:Building package 'yahboom_rosmaster_bringup' with the following arguments: {'ament_cmake_args': None, 'build_base': '/home/zanef/ros2_ws/src/build/yahboom_rosmaster_bringup', 'catkin_cmake_args': None, 'catkin_skip_building_tests': False, 'cmake_args': None, 'cmake_clean_cache': False, 'cmake_clean_first': False, 'cmake_force_configure': False, 'cmake_target': None, 'cmake_target_skip_unavailable': False, 'install_base': '/home/zanef/ros2_ws/src/install/yahboom_rosmaster_bringup', 'merge_install': False, 'path': '/home/zanef/ros2_ws/src/yahboom_rosmaster/yahboom_rosmaster_bringup', 'symlink_install': True, 'test_result_base': None}
[0.259s] Level 5:colcon.colcon_core.verb:set package 'yahboom_rosmaster_description' build argument 'cmake_args' from command line to 'None'
[0.259s] Level 5:colcon.colcon_core.verb:set package 'yahboom_rosmaster_description' build argument 'cmake_target' from command line to 'None'
[0.259s] Level 5:colcon.colcon_core.verb:set package 'yahboom_rosmaster_description' build argument 'cmake_target_skip_unavailable' from command line to 'False'
[0.259s] Level 5:colcon.colcon_core.verb:set package 'yahboom_rosmaster_description' build argument 'cmake_clean_cache' from command line to 'False'
[0.259s] Level 5:colcon.colcon_core.verb:set package 'yahboom_rosmaster_description' build argument 'cmake_clean_first' from command line to 'False'
[0.259s] Level 5:colcon.colcon_core.verb:set package 'yahboom_rosmaster_description' build argument 'cmake_force_configure' from command line to 'False'
[0.259s] Level 5:colcon.colcon_core.verb:set package 'yahboom_rosmaster_description' build argument 'ament_cmake_args' from command line to 'None'
[0.259s] Level 5:colcon.colcon_core.verb:set package 'yahboom_rosmaster_description' build argument 'catkin_cmake_args' from command line to 'None'
[0.259s] Level 5:colcon.colcon_core.verb:set package 'yahboom_rosmaster_description' build argument 'catkin_skip_building_tests' from command line to 'False'
[0.259s] DEBUG:colcon.colcon_core.verb:Building package 'yahboom_rosmaster_description' with the following arguments: {'ament_cmake_args': None, 'build_base': '/home/zanef/ros2_ws/src/build/yahboom_rosmaster_description', 'catkin_cmake_args': None, 'catkin_skip_building_tests': False, 'cmake_args': None, 'cmake_clean_cache': False, 'cmake_clean_first': False, 'cmake_force_configure': False, 'cmake_target': None, 'cmake_target_skip_unavailable': False, 'install_base': '/home/zanef/ros2_ws/src/install/yahboom_rosmaster_description', 'merge_install': False, 'path': '/home/zanef/ros2_ws/src/yahboom_rosmaster/yahboom_rosmaster_description', 'symlink_install': True, 'test_result_base': None}
[0.260s] Level 5:colcon.colcon_core.verb:set package 'yahboom_rosmaster_docking' build argument 'cmake_args' from command line to 'None'
[0.260s] Level 5:colcon.colcon_core.verb:set package 'yahboom_rosmaster_docking' build argument 'cmake_target' from command line to 'None'
[0.260s] Level 5:colcon.colcon_core.verb:set package 'yahboom_rosmaster_docking' build argument 'cmake_target_skip_unavailable' from command line to 'False'
[0.260s] Level 5:colcon.colcon_core.verb:set package 'yahboom_rosmaster_docking' build argument 'cmake_clean_cache' from command line to 'False'
[0.260s] Level 5:colcon.colcon_core.verb:set package 'yahboom_rosmaster_docking' build argument 'cmake_clean_first' from command line to 'False'
[0.260s] Level 5:colcon.colcon_core.verb:set package 'yahboom_rosmaster_docking' build argument 'cmake_force_configure' from command line to 'False'
[0.260s] Level 5:colcon.colcon_core.verb:set package 'yahboom_rosmaster_docking' build argument 'ament_cmake_args' from command line to 'None'
[0.260s] Level 5:colcon.colcon_core.verb:set package 'yahboom_rosmaster_docking' build argument 'catkin_cmake_args' from command line to 'None'
[0.260s] Level 5:colcon.colcon_core.verb:set package 'yahboom_rosmaster_docking' build argument 'catkin_skip_building_tests' from command line to 'False'
[0.260s] DEBUG:colcon.colcon_core.verb:Building package 'yahboom_rosmaster_docking' with the following arguments: {'ament_cmake_args': None, 'build_base': '/home/zanef/ros2_ws/src/build/yahboom_rosmaster_docking', 'catkin_cmake_args': None, 'catkin_skip_building_tests': False, 'cmake_args': None, 'cmake_clean_cache': False, 'cmake_clean_first': False, 'cmake_force_configure': False, 'cmake_target': None, 'cmake_target_skip_unavailable': False, 'install_base': '/home/zanef/ros2_ws/src/install/yahboom_rosmaster_docking', 'merge_install': False, 'path': '/home/zanef/ros2_ws/src/yahboom_rosmaster/yahboom_rosmaster_docking', 'symlink_install': True, 'test_result_base': None}
[0.260s] Level 5:colcon.colcon_core.verb:set package 'yahboom_rosmaster_gazebo' build argument 'cmake_args' from command line to 'None'
[0.260s] Level 5:colcon.colcon_core.verb:set package 'yahboom_rosmaster_gazebo' build argument 'cmake_target' from command line to 'None'
[0.260s] Level 5:colcon.colcon_core.verb:set package 'yahboom_rosmaster_gazebo' build argument 'cmake_target_skip_unavailable' from command line to 'False'
[0.260s] Level 5:colcon.colcon_core.verb:set package 'yahboom_rosmaster_gazebo' build argument 'cmake_clean_cache' from command line to 'False'
[0.260s] Level 5:colcon.colcon_core.verb:set package 'yahboom_rosmaster_gazebo' build argument 'cmake_clean_first' from command line to 'False'
[0.260s] Level 5:colcon.colcon_core.verb:set package 'yahboom_rosmaster_gazebo' build argument 'cmake_force_configure' from command line to 'False'
[0.260s] Level 5:colcon.colcon_core.verb:set package 'yahboom_rosmaster_gazebo' build argument 'ament_cmake_args' from command line to 'None'
[0.260s] Level 5:colcon.colcon_core.verb:set package 'yahboom_rosmaster_gazebo' build argument 'catkin_cmake_args' from command line to 'None'
[0.260s] Level 5:colcon.colcon_core.verb:set package 'yahboom_rosmaster_gazebo' build argument 'catkin_skip_building_tests' from command line to 'False'
[0.260s] DEBUG:colcon.colcon_core.verb:Building package 'yahboom_rosmaster_gazebo' with the following arguments: {'ament_cmake_args': None, 'build_base': '/home/zanef/ros2_ws/src/build/yahboom_rosmaster_gazebo', 'catkin_cmake_args': None, 'catkin_skip_building_tests': False, 'cmake_args': None, 'cmake_clean_cache': False, 'cmake_clean_first': False, 'cmake_force_configure': False, 'cmake_target': None, 'cmake_target_skip_unavailable': False, 'install_base': '/home/zanef/ros2_ws/src/install/yahboom_rosmaster_gazebo', 'merge_install': False, 'path': '/home/zanef/ros2_ws/src/yahboom_rosmaster/yahboom_rosmaster_gazebo', 'symlink_install': True, 'test_result_base': None}
[0.260s] Level 5:colcon.colcon_core.verb:set package 'yahboom_rosmaster_localization' build argument 'cmake_args' from command line to 'None'
[0.260s] Level 5:colcon.colcon_core.verb:set package 'yahboom_rosmaster_localization' build argument 'cmake_target' from command line to 'None'
[0.260s] Level 5:colcon.colcon_core.verb:set package 'yahboom_rosmaster_localization' build argument 'cmake_target_skip_unavailable' from command line to 'False'
[0.260s] Level 5:colcon.colcon_core.verb:set package 'yahboom_rosmaster_localization' build argument 'cmake_clean_cache' from command line to 'False'
[0.260s] Level 5:colcon.colcon_core.verb:set package 'yahboom_rosmaster_localization' build argument 'cmake_clean_first' from command line to 'False'
[0.260s] Level 5:colcon.colcon_core.verb:set package 'yahboom_rosmaster_localization' build argument 'cmake_force_configure' from command line to 'False'
[0.260s] Level 5:colcon.colcon_core.verb:set package 'yahboom_rosmaster_localization' build argument 'ament_cmake_args' from command line to 'None'
[0.260s] Level 5:colcon.colcon_core.verb:set package 'yahboom_rosmaster_localization' build argument 'catkin_cmake_args' from command line to 'None'
[0.260s] Level 5:colcon.colcon_core.verb:set package 'yahboom_rosmaster_localization' build argument 'catkin_skip_building_tests' from command line to 'False'
[0.260s] DEBUG:colcon.colcon_core.verb:Building package 'yahboom_rosmaster_localization' with the following arguments: {'ament_cmake_args': None, 'build_base': '/home/zanef/ros2_ws/src/build/yahboom_rosmaster_localization', 'catkin_cmake_args': None, 'catkin_skip_building_tests': False, 'cmake_args': None, 'cmake_clean_cache': False, 'cmake_clean_first': False, 'cmake_force_configure': False, 'cmake_target': None, 'cmake_target_skip_unavailable': False, 'install_base': '/home/zanef/ros2_ws/src/install/yahboom_rosmaster_localization', 'merge_install': False, 'path': '/home/zanef/ros2_ws/src/yahboom_rosmaster/yahboom_rosmaster_localization', 'symlink_install': True, 'test_result_base': None}
[0.260s] Level 5:colcon.colcon_core.verb:set package 'yahboom_rosmaster_msgs' build argument 'cmake_args' from command line to 'None'
[0.260s] Level 5:colcon.colcon_core.verb:set package 'yahboom_rosmaster_msgs' build argument 'cmake_target' from command line to 'None'
[0.260s] Level 5:colcon.colcon_core.verb:set package 'yahboom_rosmaster_msgs' build argument 'cmake_target_skip_unavailable' from command line to 'False'
[0.260s] Level 5:colcon.colcon_core.verb:set package 'yahboom_rosmaster_msgs' build argument 'cmake_clean_cache' from command line to 'False'
[0.260s] Level 5:colcon.colcon_core.verb:set package 'yahboom_rosmaster_msgs' build argument 'cmake_clean_first' from command line to 'False'
[0.260s] Level 5:colcon.colcon_core.verb:set package 'yahboom_rosmaster_msgs' build argument 'cmake_force_configure' from command line to 'False'
[0.260s] Level 5:colcon.colcon_core.verb:set package 'yahboom_rosmaster_msgs' build argument 'ament_cmake_args' from command line to 'None'
[0.260s] Level 5:colcon.colcon_core.verb:set package 'yahboom_rosmaster_msgs' build argument 'catkin_cmake_args' from command line to 'None'
[0.260s] Level 5:colcon.colcon_core.verb:set package 'yahboom_rosmaster_msgs' build argument 'catkin_skip_building_tests' from command line to 'False'
[0.260s] DEBUG:colcon.colcon_core.verb:Building package 'yahboom_rosmaster_msgs' with the following arguments: {'ament_cmake_args': None, 'build_base': '/home/zanef/ros2_ws/src/build/yahboom_rosmaster_msgs', 'catkin_cmake_args': None, 'catkin_skip_building_tests': False, 'cmake_args': None, 'cmake_clean_cache': False, 'cmake_clean_first': False, 'cmake_force_configure': False, 'cmake_target': None, 'cmake_target_skip_unavailable': False, 'install_base': '/home/zanef/ros2_ws/src/install/yahboom_rosmaster_msgs', 'merge_install': False, 'path': '/home/zanef/ros2_ws/src/yahboom_rosmaster/yahboom_rosmaster_msgs', 'symlink_install': True, 'test_result_base': None}
[0.261s] Level 5:colcon.colcon_core.verb:set package 'yahboom_rosmaster_navigation' build argument 'cmake_args' from command line to 'None'
[0.261s] Level 5:colcon.colcon_core.verb:set package 'yahboom_rosmaster_navigation' build argument 'cmake_target' from command line to 'None'
[0.261s] Level 5:colcon.colcon_core.verb:set package 'yahboom_rosmaster_navigation' build argument 'cmake_target_skip_unavailable' from command line to 'False'
[0.261s] Level 5:colcon.colcon_core.verb:set package 'yahboom_rosmaster_navigation' build argument 'cmake_clean_cache' from command line to 'False'
[0.261s] Level 5:colcon.colcon_core.verb:set package 'yahboom_rosmaster_navigation' build argument 'cmake_clean_first' from command line to 'False'
[0.261s] Level 5:colcon.colcon_core.verb:set package 'yahboom_rosmaster_navigation' build argument 'cmake_force_configure' from command line to 'False'
[0.261s] Level 5:colcon.colcon_core.verb:set package 'yahboom_rosmaster_navigation' build argument 'ament_cmake_args' from command line to 'None'
[0.261s] Level 5:colcon.colcon_core.verb:set package 'yahboom_rosmaster_navigation' build argument 'catkin_cmake_args' from command line to 'None'
[0.261s] Level 5:colcon.colcon_core.verb:set package 'yahboom_rosmaster_navigation' build argument 'catkin_skip_building_tests' from command line to 'False'
[0.261s] DEBUG:colcon.colcon_core.verb:Building package 'yahboom_rosmaster_navigation' with the following arguments: {'ament_cmake_args': None, 'build_base': '/home/zanef/ros2_ws/src/build/yahboom_rosmaster_navigation', 'catkin_cmake_args': None, 'catkin_skip_building_tests': False, 'cmake_args': None, 'cmake_clean_cache': False, 'cmake_clean_first': False, 'cmake_force_configure': False, 'cmake_target': None, 'cmake_target_skip_unavailable': False, 'install_base': '/home/zanef/ros2_ws/src/install/yahboom_rosmaster_navigation', 'merge_install': False, 'path': '/home/zanef/ros2_ws/src/yahboom_rosmaster/yahboom_rosmaster_navigation', 'symlink_install': True, 'test_result_base': None}
[0.261s] Level 5:colcon.colcon_core.verb:set package 'yahboom_rosmaster_system_tests' build argument 'cmake_args' from command line to 'None'
[0.261s] Level 5:colcon.colcon_core.verb:set package 'yahboom_rosmaster_system_tests' build argument 'cmake_target' from command line to 'None'
[0.261s] Level 5:colcon.colcon_core.verb:set package 'yahboom_rosmaster_system_tests' build argument 'cmake_target_skip_unavailable' from command line to 'False'
[0.261s] Level 5:colcon.colcon_core.verb:set package 'yahboom_rosmaster_system_tests' build argument 'cmake_clean_cache' from command line to 'False'
[0.261s] Level 5:colcon.colcon_core.verb:set package 'yahboom_rosmaster_system_tests' build argument 'cmake_clean_first' from command line to 'False'
[0.261s] Level 5:colcon.colcon_core.verb:set package 'yahboom_rosmaster_system_tests' build argument 'cmake_force_configure' from command line to 'False'
[0.261s] Level 5:colcon.colcon_core.verb:set package 'yahboom_rosmaster_system_tests' build argument 'ament_cmake_args' from command line to 'None'
[0.261s] Level 5:colcon.colcon_core.verb:set package 'yahboom_rosmaster_system_tests' build argument 'catkin_cmake_args' from command line to 'None'
[0.261s] Level 5:colcon.colcon_core.verb:set package 'yahboom_rosmaster_system_tests' build argument 'catkin_skip_building_tests' from command line to 'False'
[0.261s] DEBUG:colcon.colcon_core.verb:Building package 'yahboom_rosmaster_system_tests' with the following arguments: {'ament_cmake_args': None, 'build_base': '/home/zanef/ros2_ws/src/build/yahboom_rosmaster_system_tests', 'catkin_cmake_args': None, 'catkin_skip_building_tests': False, 'cmake_args': None, 'cmake_clean_cache': False, 'cmake_clean_first': False, 'cmake_force_configure': False, 'cmake_target': None, 'cmake_target_skip_unavailable': False, 'install_base': '/home/zanef/ros2_ws/src/install/yahboom_rosmaster_system_tests', 'merge_install': False, 'path': '/home/zanef/ros2_ws/src/yahboom_rosmaster/yahboom_rosmaster_system_tests', 'symlink_install': True, 'test_result_base': None}
[0.261s] Level 5:colcon.colcon_core.verb:set package 'yahboom_rosmaster' build argument 'cmake_args' from command line to 'None'
[0.261s] Level 5:colcon.colcon_core.verb:set package 'yahboom_rosmaster' build argument 'cmake_target' from command line to 'None'
[0.261s] Level 5:colcon.colcon_core.verb:set package 'yahboom_rosmaster' build argument 'cmake_target_skip_unavailable' from command line to 'False'
[0.261s] Level 5:colcon.colcon_core.verb:set package 'yahboom_rosmaster' build argument 'cmake_clean_cache' from command line to 'False'
[0.261s] Level 5:colcon.colcon_core.verb:set package 'yahboom_rosmaster' build argument 'cmake_clean_first' from command line to 'False'
[0.261s] Level 5:colcon.colcon_core.verb:set package 'yahboom_rosmaster' build argument 'cmake_force_configure' from command line to 'False'
[0.261s] Level 5:colcon.colcon_core.verb:set package 'yahboom_rosmaster' build argument 'ament_cmake_args' from command line to 'None'
[0.261s] Level 5:colcon.colcon_core.verb:set package 'yahboom_rosmaster' build argument 'catkin_cmake_args' from command line to 'None'
[0.261s] Level 5:colcon.colcon_core.verb:set package 'yahboom_rosmaster' build argument 'catkin_skip_building_tests' from command line to 'False'
[0.261s] DEBUG:colcon.colcon_core.verb:Building package 'yahboom_rosmaster' with the following arguments: {'ament_cmake_args': None, 'build_base': '/home/zanef/ros2_ws/src/build/yahboom_rosmaster', 'catkin_cmake_args': None, 'catkin_skip_building_tests': False, 'cmake_args': None, 'cmake_clean_cache': False, 'cmake_clean_first': False, 'cmake_force_configure': False, 'cmake_target': None, 'cmake_target_skip_unavailable': False, 'install_base': '/home/zanef/ros2_ws/src/install/yahboom_rosmaster', 'merge_install': False, 'path': '/home/zanef/ros2_ws/src/yahboom_rosmaster/yahboom_rosmaster', 'symlink_install': True, 'test_result_base': None}
[0.261s] INFO:colcon.colcon_core.executor:Executing jobs using 'parallel' executor
[0.262s] DEBUG:colcon.colcon_parallel_executor.executor.parallel:run_until_complete
[0.262s] INFO:colcon.colcon_ros.task.ament_cmake.build:Building ROS package in '/home/zanef/ros2_ws/src/yahboom_rosmaster/yahboom_rosmaster_msgs' with build type 'ament_cmake'
[0.262s] INFO:colcon.colcon_cmake.task.cmake.build:Building CMake package in '/home/zanef/ros2_ws/src/yahboom_rosmaster/yahboom_rosmaster_msgs'
[0.264s] INFO:colcon.colcon_core.plugin_system:Skipping extension 'colcon_core.shell.bat': Not used on non-Windows systems
[0.264s] INFO:colcon.colcon_core.shell:Skip shell extension 'powershell' for command environment: Not usable outside of PowerShell
[0.264s] DEBUG:colcon.colcon_core.shell:Skip shell extension 'dsv' for command environment
[0.266s] INFO:colcon.colcon_ros.task.ament_cmake.build:Building ROS package in '/home/zanef/ros2_ws/src/yahboom_rosmaster/yahboom_rosmaster_bringup' with build type 'ament_cmake'
[0.266s] INFO:colcon.colcon_cmake.task.cmake.build:Building CMake package in '/home/zanef/ros2_ws/src/yahboom_rosmaster/yahboom_rosmaster_bringup'
[0.267s] INFO:colcon.colcon_core.shell:Skip shell extension 'powershell' for command environment: Not usable outside of PowerShell
[0.267s] DEBUG:colcon.colcon_core.shell:Skip shell extension 'dsv' for command environment
[0.269s] INFO:colcon.colcon_ros.task.ament_cmake.build:Building ROS package in '/home/zanef/ros2_ws/src/yahboom_rosmaster/yahboom_rosmaster_description' with build type 'ament_cmake'
[0.269s] INFO:colcon.colcon_cmake.task.cmake.build:Building CMake package in '/home/zanef/ros2_ws/src/yahboom_rosmaster/yahboom_rosmaster_description'
[0.269s] INFO:colcon.colcon_core.shell:Skip shell extension 'powershell' for command environment: Not usable outside of PowerShell
[0.269s] DEBUG:colcon.colcon_core.shell:Skip shell extension 'dsv' for command environment
[0.273s] INFO:colcon.colcon_ros.task.ament_cmake.build:Building ROS package in '/home/zanef/ros2_ws/src/yahboom_rosmaster/yahboom_rosmaster_docking' with build type 'ament_cmake'
[0.273s] INFO:colcon.colcon_cmake.task.cmake.build:Building CMake package in '/home/zanef/ros2_ws/src/yahboom_rosmaster/yahboom_rosmaster_docking'
[0.274s] INFO:colcon.colcon_core.shell:Skip shell extension 'powershell' for command environment: Not usable outside of PowerShell
[0.274s] DEBUG:colcon.colcon_core.shell:Skip shell extension 'dsv' for command environment
[0.276s] INFO:colcon.colcon_ros.task.ament_cmake.build:Building ROS package in '/home/zanef/ros2_ws/src/yahboom_rosmaster/yahboom_rosmaster_gazebo' with build type 'ament_cmake'
[0.276s] INFO:colcon.colcon_cmake.task.cmake.build:Building CMake package in '/home/zanef/ros2_ws/src/yahboom_rosmaster/yahboom_rosmaster_gazebo'
[0.277s] INFO:colcon.colcon_core.shell:Skip shell extension 'powershell' for command environment: Not usable outside of PowerShell
[0.277s] DEBUG:colcon.colcon_core.shell:Skip shell extension 'dsv' for command environment
[0.280s] INFO:colcon.colcon_ros.task.ament_cmake.build:Building ROS package in '/home/zanef/ros2_ws/src/yahboom_rosmaster/yahboom_rosmaster_localization' with build type 'ament_cmake'
[0.280s] INFO:colcon.colcon_cmake.task.cmake.build:Building CMake package in '/home/zanef/ros2_ws/src/yahboom_rosmaster/yahboom_rosmaster_localization'
[0.280s] INFO:colcon.colcon_core.shell:Skip shell extension 'powershell' for command environment: Not usable outside of PowerShell
[0.280s] DEBUG:colcon.colcon_core.shell:Skip shell extension 'dsv' for command environment
[0.282s] INFO:colcon.colcon_ros.task.ament_cmake.build:Building ROS package in '/home/zanef/ros2_ws/src/yahboom_rosmaster/yahboom_rosmaster_navigation' with build type 'ament_cmake'
[0.283s] INFO:colcon.colcon_cmake.task.cmake.build:Building CMake package in '/home/zanef/ros2_ws/src/yahboom_rosmaster/yahboom_rosmaster_navigation'
[0.283s] INFO:colcon.colcon_core.shell:Skip shell extension 'powershell' for command environment: Not usable outside of PowerShell
[0.283s] DEBUG:colcon.colcon_core.shell:Skip shell extension 'dsv' for command environment
[0.286s] INFO:colcon.colcon_ros.task.ament_cmake.build:Building ROS package in '/home/zanef/ros2_ws/src/yahboom_rosmaster/mecanum_drive_controller' with build type 'ament_cmake'
[0.287s] INFO:colcon.colcon_cmake.task.cmake.build:Building CMake package in '/home/zanef/ros2_ws/src/yahboom_rosmaster/mecanum_drive_controller'
[0.287s] INFO:colcon.colcon_core.shell:Skip shell extension 'powershell' for command environment: Not usable outside of PowerShell
[0.287s] DEBUG:colcon.colcon_core.shell:Skip shell extension 'dsv' for command environment
[0.294s] DEBUG:colcon.colcon_core.event_handler.log_command:Invoking command in '/home/zanef/ros2_ws/src/build/yahboom_rosmaster_msgs': CMAKE_PREFIX_PATH=${CMAKE_PREFIX_PATH}:/opt/ros/jazzy /usr/bin/cmake --build /home/zanef/ros2_ws/src/build/yahboom_rosmaster_msgs -- -j12 -l12
[0.299s] DEBUG:colcon.colcon_core.event_handler.log_command:Invoking command in '/home/zanef/ros2_ws/src/build/yahboom_rosmaster_bringup': CMAKE_PREFIX_PATH=${CMAKE_PREFIX_PATH}:/opt/ros/jazzy /usr/bin/cmake --build /home/zanef/ros2_ws/src/build/yahboom_rosmaster_bringup -- -j12 -l12
[0.302s] DEBUG:colcon.colcon_core.event_handler.log_command:Invoking command in '/home/zanef/ros2_ws/src/build/yahboom_rosmaster_description': CMAKE_PREFIX_PATH=${CMAKE_PREFIX_PATH}:/opt/ros/jazzy /usr/bin/cmake --build /home/zanef/ros2_ws/src/build/yahboom_rosmaster_description -- -j12 -l12
[0.306s] DEBUG:colcon.colcon_core.event_handler.log_command:Invoking command in '/home/zanef/ros2_ws/src/build/yahboom_rosmaster_docking': CMAKE_PREFIX_PATH=${CMAKE_PREFIX_PATH}:/opt/ros/jazzy /usr/bin/cmake --build /home/zanef/ros2_ws/src/build/yahboom_rosmaster_docking -- -j12 -l12
[0.311s] DEBUG:colcon.colcon_core.event_handler.log_command:Invoking command in '/home/zanef/ros2_ws/src/build/yahboom_rosmaster_gazebo': CMAKE_PREFIX_PATH=${CMAKE_PREFIX_PATH}:/opt/ros/jazzy /usr/bin/cmake --build /home/zanef/ros2_ws/src/build/yahboom_rosmaster_gazebo -- -j12 -l12
[0.315s] DEBUG:colcon.colcon_core.event_handler.log_command:Invoking command in '/home/zanef/ros2_ws/src/build/yahboom_rosmaster_localization': CMAKE_PREFIX_PATH=${CMAKE_PREFIX_PATH}:/opt/ros/jazzy /usr/bin/cmake --build /home/zanef/ros2_ws/src/build/yahboom_rosmaster_localization -- -j12 -l12
[0.320s] DEBUG:colcon.colcon_core.event_handler.log_command:Invoking command in '/home/zanef/ros2_ws/src/build/yahboom_rosmaster_navigation': CMAKE_PREFIX_PATH=${CMAKE_PREFIX_PATH}:/opt/ros/jazzy /usr/bin/cmake --build /home/zanef/ros2_ws/src/build/yahboom_rosmaster_navigation -- -j12 -l12
[0.329s] DEBUG:colcon.colcon_core.event_handler.log_command:Invoking command in '/home/zanef/ros2_ws/src/build/mecanum_drive_controller': CMAKE_PREFIX_PATH=${CMAKE_PREFIX_PATH}:/opt/ros/jazzy /usr/bin/cmake --build /home/zanef/ros2_ws/src/build/mecanum_drive_controller -- -j12 -l12
[0.340s] DEBUG:colcon.colcon_core.event_handler.log_command:Invoked command in '/home/zanef/ros2_ws/src/build/yahboom_rosmaster_bringup' returned '0': CMAKE_PREFIX_PATH=${CMAKE_PREFIX_PATH}:/opt/ros/jazzy /usr/bin/cmake --build /home/zanef/ros2_ws/src/build/yahboom_rosmaster_bringup -- -j12 -l12
[0.350s] DEBUG:colcon.colcon_core.event_handler.log_command:Invoking command in '/home/zanef/ros2_ws/src/build/yahboom_rosmaster_bringup': CMAKE_PREFIX_PATH=${CMAKE_PREFIX_PATH}:/opt/ros/jazzy /usr/bin/cmake --install /home/zanef/ros2_ws/src/build/yahboom_rosmaster_bringup
[0.354s] DEBUG:colcon.colcon_core.event_handler.log_command:Invoked command in '/home/zanef/ros2_ws/src/build/yahboom_rosmaster_description' returned '0': CMAKE_PREFIX_PATH=${CMAKE_PREFIX_PATH}:/opt/ros/jazzy /usr/bin/cmake --build /home/zanef/ros2_ws/src/build/yahboom_rosmaster_description -- -j12 -l12
[0.354s] DEBUG:colcon.colcon_core.event_handler.log_command:Invoking command in '/home/zanef/ros2_ws/src/build/yahboom_rosmaster_description': CMAKE_PREFIX_PATH=${CMAKE_PREFIX_PATH}:/opt/ros/jazzy /usr/bin/cmake --install /home/zanef/ros2_ws/src/build/yahboom_rosmaster_description
[0.356s] DEBUG:colcon.colcon_core.event_handler.log_command:Invoked command in '/home/zanef/ros2_ws/src/build/yahboom_rosmaster_localization' returned '0': CMAKE_PREFIX_PATH=${CMAKE_PREFIX_PATH}:/opt/ros/jazzy /usr/bin/cmake --build /home/zanef/ros2_ws/src/build/yahboom_rosmaster_localization -- -j12 -l12
[0.358s] DEBUG:colcon.colcon_core.event_handler.log_command:Invoking command in '/home/zanef/ros2_ws/src/build/yahboom_rosmaster_localization': CMAKE_PREFIX_PATH=${CMAKE_PREFIX_PATH}:/opt/ros/jazzy /usr/bin/cmake --install /home/zanef/ros2_ws/src/build/yahboom_rosmaster_localization
[0.376s] DEBUG:colcon.colcon_core.event_handler.log_command:Invoked command in '/home/zanef/ros2_ws/src/build/yahboom_rosmaster_gazebo' returned '0': CMAKE_PREFIX_PATH=${CMAKE_PREFIX_PATH}:/opt/ros/jazzy /usr/bin/cmake --build /home/zanef/ros2_ws/src/build/yahboom_rosmaster_gazebo -- -j12 -l12
[0.377s] DEBUG:colcon.colcon_core.event_handler.log_command:Invoking command in '/home/zanef/ros2_ws/src/build/yahboom_rosmaster_gazebo': CMAKE_PREFIX_PATH=${CMAKE_PREFIX_PATH}:/opt/ros/jazzy /usr/bin/cmake --install /home/zanef/ros2_ws/src/build/yahboom_rosmaster_gazebo
[0.380s] Level 1:colcon.colcon_core.environment:create_environment_scripts_only(yahboom_rosmaster_bringup)
[0.381s] DEBUG:colcon.colcon_core.event_handler.log_command:Invoked command in '/home/zanef/ros2_ws/src/build/yahboom_rosmaster_bringup' returned '0': CMAKE_PREFIX_PATH=${CMAKE_PREFIX_PATH}:/opt/ros/jazzy /usr/bin/cmake --install /home/zanef/ros2_ws/src/build/yahboom_rosmaster_bringup
[0.384s] Level 1:colcon.colcon_core.environment:checking '/home/zanef/ros2_ws/src/install/yahboom_rosmaster_bringup' for CMake module files
[0.385s] Level 1:colcon.colcon_core.environment:checking '/home/zanef/ros2_ws/src/install/yahboom_rosmaster_bringup' for CMake config files
[0.388s] Level 1:colcon.colcon_core.shell:create_environment_hook('yahboom_rosmaster_bringup', 'cmake_prefix_path')
[0.388s] INFO:colcon.colcon_core.shell:Creating environment hook '/home/zanef/ros2_ws/src/install/yahboom_rosmaster_bringup/share/yahboom_rosmaster_bringup/hook/cmake_prefix_path.ps1'
[0.389s] INFO:colcon.colcon_core.shell:Creating environment descriptor '/home/zanef/ros2_ws/src/install/yahboom_rosmaster_bringup/share/yahboom_rosmaster_bringup/hook/cmake_prefix_path.dsv'
[0.390s] INFO:colcon.colcon_core.shell:Creating environment hook '/home/zanef/ros2_ws/src/install/yahboom_rosmaster_bringup/share/yahboom_rosmaster_bringup/hook/cmake_prefix_path.sh'
[0.391s] Level 1:colcon.colcon_core.environment:checking '/home/zanef/ros2_ws/src/install/yahboom_rosmaster_bringup/bin'
[0.391s] Level 1:colcon.colcon_core.environment:checking '/home/zanef/ros2_ws/src/install/yahboom_rosmaster_bringup/lib/pkgconfig/yahboom_rosmaster_bringup.pc'
[0.391s] Level 1:colcon.colcon_core.environment:checking '/home/zanef/ros2_ws/src/install/yahboom_rosmaster_bringup/lib/python3.12/site-packages'
[0.391s] Level 1:colcon.colcon_core.environment:checking '/home/zanef/ros2_ws/src/install/yahboom_rosmaster_bringup/bin'
[0.392s] INFO:colcon.colcon_core.shell:Creating package script '/home/zanef/ros2_ws/src/install/yahboom_rosmaster_bringup/share/yahboom_rosmaster_bringup/package.ps1'
[0.393s] INFO:colcon.colcon_core.shell:Creating package descriptor '/home/zanef/ros2_ws/src/install/yahboom_rosmaster_bringup/share/yahboom_rosmaster_bringup/package.dsv'
[0.394s] INFO:colcon.colcon_core.shell:Creating package script '/home/zanef/ros2_ws/src/install/yahboom_rosmaster_bringup/share/yahboom_rosmaster_bringup/package.sh'
[0.394s] INFO:colcon.colcon_core.shell:Creating package script '/home/zanef/ros2_ws/src/install/yahboom_rosmaster_bringup/share/yahboom_rosmaster_bringup/package.bash'
[0.394s] INFO:colcon.colcon_core.shell:Creating package script '/home/zanef/ros2_ws/src/install/yahboom_rosmaster_bringup/share/yahboom_rosmaster_bringup/package.zsh'
[0.395s] Level 1:colcon.colcon_core.environment:create_file_with_runtime_dependencies(/home/zanef/ros2_ws/src/install/yahboom_rosmaster_bringup/share/colcon-core/packages/yahboom_rosmaster_bringup)
[0.395s] Level 1:colcon.colcon_core.environment:create_environment_scripts_only(yahboom_rosmaster_bringup)
[0.395s] Level 1:colcon.colcon_core.environment:checking '/home/zanef/ros2_ws/src/install/yahboom_rosmaster_bringup' for CMake module files
[0.396s] Level 1:colcon.colcon_core.environment:checking '/home/zanef/ros2_ws/src/install/yahboom_rosmaster_bringup' for CMake config files
[0.396s] Level 1:colcon.colcon_core.shell:create_environment_hook('yahboom_rosmaster_bringup', 'cmake_prefix_path')
[0.396s] INFO:colcon.colcon_core.shell:Creating environment hook '/home/zanef/ros2_ws/src/install/yahboom_rosmaster_bringup/share/yahboom_rosmaster_bringup/hook/cmake_prefix_path.ps1'
[0.397s] INFO:colcon.colcon_core.shell:Creating environment descriptor '/home/zanef/ros2_ws/src/install/yahboom_rosmaster_bringup/share/yahboom_rosmaster_bringup/hook/cmake_prefix_path.dsv'
[0.397s] INFO:colcon.colcon_core.shell:Creating environment hook '/home/zanef/ros2_ws/src/install/yahboom_rosmaster_bringup/share/yahboom_rosmaster_bringup/hook/cmake_prefix_path.sh'
[0.398s] Level 1:colcon.colcon_core.environment:checking '/home/zanef/ros2_ws/src/install/yahboom_rosmaster_bringup/bin'
[0.398s] Level 1:colcon.colcon_core.environment:checking '/home/zanef/ros2_ws/src/install/yahboom_rosmaster_bringup/lib/pkgconfig/yahboom_rosmaster_bringup.pc'
[0.398s] Level 1:colcon.colcon_core.environment:checking '/home/zanef/ros2_ws/src/install/yahboom_rosmaster_bringup/lib/python3.12/site-packages'
[0.398s] Level 1:colcon.colcon_core.environment:checking '/home/zanef/ros2_ws/src/install/yahboom_rosmaster_bringup/bin'
[0.399s] INFO:colcon.colcon_core.shell:Creating package script '/home/zanef/ros2_ws/src/install/yahboom_rosmaster_bringup/share/yahboom_rosmaster_bringup/package.ps1'
[0.400s] INFO:colcon.colcon_core.shell:Creating package descriptor '/home/zanef/ros2_ws/src/install/yahboom_rosmaster_bringup/share/yahboom_rosmaster_bringup/package.dsv'
[0.401s] INFO:colcon.colcon_core.shell:Creating package script '/home/zanef/ros2_ws/src/install/yahboom_rosmaster_bringup/share/yahboom_rosmaster_bringup/package.sh'
[0.401s] INFO:colcon.colcon_core.shell:Creating package script '/home/zanef/ros2_ws/src/install/yahboom_rosmaster_bringup/share/yahboom_rosmaster_bringup/package.bash'
[0.402s] INFO:colcon.colcon_core.shell:Creating package script '/home/zanef/ros2_ws/src/install/yahboom_rosmaster_bringup/share/yahboom_rosmaster_bringup/package.zsh'
[0.403s] Level 1:colcon.colcon_core.environment:create_file_with_runtime_dependencies(/home/zanef/ros2_ws/src/install/yahboom_rosmaster_bringup/share/colcon-core/packages/yahboom_rosmaster_bringup)
[0.403s] Level 1:colcon.colcon_core.environment:create_environment_scripts_only(yahboom_rosmaster_localization)
[0.403s] Level 1:colcon.colcon_core.environment:checking '/home/zanef/ros2_ws/src/install/yahboom_rosmaster_localization' for CMake module files
[0.406s] DEBUG:colcon.colcon_core.event_handler.log_command:Invoked command in '/home/zanef/ros2_ws/src/build/yahboom_rosmaster_localization' returned '0': CMAKE_PREFIX_PATH=${CMAKE_PREFIX_PATH}:/opt/ros/jazzy /usr/bin/cmake --install /home/zanef/ros2_ws/src/build/yahboom_rosmaster_localization
[0.406s] Level 1:colcon.colcon_core.environment:checking '/home/zanef/ros2_ws/src/install/yahboom_rosmaster_localization' for CMake config files
[0.407s] Level 1:colcon.colcon_core.shell:create_environment_hook('yahboom_rosmaster_localization', 'cmake_prefix_path')
[0.407s] INFO:colcon.colcon_core.shell:Creating environment hook '/home/zanef/ros2_ws/src/install/yahboom_rosmaster_localization/share/yahboom_rosmaster_localization/hook/cmake_prefix_path.ps1'
[0.408s] INFO:colcon.colcon_core.shell:Creating environment descriptor '/home/zanef/ros2_ws/src/install/yahboom_rosmaster_localization/share/yahboom_rosmaster_localization/hook/cmake_prefix_path.dsv'
[0.408s] INFO:colcon.colcon_core.shell:Creating environment hook '/home/zanef/ros2_ws/src/install/yahboom_rosmaster_localization/share/yahboom_rosmaster_localization/hook/cmake_prefix_path.sh'
[0.409s] Level 1:colcon.colcon_core.environment:checking '/home/zanef/ros2_ws/src/install/yahboom_rosmaster_localization/bin'
[0.409s] Level 1:colcon.colcon_core.environment:checking '/home/zanef/ros2_ws/src/install/yahboom_rosmaster_localization/lib/pkgconfig/yahboom_rosmaster_localization.pc'
[0.410s] Level 1:colcon.colcon_core.environment:checking '/home/zanef/ros2_ws/src/install/yahboom_rosmaster_localization/lib/python3.12/site-packages'
[0.410s] Level 1:colcon.colcon_core.environment:checking '/home/zanef/ros2_ws/src/install/yahboom_rosmaster_localization/bin'
[0.410s] INFO:colcon.colcon_core.shell:Creating package script '/home/zanef/ros2_ws/src/install/yahboom_rosmaster_localization/share/yahboom_rosmaster_localization/package.ps1'
[0.411s] INFO:colcon.colcon_core.shell:Creating package descriptor '/home/zanef/ros2_ws/src/install/yahboom_rosmaster_localization/share/yahboom_rosmaster_localization/package.dsv'
[0.412s] INFO:colcon.colcon_core.shell:Creating package script '/home/zanef/ros2_ws/src/install/yahboom_rosmaster_localization/share/yahboom_rosmaster_localization/package.sh'
[0.412s] INFO:colcon.colcon_core.shell:Creating package script '/home/zanef/ros2_ws/src/install/yahboom_rosmaster_localization/share/yahboom_rosmaster_localization/package.bash'
[0.413s] INFO:colcon.colcon_core.shell:Creating package script '/home/zanef/ros2_ws/src/install/yahboom_rosmaster_localization/share/yahboom_rosmaster_localization/package.zsh'
[0.414s] Level 1:colcon.colcon_core.environment:create_file_with_runtime_dependencies(/home/zanef/ros2_ws/src/install/yahboom_rosmaster_localization/share/colcon-core/packages/yahboom_rosmaster_localization)
[0.414s] Level 1:colcon.colcon_core.environment:create_environment_scripts_only(yahboom_rosmaster_localization)
[0.414s] Level 1:colcon.colcon_core.environment:checking '/home/zanef/ros2_ws/src/install/yahboom_rosmaster_localization' for CMake module files
[0.437s] Level 1:colcon.colcon_core.environment:checking '/home/zanef/ros2_ws/src/install/yahboom_rosmaster_localization' for CMake config files
[0.437s] Level 1:colcon.colcon_core.shell:create_environment_hook('yahboom_rosmaster_localization', 'cmake_prefix_path')
[0.438s] INFO:colcon.colcon_core.shell:Creating environment hook '/home/zanef/ros2_ws/src/install/yahboom_rosmaster_localization/share/yahboom_rosmaster_localization/hook/cmake_prefix_path.ps1'
[0.438s] INFO:colcon.colcon_core.shell:Creating environment descriptor '/home/zanef/ros2_ws/src/install/yahboom_rosmaster_localization/share/yahboom_rosmaster_localization/hook/cmake_prefix_path.dsv'
[0.439s] INFO:colcon.colcon_core.shell:Creating environment hook '/home/zanef/ros2_ws/src/install/yahboom_rosmaster_localization/share/yahboom_rosmaster_localization/hook/cmake_prefix_path.sh'
[0.440s] Level 1:colcon.colcon_core.environment:checking '/home/zanef/ros2_ws/src/install/yahboom_rosmaster_localization/bin'
[0.440s] Level 1:colcon.colcon_core.environment:checking '/home/zanef/ros2_ws/src/install/yahboom_rosmaster_localization/lib/pkgconfig/yahboom_rosmaster_localization.pc'
[0.441s] Level 1:colcon.colcon_core.environment:checking '/home/zanef/ros2_ws/src/install/yahboom_rosmaster_localization/lib/python3.12/site-packages'
[0.441s] Level 1:colcon.colcon_core.environment:checking '/home/zanef/ros2_ws/src/install/yahboom_rosmaster_localization/bin'
[0.441s] INFO:colcon.colcon_core.shell:Creating package script '/home/zanef/ros2_ws/src/install/yahboom_rosmaster_localization/share/yahboom_rosmaster_localization/package.ps1'
[0.442s] INFO:colcon.colcon_core.shell:Creating package descriptor '/home/zanef/ros2_ws/src/install/yahboom_rosmaster_localization/share/yahboom_rosmaster_localization/package.dsv'
[0.443s] INFO:colcon.colcon_core.shell:Creating package script '/home/zanef/ros2_ws/src/install/yahboom_rosmaster_localization/share/yahboom_rosmaster_localization/package.sh'
[0.444s] INFO:colcon.colcon_core.shell:Creating package script '/home/zanef/ros2_ws/src/install/yahboom_rosmaster_localization/share/yahboom_rosmaster_localization/package.bash'
[0.444s] INFO:colcon.colcon_core.shell:Creating package script '/home/zanef/ros2_ws/src/install/yahboom_rosmaster_localization/share/yahboom_rosmaster_localization/package.zsh'
[0.445s] Level 1:colcon.colcon_core.environment:create_file_with_runtime_dependencies(/home/zanef/ros2_ws/src/install/yahboom_rosmaster_localization/share/colcon-core/packages/yahboom_rosmaster_localization)
[0.447s] Level 1:colcon.colcon_core.environment:create_environment_scripts_only(yahboom_rosmaster_description)
[0.448s] Level 1:colcon.colcon_core.environment:checking '/home/zanef/ros2_ws/src/install/yahboom_rosmaster_description' for CMake module files
[0.449s] DEBUG:colcon.colcon_core.event_handler.log_command:Invoked command in '/home/zanef/ros2_ws/src/build/yahboom_rosmaster_description' returned '0': CMAKE_PREFIX_PATH=${CMAKE_PREFIX_PATH}:/opt/ros/jazzy /usr/bin/cmake --install /home/zanef/ros2_ws/src/build/yahboom_rosmaster_description
[0.449s] Level 1:colcon.colcon_core.environment:checking '/home/zanef/ros2_ws/src/install/yahboom_rosmaster_description' for CMake config files
[0.450s] Level 1:colcon.colcon_core.shell:create_environment_hook('yahboom_rosmaster_description', 'cmake_prefix_path')
[0.450s] INFO:colcon.colcon_core.shell:Creating environment hook '/home/zanef/ros2_ws/src/install/yahboom_rosmaster_description/share/yahboom_rosmaster_description/hook/cmake_prefix_path.ps1'
[0.451s] INFO:colcon.colcon_core.shell:Creating environment descriptor '/home/zanef/ros2_ws/src/install/yahboom_rosmaster_description/share/yahboom_rosmaster_description/hook/cmake_prefix_path.dsv'
[0.452s] INFO:colcon.colcon_core.shell:Creating environment hook '/home/zanef/ros2_ws/src/install/yahboom_rosmaster_description/share/yahboom_rosmaster_description/hook/cmake_prefix_path.sh'
[0.452s] Level 1:colcon.colcon_core.environment:checking '/home/zanef/ros2_ws/src/install/yahboom_rosmaster_description/bin'
[0.453s] Level 1:colcon.colcon_core.environment:checking '/home/zanef/ros2_ws/src/install/yahboom_rosmaster_description/lib/pkgconfig/yahboom_rosmaster_description.pc'
[0.453s] Level 1:colcon.colcon_core.environment:checking '/home/zanef/ros2_ws/src/install/yahboom_rosmaster_description/lib/python3.12/site-packages'
[0.454s] Level 1:colcon.colcon_core.environment:checking '/home/zanef/ros2_ws/src/install/yahboom_rosmaster_description/bin'
[0.454s] INFO:colcon.colcon_core.shell:Creating package script '/home/zanef/ros2_ws/src/install/yahboom_rosmaster_description/share/yahboom_rosmaster_description/package.ps1'
[0.455s] INFO:colcon.colcon_core.shell:Creating package descriptor '/home/zanef/ros2_ws/src/install/yahboom_rosmaster_description/share/yahboom_rosmaster_description/package.dsv'
[0.456s] INFO:colcon.colcon_core.shell:Creating package script '/home/zanef/ros2_ws/src/install/yahboom_rosmaster_description/share/yahboom_rosmaster_description/package.sh'
[0.456s] INFO:colcon.colcon_core.shell:Creating package script '/home/zanef/ros2_ws/src/install/yahboom_rosmaster_description/share/yahboom_rosmaster_description/package.bash'
[0.457s] INFO:colcon.colcon_core.shell:Creating package script '/home/zanef/ros2_ws/src/install/yahboom_rosmaster_description/share/yahboom_rosmaster_description/package.zsh'
[0.457s] Level 1:colcon.colcon_core.environment:create_file_with_runtime_dependencies(/home/zanef/ros2_ws/src/install/yahboom_rosmaster_description/share/colcon-core/packages/yahboom_rosmaster_description)
[0.458s] Level 1:colcon.colcon_core.environment:create_environment_scripts_only(yahboom_rosmaster_description)
[0.458s] Level 1:colcon.colcon_core.environment:checking '/home/zanef/ros2_ws/src/install/yahboom_rosmaster_description' for CMake module files
[0.459s] Level 1:colcon.colcon_core.environment:checking '/home/zanef/ros2_ws/src/install/yahboom_rosmaster_description' for CMake config files
[0.459s] Level 1:colcon.colcon_core.shell:create_environment_hook('yahboom_rosmaster_description', 'cmake_prefix_path')
[0.459s] INFO:colcon.colcon_core.shell:Creating environment hook '/home/zanef/ros2_ws/src/install/yahboom_rosmaster_description/share/yahboom_rosmaster_description/hook/cmake_prefix_path.ps1'
[0.460s] INFO:colcon.colcon_core.shell:Creating environment descriptor '/home/zanef/ros2_ws/src/install/yahboom_rosmaster_description/share/yahboom_rosmaster_description/hook/cmake_prefix_path.dsv'
[0.460s] INFO:colcon.colcon_core.shell:Creating environment hook '/home/zanef/ros2_ws/src/install/yahboom_rosmaster_description/share/yahboom_rosmaster_description/hook/cmake_prefix_path.sh'
[0.461s] Level 1:colcon.colcon_core.environment:checking '/home/zanef/ros2_ws/src/install/yahboom_rosmaster_description/bin'
[0.461s] Level 1:colcon.colcon_core.environment:checking '/home/zanef/ros2_ws/src/install/yahboom_rosmaster_description/lib/pkgconfig/yahboom_rosmaster_description.pc'
[0.461s] Level 1:colcon.colcon_core.environment:checking '/home/zanef/ros2_ws/src/install/yahboom_rosmaster_description/lib/python3.12/site-packages'
[0.462s] Level 1:colcon.colcon_core.environment:checking '/home/zanef/ros2_ws/src/install/yahboom_rosmaster_description/bin'
[0.462s] INFO:colcon.colcon_core.shell:Creating package script '/home/zanef/ros2_ws/src/install/yahboom_rosmaster_description/share/yahboom_rosmaster_description/package.ps1'
[0.463s] INFO:colcon.colcon_core.shell:Creating package descriptor '/home/zanef/ros2_ws/src/install/yahboom_rosmaster_description/share/yahboom_rosmaster_description/package.dsv'
[0.463s] INFO:colcon.colcon_core.shell:Creating package script '/home/zanef/ros2_ws/src/install/yahboom_rosmaster_description/share/yahboom_rosmaster_description/package.sh'
[0.464s] INFO:colcon.colcon_core.shell:Creating package script '/home/zanef/ros2_ws/src/install/yahboom_rosmaster_description/share/yahboom_rosmaster_description/package.bash'
[0.465s] INFO:colcon.colcon_core.shell:Creating package script '/home/zanef/ros2_ws/src/install/yahboom_rosmaster_description/share/yahboom_rosmaster_description/package.zsh'
[0.466s] Level 1:colcon.colcon_core.environment:create_file_with_runtime_dependencies(/home/zanef/ros2_ws/src/install/yahboom_rosmaster_description/share/colcon-core/packages/yahboom_rosmaster_description)
[0.730s] DEBUG:colcon.colcon_core.event_handler.log_command:Invoked command in '/home/zanef/ros2_ws/src/build/yahboom_rosmaster_docking' returned '0': CMAKE_PREFIX_PATH=${CMAKE_PREFIX_PATH}:/opt/ros/jazzy /usr/bin/cmake --build /home/zanef/ros2_ws/src/build/yahboom_rosmaster_docking -- -j12 -l12
[0.732s] DEBUG:colcon.colcon_core.event_handler.log_command:Invoking command in '/home/zanef/ros2_ws/src/build/yahboom_rosmaster_docking': CMAKE_PREFIX_PATH=${CMAKE_PREFIX_PATH}:/opt/ros/jazzy /usr/bin/cmake --install /home/zanef/ros2_ws/src/build/yahboom_rosmaster_docking
[0.821s] DEBUG:colcon.colcon_core.event_handler.log_command:Invoked command in '/home/zanef/ros2_ws/src/build/mecanum_drive_controller' returned '2': CMAKE_PREFIX_PATH=${CMAKE_PREFIX_PATH}:/opt/ros/jazzy /usr/bin/cmake --build /home/zanef/ros2_ws/src/build/mecanum_drive_controller -- -j12 -l12
[0.821s] Level 1:colcon.colcon_core.environment:create_environment_scripts_only(mecanum_drive_controller)
[0.821s] Level 1:colcon.colcon_core.environment:checking '/home/zanef/ros2_ws/src/install/mecanum_drive_controller' for CMake module files
[0.822s] Level 1:colcon.colcon_core.environment:checking '/home/zanef/ros2_ws/src/install/mecanum_drive_controller' for CMake config files
[0.822s] Level 1:colcon.colcon_core.environment:checking '/home/zanef/ros2_ws/src/install/mecanum_drive_controller/bin'
[0.823s] Level 1:colcon.colcon_core.environment:checking '/home/zanef/ros2_ws/src/install/mecanum_drive_controller/lib/pkgconfig/mecanum_drive_controller.pc'
[0.823s] Level 1:colcon.colcon_core.environment:checking '/home/zanef/ros2_ws/src/install/mecanum_drive_controller/lib/python3.12/site-packages'
[0.823s] Level 1:colcon.colcon_core.environment:checking '/home/zanef/ros2_ws/src/install/mecanum_drive_controller/bin'
[0.823s] INFO:colcon.colcon_core.shell:Creating package script '/home/zanef/ros2_ws/src/install/mecanum_drive_controller/share/mecanum_drive_controller/package.ps1'
[0.824s] INFO:colcon.colcon_core.shell:Creating package descriptor '/home/zanef/ros2_ws/src/install/mecanum_drive_controller/share/mecanum_drive_controller/package.dsv'
[0.825s] INFO:colcon.colcon_core.shell:Creating package script '/home/zanef/ros2_ws/src/install/mecanum_drive_controller/share/mecanum_drive_controller/package.sh'
[0.826s] INFO:colcon.colcon_core.shell:Creating package script '/home/zanef/ros2_ws/src/install/mecanum_drive_controller/share/mecanum_drive_controller/package.bash'
[0.826s] INFO:colcon.colcon_core.shell:Creating package script '/home/zanef/ros2_ws/src/install/mecanum_drive_controller/share/mecanum_drive_controller/package.zsh'
[0.827s] Level 1:colcon.colcon_core.environment:create_file_with_runtime_dependencies(/home/zanef/ros2_ws/src/install/mecanum_drive_controller/share/colcon-core/packages/mecanum_drive_controller)
[8.245s] DEBUG:colcon.colcon_parallel_executor.executor.parallel:closing loop
[8.245s] DEBUG:colcon.colcon_parallel_executor.executor.parallel:loop closed
[8.245s] DEBUG:colcon.colcon_parallel_executor.executor.parallel:run_until_complete finished with '2'
[8.245s] DEBUG:colcon.colcon_core.event_reactor:joining thread
[8.297s] INFO:colcon.colcon_core.plugin_system:Skipping extension 'colcon_notification.desktop_notification.notify_send': Could not find 'notify-send'
[8.297s] INFO:colcon.colcon_core.plugin_system:Skipping extension 'colcon_notification.desktop_notification.terminal_notifier': Not used on non-Darwin systems
[8.297s] INFO:colcon.colcon_core.plugin_system:Skipping extension 'colcon_notification.desktop_notification.win32': Not used on non-Windows systems
[8.297s] INFO:colcon.colcon_notification.desktop_notification:Sending desktop notification using 'notify2'
[8.298s] DEBUG:colcon.colcon_notification.desktop_notification.notify2:Failed to initialize notify2: org.freedesktop.DBus.Error.ServiceUnknown: The name org.freedesktop.Notifications was not provided by any .service files
[8.298s] DEBUG:colcon.colcon_core.event_reactor:joined thread
[8.298s] INFO:colcon.colcon_core.shell:Creating prefix script '/home/zanef/ros2_ws/src/install/local_setup.ps1'
[8.299s] INFO:colcon.colcon_core.shell:Creating prefix util module '/home/zanef/ros2_ws/src/install/_local_setup_util_ps1.py'
[8.299s] INFO:colcon.colcon_core.shell:Creating prefix chain script '/home/zanef/ros2_ws/src/install/setup.ps1'
[8.300s] INFO:colcon.colcon_core.shell:Creating prefix script '/home/zanef/ros2_ws/src/install/local_setup.sh'
[8.300s] INFO:colcon.colcon_core.shell:Creating prefix util module '/home/zanef/ros2_ws/src/install/_local_setup_util_sh.py'
[8.301s] INFO:colcon.colcon_core.shell:Creating prefix chain script '/home/zanef/ros2_ws/src/install/setup.sh'
[8.301s] INFO:colcon.colcon_core.shell:Creating prefix script '/home/zanef/ros2_ws/src/install/local_setup.bash'
[8.301s] INFO:colcon.colcon_core.shell:Creating prefix chain script '/home/zanef/ros2_ws/src/install/setup.bash'
[8.302s] INFO:colcon.colcon_core.shell:Creating prefix script '/home/zanef/ros2_ws/src/install/local_setup.zsh'
[8.302s] INFO:colcon.colcon_core.shell:Creating prefix chain script '/home/zanef/ros2_ws/src/install/setup.zsh'
