[0.032s] Invoking command in '/home/zanef/ros2_ws/src/build/yahboom_rosmaster_bringup': CMAKE_PREFIX_PATH=${CMAKE_PREFIX_PATH}:/opt/ros/jazzy /usr/bin/cmake --build /home/zanef/ros2_ws/src/build/yahboom_rosmaster_bringup -- -j12 -l12
[0.076s] Invoked command in '/home/zanef/ros2_ws/src/build/yahboom_rosmaster_bringup' returned '0': CMAKE_PREFIX_PATH=${CMAKE_PREFIX_PATH}:/opt/ros/jazzy /usr/bin/cmake --build /home/zanef/ros2_ws/src/build/yahboom_rosmaster_bringup -- -j12 -l12
[0.085s] Invoking command in '/home/zanef/ros2_ws/src/build/yahboom_rosmaster_bringup': CMAKE_PREFIX_PATH=${CMAKE_PREFIX_PATH}:/opt/ros/jazzy /usr/bin/cmake --install /home/zanef/ros2_ws/src/build/yahboom_rosmaster_bringup
[0.099s] -- Install configuration: ""
[0.099s] -- Execute custom install script
[0.099s] -- Up-to-date symlink: /home/zanef/ros2_ws/src/install/yahboom_rosmaster_bringup/share/yahboom_rosmaster_bringup/launch/load_ros2_controllers.launch.py
[0.101s] -- Up-to-date symlink: /home/zanef/ros2_ws/src/install/yahboom_rosmaster_bringup/share/yahboom_rosmaster_bringup/launch/rosmaster_x3_navigation.launch.py
[0.101s] -- Up-to-date symlink: /home/zanef/ros2_ws/src/install/yahboom_rosmaster_bringup/share/yahboom_rosmaster_bringup/scripts/rosmaster_x3_gazebo.sh
[0.101s] -- Up-to-date symlink: /home/zanef/ros2_ws/src/install/yahboom_rosmaster_bringup/share/yahboom_rosmaster_bringup/scripts/rosmaster_x3_navigation.sh
[0.101s] -- Up-to-date symlink: /home/zanef/ros2_ws/src/install/yahboom_rosmaster_bringup/share/ament_index/resource_index/package_run_dependencies/yahboom_rosmaster_bringup
[0.101s] -- Up-to-date symlink: /home/zanef/ros2_ws/src/install/yahboom_rosmaster_bringup/share/ament_index/resource_index/parent_prefix_path/yahboom_rosmaster_bringup
[0.101s] -- Up-to-date symlink: /home/zanef/ros2_ws/src/install/yahboom_rosmaster_bringup/share/yahboom_rosmaster_bringup/environment/ament_prefix_path.sh
[0.101s] -- Up-to-date symlink: /home/zanef/ros2_ws/src/install/yahboom_rosmaster_bringup/share/yahboom_rosmaster_bringup/environment/ament_prefix_path.dsv
[0.101s] -- Up-to-date symlink: /home/zanef/ros2_ws/src/install/yahboom_rosmaster_bringup/share/yahboom_rosmaster_bringup/environment/path.sh
[0.101s] -- Up-to-date symlink: /home/zanef/ros2_ws/src/install/yahboom_rosmaster_bringup/share/yahboom_rosmaster_bringup/environment/path.dsv
[0.101s] -- Up-to-date symlink: /home/zanef/ros2_ws/src/install/yahboom_rosmaster_bringup/share/yahboom_rosmaster_bringup/local_setup.bash
[0.101s] -- Up-to-date symlink: /home/zanef/ros2_ws/src/install/yahboom_rosmaster_bringup/share/yahboom_rosmaster_bringup/local_setup.sh
[0.101s] -- Up-to-date symlink: /home/zanef/ros2_ws/src/install/yahboom_rosmaster_bringup/share/yahboom_rosmaster_bringup/local_setup.zsh
[0.101s] -- Up-to-date symlink: /home/zanef/ros2_ws/src/install/yahboom_rosmaster_bringup/share/yahboom_rosmaster_bringup/local_setup.dsv
[0.101s] -- Symlinking: /home/zanef/ros2_ws/src/install/yahboom_rosmaster_bringup/share/yahboom_rosmaster_bringup/package.dsv
[0.122s] -- Up-to-date symlink: /home/zanef/ros2_ws/src/install/yahboom_rosmaster_bringup/share/ament_index/resource_index/packages/yahboom_rosmaster_bringup
[0.122s] -- Up-to-date symlink: /home/zanef/ros2_ws/src/install/yahboom_rosmaster_bringup/share/yahboom_rosmaster_bringup/cmake/yahboom_rosmaster_bringupConfig.cmake
[0.122s] -- Up-to-date symlink: /home/zanef/ros2_ws/src/install/yahboom_rosmaster_bringup/share/yahboom_rosmaster_bringup/cmake/yahboom_rosmaster_bringupConfig-version.cmake
[0.123s] -- Up-to-date symlink: /home/zanef/ros2_ws/src/install/yahboom_rosmaster_bringup/share/yahboom_rosmaster_bringup/package.xml
[0.274s] Invoked command in '/home/zanef/ros2_ws/src/build/yahboom_rosmaster_bringup' returned '0': CMAKE_PREFIX_PATH=${CMAKE_PREFIX_PATH}:/opt/ros/jazzy /usr/bin/cmake --install /home/zanef/ros2_ws/src/build/yahboom_rosmaster_bringup
