[0.036s] Invoking command in '/home/zanef/ros2_ws/src/build/yahboom_rosmaster_docking': CMAKE_PREFIX_PATH=${CMAKE_PREFIX_PATH}:/opt/ros/jazzy /usr/bin/cmake /home/zanef/ros2_ws/src/yahboom_rosmaster/yahboom_rosmaster_docking -DAMENT_CMAKE_SYMLINK_INSTALL=1 -DCMAKE_INSTALL_PREFIX=/home/zanef/ros2_ws/src/install/yahboom_rosmaster_docking
[0.200s] -- The C compiler identification is GNU 13.3.0
[1.265s] -- The CXX compiler identification is GNU 13.3.0
[2.274s] -- Detecting C compiler ABI info
[2.581s] -- Detecting C compiler ABI info - done
[2.588s] -- Check for working C compiler: /usr/bin/cc - skipped
[2.588s] -- Detecting C compile features
[2.588s] -- Detecting C compile features - done
[2.728s] -- Detecting CXX compiler ABI info
[3.016s] -- Detecting CXX compiler ABI info - done
[3.025s] -- Check for working CXX compiler: /usr/bin/c++ - skipped
[3.025s] -- Detecting CXX compile features
[3.026s] -- Detecting CXX compile features - done
[3.031s] -- Found ament_cmake: 2.5.5 (/opt/ros/jazzy/share/ament_cmake/cmake)
[3.234s] -- Found Python3: /usr/bin/python3 (found version "3.12.3") found components: Interpreter 
[3.375s] -- Override CMake install command with custom implementation using symlinks instead of copying resources
[3.438s] -- Found geometry_msgs: 5.3.6 (/opt/ros/jazzy/share/geometry_msgs/cmake)
[3.649s] -- Found rosidl_generator_c: 4.6.7 (/opt/ros/jazzy/share/rosidl_generator_c/cmake)
[3.670s] -- Found rosidl_generator_cpp: 4.6.7 (/opt/ros/jazzy/share/rosidl_generator_cpp/cmake)
[3.694s] -- Using all available rosidl_typesupport_c: rosidl_typesupport_fastrtps_c;rosidl_typesupport_introspection_c
[3.718s] -- Using all available rosidl_typesupport_cpp: rosidl_typesupport_fastrtps_cpp;rosidl_typesupport_introspection_cpp
[3.789s] -- Found rclcpp: 28.1.16 (/opt/ros/jazzy/share/rclcpp/cmake)
[3.895s] -- Found rmw_implementation_cmake: 7.3.3 (/opt/ros/jazzy/share/rmw_implementation_cmake/cmake)
[3.901s] -- Found rmw_fastrtps_cpp: 8.4.3 (/opt/ros/jazzy/share/rmw_fastrtps_cpp/cmake)
[4.044s] -- Found OpenSSL: /usr/lib/x86_64-linux-gnu/libcrypto.so (found version "3.0.13")  
[4.345s] -- Found FastRTPS: /opt/ros/jazzy/include (Required is at least version "2.13") 
[4.516s] -- Using RMW implementation 'rmw_fastrtps_cpp' as default
[4.825s] -- Found rclpy: 7.1.9 (/opt/ros/jazzy/share/rclpy/cmake)
[4.829s] -- Found apriltag_ros: 3.3.0 (/opt/ros/jazzy/share/apriltag_ros/cmake)
[4.833s] -- Found apriltag_msgs: 2.0.1 (/opt/ros/jazzy/share/apriltag_msgs/cmake)
[4.851s] -- Found image_proc: 5.0.11 (/opt/ros/jazzy/share/image_proc/cmake)
[4.881s] -- Setting yaml-cpp_DIR to: '/opt/ros/jazzy/share/yaml_cpp_vendor/cmake/../../../opt/yaml_cpp_vendor/share/cmake/yaml-cpp'
[5.076s] -- Found eigen3_cmake_module: 0.3.0 (/opt/ros/jazzy/share/eigen3_cmake_module/cmake)
[5.077s] -- Found Eigen3: TRUE (found version "3.4.0") 
[5.077s] -- Ensuring Eigen3 include directory is part of orocos-kdl CMake target
[5.213s] -- Found ament_lint_auto: 0.17.4 (/opt/ros/jazzy/share/ament_lint_auto/cmake)
[5.337s] -- Added test 'cppcheck' to perform static code analysis on C / C++ code
[5.337s] -- Configured cppcheck include dirs: 
[5.337s] -- Configured cppcheck exclude dirs and/or files: 
[5.338s] -- Added test 'flake8' to check Python code syntax and style conventions
[5.338s] -- Configured 'flake8' exclude dirs and/or files: 
[5.339s] -- Added test 'lint_cmake' to check CMake code style
[5.339s] -- Added test 'pep257' to check Python code against some of the docstring style conventions in PEP 257
[5.340s] -- Added test 'uncrustify' to check C / C++ code style
[5.341s] -- Configured uncrustify additional arguments: 
[5.342s] -- Added test 'xmllint' to check XML markup files
[5.343s] -- Configuring done (5.3s)
[5.363s] -- Generating done (0.0s)
[5.367s] -- Build files have been written to: /home/zanef/ros2_ws/src/build/yahboom_rosmaster_docking
[5.383s] Invoked command in '/home/zanef/ros2_ws/src/build/yahboom_rosmaster_docking' returned '0': CMAKE_PREFIX_PATH=${CMAKE_PREFIX_PATH}:/opt/ros/jazzy /usr/bin/cmake /home/zanef/ros2_ws/src/yahboom_rosmaster/yahboom_rosmaster_docking -DAMENT_CMAKE_SYMLINK_INSTALL=1 -DCMAKE_INSTALL_PREFIX=/home/zanef/ros2_ws/src/install/yahboom_rosmaster_docking
[5.385s] Invoking command in '/home/zanef/ros2_ws/src/build/yahboom_rosmaster_docking': CMAKE_PREFIX_PATH=${CMAKE_PREFIX_PATH}:/opt/ros/jazzy /usr/bin/cmake --build /home/zanef/ros2_ws/src/build/yahboom_rosmaster_docking -- -j12 -l12
[5.448s] [ 50%] [32mBuilding CXX object CMakeFiles/detected_dock_pose_publisher.dir/src/detected_dock_pose_publisher.cpp.o[0m
[10.445s] [100%] [32m[1mLinking CXX executable detected_dock_pose_publisher[0m
[10.720s] [100%] Built target detected_dock_pose_publisher
