[0.020s] Invoking command in '/home/zanef/ros2_ws/build/yahboom_rosmaster_gazebo': CMAKE_PREFIX_PATH=${CMAKE_PREFIX_PATH}:/opt/ros/jazzy /usr/bin/cmake /home/zanef/ros2_ws/src/yahboom_rosmaster/yahboom_rosmaster_gazebo -DAMENT_CMAKE_SYMLINK_INSTALL=1 -DCMAKE_INSTALL_PREFIX=/home/zanef/ros2_ws/install/yahboom_rosmaster_gazebo
[0.143s] -- The C compiler identification is GNU 13.3.0
[0.781s] -- The CXX compiler identification is GNU 13.3.0
[1.390s] -- Detecting C compiler ABI info
[1.580s] -- Detecting C compiler ABI info - done
[1.584s] -- Check for working C compiler: /usr/bin/cc - skipped
[1.584s] -- Detecting C compile features
[1.584s] -- Detecting C compile features - done
[1.654s] -- Detecting CXX compiler ABI info
[1.843s] -- Detecting CXX compiler ABI info - done
[1.848s] -- Check for working CXX compiler: /usr/bin/c++ - skipped
[1.848s] -- Detecting CXX compile features
[1.848s] -- Detecting CXX compile features - done
[1.851s] -- Found ament_cmake: 2.5.5 (/opt/ros/jazzy/share/ament_cmake/cmake)
[1.943s] -- Found Python3: /usr/bin/python3 (found version "3.12.3") found components: Interpreter 
[1.993s] -- Override CMake install command with custom implementation using symlinks instead of copying resources
[2.019s] -- Found controller_manager: 4.42.2 (/opt/ros/jazzy/share/controller_manager/cmake)
[2.180s] -- Found rosidl_generator_c: 4.6.7 (/opt/ros/jazzy/share/rosidl_generator_c/cmake)
[2.189s] -- Found rosidl_generator_cpp: 4.6.7 (/opt/ros/jazzy/share/rosidl_generator_cpp/cmake)
[2.202s] -- Using all available rosidl_typesupport_c: rosidl_typesupport_fastrtps_c;rosidl_typesupport_introspection_c
[2.218s] -- Using all available rosidl_typesupport_cpp: rosidl_typesupport_fastrtps_cpp;rosidl_typesupport_introspection_cpp
[2.275s] -- Found rmw_implementation_cmake: 7.3.3 (/opt/ros/jazzy/share/rmw_implementation_cmake/cmake)
[2.278s] -- Found rmw_fastrtps_cpp: 8.4.3 (/opt/ros/jazzy/share/rmw_fastrtps_cpp/cmake)
[2.337s] -- Found OpenSSL: /usr/lib/x86_64-linux-gnu/libcrypto.so (found version "3.0.13")  
[2.493s] -- Found FastRTPS: /opt/ros/jazzy/include (Required is at least version "2.13") 
[2.584s] -- Using RMW implementation 'rmw_fastrtps_cpp' as default
[3.156s] -- Found gz_ros2_control: 1.2.17 (/opt/ros/jazzy/share/gz_ros2_control/cmake)
[3.163s] -- Found ros_gz: 1.0.18 (/opt/ros/jazzy/share/ros_gz/cmake)
[3.165s] -- Found ros_gz_bridge: 1.0.18 (/opt/ros/jazzy/share/ros_gz_bridge/cmake)
[3.195s] -- Looking for gz-msgs10 -- found version 10.3.2
[3.198s] -- Searching for dependencies of gz-msgs10
[4.781s] -- Found Protobuf: /usr/lib/x86_64-linux-gnu/libprotobuf.so (found version "3.21.12") 
[4.784s] -- Looking for gz-utils2 -- found version 2.2.1
[4.784s] -- Searching for dependencies of gz-utils2
[4.787s] -- Looking for gz-math7 -- found version 7.5.2
[4.787s] -- Searching for dependencies of gz-math7
[4.787s] -- Looking for gz-utils2 -- found version 2.2.1
[4.792s] -- Checking for module 'tinyxml2'
[4.804s] --   Found tinyxml2, version 10.0.0
[4.851s] -- Looking for gz-transport13 -- found version 13.5.0
[4.851s] -- Searching for dependencies of gz-transport13
[6.933s] -- Config-file not installed for ZeroMQ -- checking for pkg-config
[6.936s] -- Checking for module 'libzmq >= 4'
[6.944s] --   Found libzmq, version 4.3.5
[6.965s] -- Found ZeroMQ: TRUE (Required is at least version "4") 
[7.012s] -- Checking for module 'uuid'
[7.020s] --   Found uuid, version 2.39.3
[7.038s] -- Found UUID: TRUE  
[7.039s] -- Looking for gz-utils2 -- found version 2.2.1
[7.039s] -- Searching for dependencies of gz-utils2
[7.039s] -- Searching for <gz-utils2> component [cli]
[7.040s] -- Looking for gz-utils2-cli -- found version 2.2.1
[7.040s] -- Searching for dependencies of gz-utils2-cli
[7.041s] -- Looking for gz-msgs10 -- found version 10.3.2
[7.141s] -- Found ros_gz_image: 1.0.18 (/opt/ros/jazzy/share/ros_gz_image/cmake)
[7.142s] -- Found ros_gz_sim: 1.0.18 (/opt/ros/jazzy/share/ros_gz_sim/cmake)
[7.160s] -- Found ros2_control: 4.42.2 (/opt/ros/jazzy/share/ros2_control/cmake)
[7.162s] -- Found ros2_controllers: 4.36.0 (/opt/ros/jazzy/share/ros2_controllers/cmake)
[7.164s] -- Found xacro: 2.1.1 (/opt/ros/jazzy/share/xacro/cmake)
[7.166s] -- Found ament_lint_auto: 0.17.4 (/opt/ros/jazzy/share/ament_lint_auto/cmake)
[7.245s] -- Added test 'flake8' to check Python code syntax and style conventions
[7.245s] -- Configured 'flake8' exclude dirs and/or files: 
[7.249s] -- Added test 'lint_cmake' to check CMake code style
[7.252s] -- Added test 'pep257' to check Python code against some of the docstring style conventions in PEP 257
[7.270s] -- Added test 'xmllint' to check XML markup files
[7.271s] -- Configuring done (7.2s)
[7.276s] -- Generating done (0.0s)
[7.278s] -- Build files have been written to: /home/zanef/ros2_ws/build/yahboom_rosmaster_gazebo
