[0.031s] Invoking command in '/home/zanef/ros2_ws/src/build/yahboom_rosmaster_msgs': CMAKE_PREFIX_PATH=${CMAKE_PREFIX_PATH}:/opt/ros/jazzy /usr/bin/cmake --build /home/zanef/ros2_ws/src/build/yahboom_rosmaster_msgs -- -j12 -l12
[0.092s] [  2%] Built target yahboom_rosmaster_msgs__rosidl_generator_type_description
[0.101s] [  2%] Built target ament_cmake_python_symlink_yahboom_rosmaster_msgs
[0.127s] [  4%] Built target yahboom_rosmaster_msgs__cpp
[0.129s] [ 22%] Built target yahboom_rosmaster_msgs__rosidl_generator_c
[0.207s] [ 31%] Built target yahboom_rosmaster_msgs__rosidl_typesupport_c
[0.207s] [ 40%] Built target yahboom_rosmaster_msgs__rosidl_typesupport_introspection_c
[0.207s] [ 50%] Built target yahboom_rosmaster_msgs__rosidl_typesupport_cpp
[0.210s] [ 59%] Built target yahboom_rosmaster_msgs__rosidl_typesupport_fastrtps_c
[0.218s] [ 68%] Built target yahboom_rosmaster_msgs__rosidl_typesupport_introspection_cpp
[0.223s] [ 77%] Built target yahboom_rosmaster_msgs__rosidl_typesupport_fastrtps_cpp
[0.257s] [ 77%] Built target yahboom_rosmaster_msgs
[0.273s] [ 79%] Built target yahboom_rosmaster_msgs__py
[0.273s] [ 81%] [32m[1mLinking C shared library libyahboom_rosmaster_msgs__rosidl_generator_py.so[0m
[0.331s] running egg_info
[0.345s] writing yahboom_rosmaster_msgs.egg-info/PKG-INFO
[0.345s] writing dependency_links to yahboom_rosmaster_msgs.egg-info/dependency_links.txt
[0.345s] writing top-level names to yahboom_rosmaster_msgs.egg-info/top_level.txt
[0.389s] reading manifest file 'yahboom_rosmaster_msgs.egg-info/SOURCES.txt'
[0.390s] writing manifest file 'yahboom_rosmaster_msgs.egg-info/SOURCES.txt'
[0.417s] [ 86%] Built target yahboom_rosmaster_msgs__rosidl_generator_py
[0.423s] [ 86%] Built target ament_cmake_python_build_yahboom_rosmaster_msgs_egg
[0.445s] [ 88%] [32m[1mLinking C shared module rosidl_generator_py/yahboom_rosmaster_msgs/yahboom_rosmaster_msgs_s__rosidl_typesupport_c.so[0m
[0.446s] [ 90%] [32m[1mLinking C shared module rosidl_generator_py/yahboom_rosmaster_msgs/yahboom_rosmaster_msgs_s__rosidl_typesupport_introspection_c.so[0m
[0.450s] [ 93%] [32m[1mLinking C shared module rosidl_generator_py/yahboom_rosmaster_msgs/yahboom_rosmaster_msgs_s__rosidl_typesupport_fastrtps_c.so[0m
[0.552s] [ 95%] Built target yahboom_rosmaster_msgs_s__rosidl_typesupport_c
[0.554s] [ 97%] Built target yahboom_rosmaster_msgs_s__rosidl_typesupport_introspection_c
[0.595s] [100%] Built target yahboom_rosmaster_msgs_s__rosidl_typesupport_fastrtps_c
[0.606s] Invoked command in '/home/zanef/ros2_ws/src/build/yahboom_rosmaster_msgs' returned '0': CMAKE_PREFIX_PATH=${CMAKE_PREFIX_PATH}:/opt/ros/jazzy /usr/bin/cmake --build /home/zanef/ros2_ws/src/build/yahboom_rosmaster_msgs -- -j12 -l12
[0.607s] Invoking command in '/home/zanef/ros2_ws/src/build/yahboom_rosmaster_msgs': CMAKE_PREFIX_PATH=${CMAKE_PREFIX_PATH}:/opt/ros/jazzy /usr/bin/cmake --install /home/zanef/ros2_ws/src/build/yahboom_rosmaster_msgs
[0.615s] -- Install configuration: ""
[0.615s] -- Execute custom install script
[0.616s] -- Symlinking: /home/zanef/ros2_ws/src/install/yahboom_rosmaster_msgs/share/ament_index/resource_index/rosidl_interfaces/yahboom_rosmaster_msgs
[0.623s] -- Symlinking: /home/zanef/ros2_ws/src/install/yahboom_rosmaster_msgs/share/yahboom_rosmaster_msgs/action/TimedRotation.json
[0.633s] -- Symlinking: /home/zanef/ros2_ws/src/install/yahboom_rosmaster_msgs/share/yahboom_rosmaster_msgs/srv/SetCleaningState.json
[0.642s] -- Symlinking: /home/zanef/ros2_ws/src/install/yahboom_rosmaster_msgs/include/yahboom_rosmaster_msgs/yahboom_rosmaster_msgs/action/detail/timed_rotation__functions.h
[0.650s] -- Symlinking: /home/zanef/ros2_ws/src/install/yahboom_rosmaster_msgs/include/yahboom_rosmaster_msgs/yahboom_rosmaster_msgs/action/detail/timed_rotation__struct.h
[0.659s] -- Symlinking: /home/zanef/ros2_ws/src/install/yahboom_rosmaster_msgs/include/yahboom_rosmaster_msgs/yahboom_rosmaster_msgs/action/detail/timed_rotation__type_support.h
[0.665s] -- Symlinking: /home/zanef/ros2_ws/src/install/yahboom_rosmaster_msgs/include/yahboom_rosmaster_msgs/yahboom_rosmaster_msgs/action/timed_rotation.h
[0.673s] -- Symlinking: /home/zanef/ros2_ws/src/install/yahboom_rosmaster_msgs/include/yahboom_rosmaster_msgs/yahboom_rosmaster_msgs/msg/rosidl_generator_c__visibility_control.h
[0.683s] -- Symlinking: /home/zanef/ros2_ws/src/install/yahboom_rosmaster_msgs/include/yahboom_rosmaster_msgs/yahboom_rosmaster_msgs/srv/detail/set_cleaning_state__functions.h
[0.690s] -- Symlinking: /home/zanef/ros2_ws/src/install/yahboom_rosmaster_msgs/include/yahboom_rosmaster_msgs/yahboom_rosmaster_msgs/srv/detail/set_cleaning_state__struct.h
[0.698s] -- Symlinking: /home/zanef/ros2_ws/src/install/yahboom_rosmaster_msgs/include/yahboom_rosmaster_msgs/yahboom_rosmaster_msgs/srv/detail/set_cleaning_state__type_support.h
[0.710s] -- Symlinking: /home/zanef/ros2_ws/src/install/yahboom_rosmaster_msgs/include/yahboom_rosmaster_msgs/yahboom_rosmaster_msgs/srv/set_cleaning_state.h
[0.718s] -- Symlinking: /home/zanef/ros2_ws/src/install/yahboom_rosmaster_msgs/share/yahboom_rosmaster_msgs/environment/library_path.sh
[0.725s] -- Symlinking: /home/zanef/ros2_ws/src/install/yahboom_rosmaster_msgs/share/yahboom_rosmaster_msgs/environment/library_path.dsv
[0.735s] -- Symlinking: /home/zanef/ros2_ws/src/install/yahboom_rosmaster_msgs/include/yahboom_rosmaster_msgs/yahboom_rosmaster_msgs/action/detail/timed_rotation__rosidl_typesupport_fastrtps_c.h
[0.748s] -- Symlinking: /home/zanef/ros2_ws/src/install/yahboom_rosmaster_msgs/include/yahboom_rosmaster_msgs/yahboom_rosmaster_msgs/msg/rosidl_typesupport_fastrtps_c__visibility_control.h
[0.759s] -- Symlinking: /home/zanef/ros2_ws/src/install/yahboom_rosmaster_msgs/include/yahboom_rosmaster_msgs/yahboom_rosmaster_msgs/srv/detail/set_cleaning_state__rosidl_typesupport_fastrtps_c.h
[0.774s] -- Symlinking: /home/zanef/ros2_ws/src/install/yahboom_rosmaster_msgs/include/yahboom_rosmaster_msgs/yahboom_rosmaster_msgs/action/detail/timed_rotation__rosidl_typesupport_introspection_c.h
[0.784s] -- Symlinking: /home/zanef/ros2_ws/src/install/yahboom_rosmaster_msgs/include/yahboom_rosmaster_msgs/yahboom_rosmaster_msgs/msg/rosidl_typesupport_introspection_c__visibility_control.h
[0.793s] -- Symlinking: /home/zanef/ros2_ws/src/install/yahboom_rosmaster_msgs/include/yahboom_rosmaster_msgs/yahboom_rosmaster_msgs/srv/detail/set_cleaning_state__rosidl_typesupport_introspection_c.h
[0.803s] -- Symlinking: /home/zanef/ros2_ws/src/install/yahboom_rosmaster_msgs/include/yahboom_rosmaster_msgs/yahboom_rosmaster_msgs/action/detail/timed_rotation__builder.hpp
[0.811s] -- Symlinking: /home/zanef/ros2_ws/src/install/yahboom_rosmaster_msgs/include/yahboom_rosmaster_msgs/yahboom_rosmaster_msgs/action/detail/timed_rotation__struct.hpp
[0.818s] -- Symlinking: /home/zanef/ros2_ws/src/install/yahboom_rosmaster_msgs/include/yahboom_rosmaster_msgs/yahboom_rosmaster_msgs/action/detail/timed_rotation__traits.hpp
[0.827s] -- Symlinking: /home/zanef/ros2_ws/src/install/yahboom_rosmaster_msgs/include/yahboom_rosmaster_msgs/yahboom_rosmaster_msgs/action/detail/timed_rotation__type_support.hpp
[0.834s] -- Symlinking: /home/zanef/ros2_ws/src/install/yahboom_rosmaster_msgs/include/yahboom_rosmaster_msgs/yahboom_rosmaster_msgs/action/timed_rotation.hpp
[0.842s] -- Symlinking: /home/zanef/ros2_ws/src/install/yahboom_rosmaster_msgs/include/yahboom_rosmaster_msgs/yahboom_rosmaster_msgs/msg/rosidl_generator_cpp__visibility_control.hpp
[0.854s] -- Symlinking: /home/zanef/ros2_ws/src/install/yahboom_rosmaster_msgs/include/yahboom_rosmaster_msgs/yahboom_rosmaster_msgs/srv/detail/set_cleaning_state__builder.hpp
[0.864s] -- Symlinking: /home/zanef/ros2_ws/src/install/yahboom_rosmaster_msgs/include/yahboom_rosmaster_msgs/yahboom_rosmaster_msgs/srv/detail/set_cleaning_state__struct.hpp
[0.872s] -- Symlinking: /home/zanef/ros2_ws/src/install/yahboom_rosmaster_msgs/include/yahboom_rosmaster_msgs/yahboom_rosmaster_msgs/srv/detail/set_cleaning_state__traits.hpp
[0.879s] -- Symlinking: /home/zanef/ros2_ws/src/install/yahboom_rosmaster_msgs/include/yahboom_rosmaster_msgs/yahboom_rosmaster_msgs/srv/detail/set_cleaning_state__type_support.hpp
[0.886s] -- Symlinking: /home/zanef/ros2_ws/src/install/yahboom_rosmaster_msgs/include/yahboom_rosmaster_msgs/yahboom_rosmaster_msgs/srv/set_cleaning_state.hpp
[0.893s] -- Symlinking: /home/zanef/ros2_ws/src/install/yahboom_rosmaster_msgs/include/yahboom_rosmaster_msgs/yahboom_rosmaster_msgs/action/detail/timed_rotation__rosidl_typesupport_fastrtps_cpp.hpp
[0.902s] -- Symlinking: /home/zanef/ros2_ws/src/install/yahboom_rosmaster_msgs/include/yahboom_rosmaster_msgs/yahboom_rosmaster_msgs/msg/rosidl_typesupport_fastrtps_cpp__visibility_control.h
[0.910s] -- Symlinking: /home/zanef/ros2_ws/src/install/yahboom_rosmaster_msgs/include/yahboom_rosmaster_msgs/yahboom_rosmaster_msgs/srv/detail/set_cleaning_state__rosidl_typesupport_fastrtps_cpp.hpp
[0.921s] -- Symlinking: /home/zanef/ros2_ws/src/install/yahboom_rosmaster_msgs/include/yahboom_rosmaster_msgs/yahboom_rosmaster_msgs/action/detail/timed_rotation__rosidl_typesupport_introspection_cpp.hpp
[0.931s] -- Symlinking: /home/zanef/ros2_ws/src/install/yahboom_rosmaster_msgs/include/yahboom_rosmaster_msgs/yahboom_rosmaster_msgs/srv/detail/set_cleaning_state__rosidl_typesupport_introspection_cpp.hpp
[0.939s] -- Symlinking: /home/zanef/ros2_ws/src/install/yahboom_rosmaster_msgs/share/yahboom_rosmaster_msgs/environment/pythonpath.sh
[0.951s] -- Symlinking: /home/zanef/ros2_ws/src/install/yahboom_rosmaster_msgs/share/yahboom_rosmaster_msgs/environment/pythonpath.dsv
[0.960s] -- Symlinking: /home/zanef/ros2_ws/src/install/yahboom_rosmaster_msgs/lib/python3.12/site-packages/yahboom_rosmaster_msgs-0.0.0-py3.12.egg-info/PKG-INFO
[0.968s] -- Symlinking: /home/zanef/ros2_ws/src/install/yahboom_rosmaster_msgs/lib/python3.12/site-packages/yahboom_rosmaster_msgs-0.0.0-py3.12.egg-info/SOURCES.txt
[0.976s] -- Symlinking: /home/zanef/ros2_ws/src/install/yahboom_rosmaster_msgs/lib/python3.12/site-packages/yahboom_rosmaster_msgs-0.0.0-py3.12.egg-info/dependency_links.txt
[0.984s] -- Symlinking: /home/zanef/ros2_ws/src/install/yahboom_rosmaster_msgs/lib/python3.12/site-packages/yahboom_rosmaster_msgs-0.0.0-py3.12.egg-info/top_level.txt
[0.992s] -- Symlinking: /home/zanef/ros2_ws/src/install/yahboom_rosmaster_msgs/lib/python3.12/site-packages/yahboom_rosmaster_msgs/__init__.py
[1.000s] -- Symlinking: /home/zanef/ros2_ws/src/install/yahboom_rosmaster_msgs/lib/python3.12/site-packages/yahboom_rosmaster_msgs/_yahboom_rosmaster_msgs_s.ep.rosidl_typesupport_c.c
[1.007s] -- Symlinking: /home/zanef/ros2_ws/src/install/yahboom_rosmaster_msgs/lib/python3.12/site-packages/yahboom_rosmaster_msgs/_yahboom_rosmaster_msgs_s.ep.rosidl_typesupport_fastrtps_c.c
[1.015s] -- Symlinking: /home/zanef/ros2_ws/src/install/yahboom_rosmaster_msgs/lib/python3.12/site-packages/yahboom_rosmaster_msgs/_yahboom_rosmaster_msgs_s.ep.rosidl_typesupport_introspection_c.c
[1.023s] -- Symlinking: /home/zanef/ros2_ws/src/install/yahboom_rosmaster_msgs/lib/python3.12/site-packages/yahboom_rosmaster_msgs/action/__init__.py
[1.032s] -- Symlinking: /home/zanef/ros2_ws/src/install/yahboom_rosmaster_msgs/lib/python3.12/site-packages/yahboom_rosmaster_msgs/action/_timed_rotation.py
[1.039s] -- Symlinking: /home/zanef/ros2_ws/src/install/yahboom_rosmaster_msgs/lib/python3.12/site-packages/yahboom_rosmaster_msgs/action/_timed_rotation_s.c
[1.048s] -- Symlinking: /home/zanef/ros2_ws/src/install/yahboom_rosmaster_msgs/lib/python3.12/site-packages/yahboom_rosmaster_msgs/srv/__init__.py
[1.054s] -- Symlinking: /home/zanef/ros2_ws/src/install/yahboom_rosmaster_msgs/lib/python3.12/site-packages/yahboom_rosmaster_msgs/srv/_set_cleaning_state.py
[1.061s] -- Symlinking: /home/zanef/ros2_ws/src/install/yahboom_rosmaster_msgs/lib/python3.12/site-packages/yahboom_rosmaster_msgs/srv/_set_cleaning_state_s.c
[1.069s] -- Symlinking: /home/zanef/ros2_ws/src/install/yahboom_rosmaster_msgs/lib/python3.12/site-packages/yahboom_rosmaster_msgs/yahboom_rosmaster_msgs_s__rosidl_typesupport_c.so
[1.076s] -- Symlinking: /home/zanef/ros2_ws/src/install/yahboom_rosmaster_msgs/lib/python3.12/site-packages/yahboom_rosmaster_msgs/yahboom_rosmaster_msgs_s__rosidl_typesupport_fastrtps_c.so
[1.084s] -- Symlinking: /home/zanef/ros2_ws/src/install/yahboom_rosmaster_msgs/lib/python3.12/site-packages/yahboom_rosmaster_msgs/yahboom_rosmaster_msgs_s__rosidl_typesupport_introspection_c.so
[1.091s] -- Up-to-date symlink: /home/zanef/ros2_ws/src/install/yahboom_rosmaster_msgs/lib/python3.12/site-packages/yahboom_rosmaster_msgs/yahboom_rosmaster_msgs_s__rosidl_typesupport_fastrtps_c.so
[1.092s] -- Up-to-date symlink: /home/zanef/ros2_ws/src/install/yahboom_rosmaster_msgs/lib/python3.12/site-packages/yahboom_rosmaster_msgs/yahboom_rosmaster_msgs_s__rosidl_typesupport_introspection_c.so
[1.092s] -- Up-to-date symlink: /home/zanef/ros2_ws/src/install/yahboom_rosmaster_msgs/lib/python3.12/site-packages/yahboom_rosmaster_msgs/yahboom_rosmaster_msgs_s__rosidl_typesupport_c.so
[1.092s] -- Symlinking: /home/zanef/ros2_ws/src/install/yahboom_rosmaster_msgs/share/yahboom_rosmaster_msgs/action/TimedRotation.idl
[1.099s] -- Symlinking: /home/zanef/ros2_ws/src/install/yahboom_rosmaster_msgs/share/yahboom_rosmaster_msgs/srv/SetCleaningState.idl
[1.106s] -- Symlinking: /home/zanef/ros2_ws/src/install/yahboom_rosmaster_msgs/share/yahboom_rosmaster_msgs/action/TimedRotation.action
[1.115s] -- Symlinking: /home/zanef/ros2_ws/src/install/yahboom_rosmaster_msgs/share/yahboom_rosmaster_msgs/srv/SetCleaningState.srv
[1.122s] -- Symlinking: /home/zanef/ros2_ws/src/install/yahboom_rosmaster_msgs/share/ament_index/resource_index/package_run_dependencies/yahboom_rosmaster_msgs
[1.130s] -- Symlinking: /home/zanef/ros2_ws/src/install/yahboom_rosmaster_msgs/share/ament_index/resource_index/parent_prefix_path/yahboom_rosmaster_msgs
[1.137s] -- Symlinking: /home/zanef/ros2_ws/src/install/yahboom_rosmaster_msgs/share/yahboom_rosmaster_msgs/environment/ament_prefix_path.sh
[1.146s] -- Symlinking: /home/zanef/ros2_ws/src/install/yahboom_rosmaster_msgs/share/yahboom_rosmaster_msgs/environment/ament_prefix_path.dsv
[1.153s] -- Symlinking: /home/zanef/ros2_ws/src/install/yahboom_rosmaster_msgs/share/yahboom_rosmaster_msgs/environment/path.sh
[1.160s] -- Symlinking: /home/zanef/ros2_ws/src/install/yahboom_rosmaster_msgs/share/yahboom_rosmaster_msgs/environment/path.dsv
[1.168s] -- Symlinking: /home/zanef/ros2_ws/src/install/yahboom_rosmaster_msgs/share/yahboom_rosmaster_msgs/local_setup.bash
[1.175s] -- Symlinking: /home/zanef/ros2_ws/src/install/yahboom_rosmaster_msgs/share/yahboom_rosmaster_msgs/local_setup.sh
[1.182s] -- Symlinking: /home/zanef/ros2_ws/src/install/yahboom_rosmaster_msgs/share/yahboom_rosmaster_msgs/local_setup.zsh
[1.189s] -- Symlinking: /home/zanef/ros2_ws/src/install/yahboom_rosmaster_msgs/share/yahboom_rosmaster_msgs/local_setup.dsv
[1.198s] -- Symlinking: /home/zanef/ros2_ws/src/install/yahboom_rosmaster_msgs/share/yahboom_rosmaster_msgs/package.dsv
[1.206s] -- Symlinking: /home/zanef/ros2_ws/src/install/yahboom_rosmaster_msgs/share/ament_index/resource_index/packages/yahboom_rosmaster_msgs
[1.217s] -- Symlinking: /home/zanef/ros2_ws/src/install/yahboom_rosmaster_msgs/share/yahboom_rosmaster_msgs/cmake/rosidl_cmake-extras.cmake
[1.224s] -- Symlinking: /home/zanef/ros2_ws/src/install/yahboom_rosmaster_msgs/share/yahboom_rosmaster_msgs/cmake/ament_cmake_export_dependencies-extras.cmake
[1.233s] -- Symlinking: /home/zanef/ros2_ws/src/install/yahboom_rosmaster_msgs/share/yahboom_rosmaster_msgs/cmake/ament_cmake_export_include_directories-extras.cmake
[1.240s] -- Symlinking: /home/zanef/ros2_ws/src/install/yahboom_rosmaster_msgs/share/yahboom_rosmaster_msgs/cmake/ament_cmake_export_libraries-extras.cmake
[1.250s] -- Symlinking: /home/zanef/ros2_ws/src/install/yahboom_rosmaster_msgs/share/yahboom_rosmaster_msgs/cmake/ament_cmake_export_targets-extras.cmake
[1.258s] -- Symlinking: /home/zanef/ros2_ws/src/install/yahboom_rosmaster_msgs/share/yahboom_rosmaster_msgs/cmake/rosidl_cmake_export_typesupport_targets-extras.cmake
[1.265s] -- Symlinking: /home/zanef/ros2_ws/src/install/yahboom_rosmaster_msgs/share/yahboom_rosmaster_msgs/cmake/rosidl_cmake_export_typesupport_libraries-extras.cmake
[1.272s] -- Symlinking: /home/zanef/ros2_ws/src/install/yahboom_rosmaster_msgs/share/yahboom_rosmaster_msgs/cmake/yahboom_rosmaster_msgsConfig.cmake
[1.280s] -- Symlinking: /home/zanef/ros2_ws/src/install/yahboom_rosmaster_msgs/share/yahboom_rosmaster_msgs/cmake/yahboom_rosmaster_msgsConfig-version.cmake
[1.287s] -- Symlinking: /home/zanef/ros2_ws/src/install/yahboom_rosmaster_msgs/share/yahboom_rosmaster_msgs/package.xml
[1.294s] -- Installing: /home/zanef/ros2_ws/src/install/yahboom_rosmaster_msgs/lib/libyahboom_rosmaster_msgs__rosidl_generator_c.so
[1.295s] -- Set non-toolchain portion of runtime path of "/home/zanef/ros2_ws/src/install/yahboom_rosmaster_msgs/lib/libyahboom_rosmaster_msgs__rosidl_generator_c.so" to ""
[1.295s] -- Installing: /home/zanef/ros2_ws/src/install/yahboom_rosmaster_msgs/lib/libyahboom_rosmaster_msgs__rosidl_typesupport_fastrtps_c.so
[1.295s] -- Set non-toolchain portion of runtime path of "/home/zanef/ros2_ws/src/install/yahboom_rosmaster_msgs/lib/libyahboom_rosmaster_msgs__rosidl_typesupport_fastrtps_c.so" to ""
[1.295s] -- Installing: /home/zanef/ros2_ws/src/install/yahboom_rosmaster_msgs/lib/libyahboom_rosmaster_msgs__rosidl_typesupport_introspection_c.so
[1.295s] -- Set non-toolchain portion of runtime path of "/home/zanef/ros2_ws/src/install/yahboom_rosmaster_msgs/lib/libyahboom_rosmaster_msgs__rosidl_typesupport_introspection_c.so" to ""
[1.295s] -- Installing: /home/zanef/ros2_ws/src/install/yahboom_rosmaster_msgs/lib/libyahboom_rosmaster_msgs__rosidl_typesupport_c.so
[1.295s] -- Set non-toolchain portion of runtime path of "/home/zanef/ros2_ws/src/install/yahboom_rosmaster_msgs/lib/libyahboom_rosmaster_msgs__rosidl_typesupport_c.so" to ""
[1.296s] -- Installing: /home/zanef/ros2_ws/src/install/yahboom_rosmaster_msgs/lib/libyahboom_rosmaster_msgs__rosidl_typesupport_fastrtps_cpp.so
[1.296s] -- Set non-toolchain portion of runtime path of "/home/zanef/ros2_ws/src/install/yahboom_rosmaster_msgs/lib/libyahboom_rosmaster_msgs__rosidl_typesupport_fastrtps_cpp.so" to ""
[1.296s] -- Installing: /home/zanef/ros2_ws/src/install/yahboom_rosmaster_msgs/lib/libyahboom_rosmaster_msgs__rosidl_typesupport_introspection_cpp.so
[1.296s] -- Set non-toolchain portion of runtime path of "/home/zanef/ros2_ws/src/install/yahboom_rosmaster_msgs/lib/libyahboom_rosmaster_msgs__rosidl_typesupport_introspection_cpp.so" to ""
[1.296s] -- Installing: /home/zanef/ros2_ws/src/install/yahboom_rosmaster_msgs/lib/libyahboom_rosmaster_msgs__rosidl_typesupport_cpp.so
[1.297s] -- Set non-toolchain portion of runtime path of "/home/zanef/ros2_ws/src/install/yahboom_rosmaster_msgs/lib/libyahboom_rosmaster_msgs__rosidl_typesupport_cpp.so" to ""
[1.333s] Listing '/home/zanef/ros2_ws/src/install/yahboom_rosmaster_msgs/lib/python3.12/site-packages/yahboom_rosmaster_msgs'...
[1.333s] Compiling '/home/zanef/ros2_ws/src/install/yahboom_rosmaster_msgs/lib/python3.12/site-packages/yahboom_rosmaster_msgs/__init__.py'...
[1.333s] Listing '/home/zanef/ros2_ws/src/install/yahboom_rosmaster_msgs/lib/python3.12/site-packages/yahboom_rosmaster_msgs/action'...
[1.333s] Compiling '/home/zanef/ros2_ws/src/install/yahboom_rosmaster_msgs/lib/python3.12/site-packages/yahboom_rosmaster_msgs/action/__init__.py'...
[1.333s] Compiling '/home/zanef/ros2_ws/src/install/yahboom_rosmaster_msgs/lib/python3.12/site-packages/yahboom_rosmaster_msgs/action/_timed_rotation.py'...
[1.333s] Listing '/home/zanef/ros2_ws/src/install/yahboom_rosmaster_msgs/lib/python3.12/site-packages/yahboom_rosmaster_msgs/srv'...
[1.333s] Compiling '/home/zanef/ros2_ws/src/install/yahboom_rosmaster_msgs/lib/python3.12/site-packages/yahboom_rosmaster_msgs/srv/__init__.py'...
[1.334s] Compiling '/home/zanef/ros2_ws/src/install/yahboom_rosmaster_msgs/lib/python3.12/site-packages/yahboom_rosmaster_msgs/srv/_set_cleaning_state.py'...
[1.337s] -- Installing: /home/zanef/ros2_ws/src/install/yahboom_rosmaster_msgs/lib/libyahboom_rosmaster_msgs__rosidl_generator_py.so
[1.338s] -- Set non-toolchain portion of runtime path of "/home/zanef/ros2_ws/src/install/yahboom_rosmaster_msgs/lib/libyahboom_rosmaster_msgs__rosidl_generator_py.so" to ""
[1.338s] -- Installing: /home/zanef/ros2_ws/src/install/yahboom_rosmaster_msgs/share/yahboom_rosmaster_msgs/cmake/export_yahboom_rosmaster_msgs__rosidl_generator_cExport.cmake
[1.338s] -- Installing: /home/zanef/ros2_ws/src/install/yahboom_rosmaster_msgs/share/yahboom_rosmaster_msgs/cmake/export_yahboom_rosmaster_msgs__rosidl_generator_cExport-noconfig.cmake
[1.338s] -- Installing: /home/zanef/ros2_ws/src/install/yahboom_rosmaster_msgs/share/yahboom_rosmaster_msgs/cmake/export_yahboom_rosmaster_msgs__rosidl_typesupport_fastrtps_cExport.cmake
[1.338s] -- Installing: /home/zanef/ros2_ws/src/install/yahboom_rosmaster_msgs/share/yahboom_rosmaster_msgs/cmake/export_yahboom_rosmaster_msgs__rosidl_typesupport_fastrtps_cExport-noconfig.cmake
[1.339s] -- Installing: /home/zanef/ros2_ws/src/install/yahboom_rosmaster_msgs/share/yahboom_rosmaster_msgs/cmake/yahboom_rosmaster_msgs__rosidl_typesupport_introspection_cExport.cmake
[1.339s] -- Installing: /home/zanef/ros2_ws/src/install/yahboom_rosmaster_msgs/share/yahboom_rosmaster_msgs/cmake/yahboom_rosmaster_msgs__rosidl_typesupport_introspection_cExport-noconfig.cmake
[1.339s] -- Installing: /home/zanef/ros2_ws/src/install/yahboom_rosmaster_msgs/share/yahboom_rosmaster_msgs/cmake/yahboom_rosmaster_msgs__rosidl_typesupport_cExport.cmake
[1.339s] -- Installing: /home/zanef/ros2_ws/src/install/yahboom_rosmaster_msgs/share/yahboom_rosmaster_msgs/cmake/yahboom_rosmaster_msgs__rosidl_typesupport_cExport-noconfig.cmake
[1.339s] -- Installing: /home/zanef/ros2_ws/src/install/yahboom_rosmaster_msgs/share/yahboom_rosmaster_msgs/cmake/export_yahboom_rosmaster_msgs__rosidl_generator_cppExport.cmake
[1.339s] -- Installing: /home/zanef/ros2_ws/src/install/yahboom_rosmaster_msgs/share/yahboom_rosmaster_msgs/cmake/export_yahboom_rosmaster_msgs__rosidl_typesupport_fastrtps_cppExport.cmake
[1.339s] -- Installing: /home/zanef/ros2_ws/src/install/yahboom_rosmaster_msgs/share/yahboom_rosmaster_msgs/cmake/export_yahboom_rosmaster_msgs__rosidl_typesupport_fastrtps_cppExport-noconfig.cmake
[1.339s] -- Installing: /home/zanef/ros2_ws/src/install/yahboom_rosmaster_msgs/share/yahboom_rosmaster_msgs/cmake/yahboom_rosmaster_msgs__rosidl_typesupport_introspection_cppExport.cmake
[1.339s] -- Installing: /home/zanef/ros2_ws/src/install/yahboom_rosmaster_msgs/share/yahboom_rosmaster_msgs/cmake/yahboom_rosmaster_msgs__rosidl_typesupport_introspection_cppExport-noconfig.cmake
[1.339s] -- Installing: /home/zanef/ros2_ws/src/install/yahboom_rosmaster_msgs/share/yahboom_rosmaster_msgs/cmake/yahboom_rosmaster_msgs__rosidl_typesupport_cppExport.cmake
[1.340s] -- Installing: /home/zanef/ros2_ws/src/install/yahboom_rosmaster_msgs/share/yahboom_rosmaster_msgs/cmake/yahboom_rosmaster_msgs__rosidl_typesupport_cppExport-noconfig.cmake
[1.340s] -- Installing: /home/zanef/ros2_ws/src/install/yahboom_rosmaster_msgs/share/yahboom_rosmaster_msgs/cmake/export_yahboom_rosmaster_msgs__rosidl_generator_pyExport.cmake
[1.340s] -- Installing: /home/zanef/ros2_ws/src/install/yahboom_rosmaster_msgs/share/yahboom_rosmaster_msgs/cmake/export_yahboom_rosmaster_msgs__rosidl_generator_pyExport-noconfig.cmake
[1.342s] Invoked command in '/home/zanef/ros2_ws/src/build/yahboom_rosmaster_msgs' returned '0': CMAKE_PREFIX_PATH=${CMAKE_PREFIX_PATH}:/opt/ros/jazzy /usr/bin/cmake --install /home/zanef/ros2_ws/src/build/yahboom_rosmaster_msgs
