[0.025s] Invoking command in '/home/zanef/ros2_ws/build/yahboom_rosmaster_docking': CMAKE_PREFIX_PATH=${CMAKE_PREFIX_PATH}:/opt/ros/jazzy /usr/bin/cmake /home/zanef/ros2_ws/src/yahboom_rosmaster/yahboom_rosmaster_docking -DAMENT_CMAKE_SYMLINK_INSTALL=1 -DCMAKE_INSTALL_PREFIX=/home/zanef/ros2_ws/install/yahboom_rosmaster_docking
[0.338s] -- The C compiler identification is GNU 13.3.0
[1.177s] -- The CXX compiler identification is GNU 13.3.0
[2.099s] -- Detecting C compiler ABI info
[2.414s] -- Detecting C compiler ABI info - done
[2.421s] -- Check for working C compiler: /usr/bin/cc - skipped
[2.421s] -- Detecting C compile features
[2.421s] -- Detecting C compile features - done
[2.534s] -- Detecting CXX compiler ABI info
[2.873s] -- Detecting CXX compiler ABI info - done
[2.882s] -- Check for working CXX compiler: /usr/bin/c++ - skipped
[2.882s] -- Detecting CXX compile features
[2.883s] -- Detecting CXX compile features - done
[2.888s] -- Found ament_cmake: 2.5.5 (/opt/ros/jazzy/share/ament_cmake/cmake)
[3.068s] -- Found Python3: /usr/bin/python3 (found version "3.12.3") found components: Interpreter 
[3.171s] -- Override CMake install command with custom implementation using symlinks instead of copying resources
[3.217s] -- Found geometry_msgs: 5.3.6 (/opt/ros/jazzy/share/geometry_msgs/cmake)
[3.452s] -- Found rosidl_generator_c: 4.6.7 (/opt/ros/jazzy/share/rosidl_generator_c/cmake)
[3.470s] -- Found rosidl_generator_cpp: 4.6.7 (/opt/ros/jazzy/share/rosidl_generator_cpp/cmake)
[3.492s] -- Using all available rosidl_typesupport_c: rosidl_typesupport_fastrtps_c;rosidl_typesupport_introspection_c
[3.513s] -- Using all available rosidl_typesupport_cpp: rosidl_typesupport_fastrtps_cpp;rosidl_typesupport_introspection_cpp
[3.570s] -- Found rclcpp: 28.1.16 (/opt/ros/jazzy/share/rclcpp/cmake)
[3.663s] -- Found rmw_implementation_cmake: 7.3.3 (/opt/ros/jazzy/share/rmw_implementation_cmake/cmake)
[3.667s] -- Found rmw_fastrtps_cpp: 8.4.3 (/opt/ros/jazzy/share/rmw_fastrtps_cpp/cmake)
[3.775s] -- Found OpenSSL: /usr/lib/x86_64-linux-gnu/libcrypto.so (found version "3.0.13")  
[4.015s] -- Found FastRTPS: /opt/ros/jazzy/include (Required is at least version "2.13") 
[4.192s] -- Using RMW implementation 'rmw_fastrtps_cpp' as default
[4.491s] -- Found rclpy: 7.1.9 (/opt/ros/jazzy/share/rclpy/cmake)
[4.493s] -- Found apriltag_ros: 3.3.0 (/opt/ros/jazzy/share/apriltag_ros/cmake)
[4.496s] -- Found apriltag_msgs: 2.0.1 (/opt/ros/jazzy/share/apriltag_msgs/cmake)
[4.511s] -- Found image_proc: 5.0.11 (/opt/ros/jazzy/share/image_proc/cmake)
[4.543s] -- Setting yaml-cpp_DIR to: '/opt/ros/jazzy/share/yaml_cpp_vendor/cmake/../../../opt/yaml_cpp_vendor/share/cmake/yaml-cpp'
[4.789s] -- Found eigen3_cmake_module: 0.3.0 (/opt/ros/jazzy/share/eigen3_cmake_module/cmake)
[4.791s] -- Found Eigen3: TRUE (found version "3.4.0") 
[4.791s] -- Ensuring Eigen3 include directory is part of orocos-kdl CMake target
[4.897s] -- Found ament_lint_auto: 0.17.4 (/opt/ros/jazzy/share/ament_lint_auto/cmake)
[5.018s] -- Added test 'cppcheck' to perform static code analysis on C / C++ code
[5.019s] -- Configured cppcheck include dirs: 
[5.019s] -- Configured cppcheck exclude dirs and/or files: 
[5.020s] -- Added test 'flake8' to check Python code syntax and style conventions
[5.020s] -- Configured 'flake8' exclude dirs and/or files: 
[5.021s] -- Added test 'lint_cmake' to check CMake code style
[5.022s] -- Added test 'pep257' to check Python code against some of the docstring style conventions in PEP 257
[5.025s] -- Added test 'uncrustify' to check C / C++ code style
[5.025s] -- Configured uncrustify additional arguments: 
[5.026s] -- Added test 'xmllint' to check XML markup files
[5.028s] -- Configuring done (5.0s)
[5.049s] -- Generating done (0.0s)
[5.053s] -- Build files have been written to: /home/zanef/ros2_ws/build/yahboom_rosmaster_docking
[5.061s] Invoked command in '/home/zanef/ros2_ws/build/yahboom_rosmaster_docking' returned '0': CMAKE_PREFIX_PATH=${CMAKE_PREFIX_PATH}:/opt/ros/jazzy /usr/bin/cmake /home/zanef/ros2_ws/src/yahboom_rosmaster/yahboom_rosmaster_docking -DAMENT_CMAKE_SYMLINK_INSTALL=1 -DCMAKE_INSTALL_PREFIX=/home/zanef/ros2_ws/install/yahboom_rosmaster_docking
[5.063s] Invoking command in '/home/zanef/ros2_ws/build/yahboom_rosmaster_docking': CMAKE_PREFIX_PATH=${CMAKE_PREFIX_PATH}:/opt/ros/jazzy /usr/bin/cmake --build /home/zanef/ros2_ws/build/yahboom_rosmaster_docking -- -j12 -l12
[5.124s] [ 50%] [32mBuilding CXX object CMakeFiles/detected_dock_pose_publisher.dir/src/detected_dock_pose_publisher.cpp.o[0m
[11.580s] [100%] [32m[1mLinking CXX executable detected_dock_pose_publisher[0m
[11.986s] [100%] Built target detected_dock_pose_publisher
[12.000s] Invoked command in '/home/zanef/ros2_ws/build/yahboom_rosmaster_docking' returned '0': CMAKE_PREFIX_PATH=${CMAKE_PREFIX_PATH}:/opt/ros/jazzy /usr/bin/cmake --build /home/zanef/ros2_ws/build/yahboom_rosmaster_docking -- -j12 -l12
[12.002s] Invoking command in '/home/zanef/ros2_ws/build/yahboom_rosmaster_docking': CMAKE_PREFIX_PATH=${CMAKE_PREFIX_PATH}:/opt/ros/jazzy /usr/bin/cmake --install /home/zanef/ros2_ws/build/yahboom_rosmaster_docking
[12.010s] -- Install configuration: ""
[12.011s] -- Execute custom install script
[12.011s] -- Symlinking: /home/zanef/ros2_ws/install/yahboom_rosmaster_docking/lib/yahboom_rosmaster_docking/detected_dock_pose_publisher
[12.020s] -- Symlinking: /home/zanef/ros2_ws/install/yahboom_rosmaster_docking/share/yahboom_rosmaster_docking/config/apriltags_36h11.yaml
[12.028s] -- Symlinking: /home/zanef/ros2_ws/install/yahboom_rosmaster_docking/share/yahboom_rosmaster_docking/config/dock_database.yaml
[12.039s] -- Symlinking: /home/zanef/ros2_ws/install/yahboom_rosmaster_docking/share/yahboom_rosmaster_docking/launch/apriltag_dock_pose_publisher.launch.py
[12.049s] -- Symlinking: /home/zanef/ros2_ws/install/yahboom_rosmaster_docking/share/ament_index/resource_index/package_run_dependencies/yahboom_rosmaster_docking
[12.062s] -- Symlinking: /home/zanef/ros2_ws/install/yahboom_rosmaster_docking/share/ament_index/resource_index/parent_prefix_path/yahboom_rosmaster_docking
[12.069s] -- Symlinking: /home/zanef/ros2_ws/install/yahboom_rosmaster_docking/share/yahboom_rosmaster_docking/environment/ament_prefix_path.sh
[12.079s] -- Symlinking: /home/zanef/ros2_ws/install/yahboom_rosmaster_docking/share/yahboom_rosmaster_docking/environment/ament_prefix_path.dsv
[12.087s] -- Symlinking: /home/zanef/ros2_ws/install/yahboom_rosmaster_docking/share/yahboom_rosmaster_docking/environment/path.sh
[12.094s] -- Symlinking: /home/zanef/ros2_ws/install/yahboom_rosmaster_docking/share/yahboom_rosmaster_docking/environment/path.dsv
[12.103s] -- Symlinking: /home/zanef/ros2_ws/install/yahboom_rosmaster_docking/share/yahboom_rosmaster_docking/local_setup.bash
[12.116s] -- Symlinking: /home/zanef/ros2_ws/install/yahboom_rosmaster_docking/share/yahboom_rosmaster_docking/local_setup.sh
[12.125s] -- Symlinking: /home/zanef/ros2_ws/install/yahboom_rosmaster_docking/share/yahboom_rosmaster_docking/local_setup.zsh
[12.132s] -- Symlinking: /home/zanef/ros2_ws/install/yahboom_rosmaster_docking/share/yahboom_rosmaster_docking/local_setup.dsv
[12.141s] -- Symlinking: /home/zanef/ros2_ws/install/yahboom_rosmaster_docking/share/yahboom_rosmaster_docking/package.dsv
[12.152s] -- Symlinking: /home/zanef/ros2_ws/install/yahboom_rosmaster_docking/share/ament_index/resource_index/packages/yahboom_rosmaster_docking
[12.160s] -- Symlinking: /home/zanef/ros2_ws/install/yahboom_rosmaster_docking/share/yahboom_rosmaster_docking/cmake/yahboom_rosmaster_dockingConfig.cmake
[12.169s] -- Symlinking: /home/zanef/ros2_ws/install/yahboom_rosmaster_docking/share/yahboom_rosmaster_docking/cmake/yahboom_rosmaster_dockingConfig-version.cmake
[12.177s] -- Symlinking: /home/zanef/ros2_ws/install/yahboom_rosmaster_docking/share/yahboom_rosmaster_docking/package.xml
[12.189s] Invoked command in '/home/zanef/ros2_ws/build/yahboom_rosmaster_docking' returned '0': CMAKE_PREFIX_PATH=${CMAKE_PREFIX_PATH}:/opt/ros/jazzy /usr/bin/cmake --install /home/zanef/ros2_ws/build/yahboom_rosmaster_docking
