[0.025s] Invoking command in '/home/zanef/ros2_ws/build/yahboom_rosmaster_docking': CMAKE_PREFIX_PATH=${CMAKE_PREFIX_PATH}:/opt/ros/jazzy /usr/bin/cmake --build /home/zanef/ros2_ws/build/yahboom_rosmaster_docking -- -j16 -l16
[0.068s] [100%] Built target detected_dock_pose_publisher
[0.083s] Invoked command in '/home/zanef/ros2_ws/build/yahboom_rosmaster_docking' returned '0': CMAKE_PREFIX_PATH=${CMAKE_PREFIX_PATH}:/opt/ros/jazzy /usr/bin/cmake --build /home/zanef/ros2_ws/build/yahboom_rosmaster_docking -- -j16 -l16
[0.084s] Invoking command in '/home/zanef/ros2_ws/build/yahboom_rosmaster_docking': CMAKE_PREFIX_PATH=${CMAKE_PREFIX_PATH}:/opt/ros/jazzy /usr/bin/cmake --install /home/zanef/ros2_ws/build/yahboom_rosmaster_docking
[0.114s] -- Install configuration: ""
[0.114s] -- Execute custom install script
[0.115s] -- Up-to-date symlink: /home/zanef/ros2_ws/install/yahboom_rosmaster_docking/lib/yahboom_rosmaster_docking/detected_dock_pose_publisher
[0.115s] -- Up-to-date symlink: /home/zanef/ros2_ws/install/yahboom_rosmaster_docking/share/yahboom_rosmaster_docking/config/apriltags_36h11.yaml
[0.116s] -- Up-to-date symlink: /home/zanef/ros2_ws/install/yahboom_rosmaster_docking/share/yahboom_rosmaster_docking/config/dock_database.yaml
[0.117s] -- Up-to-date symlink: /home/zanef/ros2_ws/install/yahboom_rosmaster_docking/share/yahboom_rosmaster_docking/launch/apriltag_dock_pose_publisher.launch.py
[0.117s] -- Up-to-date symlink: /home/zanef/ros2_ws/install/yahboom_rosmaster_docking/share/ament_index/resource_index/package_run_dependencies/yahboom_rosmaster_docking
[0.118s] -- Up-to-date symlink: /home/zanef/ros2_ws/install/yahboom_rosmaster_docking/share/ament_index/resource_index/parent_prefix_path/yahboom_rosmaster_docking
[0.118s] -- Up-to-date symlink: /home/zanef/ros2_ws/install/yahboom_rosmaster_docking/share/yahboom_rosmaster_docking/environment/ament_prefix_path.sh
[0.118s] -- Up-to-date symlink: /home/zanef/ros2_ws/install/yahboom_rosmaster_docking/share/yahboom_rosmaster_docking/environment/ament_prefix_path.dsv
[0.118s] -- Up-to-date symlink: /home/zanef/ros2_ws/install/yahboom_rosmaster_docking/share/yahboom_rosmaster_docking/environment/path.sh
[0.118s] -- Up-to-date symlink: /home/zanef/ros2_ws/install/yahboom_rosmaster_docking/share/yahboom_rosmaster_docking/environment/path.dsv
[0.118s] -- Up-to-date symlink: /home/zanef/ros2_ws/install/yahboom_rosmaster_docking/share/yahboom_rosmaster_docking/local_setup.bash
[0.119s] -- Up-to-date symlink: /home/zanef/ros2_ws/install/yahboom_rosmaster_docking/share/yahboom_rosmaster_docking/local_setup.sh
[0.119s] -- Up-to-date symlink: /home/zanef/ros2_ws/install/yahboom_rosmaster_docking/share/yahboom_rosmaster_docking/local_setup.zsh
[0.119s] -- Up-to-date symlink: /home/zanef/ros2_ws/install/yahboom_rosmaster_docking/share/yahboom_rosmaster_docking/local_setup.dsv
[0.119s] -- Symlinking: /home/zanef/ros2_ws/install/yahboom_rosmaster_docking/share/yahboom_rosmaster_docking/package.dsv
[0.136s] -- Up-to-date symlink: /home/zanef/ros2_ws/install/yahboom_rosmaster_docking/share/ament_index/resource_index/packages/yahboom_rosmaster_docking
[0.137s] -- Up-to-date symlink: /home/zanef/ros2_ws/install/yahboom_rosmaster_docking/share/yahboom_rosmaster_docking/cmake/yahboom_rosmaster_dockingConfig.cmake
[0.146s] -- Up-to-date symlink: /home/zanef/ros2_ws/install/yahboom_rosmaster_docking/share/yahboom_rosmaster_docking/cmake/yahboom_rosmaster_dockingConfig-version.cmake
[0.147s] -- Up-to-date symlink: /home/zanef/ros2_ws/install/yahboom_rosmaster_docking/share/yahboom_rosmaster_docking/package.xml
[0.260s] Invoked command in '/home/zanef/ros2_ws/build/yahboom_rosmaster_docking' returned '0': CMAKE_PREFIX_PATH=${CMAKE_PREFIX_PATH}:/opt/ros/jazzy /usr/bin/cmake --install /home/zanef/ros2_ws/build/yahboom_rosmaster_docking
