[0.032s] Invoking command in '/home/zanef/ros2_ws/src/build/yahboom_rosmaster_bringup': CMAKE_PREFIX_PATH=${CMAKE_PREFIX_PATH}:/opt/ros/jazzy /usr/bin/cmake /home/zanef/ros2_ws/src/yahboom_rosmaster/yahboom_rosmaster_bringup -DAMENT_CMAKE_SYMLINK_INSTALL=1 -DCMAKE_INSTALL_PREFIX=/home/zanef/ros2_ws/src/install/yahboom_rosmaster_bringup
[0.201s] -- The C compiler identification is GNU 13.3.0
[1.202s] -- The CXX compiler identification is GNU 13.3.0
[2.252s] -- Detecting C compiler ABI info
[2.578s] -- Detecting C compiler ABI info - done
[2.587s] -- Check for working C compiler: /usr/bin/cc - skipped
[2.588s] -- Detecting C compile features
[2.588s] -- Detecting C compile features - done
[2.724s] -- Detecting CXX compiler ABI info
[3.079s] -- Detecting CXX compiler ABI info - done
[3.089s] -- Check for working CXX compiler: /usr/bin/c++ - skipped
[3.089s] -- Detecting CXX compile features
[3.091s] -- Detecting CXX compile features - done
[3.096s] -- Found ament_cmake: 2.5.5 (/opt/ros/jazzy/share/ament_cmake/cmake)
[3.308s] -- Found Python3: /usr/bin/python3 (found version "3.12.3") found components: Interpreter 
[3.425s] -- Override CMake install command with custom implementation using symlinks instead of copying resources
[3.490s] -- Found ament_lint_auto: 0.17.4 (/opt/ros/jazzy/share/ament_lint_auto/cmake)
[3.664s] -- Added test 'flake8' to check Python code syntax and style conventions
[3.664s] -- Configured 'flake8' exclude dirs and/or files: 
[3.666s] -- Added test 'lint_cmake' to check CMake code style
[3.667s] -- Added test 'pep257' to check Python code against some of the docstring style conventions in PEP 257
[3.669s] -- Added test 'xmllint' to check XML markup files
[3.672s] -- Configuring done (3.6s)
[3.677s] -- Generating done (0.0s)
[3.681s] -- Build files have been written to: /home/zanef/ros2_ws/src/build/yahboom_rosmaster_bringup
[3.688s] Invoked command in '/home/zanef/ros2_ws/src/build/yahboom_rosmaster_bringup' returned '0': CMAKE_PREFIX_PATH=${CMAKE_PREFIX_PATH}:/opt/ros/jazzy /usr/bin/cmake /home/zanef/ros2_ws/src/yahboom_rosmaster/yahboom_rosmaster_bringup -DAMENT_CMAKE_SYMLINK_INSTALL=1 -DCMAKE_INSTALL_PREFIX=/home/zanef/ros2_ws/src/install/yahboom_rosmaster_bringup
[3.690s] Invoking command in '/home/zanef/ros2_ws/src/build/yahboom_rosmaster_bringup': CMAKE_PREFIX_PATH=${CMAKE_PREFIX_PATH}:/opt/ros/jazzy /usr/bin/cmake --build /home/zanef/ros2_ws/src/build/yahboom_rosmaster_bringup -- -j12 -l12
[3.744s] Invoked command in '/home/zanef/ros2_ws/src/build/yahboom_rosmaster_bringup' returned '0': CMAKE_PREFIX_PATH=${CMAKE_PREFIX_PATH}:/opt/ros/jazzy /usr/bin/cmake --build /home/zanef/ros2_ws/src/build/yahboom_rosmaster_bringup -- -j12 -l12
[3.757s] Invoking command in '/home/zanef/ros2_ws/src/build/yahboom_rosmaster_bringup': CMAKE_PREFIX_PATH=${CMAKE_PREFIX_PATH}:/opt/ros/jazzy /usr/bin/cmake --install /home/zanef/ros2_ws/src/build/yahboom_rosmaster_bringup
[3.769s] -- Install configuration: ""
[3.770s] -- Execute custom install script
[3.771s] -- Symlinking: /home/zanef/ros2_ws/src/install/yahboom_rosmaster_bringup/share/yahboom_rosmaster_bringup/launch/load_ros2_controllers.launch.py
[3.781s] -- Symlinking: /home/zanef/ros2_ws/src/install/yahboom_rosmaster_bringup/share/yahboom_rosmaster_bringup/launch/rosmaster_x3_navigation.launch.py
[3.792s] -- Symlinking: /home/zanef/ros2_ws/src/install/yahboom_rosmaster_bringup/share/yahboom_rosmaster_bringup/scripts/rosmaster_x3_gazebo.sh
[3.806s] -- Symlinking: /home/zanef/ros2_ws/src/install/yahboom_rosmaster_bringup/share/yahboom_rosmaster_bringup/scripts/rosmaster_x3_navigation.sh
[3.819s] -- Symlinking: /home/zanef/ros2_ws/src/install/yahboom_rosmaster_bringup/share/ament_index/resource_index/package_run_dependencies/yahboom_rosmaster_bringup
[3.833s] -- Symlinking: /home/zanef/ros2_ws/src/install/yahboom_rosmaster_bringup/share/ament_index/resource_index/parent_prefix_path/yahboom_rosmaster_bringup
[3.848s] -- Symlinking: /home/zanef/ros2_ws/src/install/yahboom_rosmaster_bringup/share/yahboom_rosmaster_bringup/environment/ament_prefix_path.sh
[3.864s] -- Symlinking: /home/zanef/ros2_ws/src/install/yahboom_rosmaster_bringup/share/yahboom_rosmaster_bringup/environment/ament_prefix_path.dsv
[3.881s] -- Symlinking: /home/zanef/ros2_ws/src/install/yahboom_rosmaster_bringup/share/yahboom_rosmaster_bringup/environment/path.sh
[3.893s] -- Symlinking: /home/zanef/ros2_ws/src/install/yahboom_rosmaster_bringup/share/yahboom_rosmaster_bringup/environment/path.dsv
[3.905s] -- Symlinking: /home/zanef/ros2_ws/src/install/yahboom_rosmaster_bringup/share/yahboom_rosmaster_bringup/local_setup.bash
[3.919s] -- Symlinking: /home/zanef/ros2_ws/src/install/yahboom_rosmaster_bringup/share/yahboom_rosmaster_bringup/local_setup.sh
[3.934s] -- Symlinking: /home/zanef/ros2_ws/src/install/yahboom_rosmaster_bringup/share/yahboom_rosmaster_bringup/local_setup.zsh
[3.957s] -- Symlinking: /home/zanef/ros2_ws/src/install/yahboom_rosmaster_bringup/share/yahboom_rosmaster_bringup/local_setup.dsv
[3.976s] -- Symlinking: /home/zanef/ros2_ws/src/install/yahboom_rosmaster_bringup/share/yahboom_rosmaster_bringup/package.dsv
[3.991s] -- Symlinking: /home/zanef/ros2_ws/src/install/yahboom_rosmaster_bringup/share/ament_index/resource_index/packages/yahboom_rosmaster_bringup
[4.005s] -- Symlinking: /home/zanef/ros2_ws/src/install/yahboom_rosmaster_bringup/share/yahboom_rosmaster_bringup/cmake/yahboom_rosmaster_bringupConfig.cmake
[4.021s] -- Symlinking: /home/zanef/ros2_ws/src/install/yahboom_rosmaster_bringup/share/yahboom_rosmaster_bringup/cmake/yahboom_rosmaster_bringupConfig-version.cmake
[4.038s] -- Symlinking: /home/zanef/ros2_ws/src/install/yahboom_rosmaster_bringup/share/yahboom_rosmaster_bringup/package.xml
[4.053s] Invoked command in '/home/zanef/ros2_ws/src/build/yahboom_rosmaster_bringup' returned '0': CMAKE_PREFIX_PATH=${CMAKE_PREFIX_PATH}:/opt/ros/jazzy /usr/bin/cmake --install /home/zanef/ros2_ws/src/build/yahboom_rosmaster_bringup
