[0.028s] Invoking command in '/home/zanef/ros2_ws/src/build/yahboom_rosmaster_msgs': CMAKE_PREFIX_PATH=${CMAKE_PREFIX_PATH}:/opt/ros/jazzy /usr/bin/cmake --build /home/zanef/ros2_ws/src/build/yahboom_rosmaster_msgs -- -j12 -l12
[0.084s] [  2%] Built target yahboom_rosmaster_msgs__rosidl_generator_type_description
[0.086s] [  2%] Built target ament_cmake_python_symlink_yahboom_rosmaster_msgs
[0.108s] [  4%] Built target yahboom_rosmaster_msgs__cpp
[0.134s] [ 22%] Built target yahboom_rosmaster_msgs__rosidl_generator_c
[0.160s] [ 31%] Built target yahboom_rosmaster_msgs__rosidl_typesupport_c
[0.183s] [ 40%] Built target yahboom_rosmaster_msgs__rosidl_typesupport_cpp
[0.183s] [ 50%] Built target yahboom_rosmaster_msgs__rosidl_typesupport_fastrtps_cpp
[0.184s] [ 59%] Built target yahboom_rosmaster_msgs__rosidl_typesupport_introspection_cpp
[0.214s] [ 68%] Built target yahboom_rosmaster_msgs__rosidl_typesupport_introspection_c
[0.214s] [ 77%] Built target yahboom_rosmaster_msgs__rosidl_typesupport_fastrtps_c
[0.276s] [ 77%] Built target yahboom_rosmaster_msgs
[0.297s] [ 79%] Built target yahboom_rosmaster_msgs__py
[0.298s] [ 86%] Built target yahboom_rosmaster_msgs__rosidl_generator_py
[0.298s] [ 90%] Built target yahboom_rosmaster_msgs_s__rosidl_typesupport_c
[0.298s] [ 95%] Built target yahboom_rosmaster_msgs_s__rosidl_typesupport_introspection_c
[0.298s] [100%] Built target yahboom_rosmaster_msgs_s__rosidl_typesupport_fastrtps_c
[0.318s] running egg_info
[0.331s] writing yahboom_rosmaster_msgs.egg-info/PKG-INFO
[0.331s] writing dependency_links to yahboom_rosmaster_msgs.egg-info/dependency_links.txt
[0.332s] writing top-level names to yahboom_rosmaster_msgs.egg-info/top_level.txt
[0.383s] reading manifest file 'yahboom_rosmaster_msgs.egg-info/SOURCES.txt'
[0.384s] writing manifest file 'yahboom_rosmaster_msgs.egg-info/SOURCES.txt'
[0.406s] [100%] Built target ament_cmake_python_build_yahboom_rosmaster_msgs_egg
[0.422s] Invoked command in '/home/zanef/ros2_ws/src/build/yahboom_rosmaster_msgs' returned '0': CMAKE_PREFIX_PATH=${CMAKE_PREFIX_PATH}:/opt/ros/jazzy /usr/bin/cmake --build /home/zanef/ros2_ws/src/build/yahboom_rosmaster_msgs -- -j12 -l12
[0.424s] Invoking command in '/home/zanef/ros2_ws/src/build/yahboom_rosmaster_msgs': CMAKE_PREFIX_PATH=${CMAKE_PREFIX_PATH}:/opt/ros/jazzy /usr/bin/cmake --install /home/zanef/ros2_ws/src/build/yahboom_rosmaster_msgs
[0.433s] -- Install configuration: ""
[0.434s] -- Execute custom install script
[0.434s] -- Up-to-date symlink: /home/zanef/ros2_ws/src/install/yahboom_rosmaster_msgs/share/ament_index/resource_index/rosidl_interfaces/yahboom_rosmaster_msgs
[0.434s] -- Up-to-date symlink: /home/zanef/ros2_ws/src/install/yahboom_rosmaster_msgs/share/yahboom_rosmaster_msgs/action/TimedRotation.json
[0.435s] -- Up-to-date symlink: /home/zanef/ros2_ws/src/install/yahboom_rosmaster_msgs/share/yahboom_rosmaster_msgs/srv/SetCleaningState.json
[0.435s] -- Up-to-date symlink: /home/zanef/ros2_ws/src/install/yahboom_rosmaster_msgs/include/yahboom_rosmaster_msgs/yahboom_rosmaster_msgs/action/detail/timed_rotation__functions.h
[0.435s] -- Up-to-date symlink: /home/zanef/ros2_ws/src/install/yahboom_rosmaster_msgs/include/yahboom_rosmaster_msgs/yahboom_rosmaster_msgs/action/detail/timed_rotation__struct.h
[0.435s] -- Up-to-date symlink: /home/zanef/ros2_ws/src/install/yahboom_rosmaster_msgs/include/yahboom_rosmaster_msgs/yahboom_rosmaster_msgs/action/detail/timed_rotation__type_support.h
[0.436s] -- Up-to-date symlink: /home/zanef/ros2_ws/src/install/yahboom_rosmaster_msgs/include/yahboom_rosmaster_msgs/yahboom_rosmaster_msgs/action/timed_rotation.h
[0.436s] -- Up-to-date symlink: /home/zanef/ros2_ws/src/install/yahboom_rosmaster_msgs/include/yahboom_rosmaster_msgs/yahboom_rosmaster_msgs/msg/rosidl_generator_c__visibility_control.h
[0.436s] -- Up-to-date symlink: /home/zanef/ros2_ws/src/install/yahboom_rosmaster_msgs/include/yahboom_rosmaster_msgs/yahboom_rosmaster_msgs/srv/detail/set_cleaning_state__functions.h
[0.436s] -- Up-to-date symlink: /home/zanef/ros2_ws/src/install/yahboom_rosmaster_msgs/include/yahboom_rosmaster_msgs/yahboom_rosmaster_msgs/srv/detail/set_cleaning_state__struct.h
[0.437s] -- Up-to-date symlink: /home/zanef/ros2_ws/src/install/yahboom_rosmaster_msgs/include/yahboom_rosmaster_msgs/yahboom_rosmaster_msgs/srv/detail/set_cleaning_state__type_support.h
[0.437s] -- Up-to-date symlink: /home/zanef/ros2_ws/src/install/yahboom_rosmaster_msgs/include/yahboom_rosmaster_msgs/yahboom_rosmaster_msgs/srv/set_cleaning_state.h
[0.437s] -- Up-to-date symlink: /home/zanef/ros2_ws/src/install/yahboom_rosmaster_msgs/share/yahboom_rosmaster_msgs/environment/library_path.sh
[0.437s] -- Up-to-date symlink: /home/zanef/ros2_ws/src/install/yahboom_rosmaster_msgs/share/yahboom_rosmaster_msgs/environment/library_path.dsv
[0.437s] -- Up-to-date symlink: /home/zanef/ros2_ws/src/install/yahboom_rosmaster_msgs/include/yahboom_rosmaster_msgs/yahboom_rosmaster_msgs/action/detail/timed_rotation__rosidl_typesupport_fastrtps_c.h
[0.437s] -- Up-to-date symlink: /home/zanef/ros2_ws/src/install/yahboom_rosmaster_msgs/include/yahboom_rosmaster_msgs/yahboom_rosmaster_msgs/msg/rosidl_typesupport_fastrtps_c__visibility_control.h
[0.437s] -- Up-to-date symlink: /home/zanef/ros2_ws/src/install/yahboom_rosmaster_msgs/include/yahboom_rosmaster_msgs/yahboom_rosmaster_msgs/srv/detail/set_cleaning_state__rosidl_typesupport_fastrtps_c.h
[0.437s] -- Up-to-date symlink: /home/zanef/ros2_ws/src/install/yahboom_rosmaster_msgs/include/yahboom_rosmaster_msgs/yahboom_rosmaster_msgs/action/detail/timed_rotation__rosidl_typesupport_introspection_c.h
[0.438s] -- Up-to-date symlink: /home/zanef/ros2_ws/src/install/yahboom_rosmaster_msgs/include/yahboom_rosmaster_msgs/yahboom_rosmaster_msgs/msg/rosidl_typesupport_introspection_c__visibility_control.h
[0.438s] -- Up-to-date symlink: /home/zanef/ros2_ws/src/install/yahboom_rosmaster_msgs/include/yahboom_rosmaster_msgs/yahboom_rosmaster_msgs/srv/detail/set_cleaning_state__rosidl_typesupport_introspection_c.h
[0.438s] -- Up-to-date symlink: /home/zanef/ros2_ws/src/install/yahboom_rosmaster_msgs/include/yahboom_rosmaster_msgs/yahboom_rosmaster_msgs/action/detail/timed_rotation__builder.hpp
[0.438s] -- Up-to-date symlink: /home/zanef/ros2_ws/src/install/yahboom_rosmaster_msgs/include/yahboom_rosmaster_msgs/yahboom_rosmaster_msgs/action/detail/timed_rotation__struct.hpp
[0.438s] -- Up-to-date symlink: /home/zanef/ros2_ws/src/install/yahboom_rosmaster_msgs/include/yahboom_rosmaster_msgs/yahboom_rosmaster_msgs/action/detail/timed_rotation__traits.hpp
[0.439s] -- Up-to-date symlink: /home/zanef/ros2_ws/src/install/yahboom_rosmaster_msgs/include/yahboom_rosmaster_msgs/yahboom_rosmaster_msgs/action/detail/timed_rotation__type_support.hpp
[0.439s] -- Up-to-date symlink: /home/zanef/ros2_ws/src/install/yahboom_rosmaster_msgs/include/yahboom_rosmaster_msgs/yahboom_rosmaster_msgs/action/timed_rotation.hpp
[0.439s] -- Up-to-date symlink: /home/zanef/ros2_ws/src/install/yahboom_rosmaster_msgs/include/yahboom_rosmaster_msgs/yahboom_rosmaster_msgs/msg/rosidl_generator_cpp__visibility_control.hpp
[0.439s] -- Up-to-date symlink: /home/zanef/ros2_ws/src/install/yahboom_rosmaster_msgs/include/yahboom_rosmaster_msgs/yahboom_rosmaster_msgs/srv/detail/set_cleaning_state__builder.hpp
[0.440s] -- Up-to-date symlink: /home/zanef/ros2_ws/src/install/yahboom_rosmaster_msgs/include/yahboom_rosmaster_msgs/yahboom_rosmaster_msgs/srv/detail/set_cleaning_state__struct.hpp
[0.440s] -- Up-to-date symlink: /home/zanef/ros2_ws/src/install/yahboom_rosmaster_msgs/include/yahboom_rosmaster_msgs/yahboom_rosmaster_msgs/srv/detail/set_cleaning_state__traits.hpp
[0.440s] -- Up-to-date symlink: /home/zanef/ros2_ws/src/install/yahboom_rosmaster_msgs/include/yahboom_rosmaster_msgs/yahboom_rosmaster_msgs/srv/detail/set_cleaning_state__type_support.hpp
[0.440s] -- Up-to-date symlink: /home/zanef/ros2_ws/src/install/yahboom_rosmaster_msgs/include/yahboom_rosmaster_msgs/yahboom_rosmaster_msgs/srv/set_cleaning_state.hpp
[0.441s] -- Up-to-date symlink: /home/zanef/ros2_ws/src/install/yahboom_rosmaster_msgs/include/yahboom_rosmaster_msgs/yahboom_rosmaster_msgs/action/detail/timed_rotation__rosidl_typesupport_fastrtps_cpp.hpp
[0.441s] -- Up-to-date symlink: /home/zanef/ros2_ws/src/install/yahboom_rosmaster_msgs/include/yahboom_rosmaster_msgs/yahboom_rosmaster_msgs/msg/rosidl_typesupport_fastrtps_cpp__visibility_control.h
[0.441s] -- Up-to-date symlink: /home/zanef/ros2_ws/src/install/yahboom_rosmaster_msgs/include/yahboom_rosmaster_msgs/yahboom_rosmaster_msgs/srv/detail/set_cleaning_state__rosidl_typesupport_fastrtps_cpp.hpp
[0.441s] -- Up-to-date symlink: /home/zanef/ros2_ws/src/install/yahboom_rosmaster_msgs/include/yahboom_rosmaster_msgs/yahboom_rosmaster_msgs/action/detail/timed_rotation__rosidl_typesupport_introspection_cpp.hpp
[0.441s] -- Up-to-date symlink: /home/zanef/ros2_ws/src/install/yahboom_rosmaster_msgs/include/yahboom_rosmaster_msgs/yahboom_rosmaster_msgs/srv/detail/set_cleaning_state__rosidl_typesupport_introspection_cpp.hpp
[0.441s] -- Up-to-date symlink: /home/zanef/ros2_ws/src/install/yahboom_rosmaster_msgs/share/yahboom_rosmaster_msgs/environment/pythonpath.sh
[0.441s] -- Up-to-date symlink: /home/zanef/ros2_ws/src/install/yahboom_rosmaster_msgs/share/yahboom_rosmaster_msgs/environment/pythonpath.dsv
[0.442s] -- Up-to-date symlink: /home/zanef/ros2_ws/src/install/yahboom_rosmaster_msgs/lib/python3.12/site-packages/yahboom_rosmaster_msgs-0.0.0-py3.12.egg-info/PKG-INFO
[0.442s] -- Up-to-date symlink: /home/zanef/ros2_ws/src/install/yahboom_rosmaster_msgs/lib/python3.12/site-packages/yahboom_rosmaster_msgs-0.0.0-py3.12.egg-info/SOURCES.txt
[0.442s] -- Up-to-date symlink: /home/zanef/ros2_ws/src/install/yahboom_rosmaster_msgs/lib/python3.12/site-packages/yahboom_rosmaster_msgs-0.0.0-py3.12.egg-info/dependency_links.txt
[0.442s] -- Up-to-date symlink: /home/zanef/ros2_ws/src/install/yahboom_rosmaster_msgs/lib/python3.12/site-packages/yahboom_rosmaster_msgs-0.0.0-py3.12.egg-info/top_level.txt
[0.442s] -- Up-to-date symlink: /home/zanef/ros2_ws/src/install/yahboom_rosmaster_msgs/lib/python3.12/site-packages/yahboom_rosmaster_msgs/__init__.py
[0.443s] -- Up-to-date symlink: /home/zanef/ros2_ws/src/install/yahboom_rosmaster_msgs/lib/python3.12/site-packages/yahboom_rosmaster_msgs/_yahboom_rosmaster_msgs_s.ep.rosidl_typesupport_c.c
[0.443s] -- Up-to-date symlink: /home/zanef/ros2_ws/src/install/yahboom_rosmaster_msgs/lib/python3.12/site-packages/yahboom_rosmaster_msgs/_yahboom_rosmaster_msgs_s.ep.rosidl_typesupport_fastrtps_c.c
[0.443s] -- Up-to-date symlink: /home/zanef/ros2_ws/src/install/yahboom_rosmaster_msgs/lib/python3.12/site-packages/yahboom_rosmaster_msgs/_yahboom_rosmaster_msgs_s.ep.rosidl_typesupport_introspection_c.c
[0.443s] -- Up-to-date symlink: /home/zanef/ros2_ws/src/install/yahboom_rosmaster_msgs/lib/python3.12/site-packages/yahboom_rosmaster_msgs/action/__init__.py
[0.444s] -- Up-to-date symlink: /home/zanef/ros2_ws/src/install/yahboom_rosmaster_msgs/lib/python3.12/site-packages/yahboom_rosmaster_msgs/action/_timed_rotation.py
[0.444s] -- Up-to-date symlink: /home/zanef/ros2_ws/src/install/yahboom_rosmaster_msgs/lib/python3.12/site-packages/yahboom_rosmaster_msgs/action/_timed_rotation_s.c
[0.444s] -- Up-to-date symlink: /home/zanef/ros2_ws/src/install/yahboom_rosmaster_msgs/lib/python3.12/site-packages/yahboom_rosmaster_msgs/srv/__init__.py
[0.444s] -- Up-to-date symlink: /home/zanef/ros2_ws/src/install/yahboom_rosmaster_msgs/lib/python3.12/site-packages/yahboom_rosmaster_msgs/srv/_set_cleaning_state.py
[0.444s] -- Up-to-date symlink: /home/zanef/ros2_ws/src/install/yahboom_rosmaster_msgs/lib/python3.12/site-packages/yahboom_rosmaster_msgs/srv/_set_cleaning_state_s.c
[0.445s] -- Up-to-date symlink: /home/zanef/ros2_ws/src/install/yahboom_rosmaster_msgs/lib/python3.12/site-packages/yahboom_rosmaster_msgs/yahboom_rosmaster_msgs_s__rosidl_typesupport_c.so
[0.445s] -- Up-to-date symlink: /home/zanef/ros2_ws/src/install/yahboom_rosmaster_msgs/lib/python3.12/site-packages/yahboom_rosmaster_msgs/yahboom_rosmaster_msgs_s__rosidl_typesupport_fastrtps_c.so
[0.445s] -- Up-to-date symlink: /home/zanef/ros2_ws/src/install/yahboom_rosmaster_msgs/lib/python3.12/site-packages/yahboom_rosmaster_msgs/yahboom_rosmaster_msgs_s__rosidl_typesupport_introspection_c.so
[0.445s] -- Up-to-date symlink: /home/zanef/ros2_ws/src/install/yahboom_rosmaster_msgs/lib/python3.12/site-packages/yahboom_rosmaster_msgs/yahboom_rosmaster_msgs_s__rosidl_typesupport_fastrtps_c.so
[0.445s] -- Up-to-date symlink: /home/zanef/ros2_ws/src/install/yahboom_rosmaster_msgs/lib/python3.12/site-packages/yahboom_rosmaster_msgs/yahboom_rosmaster_msgs_s__rosidl_typesupport_introspection_c.so
[0.446s] -- Up-to-date symlink: /home/zanef/ros2_ws/src/install/yahboom_rosmaster_msgs/lib/python3.12/site-packages/yahboom_rosmaster_msgs/yahboom_rosmaster_msgs_s__rosidl_typesupport_c.so
[0.446s] -- Up-to-date symlink: /home/zanef/ros2_ws/src/install/yahboom_rosmaster_msgs/share/yahboom_rosmaster_msgs/action/TimedRotation.idl
[0.446s] -- Up-to-date symlink: /home/zanef/ros2_ws/src/install/yahboom_rosmaster_msgs/share/yahboom_rosmaster_msgs/srv/SetCleaningState.idl
[0.446s] -- Up-to-date symlink: /home/zanef/ros2_ws/src/install/yahboom_rosmaster_msgs/share/yahboom_rosmaster_msgs/action/TimedRotation.action
[0.446s] -- Up-to-date symlink: /home/zanef/ros2_ws/src/install/yahboom_rosmaster_msgs/share/yahboom_rosmaster_msgs/srv/SetCleaningState.srv
[0.447s] -- Up-to-date symlink: /home/zanef/ros2_ws/src/install/yahboom_rosmaster_msgs/share/ament_index/resource_index/package_run_dependencies/yahboom_rosmaster_msgs
[0.447s] -- Up-to-date symlink: /home/zanef/ros2_ws/src/install/yahboom_rosmaster_msgs/share/ament_index/resource_index/parent_prefix_path/yahboom_rosmaster_msgs
[0.447s] -- Up-to-date symlink: /home/zanef/ros2_ws/src/install/yahboom_rosmaster_msgs/share/yahboom_rosmaster_msgs/environment/ament_prefix_path.sh
[0.447s] -- Up-to-date symlink: /home/zanef/ros2_ws/src/install/yahboom_rosmaster_msgs/share/yahboom_rosmaster_msgs/environment/ament_prefix_path.dsv
[0.447s] -- Up-to-date symlink: /home/zanef/ros2_ws/src/install/yahboom_rosmaster_msgs/share/yahboom_rosmaster_msgs/environment/path.sh
[0.447s] -- Up-to-date symlink: /home/zanef/ros2_ws/src/install/yahboom_rosmaster_msgs/share/yahboom_rosmaster_msgs/environment/path.dsv
[0.447s] -- Up-to-date symlink: /home/zanef/ros2_ws/src/install/yahboom_rosmaster_msgs/share/yahboom_rosmaster_msgs/local_setup.bash
[0.447s] -- Up-to-date symlink: /home/zanef/ros2_ws/src/install/yahboom_rosmaster_msgs/share/yahboom_rosmaster_msgs/local_setup.sh
[0.447s] -- Up-to-date symlink: /home/zanef/ros2_ws/src/install/yahboom_rosmaster_msgs/share/yahboom_rosmaster_msgs/local_setup.zsh
[0.447s] -- Up-to-date symlink: /home/zanef/ros2_ws/src/install/yahboom_rosmaster_msgs/share/yahboom_rosmaster_msgs/local_setup.dsv
[0.447s] -- Symlinking: /home/zanef/ros2_ws/src/install/yahboom_rosmaster_msgs/share/yahboom_rosmaster_msgs/package.dsv
[0.455s] -- Up-to-date symlink: /home/zanef/ros2_ws/src/install/yahboom_rosmaster_msgs/share/ament_index/resource_index/packages/yahboom_rosmaster_msgs
[0.455s] -- Up-to-date symlink: /home/zanef/ros2_ws/src/install/yahboom_rosmaster_msgs/share/yahboom_rosmaster_msgs/cmake/rosidl_cmake-extras.cmake
[0.455s] -- Up-to-date symlink: /home/zanef/ros2_ws/src/install/yahboom_rosmaster_msgs/share/yahboom_rosmaster_msgs/cmake/ament_cmake_export_dependencies-extras.cmake
[0.455s] -- Up-to-date symlink: /home/zanef/ros2_ws/src/install/yahboom_rosmaster_msgs/share/yahboom_rosmaster_msgs/cmake/ament_cmake_export_include_directories-extras.cmake
[0.456s] -- Up-to-date symlink: /home/zanef/ros2_ws/src/install/yahboom_rosmaster_msgs/share/yahboom_rosmaster_msgs/cmake/ament_cmake_export_libraries-extras.cmake
[0.456s] -- Up-to-date symlink: /home/zanef/ros2_ws/src/install/yahboom_rosmaster_msgs/share/yahboom_rosmaster_msgs/cmake/ament_cmake_export_targets-extras.cmake
[0.456s] -- Up-to-date symlink: /home/zanef/ros2_ws/src/install/yahboom_rosmaster_msgs/share/yahboom_rosmaster_msgs/cmake/rosidl_cmake_export_typesupport_targets-extras.cmake
[0.456s] -- Up-to-date symlink: /home/zanef/ros2_ws/src/install/yahboom_rosmaster_msgs/share/yahboom_rosmaster_msgs/cmake/rosidl_cmake_export_typesupport_libraries-extras.cmake
[0.456s] -- Up-to-date symlink: /home/zanef/ros2_ws/src/install/yahboom_rosmaster_msgs/share/yahboom_rosmaster_msgs/cmake/yahboom_rosmaster_msgsConfig.cmake
[0.456s] -- Up-to-date symlink: /home/zanef/ros2_ws/src/install/yahboom_rosmaster_msgs/share/yahboom_rosmaster_msgs/cmake/yahboom_rosmaster_msgsConfig-version.cmake
[0.456s] -- Up-to-date symlink: /home/zanef/ros2_ws/src/install/yahboom_rosmaster_msgs/share/yahboom_rosmaster_msgs/package.xml
[0.457s] -- Up-to-date: /home/zanef/ros2_ws/src/install/yahboom_rosmaster_msgs/lib/libyahboom_rosmaster_msgs__rosidl_generator_c.so
[0.457s] -- Up-to-date: /home/zanef/ros2_ws/src/install/yahboom_rosmaster_msgs/lib/libyahboom_rosmaster_msgs__rosidl_typesupport_fastrtps_c.so
[0.457s] -- Up-to-date: /home/zanef/ros2_ws/src/install/yahboom_rosmaster_msgs/lib/libyahboom_rosmaster_msgs__rosidl_typesupport_introspection_c.so
[0.457s] -- Up-to-date: /home/zanef/ros2_ws/src/install/yahboom_rosmaster_msgs/lib/libyahboom_rosmaster_msgs__rosidl_typesupport_c.so
[0.457s] -- Up-to-date: /home/zanef/ros2_ws/src/install/yahboom_rosmaster_msgs/lib/libyahboom_rosmaster_msgs__rosidl_typesupport_fastrtps_cpp.so
[0.458s] -- Up-to-date: /home/zanef/ros2_ws/src/install/yahboom_rosmaster_msgs/lib/libyahboom_rosmaster_msgs__rosidl_typesupport_introspection_cpp.so
[0.458s] -- Up-to-date: /home/zanef/ros2_ws/src/install/yahboom_rosmaster_msgs/lib/libyahboom_rosmaster_msgs__rosidl_typesupport_cpp.so
[0.490s] Listing '/home/zanef/ros2_ws/src/install/yahboom_rosmaster_msgs/lib/python3.12/site-packages/yahboom_rosmaster_msgs'...
[0.490s] Listing '/home/zanef/ros2_ws/src/install/yahboom_rosmaster_msgs/lib/python3.12/site-packages/yahboom_rosmaster_msgs/action'...
[0.490s] Listing '/home/zanef/ros2_ws/src/install/yahboom_rosmaster_msgs/lib/python3.12/site-packages/yahboom_rosmaster_msgs/srv'...
[0.496s] -- Up-to-date: /home/zanef/ros2_ws/src/install/yahboom_rosmaster_msgs/lib/libyahboom_rosmaster_msgs__rosidl_generator_py.so
[0.496s] -- Up-to-date: /home/zanef/ros2_ws/src/install/yahboom_rosmaster_msgs/share/yahboom_rosmaster_msgs/cmake/export_yahboom_rosmaster_msgs__rosidl_generator_cExport.cmake
[0.497s] -- Up-to-date: /home/zanef/ros2_ws/src/install/yahboom_rosmaster_msgs/share/yahboom_rosmaster_msgs/cmake/export_yahboom_rosmaster_msgs__rosidl_generator_cExport-noconfig.cmake
[0.497s] -- Up-to-date: /home/zanef/ros2_ws/src/install/yahboom_rosmaster_msgs/share/yahboom_rosmaster_msgs/cmake/export_yahboom_rosmaster_msgs__rosidl_typesupport_fastrtps_cExport.cmake
[0.497s] -- Up-to-date: /home/zanef/ros2_ws/src/install/yahboom_rosmaster_msgs/share/yahboom_rosmaster_msgs/cmake/export_yahboom_rosmaster_msgs__rosidl_typesupport_fastrtps_cExport-noconfig.cmake
[0.497s] -- Up-to-date: /home/zanef/ros2_ws/src/install/yahboom_rosmaster_msgs/share/yahboom_rosmaster_msgs/cmake/yahboom_rosmaster_msgs__rosidl_typesupport_introspection_cExport.cmake
[0.498s] -- Up-to-date: /home/zanef/ros2_ws/src/install/yahboom_rosmaster_msgs/share/yahboom_rosmaster_msgs/cmake/yahboom_rosmaster_msgs__rosidl_typesupport_introspection_cExport-noconfig.cmake
[0.498s] -- Up-to-date: /home/zanef/ros2_ws/src/install/yahboom_rosmaster_msgs/share/yahboom_rosmaster_msgs/cmake/yahboom_rosmaster_msgs__rosidl_typesupport_cExport.cmake
[0.498s] -- Up-to-date: /home/zanef/ros2_ws/src/install/yahboom_rosmaster_msgs/share/yahboom_rosmaster_msgs/cmake/yahboom_rosmaster_msgs__rosidl_typesupport_cExport-noconfig.cmake
[0.498s] -- Up-to-date: /home/zanef/ros2_ws/src/install/yahboom_rosmaster_msgs/share/yahboom_rosmaster_msgs/cmake/export_yahboom_rosmaster_msgs__rosidl_generator_cppExport.cmake
[0.498s] -- Up-to-date: /home/zanef/ros2_ws/src/install/yahboom_rosmaster_msgs/share/yahboom_rosmaster_msgs/cmake/export_yahboom_rosmaster_msgs__rosidl_typesupport_fastrtps_cppExport.cmake
[0.499s] -- Up-to-date: /home/zanef/ros2_ws/src/install/yahboom_rosmaster_msgs/share/yahboom_rosmaster_msgs/cmake/export_yahboom_rosmaster_msgs__rosidl_typesupport_fastrtps_cppExport-noconfig.cmake
[0.499s] -- Up-to-date: /home/zanef/ros2_ws/src/install/yahboom_rosmaster_msgs/share/yahboom_rosmaster_msgs/cmake/yahboom_rosmaster_msgs__rosidl_typesupport_introspection_cppExport.cmake
[0.499s] -- Up-to-date: /home/zanef/ros2_ws/src/install/yahboom_rosmaster_msgs/share/yahboom_rosmaster_msgs/cmake/yahboom_rosmaster_msgs__rosidl_typesupport_introspection_cppExport-noconfig.cmake
[0.499s] -- Up-to-date: /home/zanef/ros2_ws/src/install/yahboom_rosmaster_msgs/share/yahboom_rosmaster_msgs/cmake/yahboom_rosmaster_msgs__rosidl_typesupport_cppExport.cmake
[0.500s] -- Up-to-date: /home/zanef/ros2_ws/src/install/yahboom_rosmaster_msgs/share/yahboom_rosmaster_msgs/cmake/yahboom_rosmaster_msgs__rosidl_typesupport_cppExport-noconfig.cmake
[0.502s] -- Up-to-date: /home/zanef/ros2_ws/src/install/yahboom_rosmaster_msgs/share/yahboom_rosmaster_msgs/cmake/export_yahboom_rosmaster_msgs__rosidl_generator_pyExport.cmake
[0.502s] -- Up-to-date: /home/zanef/ros2_ws/src/install/yahboom_rosmaster_msgs/share/yahboom_rosmaster_msgs/cmake/export_yahboom_rosmaster_msgs__rosidl_generator_pyExport-noconfig.cmake
[0.503s] Invoked command in '/home/zanef/ros2_ws/src/build/yahboom_rosmaster_msgs' returned '0': CMAKE_PREFIX_PATH=${CMAKE_PREFIX_PATH}:/opt/ros/jazzy /usr/bin/cmake --install /home/zanef/ros2_ws/src/build/yahboom_rosmaster_msgs
