[0.021s] Invoking command in '/home/zanef/ros2_ws/build/yahboom_rosmaster_navigation': CMAKE_PREFIX_PATH=${CMAKE_PREFIX_PATH}:/opt/ros/jazzy /usr/bin/cmake /home/zanef/ros2_ws/src/yahboom_rosmaster/yahboom_rosmaster_navigation -DAMENT_CMAKE_SYMLINK_INSTALL=1 -DCMAKE_INSTALL_PREFIX=/home/zanef/ros2_ws/install/yahboom_rosmaster_navigation
[0.141s] -- The C compiler identification is GNU 13.3.0
[0.740s] -- The CXX compiler identification is GNU 13.3.0
[1.250s] -- Detecting C compiler ABI info
[1.501s] -- Detecting C compiler ABI info - done
[1.505s] -- Check for working C compiler: /usr/bin/cc - skipped
[1.505s] -- Detecting C compile features
[1.506s] -- Detecting C compile features - done
[1.601s] -- Detecting CXX compiler ABI info
[1.815s] -- Detecting CXX compiler ABI info - done
[1.820s] -- Check for working CXX compiler: /usr/bin/c++ - skipped
[1.820s] -- Detecting CXX compile features
[1.820s] -- Detecting CXX compile features - done
[1.822s] -- Found ament_cmake: 2.5.5 (/opt/ros/jazzy/share/ament_cmake/cmake)
[1.915s] -- Found Python3: /usr/bin/python3 (found version "3.12.3") found components: Interpreter 
[1.964s] -- Override CMake install command with custom implementation using symlinks instead of copying resources
[1.995s] -- Found geometry_msgs: 5.3.6 (/opt/ros/jazzy/share/geometry_msgs/cmake)
[2.128s] -- Found rosidl_generator_c: 4.6.7 (/opt/ros/jazzy/share/rosidl_generator_c/cmake)
[2.137s] -- Found rosidl_generator_cpp: 4.6.7 (/opt/ros/jazzy/share/rosidl_generator_cpp/cmake)
[2.148s] -- Using all available rosidl_typesupport_c: rosidl_typesupport_fastrtps_c;rosidl_typesupport_introspection_c
[2.163s] -- Using all available rosidl_typesupport_cpp: rosidl_typesupport_fastrtps_cpp;rosidl_typesupport_introspection_cpp
[2.192s] -- Found navigation2: 1.3.10 (/opt/ros/jazzy/share/navigation2/cmake)
[2.194s] -- Found nav2_bringup: 1.3.10 (/opt/ros/jazzy/share/nav2_bringup/cmake)
[2.196s] -- Found rclcpp: 28.1.16 (/opt/ros/jazzy/share/rclcpp/cmake)
[2.260s] -- Found rmw_implementation_cmake: 7.3.3 (/opt/ros/jazzy/share/rmw_implementation_cmake/cmake)
[2.266s] -- Found rmw_fastrtps_cpp: 8.4.3 (/opt/ros/jazzy/share/rmw_fastrtps_cpp/cmake)
[2.334s] -- Found OpenSSL: /usr/lib/x86_64-linux-gnu/libcrypto.so (found version "3.0.13")  
[2.488s] -- Found FastRTPS: /opt/ros/jazzy/include (Required is at least version "2.13") 
[2.566s] -- Using RMW implementation 'rmw_fastrtps_cpp' as default
[2.741s] -- Found rclpy: 7.1.9 (/opt/ros/jazzy/share/rclpy/cmake)
[2.743s] -- Found slam_toolbox: 2.8.3 (/opt/ros/jazzy/share/slam_toolbox/cmake)
[2.976s] -- Found eigen3_cmake_module: 0.3.0 (/opt/ros/jazzy/share/eigen3_cmake_module/cmake)
[2.977s] -- Found Eigen3: TRUE (found version "3.4.0") 
[2.977s] -- Ensuring Eigen3 include directory is part of orocos-kdl CMake target
[3.157s] -- Setting OGRE_DIR to: '/opt/ros/jazzy/share/rviz_ogre_vendor/cmake/../../../opt/rviz_ogre_vendor/lib/OGRE/cmake'
[3.158s] -- Found OGRE
[3.158s] --   static     : OFF
[3.158s] --   components : MeshLodGenerator;Overlay;Paging;Property;RTShaderSystem;Terrain;Volume
[3.158s] --   plugins    : Plugin_BSPSceneManager;Plugin_OctreeSceneManager;Plugin_PCZSceneManager;Plugin_ParticleFX;RenderSystem_GL;RenderSystem_GL3Plus;Codec_STBI
[3.159s] --   media      : /opt/ros/jazzy/opt/rviz_ogre_vendor/share/OGRE/Media
[3.159s] -- OGRE_LIBRARIES: OgreMeshLodGenerator;OgreOverlay;OgrePaging;OgreProperty;OgreRTShaderSystem;OgreTerrain;OgreVolume;OgreMain
[3.159s] -- OGRE_LIBRARY_DIRS: /opt/ros/jazzy/opt/rviz_ogre_vendor/lib
[3.159s] -- OGRE_PLUGINS: Plugin_BSPSceneManager;Plugin_OctreeSceneManager;Plugin_PCZSceneManager;Plugin_ParticleFX;RenderSystem_GL;RenderSystem_GL3Plus;Codec_STBI
[3.159s] -- OGRE_PLUGIN_DIR: /opt/ros/jazzy/opt/rviz_ogre_vendor/lib/OGRE
[3.159s] -- rviz_ogre_vendor::OgreOverlay for IMPORTED_LOCATION_RELEASE: /opt/ros/jazzy/opt/rviz_ogre_vendor/lib/libOgreOverlay.so
[3.159s] -- rviz_ogre_vendor::OgreOverlay for IMPORTED_LOCATION_DEBUG: /opt/ros/jazzy/opt/rviz_ogre_vendor/lib/libOgreOverlay.so
[3.159s] -- rviz_ogre_vendor::OgreMain for IMPORTED_LOCATION_RELEASE: /opt/ros/jazzy/opt/rviz_ogre_vendor/lib/libOgreMain.so
[3.159s] -- rviz_ogre_vendor::OgreMain for IMPORTED_LOCATION_DEBUG: /opt/ros/jazzy/opt/rviz_ogre_vendor/lib/libOgreMain.so
[5.585s] -- Found ZLIB: /usr/lib/x86_64-linux-gnu/libz.so (found version "1.3")  
[6.262s] -- Found OpenGL: /usr/lib/x86_64-linux-gnu/libOpenGL.so   
[12.032s] -- Found X11: /usr/include   
[12.032s] -- Looking for XOpenDisplay in /usr/lib/x86_64-linux-gnu/libX11.so;/usr/lib/x86_64-linux-gnu/libXext.so
[12.174s] -- Looking for XOpenDisplay in /usr/lib/x86_64-linux-gnu/libX11.so;/usr/lib/x86_64-linux-gnu/libXext.so - found
[12.174s] -- Looking for gethostbyname
[12.310s] -- Looking for gethostbyname - found
[12.310s] -- Looking for connect
[12.446s] -- Looking for connect - found
[12.446s] -- Looking for remove
[12.584s] -- Looking for remove - found
[12.584s] -- Looking for shmat
[12.722s] -- Looking for shmat - found
[12.722s] -- Looking for IceConnectionNumber in ICE
[12.859s] -- Looking for IceConnectionNumber in ICE - found
[12.911s] -- Setting yaml-cpp_DIR to: '/opt/ros/jazzy/share/yaml_cpp_vendor/cmake/../../../opt/yaml_cpp_vendor/share/cmake/yaml-cpp'
[13.036s] -- Found ament_lint_auto: 0.17.4 (/opt/ros/jazzy/share/ament_lint_auto/cmake)
[13.093s] -- Added test 'cppcheck' to perform static code analysis on C / C++ code
[13.093s] -- Configured cppcheck include dirs: 
[13.093s] -- Configured cppcheck exclude dirs and/or files: 
[13.094s] -- Added test 'flake8' to check Python code syntax and style conventions
[13.094s] -- Configured 'flake8' exclude dirs and/or files: 
[13.094s] -- Added test 'lint_cmake' to check CMake code style
[13.095s] -- Added test 'pep257' to check Python code against some of the docstring style conventions in PEP 257
[13.095s] -- Added test 'uncrustify' to check C / C++ code style
[13.095s] -- Configured uncrustify additional arguments: 
[13.096s] -- Added test 'xmllint' to check XML markup files
[13.097s] -- Configuring done (13.1s)
[13.105s] -- Generating done (0.0s)
[13.107s] -- Build files have been written to: /home/zanef/ros2_ws/build/yahboom_rosmaster_navigation
