[0.021s] Invoking command in '/home/zanef/ros2_ws/build/yahboom_rosmaster_bringup': CMAKE_PREFIX_PATH=${CMAKE_PREFIX_PATH}:/opt/ros/jazzy /usr/bin/cmake /home/zanef/ros2_ws/src/yahboom_rosmaster/yahboom_rosmaster_bringup -DAMENT_CMAKE_SYMLINK_INSTALL=1 -DCMAKE_INSTALL_PREFIX=/home/zanef/ros2_ws/install/yahboom_rosmaster_bringup
[0.152s] -- The C compiler identification is GNU 13.3.0
[0.831s] -- The CXX compiler identification is GNU 13.3.0
[1.397s] -- Detecting C compiler ABI info
[1.586s] -- Detecting C compiler ABI info - done
[1.592s] -- Check for working C compiler: /usr/bin/cc - skipped
[1.592s] -- Detecting C compile features
[1.592s] -- Detecting C compile features - done
[1.661s] -- Detecting CXX compiler ABI info
[1.849s] -- Detecting CXX compiler ABI info - done
[1.854s] -- Check for working CXX compiler: /usr/bin/c++ - skipped
[1.854s] -- Detecting CXX compile features
[1.854s] -- Detecting CXX compile features - done
[1.857s] -- Found ament_cmake: 2.5.5 (/opt/ros/jazzy/share/ament_cmake/cmake)
[1.949s] -- Found Python3: /usr/bin/python3 (found version "3.12.3") found components: Interpreter 
[1.997s] -- Override CMake install command with custom implementation using symlinks instead of copying resources
[2.027s] -- Found ament_lint_auto: 0.17.4 (/opt/ros/jazzy/share/ament_lint_auto/cmake)
[2.098s] -- Added test 'flake8' to check Python code syntax and style conventions
[2.098s] -- Configured 'flake8' exclude dirs and/or files: 
[2.099s] -- Added test 'lint_cmake' to check CMake code style
[2.099s] -- Added test 'pep257' to check Python code against some of the docstring style conventions in PEP 257
[2.100s] -- Added test 'xmllint' to check XML markup files
[2.102s] -- Configuring done (2.1s)
[2.104s] -- Generating done (0.0s)
[2.106s] -- Build files have been written to: /home/zanef/ros2_ws/build/yahboom_rosmaster_bringup
[2.111s] Invoked command in '/home/zanef/ros2_ws/build/yahboom_rosmaster_bringup' returned '0': CMAKE_PREFIX_PATH=${CMAKE_PREFIX_PATH}:/opt/ros/jazzy /usr/bin/cmake /home/zanef/ros2_ws/src/yahboom_rosmaster/yahboom_rosmaster_bringup -DAMENT_CMAKE_SYMLINK_INSTALL=1 -DCMAKE_INSTALL_PREFIX=/home/zanef/ros2_ws/install/yahboom_rosmaster_bringup
[2.112s] Invoking command in '/home/zanef/ros2_ws/build/yahboom_rosmaster_bringup': CMAKE_PREFIX_PATH=${CMAKE_PREFIX_PATH}:/opt/ros/jazzy /usr/bin/cmake --build /home/zanef/ros2_ws/build/yahboom_rosmaster_bringup -- -j16 -l16
[2.140s] Invoked command in '/home/zanef/ros2_ws/build/yahboom_rosmaster_bringup' returned '0': CMAKE_PREFIX_PATH=${CMAKE_PREFIX_PATH}:/opt/ros/jazzy /usr/bin/cmake --build /home/zanef/ros2_ws/build/yahboom_rosmaster_bringup -- -j16 -l16
[2.147s] Invoking command in '/home/zanef/ros2_ws/build/yahboom_rosmaster_bringup': CMAKE_PREFIX_PATH=${CMAKE_PREFIX_PATH}:/opt/ros/jazzy /usr/bin/cmake --install /home/zanef/ros2_ws/build/yahboom_rosmaster_bringup
[2.153s] -- Install configuration: ""
[2.153s] -- Execute custom install script
[2.154s] -- Symlinking: /home/zanef/ros2_ws/install/yahboom_rosmaster_bringup/share/yahboom_rosmaster_bringup/launch/load_ros2_controllers.launch.py
[2.161s] -- Symlinking: /home/zanef/ros2_ws/install/yahboom_rosmaster_bringup/share/yahboom_rosmaster_bringup/launch/rosmaster_x3_navigation.launch.py
[2.169s] -- Symlinking: /home/zanef/ros2_ws/install/yahboom_rosmaster_bringup/share/yahboom_rosmaster_bringup/scripts/rosmaster_x3_gazebo.sh
[2.175s] -- Symlinking: /home/zanef/ros2_ws/install/yahboom_rosmaster_bringup/share/yahboom_rosmaster_bringup/scripts/rosmaster_x3_navigation.sh
[2.181s] -- Symlinking: /home/zanef/ros2_ws/install/yahboom_rosmaster_bringup/share/ament_index/resource_index/package_run_dependencies/yahboom_rosmaster_bringup
[2.187s] -- Symlinking: /home/zanef/ros2_ws/install/yahboom_rosmaster_bringup/share/ament_index/resource_index/parent_prefix_path/yahboom_rosmaster_bringup
[2.193s] -- Symlinking: /home/zanef/ros2_ws/install/yahboom_rosmaster_bringup/share/yahboom_rosmaster_bringup/environment/ament_prefix_path.sh
[2.198s] -- Symlinking: /home/zanef/ros2_ws/install/yahboom_rosmaster_bringup/share/yahboom_rosmaster_bringup/environment/ament_prefix_path.dsv
[2.204s] -- Symlinking: /home/zanef/ros2_ws/install/yahboom_rosmaster_bringup/share/yahboom_rosmaster_bringup/environment/path.sh
[2.210s] -- Symlinking: /home/zanef/ros2_ws/install/yahboom_rosmaster_bringup/share/yahboom_rosmaster_bringup/environment/path.dsv
[2.217s] -- Symlinking: /home/zanef/ros2_ws/install/yahboom_rosmaster_bringup/share/yahboom_rosmaster_bringup/local_setup.bash
[2.223s] -- Symlinking: /home/zanef/ros2_ws/install/yahboom_rosmaster_bringup/share/yahboom_rosmaster_bringup/local_setup.sh
[2.228s] -- Symlinking: /home/zanef/ros2_ws/install/yahboom_rosmaster_bringup/share/yahboom_rosmaster_bringup/local_setup.zsh
[2.234s] -- Symlinking: /home/zanef/ros2_ws/install/yahboom_rosmaster_bringup/share/yahboom_rosmaster_bringup/local_setup.dsv
[2.239s] -- Symlinking: /home/zanef/ros2_ws/install/yahboom_rosmaster_bringup/share/yahboom_rosmaster_bringup/package.dsv
[2.245s] -- Symlinking: /home/zanef/ros2_ws/install/yahboom_rosmaster_bringup/share/ament_index/resource_index/packages/yahboom_rosmaster_bringup
[2.249s] -- Symlinking: /home/zanef/ros2_ws/install/yahboom_rosmaster_bringup/share/yahboom_rosmaster_bringup/cmake/yahboom_rosmaster_bringupConfig.cmake
[2.254s] -- Symlinking: /home/zanef/ros2_ws/install/yahboom_rosmaster_bringup/share/yahboom_rosmaster_bringup/cmake/yahboom_rosmaster_bringupConfig-version.cmake
[2.259s] -- Symlinking: /home/zanef/ros2_ws/install/yahboom_rosmaster_bringup/share/yahboom_rosmaster_bringup/package.xml
[2.265s] Invoked command in '/home/zanef/ros2_ws/build/yahboom_rosmaster_bringup' returned '0': CMAKE_PREFIX_PATH=${CMAKE_PREFIX_PATH}:/opt/ros/jazzy /usr/bin/cmake --install /home/zanef/ros2_ws/build/yahboom_rosmaster_bringup
