[0.034s] Invoking command in '/home/zanef/ros2_ws/src/build/yahboom_rosmaster_docking': CMAKE_PREFIX_PATH=${CMAKE_PREFIX_PATH}:/opt/ros/jazzy /usr/bin/cmake --build /home/zanef/ros2_ws/src/build/yahboom_rosmaster_docking -- -j12 -l12
[0.117s] [100%] Built target detected_dock_pose_publisher
[0.298s] Invoked command in '/home/zanef/ros2_ws/src/build/yahboom_rosmaster_docking' returned '0': CMAKE_PREFIX_PATH=${CMAKE_PREFIX_PATH}:/opt/ros/jazzy /usr/bin/cmake --build /home/zanef/ros2_ws/src/build/yahboom_rosmaster_docking -- -j12 -l12
[0.298s] Invoking command in '/home/zanef/ros2_ws/src/build/yahboom_rosmaster_docking': CMAKE_PREFIX_PATH=${CMAKE_PREFIX_PATH}:/opt/ros/jazzy /usr/bin/cmake --install /home/zanef/ros2_ws/src/build/yahboom_rosmaster_docking
[0.341s] -- Install configuration: ""
[0.342s] -- Execute custom install script
[0.342s] -- Up-to-date symlink: /home/zanef/ros2_ws/src/install/yahboom_rosmaster_docking/lib/yahboom_rosmaster_docking/detected_dock_pose_publisher
[0.342s] -- Up-to-date symlink: /home/zanef/ros2_ws/src/install/yahboom_rosmaster_docking/share/yahboom_rosmaster_docking/config/apriltags_36h11.yaml
[0.343s] -- Up-to-date symlink: /home/zanef/ros2_ws/src/install/yahboom_rosmaster_docking/share/yahboom_rosmaster_docking/config/dock_database.yaml
[0.343s] -- Up-to-date symlink: /home/zanef/ros2_ws/src/install/yahboom_rosmaster_docking/share/yahboom_rosmaster_docking/launch/apriltag_dock_pose_publisher.launch.py
[0.343s] -- Up-to-date symlink: /home/zanef/ros2_ws/src/install/yahboom_rosmaster_docking/share/ament_index/resource_index/package_run_dependencies/yahboom_rosmaster_docking
[0.343s] -- Up-to-date symlink: /home/zanef/ros2_ws/src/install/yahboom_rosmaster_docking/share/ament_index/resource_index/parent_prefix_path/yahboom_rosmaster_docking
[0.343s] -- Up-to-date symlink: /home/zanef/ros2_ws/src/install/yahboom_rosmaster_docking/share/yahboom_rosmaster_docking/environment/ament_prefix_path.sh
[0.343s] -- Up-to-date symlink: /home/zanef/ros2_ws/src/install/yahboom_rosmaster_docking/share/yahboom_rosmaster_docking/environment/ament_prefix_path.dsv
[0.343s] -- Up-to-date symlink: /home/zanef/ros2_ws/src/install/yahboom_rosmaster_docking/share/yahboom_rosmaster_docking/environment/path.sh
[0.343s] -- Up-to-date symlink: /home/zanef/ros2_ws/src/install/yahboom_rosmaster_docking/share/yahboom_rosmaster_docking/environment/path.dsv
[0.343s] -- Up-to-date symlink: /home/zanef/ros2_ws/src/install/yahboom_rosmaster_docking/share/yahboom_rosmaster_docking/local_setup.bash
[0.343s] -- Up-to-date symlink: /home/zanef/ros2_ws/src/install/yahboom_rosmaster_docking/share/yahboom_rosmaster_docking/local_setup.sh
[0.344s] -- Up-to-date symlink: /home/zanef/ros2_ws/src/install/yahboom_rosmaster_docking/share/yahboom_rosmaster_docking/local_setup.zsh
[0.344s] -- Up-to-date symlink: /home/zanef/ros2_ws/src/install/yahboom_rosmaster_docking/share/yahboom_rosmaster_docking/local_setup.dsv
[0.344s] -- Up-to-date symlink: /home/zanef/ros2_ws/src/install/yahboom_rosmaster_docking/share/yahboom_rosmaster_docking/package.dsv
[0.344s] -- Up-to-date symlink: /home/zanef/ros2_ws/src/install/yahboom_rosmaster_docking/share/ament_index/resource_index/packages/yahboom_rosmaster_docking
[0.344s] -- Up-to-date symlink: /home/zanef/ros2_ws/src/install/yahboom_rosmaster_docking/share/yahboom_rosmaster_docking/cmake/yahboom_rosmaster_dockingConfig.cmake
[0.344s] -- Up-to-date symlink: /home/zanef/ros2_ws/src/install/yahboom_rosmaster_docking/share/yahboom_rosmaster_docking/cmake/yahboom_rosmaster_dockingConfig-version.cmake
[0.345s] -- Up-to-date symlink: /home/zanef/ros2_ws/src/install/yahboom_rosmaster_docking/share/yahboom_rosmaster_docking/package.xml
[0.345s] Invoked command in '/home/zanef/ros2_ws/src/build/yahboom_rosmaster_docking' returned '0': CMAKE_PREFIX_PATH=${CMAKE_PREFIX_PATH}:/opt/ros/jazzy /usr/bin/cmake --install /home/zanef/ros2_ws/src/build/yahboom_rosmaster_docking
