[0.025s] Invoking command in '/home/zanef/ros2_ws/build/yahboom_rosmaster_localization': CMAKE_PREFIX_PATH=${CMAKE_PREFIX_PATH}:/opt/ros/jazzy /usr/bin/cmake /home/zanef/ros2_ws/src/yahboom_rosmaster/yahboom_rosmaster_localization -DAMENT_CMAKE_SYMLINK_INSTALL=1 -DCMAKE_INSTALL_PREFIX=/home/zanef/ros2_ws/install/yahboom_rosmaster_localization
[0.330s] -- The C compiler identification is GNU 13.3.0
[1.385s] -- The CXX compiler identification is GNU 13.3.0
[2.240s] -- Detecting C compiler ABI info
[2.579s] -- Detecting C compiler ABI info - done
[2.586s] -- Check for working C compiler: /usr/bin/cc - skipped
[2.587s] -- Detecting C compile features
[2.587s] -- Detecting C compile features - done
[2.749s] -- Detecting CXX compiler ABI info
[3.092s] -- Detecting CXX compiler ABI info - done
[3.102s] -- Check for working CXX compiler: /usr/bin/c++ - skipped
[3.102s] -- Detecting CXX compile features
[3.103s] -- Detecting CXX compile features - done
[3.107s] -- Found ament_cmake: 2.5.5 (/opt/ros/jazzy/share/ament_cmake/cmake)
[3.290s] -- Found Python3: /usr/bin/python3 (found version "3.12.3") found components: Interpreter 
[3.366s] -- Override CMake install command with custom implementation using symlinks instead of copying resources
[3.412s] -- Found robot_localization: 3.8.3 (/opt/ros/jazzy/share/robot_localization/cmake)
[3.687s] -- Found rosidl_generator_c: 4.6.7 (/opt/ros/jazzy/share/rosidl_generator_c/cmake)
[3.711s] -- Found rosidl_generator_cpp: 4.6.7 (/opt/ros/jazzy/share/rosidl_generator_cpp/cmake)
[3.735s] -- Using all available rosidl_typesupport_c: rosidl_typesupport_fastrtps_c;rosidl_typesupport_introspection_c
[3.767s] -- Using all available rosidl_typesupport_cpp: rosidl_typesupport_fastrtps_cpp;rosidl_typesupport_introspection_cpp
[3.950s] -- Found ament_lint_auto: 0.17.4 (/opt/ros/jazzy/share/ament_lint_auto/cmake)
[4.060s] -- Added test 'flake8' to check Python code syntax and style conventions
[4.061s] -- Configured 'flake8' exclude dirs and/or files: 
[4.062s] -- Added test 'lint_cmake' to check CMake code style
[4.063s] -- Added test 'pep257' to check Python code against some of the docstring style conventions in PEP 257
[4.065s] -- Added test 'xmllint' to check XML markup files
[4.068s] -- Configuring done (4.0s)
[4.073s] -- Generating done (0.0s)
[4.076s] -- Build files have been written to: /home/zanef/ros2_ws/build/yahboom_rosmaster_localization
[4.085s] Invoked command in '/home/zanef/ros2_ws/build/yahboom_rosmaster_localization' returned '0': CMAKE_PREFIX_PATH=${CMAKE_PREFIX_PATH}:/opt/ros/jazzy /usr/bin/cmake /home/zanef/ros2_ws/src/yahboom_rosmaster/yahboom_rosmaster_localization -DAMENT_CMAKE_SYMLINK_INSTALL=1 -DCMAKE_INSTALL_PREFIX=/home/zanef/ros2_ws/install/yahboom_rosmaster_localization
[4.087s] Invoking command in '/home/zanef/ros2_ws/build/yahboom_rosmaster_localization': CMAKE_PREFIX_PATH=${CMAKE_PREFIX_PATH}:/opt/ros/jazzy /usr/bin/cmake --build /home/zanef/ros2_ws/build/yahboom_rosmaster_localization -- -j12 -l12
[4.115s] -- Found ament_cmake: 2.5.5 (/opt/ros/jazzy/share/ament_cmake/cmake)
[4.327s] -- Override CMake install command with custom implementation using symlinks instead of copying resources
[4.332s] -- Found robot_localization: 3.8.3 (/opt/ros/jazzy/share/robot_localization/cmake)
[4.545s] -- Found rosidl_generator_c: 4.6.7 (/opt/ros/jazzy/share/rosidl_generator_c/cmake)
[4.556s] -- Found rosidl_generator_cpp: 4.6.7 (/opt/ros/jazzy/share/rosidl_generator_cpp/cmake)
[4.570s] -- Using all available rosidl_typesupport_c: rosidl_typesupport_fastrtps_c;rosidl_typesupport_introspection_c
[4.583s] -- Using all available rosidl_typesupport_cpp: rosidl_typesupport_fastrtps_cpp;rosidl_typesupport_introspection_cpp
[4.708s] -- Found ament_lint_auto: 0.17.4 (/opt/ros/jazzy/share/ament_lint_auto/cmake)
[4.810s] -- Added test 'flake8' to check Python code syntax and style conventions
[4.810s] -- Configured 'flake8' exclude dirs and/or files: 
[4.810s] -- Added test 'lint_cmake' to check CMake code style
[4.811s] -- Added test 'pep257' to check Python code against some of the docstring style conventions in PEP 257
[4.811s] -- Added test 'xmllint' to check XML markup files
[4.812s] -- Configuring done (0.7s)
[4.816s] -- Generating done (0.0s)
[4.819s] -- Build files have been written to: /home/zanef/ros2_ws/build/yahboom_rosmaster_localization
[4.849s] Invoked command in '/home/zanef/ros2_ws/build/yahboom_rosmaster_localization' returned '0': CMAKE_PREFIX_PATH=${CMAKE_PREFIX_PATH}:/opt/ros/jazzy /usr/bin/cmake --build /home/zanef/ros2_ws/build/yahboom_rosmaster_localization -- -j12 -l12
[4.850s] Invoking command in '/home/zanef/ros2_ws/build/yahboom_rosmaster_localization': CMAKE_PREFIX_PATH=${CMAKE_PREFIX_PATH}:/opt/ros/jazzy /usr/bin/cmake --install /home/zanef/ros2_ws/build/yahboom_rosmaster_localization
[4.856s] -- Install configuration: ""
[4.856s] -- Execute custom install script
[4.857s] -- Symlinking: /home/zanef/ros2_ws/install/yahboom_rosmaster_localization/share/yahboom_rosmaster_localization/config/ekf.yaml
[4.865s] -- Symlinking: /home/zanef/ros2_ws/install/yahboom_rosmaster_localization/share/yahboom_rosmaster_localization/launch/ekf_gazebo.launch.py
[4.874s] -- Symlinking: /home/zanef/ros2_ws/install/yahboom_rosmaster_localization/share/ament_index/resource_index/package_run_dependencies/yahboom_rosmaster_localization
[4.885s] -- Symlinking: /home/zanef/ros2_ws/install/yahboom_rosmaster_localization/share/ament_index/resource_index/parent_prefix_path/yahboom_rosmaster_localization
[4.897s] -- Symlinking: /home/zanef/ros2_ws/install/yahboom_rosmaster_localization/share/yahboom_rosmaster_localization/environment/ament_prefix_path.sh
[4.910s] -- Symlinking: /home/zanef/ros2_ws/install/yahboom_rosmaster_localization/share/yahboom_rosmaster_localization/environment/ament_prefix_path.dsv
[4.919s] -- Symlinking: /home/zanef/ros2_ws/install/yahboom_rosmaster_localization/share/yahboom_rosmaster_localization/environment/path.sh
[4.931s] -- Symlinking: /home/zanef/ros2_ws/install/yahboom_rosmaster_localization/share/yahboom_rosmaster_localization/environment/path.dsv
[4.938s] -- Symlinking: /home/zanef/ros2_ws/install/yahboom_rosmaster_localization/share/yahboom_rosmaster_localization/local_setup.bash
[4.951s] -- Symlinking: /home/zanef/ros2_ws/install/yahboom_rosmaster_localization/share/yahboom_rosmaster_localization/local_setup.sh
[4.958s] -- Symlinking: /home/zanef/ros2_ws/install/yahboom_rosmaster_localization/share/yahboom_rosmaster_localization/local_setup.zsh
[4.965s] -- Symlinking: /home/zanef/ros2_ws/install/yahboom_rosmaster_localization/share/yahboom_rosmaster_localization/local_setup.dsv
[4.976s] -- Symlinking: /home/zanef/ros2_ws/install/yahboom_rosmaster_localization/share/yahboom_rosmaster_localization/package.dsv
[4.989s] -- Symlinking: /home/zanef/ros2_ws/install/yahboom_rosmaster_localization/share/ament_index/resource_index/packages/yahboom_rosmaster_localization
[5.002s] -- Symlinking: /home/zanef/ros2_ws/install/yahboom_rosmaster_localization/share/yahboom_rosmaster_localization/cmake/yahboom_rosmaster_localizationConfig.cmake
[5.013s] -- Symlinking: /home/zanef/ros2_ws/install/yahboom_rosmaster_localization/share/yahboom_rosmaster_localization/cmake/yahboom_rosmaster_localizationConfig-version.cmake
[5.023s] -- Symlinking: /home/zanef/ros2_ws/install/yahboom_rosmaster_localization/share/yahboom_rosmaster_localization/package.xml
[5.036s] Invoked command in '/home/zanef/ros2_ws/build/yahboom_rosmaster_localization' returned '0': CMAKE_PREFIX_PATH=${CMAKE_PREFIX_PATH}:/opt/ros/jazzy /usr/bin/cmake --install /home/zanef/ros2_ws/build/yahboom_rosmaster_localization
